#
# There is insufficient memory for the Java Runtime Environment to continue.
# Native memory allocation (malloc) failed to allocate 1152096 bytes for Chunk::new
# Possible reasons:
#   The system is out of physical RAM or swap space
#   The process is running with CompressedOops enabled, and the Java Heap may be blocking the growth of the native heap
# Possible solutions:
#   Reduce memory load on the system
#   Increase physical memory or swap space
#   Check if swap backing store is full
#   Decrease Java heap size (-Xmx/-Xms)
#   Decrease number of Java threads
#   Decrease Java thread stack sizes (-Xss)
#   Set larger code cache with -XX:ReservedCodeCacheSize=
#   JVM is running with Unscaled Compressed Oops mode in which the Java heap is
#     placed in the first 4GB address space. The Java Heap base address is the
#     maximum limit for the native heap growth. Please use -XX:HeapBaseMinAddress
#     to set the Java Heap base and to place the Java Heap above 4GB virtual address.
# This output file may be truncated or incomplete.
#
#  Out of Memory Error (./open/src/hotspot/share/memory/arena.cpp:197), pid=22140, tid=22808
#
# JRE version: Java(TM) SE Runtime Environment 18.9 (11.0.25+9) (build 11.0.25+9-LTS-256)
# Java VM: Java HotSpot(TM) 64-Bit Server VM 18.9 (11.0.25+9-LTS-256, mixed mode, tiered, compressed oops, g1 gc, windows-amd64)
# No core dump will be written. Minidumps are not enabled by default on client versions of Windows
#

---------------  S U M M A R Y ------------

Command Line: --add-opens=java.base/java.util=ALL-UNNAMED --add-opens=java.base/java.lang=ALL-UNNAMED --add-opens=java.base/java.lang.invoke=ALL-UNNAMED --add-opens=java.prefs/java.util.prefs=ALL-UNNAMED --add-exports=jdk.compiler/com.sun.tools.javac.api=ALL-UNNAMED --add-exports=jdk.compiler/com.sun.tools.javac.util=ALL-UNNAMED --add-opens=java.base/java.nio.charset=ALL-UNNAMED --add-opens=java.base/java.net=ALL-UNNAMED --add-opens=java.base/java.util.concurrent.atomic=ALL-UNNAMED -Xmx2048m -Dfile.encoding=UTF-8 -Duser.country=US -Duser.language=en -Duser.variant -javaagent:C:\Users\amali\.gradle\wrapper\dists\gradle-8.9-bin\90cnw93cvbtalezasaz0blq0a\gradle-8.9\lib\agents\gradle-instrumentation-agent-8.9.jar org.gradle.launcher.daemon.bootstrap.GradleDaemon 8.9

Host: 11th Gen Intel(R) Core(TM) i5-11400H @ 2.70GHz, 12 cores, 15G,  Windows 11 , 64 bit Build 22621 (10.0.22621.5262)
Time: Tue Jun  3 23:40:17 2025 Malay Peninsula Standard Time elapsed time: 14.404218 seconds (0d 0h 0m 14s)

---------------  T H R E A D  ---------------

Current thread (0x000001c346db7800):  JavaThread "C2 CompilerThread1" daemon [_thread_in_native, id=22808, stack(0x0000004eb9a00000,0x0000004eb9b00000)]


Current CompileTask:
C2:  14404 9107       4       org.gradle.internal.component.external.model.DefaultConfigurationMetadata::getAttributes (28 bytes)

Stack: [0x0000004eb9a00000,0x0000004eb9b00000]
Native frames: (J=compiled Java code, j=interpreted, Vv=VM code, C=native code)
V  [jvm.dll+0x65824a]
V  [jvm.dll+0x79ae8f]
V  [jvm.dll+0x79c559]
V  [jvm.dll+0x79cc03]
V  [jvm.dll+0x255785]
V  [jvm.dll+0xb312c]
V  [jvm.dll+0xb373c]
V  [jvm.dll+0x2c6b92]
V  [jvm.dll+0x567d87]
V  [jvm.dll+0x217e21]
V  [jvm.dll+0x211663]
V  [jvm.dll+0x20dfd4]
V  [jvm.dll+0x18b381]
V  [jvm.dll+0x21e774]
V  [jvm.dll+0x21ca9c]
V  [jvm.dll+0x75ed51]
V  [jvm.dll+0x757674]
V  [jvm.dll+0x6570f5]
C  [ucrtbase.dll+0x29333]
C  [KERNEL32.DLL+0x1259d]
C  [ntdll.dll+0x5af58]


---------------  P R O C E S S  ---------------

Threads class SMR info:
_java_thread_list=0x000001c34ac48f30, length=46, elements={
0x000001c325565000, 0x000001c3442b1800, 0x000001c3442be800, 0x000001c3442c5800,
0x000001c3442c9800, 0x000001c3442cb000, 0x000001c3442cc000, 0x000001c344318800,
0x000001c34431d000, 0x000001c343a4d000, 0x000001c3444e0000, 0x000001c3468b1000,
0x000001c3469f0800, 0x000001c34689d000, 0x000001c345a4f800, 0x000001c346c05800,
0x000001c346c01800, 0x000001c346c08000, 0x000001c346c04800, 0x000001c346c06000,
0x000001c346c03000, 0x000001c346dfe000, 0x000001c346dfe800, 0x000001c346e00800,
0x000001c346e02000, 0x000001c346dfc800, 0x000001c3483e2000, 0x000001c3483e0800,
0x000001c3483e7000, 0x000001c3483e6000, 0x000001c3483e1000, 0x000001c3483e7800,
0x000001c3483e8800, 0x000001c346db7800, 0x000001c3483e2800, 0x000001c346db8800,
0x000001c3483e9800, 0x000001c3483e3800, 0x000001c3483ee000, 0x000001c3483ea000,
0x000001c3483ef000, 0x000001c3483eb800, 0x000001c3483eb000, 0x000001c3483ec800,
0x000001c3483ed800, 0x000001c346dff800
}

Java Threads: ( => current thread )
  0x000001c325565000 JavaThread "main" [_thread_blocked, id=2884, stack(0x0000004eb4700000,0x0000004eb4800000)]
  0x000001c3442b1800 JavaThread "Reference Handler" daemon [_thread_blocked, id=27784, stack(0x0000004eb4e00000,0x0000004eb4f00000)]
  0x000001c3442be800 JavaThread "Finalizer" daemon [_thread_blocked, id=22956, stack(0x0000004eb4f00000,0x0000004eb5000000)]
  0x000001c3442c5800 JavaThread "Signal Dispatcher" daemon [_thread_blocked, id=22888, stack(0x0000004eb5000000,0x0000004eb5100000)]
  0x000001c3442c9800 JavaThread "Attach Listener" daemon [_thread_blocked, id=1596, stack(0x0000004eb5100000,0x0000004eb5200000)]
  0x000001c3442cb000 JavaThread "Service Thread" daemon [_thread_blocked, id=11604, stack(0x0000004eb5200000,0x0000004eb5300000)]
  0x000001c3442cc000 JavaThread "C2 CompilerThread0" daemon [_thread_in_native, id=11344, stack(0x0000004eb5300000,0x0000004eb5400000)]
  0x000001c344318800 JavaThread "C1 CompilerThread0" daemon [_thread_blocked, id=30216, stack(0x0000004eb5400000,0x0000004eb5500000)]
  0x000001c34431d000 JavaThread "Sweeper thread" daemon [_thread_blocked, id=8228, stack(0x0000004eb5500000,0x0000004eb5600000)]
  0x000001c343a4d000 JavaThread "Common-Cleaner" daemon [_thread_blocked, id=26024, stack(0x0000004eb5600000,0x0000004eb5700000)]
  0x000001c3444e0000 JavaThread "Daemon health stats" [_thread_blocked, id=28824, stack(0x0000004eb5700000,0x0000004eb5800000)]
  0x000001c3468b1000 JavaThread "Incoming local TCP Connector on port 58741" [_thread_in_native, id=13136, stack(0x0000004eb5900000,0x0000004eb5a00000)]
  0x000001c3469f0800 JavaThread "Daemon periodic checks" [_thread_blocked, id=23396, stack(0x0000004eb5f00000,0x0000004eb6000000)]
  0x000001c34689d000 JavaThread "Daemon" [_thread_blocked, id=27756, stack(0x0000004eb6000000,0x0000004eb6100000)]
  0x000001c345a4f800 JavaThread "Daemon worker" [_thread_in_Java, id=23156, stack(0x0000004eb6300000,0x0000004eb6400000)]
  0x000001c346c05800 JavaThread "Cache worker for journal cache (C:\Users\amali\.gradle\caches\journal-1)" [_thread_blocked, id=2272, stack(0x0000004eb6e00000,0x0000004eb6f00000)]
  0x000001c346c01800 JavaThread "File lock request listener" [_thread_in_native, id=22488, stack(0x0000004eb6f00000,0x0000004eb7000000)]
  0x000001c346c08000 JavaThread "Cache worker for file hash cache (C:\Users\amali\.gradle\caches\8.9\fileHashes)" [_thread_blocked, id=29020, stack(0x0000004eb7000000,0x0000004eb7100000)]
  0x000001c346c04800 JavaThread "File watcher server" daemon [_thread_in_native, id=27744, stack(0x0000004eb7400000,0x0000004eb7500000)]
  0x000001c346c06000 JavaThread "File watcher consumer" daemon [_thread_blocked, id=29552, stack(0x0000004eb7500000,0x0000004eb7600000)]
  0x000001c346c03000 JavaThread "jar transforms" [_thread_blocked, id=18840, stack(0x0000004eb7600000,0x0000004eb7700000)]
  0x000001c346dfe000 JavaThread "jar transforms Thread 2" [_thread_blocked, id=31104, stack(0x0000004eb7700000,0x0000004eb7800000)]
  0x000001c346dfe800 JavaThread "jar transforms Thread 3" [_thread_blocked, id=25628, stack(0x0000004eb7800000,0x0000004eb7900000)]
  0x000001c346e00800 JavaThread "Cache worker for file content cache (C:\Users\amali\.gradle\caches\8.9\fileContent)" [_thread_blocked, id=30280, stack(0x0000004eb7a00000,0x0000004eb7b00000)]
  0x000001c346e02000 JavaThread "jar transforms Thread 4" [_thread_blocked, id=10080, stack(0x0000004eb7d00000,0x0000004eb7e00000)]
  0x000001c346dfc800 JavaThread "jar transforms Thread 5" [_thread_blocked, id=30056, stack(0x0000004eb7e00000,0x0000004eb7f00000)]
  0x000001c3483e2000 JavaThread "jar transforms Thread 6" [_thread_blocked, id=31140, stack(0x0000004eb7f00000,0x0000004eb8000000)]
  0x000001c3483e0800 JavaThread "jar transforms Thread 7" [_thread_blocked, id=9020, stack(0x0000004eb8000000,0x0000004eb8100000)]
  0x000001c3483e7000 JavaThread "jar transforms Thread 8" [_thread_blocked, id=30836, stack(0x0000004eb8100000,0x0000004eb8200000)]
  0x000001c3483e6000 JavaThread "jar transforms Thread 9" [_thread_blocked, id=29264, stack(0x0000004eb8200000,0x0000004eb8300000)]
  0x000001c3483e1000 JavaThread "jar transforms Thread 10" [_thread_blocked, id=31472, stack(0x0000004eb8300000,0x0000004eb8400000)]
  0x000001c3483e7800 JavaThread "jar transforms Thread 11" [_thread_blocked, id=23616, stack(0x0000004eb8400000,0x0000004eb8500000)]
  0x000001c3483e8800 JavaThread "jar transforms Thread 12" [_thread_blocked, id=14384, stack(0x0000004eb7100000,0x0000004eb7200000)]
=>0x000001c346db7800 JavaThread "C2 CompilerThread1" daemon [_thread_in_native, id=22808, stack(0x0000004eb9a00000,0x0000004eb9b00000)]
  0x000001c3483e2800 JavaThread "VFS cleanup" [_thread_blocked, id=20776, stack(0x0000004eb6400000,0x0000004eb6500000)]
  0x000001c346db8800 JavaThread "C2 CompilerThread2" daemon [_thread_in_native, id=1364, stack(0x0000004eb7900000,0x0000004eb7a00000)]
  0x000001c3483e9800 JavaThread "Handler for socket connection from /127.0.0.1:58741 to /127.0.0.1:58754" [_thread_in_native, id=17128, stack(0x0000004eb6100000,0x0000004eb6200000)]
  0x000001c3483e3800 JavaThread "Cancel handler" [_thread_blocked, id=30328, stack(0x0000004eb6200000,0x0000004eb6300000)]
  0x000001c3483ee000 JavaThread "Asynchronous log dispatcher for DefaultDaemonConnection: socket connection from /127.0.0.1:58741 to /127.0.0.1:58754" [_thread_blocked, id=30300, stack(0x0000004eb6500000,0x0000004eb6600000)]
  0x000001c3483ea000 JavaThread "Stdin handler" [_thread_blocked, id=12788, stack(0x0000004eb6600000,0x0000004eb6700000)]
  0x000001c3483ef000 JavaThread "Daemon client event forwarder" [_thread_blocked, id=16716, stack(0x0000004eb6700000,0x0000004eb6800000)]
  0x000001c3483eb800 JavaThread "Cache worker for file hash cache (E:\SEM-4\PemrogramanMobile\ProjectAkhirBismillah\.gradle\8.9\fileHashes)" [_thread_blocked, id=29684, stack(0x0000004eb7200000,0x0000004eb7300000)]
  0x000001c3483eb000 JavaThread "Cache worker for Build Output Cleanup Cache (E:\SEM-4\PemrogramanMobile\ProjectAkhirBismillah\.gradle\buildOutputCleanup)" [_thread_blocked, id=30112, stack(0x0000004eb7300000,0x0000004eb7400000)]
  0x000001c3483ec800 JavaThread "Cache worker for checksums cache (E:\SEM-4\PemrogramanMobile\ProjectAkhirBismillah\.gradle\8.9\checksums)" [_thread_blocked, id=28720, stack(0x0000004eb7b00000,0x0000004eb7c00000)]
  0x000001c3483ed800 JavaThread "Cache worker for cache directory md-rule (C:\Users\amali\.gradle\caches\8.9\md-rule)" [_thread_blocked, id=1896, stack(0x0000004eb7c00000,0x0000004eb7d00000)]
  0x000001c346dff800 JavaThread "Cache worker for cache directory md-supplier (C:\Users\amali\.gradle\caches\8.9\md-supplier)" [_thread_blocked, id=27664, stack(0x0000004eb8500000,0x0000004eb8600000)]

Other Threads:
  0x000001c3442af800 VMThread "VM Thread" [stack: 0x0000004eb4d00000,0x0000004eb4e00000] [id=28956]
  0x000001c3445ef800 WatcherThread [stack: 0x0000004eb5800000,0x0000004eb5900000] [id=27544]
  0x000001c32557c000 GCTaskThread "GC Thread#0" [stack: 0x0000004eb4800000,0x0000004eb4900000] [id=24844]
  0x000001c344e3a000 GCTaskThread "GC Thread#1" [stack: 0x0000004eb5a00000,0x0000004eb5b00000] [id=28156]
  0x000001c34489c800 GCTaskThread "GC Thread#2" [stack: 0x0000004eb5b00000,0x0000004eb5c00000] [id=29488]
  0x000001c344bbd000 GCTaskThread "GC Thread#3" [stack: 0x0000004eb5c00000,0x0000004eb5d00000] [id=24212]
  0x000001c344dfd800 GCTaskThread "GC Thread#4" [stack: 0x0000004eb5d00000,0x0000004eb5e00000] [id=18400]
  0x000001c344e43000 GCTaskThread "GC Thread#5" [stack: 0x0000004eb5e00000,0x0000004eb5f00000] [id=7992]
  0x000001c346283800 GCTaskThread "GC Thread#6" [stack: 0x0000004eb6800000,0x0000004eb6900000] [id=27496]
  0x000001c346985800 GCTaskThread "GC Thread#7" [stack: 0x0000004eb6900000,0x0000004eb6a00000] [id=31464]
  0x000001c346986000 GCTaskThread "GC Thread#8" [stack: 0x0000004eb6a00000,0x0000004eb6b00000] [id=18192]
  0x000001c3456f3000 GCTaskThread "GC Thread#9" [stack: 0x0000004eb6b00000,0x0000004eb6c00000] [id=29060]
  0x000001c3255af800 ConcurrentGCThread "G1 Main Marker" [stack: 0x0000004eb4900000,0x0000004eb4a00000] [id=27856]
  0x000001c3255b1000 ConcurrentGCThread "G1 Conc#0" [stack: 0x0000004eb4a00000,0x0000004eb4b00000] [id=29564]
  0x000001c346aa5000 ConcurrentGCThread "G1 Conc#1" [stack: 0x0000004eb6c00000,0x0000004eb6d00000] [id=9000]
  0x000001c346e68800 ConcurrentGCThread "G1 Conc#2" [stack: 0x0000004eb6d00000,0x0000004eb6e00000] [id=29484]
  0x000001c3438fb800 ConcurrentGCThread "G1 Refine#0" [stack: 0x0000004eb4b00000,0x0000004eb4c00000] [id=24620]
  0x000001c3438fc800 ConcurrentGCThread "G1 Young RemSet Sampling" [stack: 0x0000004eb4c00000,0x0000004eb4d00000] [id=29284]

Threads with active compile tasks:
C2 CompilerThread0    14433 9138       4       com.google.common.collect.ImmutableSet::copyOf (76 bytes)
C2 CompilerThread1    14433 9107       4       org.gradle.internal.component.external.model.DefaultConfigurationMetadata::getAttributes (28 bytes)
C2 CompilerThread2    14434 9137       4       com.google.common.collect.ImmutableSet::construct (93 bytes)

VM state:not at safepoint (normal execution)

VM Mutex/Monitor currently owned by a thread: None

Heap address: 0x0000000080000000, size: 2048 MB, Compressed Oops mode: 32-bit
Narrow klass base: 0x0000000000000000, Narrow klass shift: 3
Compressed class space size: 1073741824 Address: 0x0000000100000000

Heap:
 garbage-first heap   total 258048K, used 120121K [0x0000000080000000, 0x0000000100000000)
  region size 1024K, 72 young (73728K), 19 survivors (19456K)
 Metaspace       used 64794K, capacity 67538K, committed 67792K, reserved 1107968K
  class space    used 8377K, capacity 9369K, committed 9428K, reserved 1048576K
Heap Regions: E=young(eden), S=young(survivor), O=old, HS=humongous(starts), HC=humongous(continues), CS=collection set, F=free, A=archive, TAMS=top-at-mark-start (previous, next)
|   0|0x0000000080000000, 0x0000000080100000, 0x0000000080100000|100%|HS|  |TAMS 0x0000000080100000, 0x0000000080000000| Complete 
|   1|0x0000000080100000, 0x0000000080200000, 0x0000000080200000|100%|HC|  |TAMS 0x0000000080200000, 0x0000000080100000| Complete 
|   2|0x0000000080200000, 0x0000000080300000, 0x0000000080300000|100%|HC|  |TAMS 0x0000000080300000, 0x0000000080200000| Complete 
|   3|0x0000000080300000, 0x0000000080400000, 0x0000000080400000|100%|HC|  |TAMS 0x0000000080400000, 0x0000000080300000| Complete 
|   4|0x0000000080400000, 0x0000000080500000, 0x0000000080500000|100%| O|  |TAMS 0x0000000080500000, 0x0000000080400000| Untracked 
|   5|0x0000000080500000, 0x0000000080600000, 0x0000000080600000|100%| O|  |TAMS 0x0000000080600000, 0x0000000080500000| Untracked 
|   6|0x0000000080600000, 0x0000000080700000, 0x0000000080700000|100%| O|  |TAMS 0x0000000080700000, 0x0000000080600000| Untracked 
|   7|0x0000000080700000, 0x0000000080800000, 0x0000000080800000|100%| O|  |TAMS 0x0000000080800000, 0x0000000080700000| Untracked 
|   8|0x0000000080800000, 0x0000000080900000, 0x0000000080900000|100%|HS|  |TAMS 0x0000000080900000, 0x0000000080800000| Complete 
|   9|0x0000000080900000, 0x0000000080a00000, 0x0000000080a00000|100%| O|  |TAMS 0x0000000080a00000, 0x0000000080900000| Untracked 
|  10|0x0000000080a00000, 0x0000000080b00000, 0x0000000080b00000|100%| O|  |TAMS 0x0000000080b00000, 0x0000000080a00000| Untracked 
|  11|0x0000000080b00000, 0x0000000080c00000, 0x0000000080c00000|100%| O|  |TAMS 0x0000000080c00000, 0x0000000080b00000| Untracked 
|  12|0x0000000080c00000, 0x0000000080d00000, 0x0000000080d00000|100%| O|  |TAMS 0x0000000080d00000, 0x0000000080c00000| Untracked 
|  13|0x0000000080d00000, 0x0000000080e00000, 0x0000000080e00000|100%| O|  |TAMS 0x0000000080e00000, 0x0000000080d00000| Untracked 
|  14|0x0000000080e00000, 0x0000000080f00000, 0x0000000080f00000|100%| O|  |TAMS 0x0000000080f00000, 0x0000000080e00000| Untracked 
|  15|0x0000000080f00000, 0x0000000081000000, 0x0000000081000000|100%| O|  |TAMS 0x0000000081000000, 0x0000000080f00000| Untracked 
|  16|0x0000000081000000, 0x0000000081100000, 0x0000000081100000|100%| O|  |TAMS 0x0000000081100000, 0x0000000081000000| Untracked 
|  17|0x0000000081100000, 0x0000000081200000, 0x0000000081200000|100%| O|  |TAMS 0x0000000081200000, 0x0000000081100000| Untracked 
|  18|0x0000000081200000, 0x0000000081300000, 0x0000000081300000|100%| O|  |TAMS 0x0000000081300000, 0x0000000081200000| Untracked 
|  19|0x0000000081300000, 0x0000000081400000, 0x0000000081400000|100%| O|  |TAMS 0x0000000081400000, 0x0000000081300000| Untracked 
|  20|0x0000000081400000, 0x0000000081500000, 0x0000000081500000|100%| O|  |TAMS 0x0000000081500000, 0x0000000081400000| Untracked 
|  21|0x0000000081500000, 0x0000000081600000, 0x0000000081600000|100%| O|  |TAMS 0x0000000081600000, 0x0000000081500000| Untracked 
|  22|0x0000000081600000, 0x0000000081700000, 0x0000000081700000|100%| O|  |TAMS 0x0000000081700000, 0x0000000081600000| Untracked 
|  23|0x0000000081700000, 0x0000000081800000, 0x0000000081800000|100%| O|  |TAMS 0x0000000081800000, 0x0000000081700000| Untracked 
|  24|0x0000000081800000, 0x0000000081900000, 0x0000000081900000|100%| O|  |TAMS 0x0000000081900000, 0x0000000081800000| Untracked 
|  25|0x0000000081900000, 0x0000000081a00000, 0x0000000081a00000|100%| O|  |TAMS 0x0000000081a00000, 0x0000000081900000| Untracked 
|  26|0x0000000081a00000, 0x0000000081b00000, 0x0000000081b00000|100%| O|  |TAMS 0x0000000081b00000, 0x0000000081a00000| Untracked 
|  27|0x0000000081b00000, 0x0000000081c00000, 0x0000000081c00000|100%|HS|  |TAMS 0x0000000081b00000, 0x0000000081b00000| Complete 
|  28|0x0000000081c00000, 0x0000000081d00000, 0x0000000081d00000|100%|HS|  |TAMS 0x0000000081c00000, 0x0000000081c00000| Complete 
|  29|0x0000000081d00000, 0x0000000081e00000, 0x0000000081e00000|100%| O|  |TAMS 0x0000000081e00000, 0x0000000081d00000| Untracked 
|  30|0x0000000081e00000, 0x0000000081f00000, 0x0000000081f00000|100%| O|  |TAMS 0x0000000081f00000, 0x0000000081e00000| Untracked 
|  31|0x0000000081f00000, 0x0000000082000000, 0x0000000082000000|100%| O|  |TAMS 0x0000000082000000, 0x0000000081f00000| Untracked 
|  32|0x0000000082000000, 0x0000000082100000, 0x0000000082100000|100%| O|  |TAMS 0x0000000082100000, 0x0000000082000000| Untracked 
|  33|0x0000000082100000, 0x0000000082200000, 0x0000000082200000|100%| O|  |TAMS 0x0000000082200000, 0x0000000082100000| Untracked 
|  34|0x0000000082200000, 0x0000000082300000, 0x0000000082300000|100%| O|  |TAMS 0x0000000082300000, 0x0000000082200000| Untracked 
|  35|0x0000000082300000, 0x0000000082400000, 0x0000000082400000|100%| O|  |TAMS 0x0000000082400000, 0x0000000082300000| Untracked 
|  36|0x0000000082400000, 0x0000000082500000, 0x0000000082500000|100%| O|  |TAMS 0x0000000082500000, 0x0000000082400000| Untracked 
|  37|0x0000000082500000, 0x0000000082600000, 0x0000000082600000|100%| O|  |TAMS 0x0000000082564400, 0x0000000082500000| Untracked 
|  38|0x0000000082600000, 0x0000000082700000, 0x0000000082700000|100%|HS|  |TAMS 0x0000000082600000, 0x0000000082600000| Complete 
|  39|0x0000000082700000, 0x0000000082800000, 0x0000000082800000|100%|HS|  |TAMS 0x0000000082700000, 0x0000000082700000| Complete 
|  40|0x0000000082800000, 0x0000000082900000, 0x0000000082900000|100%|HS|  |TAMS 0x0000000082800000, 0x0000000082800000| Complete 
|  41|0x0000000082900000, 0x0000000082a00000, 0x0000000082a00000|100%|HS|  |TAMS 0x0000000082900000, 0x0000000082900000| Complete 
|  42|0x0000000082a00000, 0x0000000082a00000, 0x0000000082b00000|  0%| F|  |TAMS 0x0000000082a00000, 0x0000000082a00000| Untracked 
|  43|0x0000000082b00000, 0x0000000082c00000, 0x0000000082c00000|100%| O|  |TAMS 0x0000000082b00000, 0x0000000082b00000| Untracked 
|  44|0x0000000082c00000, 0x0000000082d00000, 0x0000000082d00000|100%| O|  |TAMS 0x0000000082c00000, 0x0000000082c00000| Untracked 
|  45|0x0000000082d00000, 0x0000000082e00000, 0x0000000082e00000|100%| O|  |TAMS 0x0000000082d00000, 0x0000000082d00000| Untracked 
|  46|0x0000000082e00000, 0x0000000082f00000, 0x0000000082f00000|100%| O|  |TAMS 0x0000000082e00000, 0x0000000082e00000| Untracked 
|  47|0x0000000082f00000, 0x0000000082f4e600, 0x0000000083000000| 30%| O|  |TAMS 0x0000000082f00000, 0x0000000082f00000| Untracked 
|  48|0x0000000083000000, 0x0000000083000000, 0x0000000083100000|  0%| F|  |TAMS 0x0000000083000000, 0x0000000083000000| Untracked 
|  49|0x0000000083100000, 0x0000000083100000, 0x0000000083200000|  0%| F|  |TAMS 0x0000000083100000, 0x0000000083100000| Untracked 
|  50|0x0000000083200000, 0x0000000083200000, 0x0000000083300000|  0%| F|  |TAMS 0x0000000083200000, 0x0000000083200000| Untracked 
|  51|0x0000000083300000, 0x0000000083300000, 0x0000000083400000|  0%| F|  |TAMS 0x0000000083300000, 0x0000000083300000| Untracked 
|  52|0x0000000083400000, 0x0000000083400000, 0x0000000083500000|  0%| F|  |TAMS 0x0000000083400000, 0x0000000083400000| Untracked 
|  53|0x0000000083500000, 0x0000000083500000, 0x0000000083600000|  0%| F|  |TAMS 0x0000000083500000, 0x0000000083500000| Untracked 
|  54|0x0000000083600000, 0x0000000083600000, 0x0000000083700000|  0%| F|  |TAMS 0x0000000083600000, 0x0000000083600000| Untracked 
|  55|0x0000000083700000, 0x0000000083700000, 0x0000000083800000|  0%| F|  |TAMS 0x0000000083700000, 0x0000000083700000| Untracked 
|  56|0x0000000083800000, 0x0000000083800000, 0x0000000083900000|  0%| F|  |TAMS 0x0000000083800000, 0x0000000083800000| Untracked 
|  57|0x0000000083900000, 0x0000000083900000, 0x0000000083a00000|  0%| F|  |TAMS 0x0000000083900000, 0x0000000083900000| Untracked 
|  58|0x0000000083a00000, 0x0000000083a00000, 0x0000000083b00000|  0%| F|  |TAMS 0x0000000083a00000, 0x0000000083a00000| Untracked 
|  59|0x0000000083b00000, 0x0000000083b00000, 0x0000000083c00000|  0%| F|  |TAMS 0x0000000083b00000, 0x0000000083b00000| Untracked 
|  60|0x0000000083c00000, 0x0000000083c00000, 0x0000000083d00000|  0%| F|  |TAMS 0x0000000083c00000, 0x0000000083c00000| Untracked 
|  61|0x0000000083d00000, 0x0000000083d00000, 0x0000000083e00000|  0%| F|  |TAMS 0x0000000083d00000, 0x0000000083d00000| Untracked 
|  62|0x0000000083e00000, 0x0000000083e00000, 0x0000000083f00000|  0%| F|  |TAMS 0x0000000083e00000, 0x0000000083e00000| Untracked 
|  63|0x0000000083f00000, 0x0000000083f00000, 0x0000000084000000|  0%| F|  |TAMS 0x0000000083f00000, 0x0000000083f00000| Untracked 
|  64|0x0000000084000000, 0x0000000084000000, 0x0000000084100000|  0%| F|  |TAMS 0x0000000084000000, 0x0000000084000000| Untracked 
|  65|0x0000000084100000, 0x0000000084100000, 0x0000000084200000|  0%| F|  |TAMS 0x0000000084100000, 0x0000000084100000| Untracked 
|  66|0x0000000084200000, 0x0000000084200000, 0x0000000084300000|  0%| F|  |TAMS 0x0000000084200000, 0x0000000084200000| Untracked 
|  67|0x0000000084300000, 0x0000000084300000, 0x0000000084400000|  0%| F|  |TAMS 0x0000000084300000, 0x0000000084300000| Untracked 
|  68|0x0000000084400000, 0x0000000084400000, 0x0000000084500000|  0%| F|  |TAMS 0x0000000084400000, 0x0000000084400000| Untracked 
|  69|0x0000000084500000, 0x0000000084500000, 0x0000000084600000|  0%| F|  |TAMS 0x0000000084500000, 0x0000000084500000| Untracked 
|  70|0x0000000084600000, 0x0000000084600000, 0x0000000084700000|  0%| F|  |TAMS 0x0000000084600000, 0x0000000084600000| Untracked 
|  71|0x0000000084700000, 0x0000000084700000, 0x0000000084800000|  0%| F|  |TAMS 0x0000000084700000, 0x0000000084700000| Untracked 
|  72|0x0000000084800000, 0x0000000084800000, 0x0000000084900000|  0%| F|  |TAMS 0x0000000084800000, 0x0000000084800000| Untracked 
|  73|0x0000000084900000, 0x0000000084900000, 0x0000000084a00000|  0%| F|  |TAMS 0x0000000084900000, 0x0000000084900000| Untracked 
|  74|0x0000000084a00000, 0x0000000084a00000, 0x0000000084b00000|  0%| F|  |TAMS 0x0000000084a00000, 0x0000000084a00000| Untracked 
|  75|0x0000000084b00000, 0x0000000084b00000, 0x0000000084c00000|  0%| F|  |TAMS 0x0000000084b00000, 0x0000000084b00000| Untracked 
|  76|0x0000000084c00000, 0x0000000084c00000, 0x0000000084d00000|  0%| F|  |TAMS 0x0000000084c00000, 0x0000000084c00000| Untracked 
|  77|0x0000000084d00000, 0x0000000084d00000, 0x0000000084e00000|  0%| F|  |TAMS 0x0000000084d00000, 0x0000000084d00000| Untracked 
|  78|0x0000000084e00000, 0x0000000084e00000, 0x0000000084f00000|  0%| F|  |TAMS 0x0000000084e00000, 0x0000000084e00000| Untracked 
|  79|0x0000000084f00000, 0x0000000084f00000, 0x0000000085000000|  0%| F|  |TAMS 0x0000000084f00000, 0x0000000084f00000| Untracked 
|  80|0x0000000085000000, 0x0000000085000000, 0x0000000085100000|  0%| F|  |TAMS 0x0000000085000000, 0x0000000085000000| Untracked 
|  81|0x0000000085100000, 0x0000000085100000, 0x0000000085200000|  0%| F|  |TAMS 0x0000000085100000, 0x0000000085100000| Untracked 
|  82|0x0000000085200000, 0x0000000085300000, 0x0000000085300000|100%| S|CS|TAMS 0x0000000085200000, 0x0000000085200000| Complete 
|  83|0x0000000085300000, 0x0000000085400000, 0x0000000085400000|100%| S|CS|TAMS 0x0000000085300000, 0x0000000085300000| Complete 
|  84|0x0000000085400000, 0x0000000085500000, 0x0000000085500000|100%| S|CS|TAMS 0x0000000085400000, 0x0000000085400000| Complete 
|  85|0x0000000085500000, 0x0000000085600000, 0x0000000085600000|100%| S|CS|TAMS 0x0000000085500000, 0x0000000085500000| Complete 
|  86|0x0000000085600000, 0x0000000085600000, 0x0000000085700000|  0%| F|  |TAMS 0x0000000085600000, 0x0000000085600000| Untracked 
|  87|0x0000000085700000, 0x0000000085700000, 0x0000000085800000|  0%| F|  |TAMS 0x0000000085700000, 0x0000000085700000| Untracked 
|  88|0x0000000085800000, 0x0000000085800000, 0x0000000085900000|  0%| F|  |TAMS 0x0000000085800000, 0x0000000085800000| Untracked 
|  89|0x0000000085900000, 0x0000000085900000, 0x0000000085a00000|  0%| F|  |TAMS 0x0000000085900000, 0x0000000085900000| Untracked 
|  90|0x0000000085a00000, 0x0000000085a00000, 0x0000000085b00000|  0%| F|  |TAMS 0x0000000085a00000, 0x0000000085a00000| Untracked 
|  91|0x0000000085b00000, 0x0000000085b00000, 0x0000000085c00000|  0%| F|  |TAMS 0x0000000085b00000, 0x0000000085b00000| Untracked 
|  92|0x0000000085c00000, 0x0000000085c00000, 0x0000000085d00000|  0%| F|  |TAMS 0x0000000085c00000, 0x0000000085c00000| Untracked 
|  93|0x0000000085d00000, 0x0000000085d00000, 0x0000000085e00000|  0%| F|  |TAMS 0x0000000085d00000, 0x0000000085d00000| Untracked 
|  94|0x0000000085e00000, 0x0000000085e00000, 0x0000000085f00000|  0%| F|  |TAMS 0x0000000085e00000, 0x0000000085e00000| Untracked 
|  95|0x0000000085f00000, 0x0000000085f00000, 0x0000000086000000|  0%| F|  |TAMS 0x0000000085f00000, 0x0000000085f00000| Untracked 
|  96|0x0000000086000000, 0x0000000086000000, 0x0000000086100000|  0%| F|  |TAMS 0x0000000086000000, 0x0000000086000000| Untracked 
|  97|0x0000000086100000, 0x0000000086100000, 0x0000000086200000|  0%| F|  |TAMS 0x0000000086100000, 0x0000000086100000| Untracked 
|  98|0x0000000086200000, 0x0000000086200000, 0x0000000086300000|  0%| F|  |TAMS 0x0000000086200000, 0x0000000086200000| Untracked 
|  99|0x0000000086300000, 0x0000000086300000, 0x0000000086400000|  0%| F|  |TAMS 0x0000000086300000, 0x0000000086300000| Untracked 
| 100|0x0000000086400000, 0x0000000086400000, 0x0000000086500000|  0%| F|  |TAMS 0x0000000086400000, 0x0000000086400000| Untracked 
| 101|0x0000000086500000, 0x0000000086600000, 0x0000000086600000|100%| S|CS|TAMS 0x0000000086500000, 0x0000000086500000| Complete 
| 102|0x0000000086600000, 0x0000000086700000, 0x0000000086700000|100%| S|CS|TAMS 0x0000000086600000, 0x0000000086600000| Complete 
| 103|0x0000000086700000, 0x0000000086800000, 0x0000000086800000|100%| S|CS|TAMS 0x0000000086700000, 0x0000000086700000| Complete 
| 104|0x0000000086800000, 0x0000000086900000, 0x0000000086900000|100%| S|CS|TAMS 0x0000000086800000, 0x0000000086800000| Complete 
| 105|0x0000000086900000, 0x0000000086a00000, 0x0000000086a00000|100%| S|CS|TAMS 0x0000000086900000, 0x0000000086900000| Complete 
| 106|0x0000000086a00000, 0x0000000086b00000, 0x0000000086b00000|100%| S|CS|TAMS 0x0000000086a00000, 0x0000000086a00000| Complete 
| 107|0x0000000086b00000, 0x0000000086c00000, 0x0000000086c00000|100%| S|CS|TAMS 0x0000000086b00000, 0x0000000086b00000| Complete 
| 108|0x0000000086c00000, 0x0000000086d00000, 0x0000000086d00000|100%| S|CS|TAMS 0x0000000086c00000, 0x0000000086c00000| Complete 
| 109|0x0000000086d00000, 0x0000000086e00000, 0x0000000086e00000|100%| S|CS|TAMS 0x0000000086d00000, 0x0000000086d00000| Complete 
| 110|0x0000000086e00000, 0x0000000086f00000, 0x0000000086f00000|100%| S|CS|TAMS 0x0000000086e00000, 0x0000000086e00000| Complete 
| 111|0x0000000086f00000, 0x0000000087000000, 0x0000000087000000|100%| S|CS|TAMS 0x0000000086f00000, 0x0000000086f00000| Complete 
| 112|0x0000000087000000, 0x0000000087100000, 0x0000000087100000|100%| S|CS|TAMS 0x0000000087000000, 0x0000000087000000| Complete 
| 113|0x0000000087100000, 0x0000000087200000, 0x0000000087200000|100%| S|CS|TAMS 0x0000000087100000, 0x0000000087100000| Complete 
| 114|0x0000000087200000, 0x0000000087300000, 0x0000000087300000|100%| S|CS|TAMS 0x0000000087200000, 0x0000000087200000| Complete 
| 115|0x0000000087300000, 0x0000000087400000, 0x0000000087400000|100%| S|CS|TAMS 0x0000000087300000, 0x0000000087300000| Complete 
| 116|0x0000000087400000, 0x0000000087400000, 0x0000000087500000|  0%| F|  |TAMS 0x0000000087400000, 0x0000000087400000| Untracked 
| 117|0x0000000087500000, 0x0000000087500000, 0x0000000087600000|  0%| F|  |TAMS 0x0000000087500000, 0x0000000087500000| Untracked 
| 118|0x0000000087600000, 0x0000000087600000, 0x0000000087700000|  0%| F|  |TAMS 0x0000000087600000, 0x0000000087600000| Untracked 
| 119|0x0000000087700000, 0x0000000087700000, 0x0000000087800000|  0%| F|  |TAMS 0x0000000087700000, 0x0000000087700000| Untracked 
| 120|0x0000000087800000, 0x0000000087800000, 0x0000000087900000|  0%| F|  |TAMS 0x0000000087800000, 0x0000000087800000| Untracked 
| 121|0x0000000087900000, 0x0000000087900000, 0x0000000087a00000|  0%| F|  |TAMS 0x0000000087900000, 0x0000000087900000| Untracked 
| 122|0x0000000087a00000, 0x0000000087a00000, 0x0000000087b00000|  0%| F|  |TAMS 0x0000000087a00000, 0x0000000087a00000| Untracked 
| 123|0x0000000087b00000, 0x0000000087b00000, 0x0000000087c00000|  0%| F|  |TAMS 0x0000000087b00000, 0x0000000087b00000| Untracked 
| 124|0x0000000087c00000, 0x0000000087c00000, 0x0000000087d00000|  0%| F|  |TAMS 0x0000000087c00000, 0x0000000087c00000| Untracked 
| 125|0x0000000087d00000, 0x0000000087d00000, 0x0000000087e00000|  0%| F|  |TAMS 0x0000000087d00000, 0x0000000087d00000| Untracked 
| 126|0x0000000087e00000, 0x0000000087e00000, 0x0000000087f00000|  0%| F|  |TAMS 0x0000000087e00000, 0x0000000087e00000| Untracked 
| 127|0x0000000087f00000, 0x0000000087f00000, 0x0000000088000000|  0%| F|  |TAMS 0x0000000087f00000, 0x0000000087f00000| Untracked 
| 128|0x0000000088000000, 0x0000000088000000, 0x0000000088100000|  0%| F|  |TAMS 0x0000000088000000, 0x0000000088000000| Untracked 
| 129|0x0000000088100000, 0x0000000088100000, 0x0000000088200000|  0%| F|  |TAMS 0x0000000088100000, 0x0000000088100000| Untracked 
| 130|0x0000000088200000, 0x0000000088200000, 0x0000000088300000|  0%| F|  |TAMS 0x0000000088200000, 0x0000000088200000| Untracked 
| 131|0x0000000088300000, 0x0000000088300000, 0x0000000088400000|  0%| F|  |TAMS 0x0000000088300000, 0x0000000088300000| Untracked 
| 132|0x0000000088400000, 0x0000000088400000, 0x0000000088500000|  0%| F|  |TAMS 0x0000000088400000, 0x0000000088400000| Untracked 
| 133|0x0000000088500000, 0x0000000088500000, 0x0000000088600000|  0%| F|  |TAMS 0x0000000088500000, 0x0000000088500000| Untracked 
| 134|0x0000000088600000, 0x0000000088600000, 0x0000000088700000|  0%| F|  |TAMS 0x0000000088600000, 0x0000000088600000| Untracked 
| 135|0x0000000088700000, 0x0000000088700000, 0x0000000088800000|  0%| F|  |TAMS 0x0000000088700000, 0x0000000088700000| Untracked 
| 136|0x0000000088800000, 0x0000000088800000, 0x0000000088900000|  0%| F|  |TAMS 0x0000000088800000, 0x0000000088800000| Untracked 
| 137|0x0000000088900000, 0x0000000088900000, 0x0000000088a00000|  0%| F|  |TAMS 0x0000000088900000, 0x0000000088900000| Untracked 
| 138|0x0000000088a00000, 0x0000000088a00000, 0x0000000088b00000|  0%| F|  |TAMS 0x0000000088a00000, 0x0000000088a00000| Untracked 
| 139|0x0000000088b00000, 0x0000000088b00000, 0x0000000088c00000|  0%| F|  |TAMS 0x0000000088b00000, 0x0000000088b00000| Untracked 
| 140|0x0000000088c00000, 0x0000000088c00000, 0x0000000088d00000|  0%| F|  |TAMS 0x0000000088c00000, 0x0000000088c00000| Untracked 
| 141|0x0000000088d00000, 0x0000000088d00000, 0x0000000088e00000|  0%| F|  |TAMS 0x0000000088d00000, 0x0000000088d00000| Untracked 
| 142|0x0000000088e00000, 0x0000000088e00000, 0x0000000088f00000|  0%| F|  |TAMS 0x0000000088e00000, 0x0000000088e00000| Untracked 
| 143|0x0000000088f00000, 0x0000000088f00000, 0x0000000089000000|  0%| F|  |TAMS 0x0000000088f00000, 0x0000000088f00000| Untracked 
| 144|0x0000000089000000, 0x0000000089000000, 0x0000000089100000|  0%| F|  |TAMS 0x0000000089000000, 0x0000000089000000| Untracked 
| 145|0x0000000089100000, 0x0000000089100000, 0x0000000089200000|  0%| F|  |TAMS 0x0000000089100000, 0x0000000089100000| Untracked 
| 146|0x0000000089200000, 0x0000000089200000, 0x0000000089300000|  0%| F|  |TAMS 0x0000000089200000, 0x0000000089200000| Untracked 
| 147|0x0000000089300000, 0x0000000089300000, 0x0000000089400000|  0%| F|  |TAMS 0x0000000089300000, 0x0000000089300000| Untracked 
| 148|0x0000000089400000, 0x0000000089400000, 0x0000000089500000|  0%| F|  |TAMS 0x0000000089400000, 0x0000000089400000| Untracked 
| 149|0x0000000089500000, 0x0000000089500000, 0x0000000089600000|  0%| F|  |TAMS 0x0000000089500000, 0x0000000089500000| Untracked 
| 150|0x0000000089600000, 0x0000000089600000, 0x0000000089700000|  0%| F|  |TAMS 0x0000000089600000, 0x0000000089600000| Untracked 
| 151|0x0000000089700000, 0x0000000089700000, 0x0000000089800000|  0%| F|  |TAMS 0x0000000089700000, 0x0000000089700000| Untracked 
| 152|0x0000000089800000, 0x0000000089800000, 0x0000000089900000|  0%| F|  |TAMS 0x0000000089800000, 0x0000000089800000| Untracked 
| 153|0x0000000089900000, 0x0000000089900000, 0x0000000089a00000|  0%| F|  |TAMS 0x0000000089900000, 0x0000000089900000| Untracked 
| 154|0x0000000089a00000, 0x0000000089a00000, 0x0000000089b00000|  0%| F|  |TAMS 0x0000000089a00000, 0x0000000089a00000| Untracked 
| 155|0x0000000089b00000, 0x0000000089b00000, 0x0000000089c00000|  0%| F|  |TAMS 0x0000000089b00000, 0x0000000089b00000| Untracked 
| 156|0x0000000089c00000, 0x0000000089c00000, 0x0000000089d00000|  0%| F|  |TAMS 0x0000000089c00000, 0x0000000089c00000| Untracked 
| 157|0x0000000089d00000, 0x0000000089d00000, 0x0000000089e00000|  0%| F|  |TAMS 0x0000000089d00000, 0x0000000089d00000| Untracked 
| 158|0x0000000089e00000, 0x0000000089e00000, 0x0000000089f00000|  0%| F|  |TAMS 0x0000000089e00000, 0x0000000089e00000| Untracked 
| 159|0x0000000089f00000, 0x0000000089f00000, 0x000000008a000000|  0%| F|  |TAMS 0x0000000089f00000, 0x0000000089f00000| Untracked 
| 160|0x000000008a000000, 0x000000008a000000, 0x000000008a100000|  0%| F|  |TAMS 0x000000008a000000, 0x000000008a000000| Untracked 
| 161|0x000000008a100000, 0x000000008a100000, 0x000000008a200000|  0%| F|  |TAMS 0x000000008a100000, 0x000000008a100000| Untracked 
| 162|0x000000008a200000, 0x000000008a200000, 0x000000008a300000|  0%| F|  |TAMS 0x000000008a200000, 0x000000008a200000| Untracked 
| 163|0x000000008a300000, 0x000000008a300000, 0x000000008a400000|  0%| F|  |TAMS 0x000000008a300000, 0x000000008a300000| Untracked 
| 164|0x000000008a400000, 0x000000008a400000, 0x000000008a500000|  0%| F|  |TAMS 0x000000008a400000, 0x000000008a400000| Untracked 
| 165|0x000000008a500000, 0x000000008a500000, 0x000000008a600000|  0%| F|  |TAMS 0x000000008a500000, 0x000000008a500000| Untracked 
| 166|0x000000008a600000, 0x000000008a600000, 0x000000008a700000|  0%| F|  |TAMS 0x000000008a600000, 0x000000008a600000| Untracked 
| 167|0x000000008a700000, 0x000000008a700000, 0x000000008a800000|  0%| F|  |TAMS 0x000000008a700000, 0x000000008a700000| Untracked 
| 168|0x000000008a800000, 0x000000008a800000, 0x000000008a900000|  0%| F|  |TAMS 0x000000008a800000, 0x000000008a800000| Untracked 
| 169|0x000000008a900000, 0x000000008a900000, 0x000000008aa00000|  0%| F|  |TAMS 0x000000008a900000, 0x000000008a900000| Untracked 
| 170|0x000000008aa00000, 0x000000008aa00000, 0x000000008ab00000|  0%| F|  |TAMS 0x000000008aa00000, 0x000000008aa00000| Untracked 
| 171|0x000000008ab00000, 0x000000008ab00000, 0x000000008ac00000|  0%| F|  |TAMS 0x000000008ab00000, 0x000000008ab00000| Untracked 
| 172|0x000000008ac00000, 0x000000008ac00000, 0x000000008ad00000|  0%| F|  |TAMS 0x000000008ac00000, 0x000000008ac00000| Untracked 
| 173|0x000000008ad00000, 0x000000008ad00000, 0x000000008ae00000|  0%| F|  |TAMS 0x000000008ad00000, 0x000000008ad00000| Untracked 
| 174|0x000000008ae00000, 0x000000008ae00000, 0x000000008af00000|  0%| F|  |TAMS 0x000000008ae00000, 0x000000008ae00000| Untracked 
| 175|0x000000008af00000, 0x000000008af00000, 0x000000008b000000|  0%| F|  |TAMS 0x000000008af00000, 0x000000008af00000| Untracked 
| 176|0x000000008b000000, 0x000000008b000000, 0x000000008b100000|  0%| F|  |TAMS 0x000000008b000000, 0x000000008b000000| Untracked 
| 177|0x000000008b100000, 0x000000008b100000, 0x000000008b200000|  0%| F|  |TAMS 0x000000008b100000, 0x000000008b100000| Untracked 
| 178|0x000000008b200000, 0x000000008b200000, 0x000000008b300000|  0%| F|  |TAMS 0x000000008b200000, 0x000000008b200000| Untracked 
| 179|0x000000008b300000, 0x000000008b300000, 0x000000008b400000|  0%| F|  |TAMS 0x000000008b300000, 0x000000008b300000| Untracked 
| 180|0x000000008b400000, 0x000000008b400000, 0x000000008b500000|  0%| F|  |TAMS 0x000000008b400000, 0x000000008b400000| Untracked 
| 181|0x000000008b500000, 0x000000008b500000, 0x000000008b600000|  0%| F|  |TAMS 0x000000008b500000, 0x000000008b500000| Untracked 
| 182|0x000000008b600000, 0x000000008b600000, 0x000000008b700000|  0%| F|  |TAMS 0x000000008b600000, 0x000000008b600000| Untracked 
| 183|0x000000008b700000, 0x000000008b700000, 0x000000008b800000|  0%| F|  |TAMS 0x000000008b700000, 0x000000008b700000| Untracked 
| 184|0x000000008b800000, 0x000000008b800000, 0x000000008b900000|  0%| F|  |TAMS 0x000000008b800000, 0x000000008b800000| Untracked 
| 185|0x000000008b900000, 0x000000008b900000, 0x000000008ba00000|  0%| F|  |TAMS 0x000000008b900000, 0x000000008b900000| Untracked 
| 186|0x000000008ba00000, 0x000000008ba00000, 0x000000008bb00000|  0%| F|  |TAMS 0x000000008ba00000, 0x000000008ba00000| Untracked 
| 187|0x000000008bb00000, 0x000000008bb00000, 0x000000008bc00000|  0%| F|  |TAMS 0x000000008bb00000, 0x000000008bb00000| Untracked 
| 188|0x000000008bc00000, 0x000000008bc00000, 0x000000008bd00000|  0%| F|  |TAMS 0x000000008bc00000, 0x000000008bc00000| Untracked 
| 189|0x000000008bd00000, 0x000000008bd00000, 0x000000008be00000|  0%| F|  |TAMS 0x000000008bd00000, 0x000000008bd00000| Untracked 
| 190|0x000000008be00000, 0x000000008be00000, 0x000000008bf00000|  0%| F|  |TAMS 0x000000008be00000, 0x000000008be00000| Untracked 
| 191|0x000000008bf00000, 0x000000008bf00000, 0x000000008c000000|  0%| F|  |TAMS 0x000000008bf00000, 0x000000008bf00000| Untracked 
| 192|0x000000008c000000, 0x000000008c000000, 0x000000008c100000|  0%| F|  |TAMS 0x000000008c000000, 0x000000008c000000| Untracked 
| 193|0x000000008c100000, 0x000000008c100000, 0x000000008c200000|  0%| F|  |TAMS 0x000000008c100000, 0x000000008c100000| Untracked 
| 194|0x000000008c200000, 0x000000008c200000, 0x000000008c300000|  0%| F|  |TAMS 0x000000008c200000, 0x000000008c200000| Untracked 
| 195|0x000000008c300000, 0x000000008c300000, 0x000000008c400000|  0%| F|  |TAMS 0x000000008c300000, 0x000000008c300000| Untracked 
| 196|0x000000008c400000, 0x000000008c400000, 0x000000008c500000|  0%| F|  |TAMS 0x000000008c400000, 0x000000008c400000| Untracked 
| 197|0x000000008c500000, 0x000000008c500000, 0x000000008c600000|  0%| F|  |TAMS 0x000000008c500000, 0x000000008c500000| Untracked 
| 198|0x000000008c600000, 0x000000008c600000, 0x000000008c700000|  0%| F|  |TAMS 0x000000008c600000, 0x000000008c600000| Untracked 
| 199|0x000000008c700000, 0x000000008c800000, 0x000000008c800000|100%| E|  |TAMS 0x000000008c700000, 0x000000008c700000| Complete 
| 200|0x000000008c800000, 0x000000008c900000, 0x000000008c900000|100%| E|CS|TAMS 0x000000008c800000, 0x000000008c800000| Complete 
| 201|0x000000008c900000, 0x000000008ca00000, 0x000000008ca00000|100%| E|CS|TAMS 0x000000008c900000, 0x000000008c900000| Complete 
| 202|0x000000008ca00000, 0x000000008cb00000, 0x000000008cb00000|100%| E|CS|TAMS 0x000000008ca00000, 0x000000008ca00000| Complete 
| 203|0x000000008cb00000, 0x000000008cc00000, 0x000000008cc00000|100%| E|CS|TAMS 0x000000008cb00000, 0x000000008cb00000| Complete 
| 204|0x000000008cc00000, 0x000000008cd00000, 0x000000008cd00000|100%| E|CS|TAMS 0x000000008cc00000, 0x000000008cc00000| Complete 
| 205|0x000000008cd00000, 0x000000008ce00000, 0x000000008ce00000|100%| E|CS|TAMS 0x000000008cd00000, 0x000000008cd00000| Complete 
| 206|0x000000008ce00000, 0x000000008cf00000, 0x000000008cf00000|100%| E|CS|TAMS 0x000000008ce00000, 0x000000008ce00000| Complete 
| 207|0x000000008cf00000, 0x000000008d000000, 0x000000008d000000|100%| E|CS|TAMS 0x000000008cf00000, 0x000000008cf00000| Complete 
| 208|0x000000008d000000, 0x000000008d100000, 0x000000008d100000|100%| E|CS|TAMS 0x000000008d000000, 0x000000008d000000| Complete 
| 209|0x000000008d100000, 0x000000008d200000, 0x000000008d200000|100%| E|CS|TAMS 0x000000008d100000, 0x000000008d100000| Complete 
| 210|0x000000008d200000, 0x000000008d300000, 0x000000008d300000|100%| E|CS|TAMS 0x000000008d200000, 0x000000008d200000| Complete 
| 211|0x000000008d300000, 0x000000008d400000, 0x000000008d400000|100%| E|CS|TAMS 0x000000008d300000, 0x000000008d300000| Complete 
| 212|0x000000008d400000, 0x000000008d500000, 0x000000008d500000|100%| E|CS|TAMS 0x000000008d400000, 0x000000008d400000| Complete 
| 213|0x000000008d500000, 0x000000008d600000, 0x000000008d600000|100%| E|CS|TAMS 0x000000008d500000, 0x000000008d500000| Complete 
| 214|0x000000008d600000, 0x000000008d700000, 0x000000008d700000|100%| E|CS|TAMS 0x000000008d600000, 0x000000008d600000| Complete 
| 215|0x000000008d700000, 0x000000008d800000, 0x000000008d800000|100%| E|CS|TAMS 0x000000008d700000, 0x000000008d700000| Complete 
| 216|0x000000008d800000, 0x000000008d900000, 0x000000008d900000|100%| E|CS|TAMS 0x000000008d800000, 0x000000008d800000| Complete 
| 217|0x000000008d900000, 0x000000008da00000, 0x000000008da00000|100%| E|CS|TAMS 0x000000008d900000, 0x000000008d900000| Complete 
| 218|0x000000008da00000, 0x000000008db00000, 0x000000008db00000|100%| E|CS|TAMS 0x000000008da00000, 0x000000008da00000| Complete 
| 219|0x000000008db00000, 0x000000008dc00000, 0x000000008dc00000|100%| E|CS|TAMS 0x000000008db00000, 0x000000008db00000| Complete 
| 220|0x000000008dc00000, 0x000000008dd00000, 0x000000008dd00000|100%| E|CS|TAMS 0x000000008dc00000, 0x000000008dc00000| Complete 
| 221|0x000000008dd00000, 0x000000008de00000, 0x000000008de00000|100%| E|CS|TAMS 0x000000008dd00000, 0x000000008dd00000| Complete 
| 222|0x000000008de00000, 0x000000008df00000, 0x000000008df00000|100%| E|CS|TAMS 0x000000008de00000, 0x000000008de00000| Complete 
| 223|0x000000008df00000, 0x000000008e000000, 0x000000008e000000|100%| E|CS|TAMS 0x000000008df00000, 0x000000008df00000| Complete 
| 224|0x000000008e000000, 0x000000008e100000, 0x000000008e100000|100%| E|CS|TAMS 0x000000008e000000, 0x000000008e000000| Complete 
| 225|0x000000008e100000, 0x000000008e200000, 0x000000008e200000|100%| E|CS|TAMS 0x000000008e100000, 0x000000008e100000| Complete 
| 226|0x000000008e200000, 0x000000008e300000, 0x000000008e300000|100%| E|CS|TAMS 0x000000008e200000, 0x000000008e200000| Complete 
| 227|0x000000008e300000, 0x000000008e400000, 0x000000008e400000|100%| E|CS|TAMS 0x000000008e300000, 0x000000008e300000| Complete 
| 228|0x000000008e400000, 0x000000008e500000, 0x000000008e500000|100%| E|CS|TAMS 0x000000008e400000, 0x000000008e400000| Complete 
| 229|0x000000008e500000, 0x000000008e600000, 0x000000008e600000|100%| E|CS|TAMS 0x000000008e500000, 0x000000008e500000| Complete 
| 230|0x000000008e600000, 0x000000008e700000, 0x000000008e700000|100%| E|CS|TAMS 0x000000008e600000, 0x000000008e600000| Complete 
| 231|0x000000008e700000, 0x000000008e800000, 0x000000008e800000|100%| E|CS|TAMS 0x000000008e700000, 0x000000008e700000| Complete 
| 232|0x000000008e800000, 0x000000008e900000, 0x000000008e900000|100%| E|CS|TAMS 0x000000008e800000, 0x000000008e800000| Complete 
| 233|0x000000008e900000, 0x000000008ea00000, 0x000000008ea00000|100%| E|CS|TAMS 0x000000008e900000, 0x000000008e900000| Complete 
| 234|0x000000008ea00000, 0x000000008eb00000, 0x000000008eb00000|100%| E|CS|TAMS 0x000000008ea00000, 0x000000008ea00000| Complete 
| 235|0x000000008eb00000, 0x000000008ec00000, 0x000000008ec00000|100%| E|CS|TAMS 0x000000008eb00000, 0x000000008eb00000| Complete 
| 236|0x000000008ec00000, 0x000000008ed00000, 0x000000008ed00000|100%| E|CS|TAMS 0x000000008ec00000, 0x000000008ec00000| Complete 
| 237|0x000000008ed00000, 0x000000008ee00000, 0x000000008ee00000|100%| E|CS|TAMS 0x000000008ed00000, 0x000000008ed00000| Complete 
| 238|0x000000008ee00000, 0x000000008ef00000, 0x000000008ef00000|100%| E|CS|TAMS 0x000000008ee00000, 0x000000008ee00000| Complete 
| 239|0x000000008ef00000, 0x000000008f000000, 0x000000008f000000|100%| E|CS|TAMS 0x000000008ef00000, 0x000000008ef00000| Complete 
| 240|0x000000008f000000, 0x000000008f100000, 0x000000008f100000|100%| E|CS|TAMS 0x000000008f000000, 0x000000008f000000| Complete 
| 241|0x000000008f100000, 0x000000008f200000, 0x000000008f200000|100%| E|CS|TAMS 0x000000008f100000, 0x000000008f100000| Complete 
| 242|0x000000008f200000, 0x000000008f300000, 0x000000008f300000|100%| E|CS|TAMS 0x000000008f200000, 0x000000008f200000| Complete 
| 243|0x000000008f300000, 0x000000008f400000, 0x000000008f400000|100%| E|CS|TAMS 0x000000008f300000, 0x000000008f300000| Complete 
| 244|0x000000008f400000, 0x000000008f500000, 0x000000008f500000|100%| E|CS|TAMS 0x000000008f400000, 0x000000008f400000| Complete 
| 245|0x000000008f500000, 0x000000008f600000, 0x000000008f600000|100%| E|CS|TAMS 0x000000008f500000, 0x000000008f500000| Complete 
| 246|0x000000008f600000, 0x000000008f700000, 0x000000008f700000|100%| E|CS|TAMS 0x000000008f600000, 0x000000008f600000| Complete 
| 247|0x000000008f700000, 0x000000008f800000, 0x000000008f800000|100%| E|CS|TAMS 0x000000008f700000, 0x000000008f700000| Complete 
| 248|0x000000008f800000, 0x000000008f900000, 0x000000008f900000|100%| E|CS|TAMS 0x000000008f800000, 0x000000008f800000| Complete 
| 249|0x000000008f900000, 0x000000008fa00000, 0x000000008fa00000|100%| E|CS|TAMS 0x000000008f900000, 0x000000008f900000| Complete 
| 250|0x000000008fa00000, 0x000000008fb00000, 0x000000008fb00000|100%| E|CS|TAMS 0x000000008fa00000, 0x000000008fa00000| Complete 
| 251|0x000000008fb00000, 0x000000008fc00000, 0x000000008fc00000|100%| E|CS|TAMS 0x000000008fb00000, 0x000000008fb00000| Complete 

Card table byte_map: [0x000001c33c5c0000,0x000001c33c9c0000] _byte_map_base: 0x000001c33c1c0000

Marking Bits (Prev, Next): (CMBitMap*) 0x000001c3255a6e30, (CMBitMap*) 0x000001c3255a6df8
 Prev Bits: [0x000001c33edc0000, 0x000001c340dc0000)
 Next Bits: [0x000001c33cdc0000, 0x000001c33edc0000)

Polling page: 0x000001c3234d0000

Metaspace:

Usage:
  Non-class:     56.81 MB capacity,    55.09 MB ( 97%) used,     1.47 MB (  3%) free+waste,   251.75 KB ( <1%) overhead. 
      Class:      9.15 MB capacity,     8.18 MB ( 89%) used,   869.91 KB (  9%) free+waste,   121.31 KB (  1%) overhead. 
       Both:     65.96 MB capacity,    63.28 MB ( 96%) used,     2.31 MB (  4%) free+waste,   373.06 KB ( <1%) overhead. 

Virtual space:
  Non-class space:       58.00 MB reserved,      57.00 MB ( 98%) committed 
      Class space:        1.00 GB reserved,       9.21 MB ( <1%) committed 
             Both:        1.06 GB reserved,      66.20 MB (  6%) committed 

Chunk freelists:
   Non-Class:  384 bytes
       Class:  0 bytes
        Both:  384 bytes

CodeHeap 'non-profiled nmethods': size=120000Kb used=5951Kb max_used=5951Kb free=114048Kb
 bounds [0x000001c334730000, 0x000001c334d00000, 0x000001c33bc60000]
CodeHeap 'profiled nmethods': size=120000Kb used=18973Kb max_used=18973Kb free=101026Kb
 bounds [0x000001c32d200000, 0x000001c32e490000, 0x000001c334730000]
CodeHeap 'non-nmethods': size=5760Kb used=2249Kb max_used=2316Kb free=3510Kb
 bounds [0x000001c32cc60000, 0x000001c32ced0000, 0x000001c32d200000]
 total_blobs=10005 nmethods=9183 adapters=733
 compilation: enabled
              stopped_count=0, restarted_count=0
 full_count=0

Compilation events (10 events):
Event: 14.394 Thread 0x000001c344318800 9204       3       org.gradle.api.internal.artifacts.ivyservice.resolveengine.graph.builder.NodeState::computeExclusionFilter (49 bytes)
Event: 14.395 Thread 0x000001c344318800 nmethod 9204 0x000001c32e47e810 code [0x000001c32e47ea00, 0x000001c32e47efb8]
Event: 14.395 Thread 0x000001c344318800 9205       3       org.gradle.internal.component.external.model.DefaultConfigurationMetadata::getDependencies (28 bytes)
Event: 14.395 Thread 0x000001c344318800 nmethod 9205 0x000001c32e47f190 code [0x000001c32e47f360, 0x000001c32e47f698]
Event: 14.397 Thread 0x000001c344318800 9210       3       org.gradle.api.internal.artifacts.ivyservice.resolveengine.ComponentResolversChain$ComponentMetaDataResolverChain::isFetchingMetadataCheap (46 bytes)
Event: 14.398 Thread 0x000001c344318800 nmethod 9210 0x000001c32e47f810 code [0x000001c32e47fa00, 0x000001c32e480018]
Event: 14.399 Thread 0x000001c344318800 9211       3       org.gradle.api.internal.artifacts.ivyservice.resolveengine.graph.builder.ModuleSelectors::getFirstDependencyArtifact (47 bytes)
Event: 14.399 Thread 0x000001c344318800 nmethod 9211 0x000001c32e480210 code [0x000001c32e480400, 0x000001c32e4809f8]
Event: 14.399 Thread 0x000001c344318800 9212       3       org.gradle.api.internal.artifacts.ivyservice.resolveengine.graph.builder.ComponentState::tryResolveVirtualPlatform (96 bytes)
Event: 14.400 Thread 0x000001c344318800 nmethod 9212 0x000001c32e480b90 code [0x000001c32e480e00, 0x000001c32e481988]

GC Heap History (10 events):
Event: 6.423 GC heap before
{Heap before GC invocations=7 (full 0):
 garbage-first heap   total 258048K, used 178329K [0x0000000080000000, 0x0000000100000000)
  region size 1024K, 151 young (154624K), 8 survivors (8192K)
 Metaspace       used 46749K, capacity 48256K, committed 48336K, reserved 1091584K
  class space    used 6030K, capacity 6588K, committed 6612K, reserved 1048576K
}
Event: 6.430 GC heap after
{Heap after GC invocations=8 (full 0):
 garbage-first heap   total 258048K, used 37175K [0x0000000080000000, 0x0000000100000000)
  region size 1024K, 17 young (17408K), 17 survivors (17408K)
 Metaspace       used 46749K, capacity 48256K, committed 48336K, reserved 1091584K
  class space    used 6030K, capacity 6588K, committed 6612K, reserved 1048576K
}
Event: 7.455 GC heap before
{Heap before GC invocations=8 (full 0):
 garbage-first heap   total 258048K, used 174391K [0x0000000080000000, 0x0000000100000000)
  region size 1024K, 151 young (154624K), 17 survivors (17408K)
 Metaspace       used 54053K, capacity 55959K, committed 56272K, reserved 1097728K
  class space    used 7127K, capacity 7815K, committed 7892K, reserved 1048576K
}
Event: 7.463 GC heap after
{Heap after GC invocations=9 (full 0):
 garbage-first heap   total 258048K, used 42492K [0x0000000080000000, 0x0000000100000000)
  region size 1024K, 16 young (16384K), 16 survivors (16384K)
 Metaspace       used 54053K, capacity 55959K, committed 56272K, reserved 1097728K
  class space    used 7127K, capacity 7815K, committed 7892K, reserved 1048576K
}
Event: 8.993 GC heap before
{Heap before GC invocations=9 (full 0):
 garbage-first heap   total 258048K, used 103932K [0x0000000080000000, 0x0000000100000000)
  region size 1024K, 76 young (77824K), 16 survivors (16384K)
 Metaspace       used 58167K, capacity 60394K, committed 60496K, reserved 1101824K
  class space    used 7687K, capacity 8473K, committed 8532K, reserved 1048576K
}
Event: 8.999 GC heap after
{Heap after GC invocations=10 (full 0):
 garbage-first heap   total 258048K, used 44707K [0x0000000080000000, 0x0000000100000000)
  region size 1024K, 9 young (9216K), 9 survivors (9216K)
 Metaspace       used 58167K, capacity 60394K, committed 60496K, reserved 1101824K
  class space    used 7687K, capacity 8473K, committed 8532K, reserved 1048576K
}
Event: 11.591 GC heap before
{Heap before GC invocations=11 (full 0):
 garbage-first heap   total 258048K, used 190115K [0x0000000080000000, 0x0000000100000000)
  region size 1024K, 151 young (154624K), 9 survivors (9216K)
 Metaspace       used 59986K, capacity 62264K, committed 62416K, reserved 1103872K
  class space    used 7822K, capacity 8653K, committed 8660K, reserved 1048576K
}
Event: 11.600 GC heap after
{Heap after GC invocations=12 (full 0):
 garbage-first heap   total 258048K, used 51601K [0x0000000080000000, 0x0000000100000000)
  region size 1024K, 15 young (15360K), 15 survivors (15360K)
 Metaspace       used 59986K, capacity 62264K, committed 62416K, reserved 1103872K
  class space    used 7822K, capacity 8653K, committed 8660K, reserved 1048576K
}
Event: 13.190 GC heap before
{Heap before GC invocations=12 (full 0):
 garbage-first heap   total 258048K, used 197009K [0x0000000080000000, 0x0000000100000000)
  region size 1024K, 151 young (154624K), 15 survivors (15360K)
 Metaspace       used 64094K, capacity 66780K, committed 67024K, reserved 1107968K
  class space    used 8344K, capacity 9322K, committed 9428K, reserved 1048576K
}
Event: 13.200 GC heap after
{Heap after GC invocations=13 (full 0):
 garbage-first heap   total 258048K, used 66873K [0x0000000080000000, 0x0000000100000000)
  region size 1024K, 19 young (19456K), 19 survivors (19456K)
 Metaspace       used 64094K, capacity 66780K, committed 67024K, reserved 1107968K
  class space    used 8344K, capacity 9322K, committed 9428K, reserved 1048576K
}

Deoptimization events (10 events):
Event: 13.502 Thread 0x000001c345a4f800 Uncommon trap: reason=bimorphic_or_optimized_type_check action=maybe_recompile pc=0x000001c334c2b498 method=com.google.common.cache.LocalCache$Segment.get(Ljava/lang/Object;I)Ljava/lang/Object; @ 44 c2
Event: 13.549 Thread 0x000001c3483e9800 Uncommon trap: reason=unstable_if action=reinterpret pc=0x000001c334adee8c method=com.esotericsoftware.kryo.io.Input.require(I)I @ 180 c2
Event: 14.000 Thread 0x000001c345a4f800 Uncommon trap: reason=class_check action=maybe_recompile pc=0x000001c334c2b224 method=com.google.common.cache.LocalCache$Segment.get(Ljava/lang/Object;I)Ljava/lang/Object; @ 49 c2
Event: 14.000 Thread 0x000001c345a4f800 Uncommon trap: reason=class_check action=maybe_recompile pc=0x000001c334c2b224 method=com.google.common.cache.LocalCache$Segment.get(Ljava/lang/Object;I)Ljava/lang/Object; @ 49 c2
Event: 14.000 Thread 0x000001c345a4f800 Uncommon trap: reason=class_check action=maybe_recompile pc=0x000001c334c2b224 method=com.google.common.cache.LocalCache$Segment.get(Ljava/lang/Object;I)Ljava/lang/Object; @ 49 c2
Event: 14.001 Thread 0x000001c345a4f800 Uncommon trap: reason=class_check action=maybe_recompile pc=0x000001c334c2b224 method=com.google.common.cache.LocalCache$Segment.get(Ljava/lang/Object;I)Ljava/lang/Object; @ 49 c2
Event: 14.032 Thread 0x000001c345a4f800 Uncommon trap: reason=class_check action=maybe_recompile pc=0x000001c33499f6fc method=java.util.stream.StreamOpFlag.fromCharacteristics(Ljava/util/Spliterator;)I @ 14 c2
Event: 14.063 Thread 0x000001c345a4f800 Uncommon trap: reason=loop_limit_check action=maybe_recompile pc=0x000001c334c530f4 method=org.antlr.v4.runtime.BufferedTokenStream.previousTokenOnChannel(II)I @ 22 c2
Event: 14.106 Thread 0x000001c345a4f800 Uncommon trap: reason=unstable_if action=reinterpret pc=0x000001c334c59690 method=com.google.common.collect.MapMakerInternalMap$Segment.getEntry(Ljava/lang/Object;I)Lcom/google/common/collect/MapMakerInternalMap$InternalEntry; @ 40 c2
Event: 14.106 Thread 0x000001c345a4f800 Uncommon trap: reason=unstable_if action=reinterpret pc=0x000001c334b9f1a0 method=com.google.common.collect.MapMakerInternalMap$Segment.getEntry(Ljava/lang/Object;I)Lcom/google/common/collect/MapMakerInternalMap$InternalEntry; @ 40 c2

Classes redefined (0 events):
No events

Internal exceptions (10 events):
Event: 14.034 Thread 0x000001c345a4f800 Exception <a 'sun/nio/fs/WindowsException'{0x000000008cf42ed0}> (0x000000008cf42ed0) thrown at [./open/src/hotspot/share/prims/jni.cpp, line 611]
Event: 14.035 Thread 0x000001c345a4f800 Exception <a 'sun/nio/fs/WindowsException'{0x000000008cf446f0}> (0x000000008cf446f0) thrown at [./open/src/hotspot/share/prims/jni.cpp, line 611]
Event: 14.035 Thread 0x000001c345a4f800 Exception <a 'sun/nio/fs/WindowsException'{0x000000008cf45f10}> (0x000000008cf45f10) thrown at [./open/src/hotspot/share/prims/jni.cpp, line 611]
Event: 14.036 Thread 0x000001c345a4f800 Exception <a 'sun/nio/fs/WindowsException'{0x000000008cf47710}> (0x000000008cf47710) thrown at [./open/src/hotspot/share/prims/jni.cpp, line 611]
Event: 14.055 Thread 0x000001c345a4f800 Exception <a 'sun/nio/fs/WindowsException'{0x000000008cf85260}> (0x000000008cf85260) thrown at [./open/src/hotspot/share/prims/jni.cpp, line 611]
Event: 14.055 Thread 0x000001c345a4f800 Exception <a 'sun/nio/fs/WindowsException'{0x000000008cf85550}> (0x000000008cf85550) thrown at [./open/src/hotspot/share/prims/jni.cpp, line 611]
Event: 14.055 Thread 0x000001c345a4f800 Exception <a 'sun/nio/fs/WindowsException'{0x000000008cf87d50}> (0x000000008cf87d50) thrown at [./open/src/hotspot/share/prims/jni.cpp, line 611]
Event: 14.055 Thread 0x000001c345a4f800 Exception <a 'sun/nio/fs/WindowsException'{0x000000008cf88130}> (0x000000008cf88130) thrown at [./open/src/hotspot/share/prims/jni.cpp, line 611]
Event: 14.057 Thread 0x000001c345a4f800 Exception <a 'sun/nio/fs/WindowsException'{0x000000008cf8caa0}> (0x000000008cf8caa0) thrown at [./open/src/hotspot/share/prims/jni.cpp, line 611]
Event: 14.057 Thread 0x000001c345a4f800 Exception <a 'sun/nio/fs/WindowsException'{0x000000008cf8ce80}> (0x000000008cf8ce80) thrown at [./open/src/hotspot/share/prims/jni.cpp, line 611]

Events (10 events):
Event: 14.063 Thread 0x000001c345a4f800 DEOPT PACKING pc=0x000001c334c530f4 sp=0x0000004eb63fa8a0
Event: 14.063 Thread 0x000001c345a4f800 DEOPT UNPACKING pc=0x000001c32cc683af sp=0x0000004eb63fa7f0 mode 2
Event: 14.106 Thread 0x000001c345a4f800 Uncommon trap: trap_request=0xffffff4d fr.pc=0x000001c334c59690 relative=0x00000000000021b0
Event: 14.106 Thread 0x000001c345a4f800 DEOPT PACKING pc=0x000001c334c59690 sp=0x0000004eb63f7e90
Event: 14.106 Thread 0x000001c345a4f800 DEOPT UNPACKING pc=0x000001c32cc683af sp=0x0000004eb63f7da8 mode 2
Event: 14.106 Thread 0x000001c345a4f800 Uncommon trap: trap_request=0xffffff4d fr.pc=0x000001c334b9f1a0 relative=0x00000000000003c0
Event: 14.106 Thread 0x000001c345a4f800 DEOPT PACKING pc=0x000001c334b9f1a0 sp=0x0000004eb63f7db0
Event: 14.106 Thread 0x000001c345a4f800 DEOPT UNPACKING pc=0x000001c32cc683af sp=0x0000004eb63f7d90 mode 2
Event: 14.232 Executing VM operation: ICBufferFull
Event: 14.232 Executing VM operation: ICBufferFull done


Dynamic libraries:
0x00007ff7a3cc0000 - 0x00007ff7a3cd0000 	C:\Program Files\Java\jdk-11\bin\java.exe
0x00007ffa24b10000 - 0x00007ffa24d27000 	C:\Windows\SYSTEM32\ntdll.dll
0x00007ffa23410000 - 0x00007ffa234d4000 	C:\Windows\System32\KERNEL32.DLL
0x00007ffa21c00000 - 0x00007ffa21fd3000 	C:\Windows\System32\KERNELBASE.dll
0x00007ffa22530000 - 0x00007ffa22641000 	C:\Windows\System32\ucrtbase.dll
0x00007ffa0fe70000 - 0x00007ffa0fe8b000 	C:\Program Files\Java\jdk-11\bin\VCRUNTIME140.dll
0x00007ffa06030000 - 0x00007ffa06049000 	C:\Program Files\Java\jdk-11\bin\jli.dll
0x00007ffa23140000 - 0x00007ffa231f1000 	C:\Windows\System32\ADVAPI32.dll
0x00007ffa24160000 - 0x00007ffa24207000 	C:\Windows\System32\msvcrt.dll
0x00007ffa22f20000 - 0x00007ffa22fc7000 	C:\Windows\System32\sechost.dll
0x00007ffa21fe0000 - 0x00007ffa22008000 	C:\Windows\System32\bcrypt.dll
0x00007ffa24040000 - 0x00007ffa24154000 	C:\Windows\System32\RPCRT4.dll
0x00007ffa23730000 - 0x00007ffa238e1000 	C:\Windows\System32\USER32.dll
0x00007ffa22650000 - 0x00007ffa22676000 	C:\Windows\System32\win32u.dll
0x00007ffa05650000 - 0x00007ffa058eb000 	C:\Windows\WinSxS\amd64_microsoft.windows.common-controls_6595b64144ccf1df_6.0.22621.5262_none_2712bde373830908\COMCTL32.dll
0x00007ffa227a0000 - 0x00007ffa227c9000 	C:\Windows\System32\GDI32.dll
0x00007ffa22150000 - 0x00007ffa22272000 	C:\Windows\System32\gdi32full.dll
0x00007ffa22680000 - 0x00007ffa2271a000 	C:\Windows\System32\msvcp_win.dll
0x00007ffa1a450000 - 0x00007ffa1a45a000 	C:\Windows\SYSTEM32\VERSION.dll
0x00007ffa233d0000 - 0x00007ffa23401000 	C:\Windows\System32\IMM32.DLL
0x00007ffa178e0000 - 0x00007ffa178ec000 	C:\Program Files\Java\jdk-11\bin\vcruntime140_1.dll
0x00007ff9ef820000 - 0x00007ff9ef8ae000 	C:\Program Files\Java\jdk-11\bin\msvcp140.dll
0x00007ff9952e0000 - 0x00007ff995e43000 	C:\Program Files\Java\jdk-11\bin\server\jvm.dll
0x00007ffa22e80000 - 0x00007ffa22e88000 	C:\Windows\System32\PSAPI.DLL
0x00007ffa1a960000 - 0x00007ffa1a994000 	C:\Windows\SYSTEM32\WINMM.dll
0x00007ff9ea930000 - 0x00007ff9ea939000 	C:\Windows\SYSTEM32\WSOCK32.dll
0x00007ffa234e0000 - 0x00007ffa23551000 	C:\Windows\System32\WS2_32.dll
0x00007ffa20d10000 - 0x00007ffa20d28000 	C:\Windows\SYSTEM32\kernel.appcore.dll
0x00007ffa13c00000 - 0x00007ffa13c10000 	C:\Program Files\Java\jdk-11\bin\verify.dll
0x00007ffa1f600000 - 0x00007ffa1f832000 	C:\Windows\SYSTEM32\DBGHELP.DLL
0x00007ffa23ca0000 - 0x00007ffa24033000 	C:\Windows\System32\combase.dll
0x00007ffa23060000 - 0x00007ffa23137000 	C:\Windows\System32\OLEAUT32.dll
0x00007ffa06fb0000 - 0x00007ffa06fe2000 	C:\Windows\SYSTEM32\dbgcore.DLL
0x00007ffa22720000 - 0x00007ffa2279b000 	C:\Windows\System32\bcryptPrimitives.dll
0x00007ff9f3410000 - 0x00007ff9f3438000 	C:\Program Files\Java\jdk-11\bin\java.dll
0x00007ffa13640000 - 0x00007ffa1364a000 	C:\Program Files\Java\jdk-11\bin\jimage.dll
0x00007ffa135b0000 - 0x00007ffa135be000 	C:\Program Files\Java\jdk-11\bin\instrument.dll
0x00007ffa06010000 - 0x00007ffa06027000 	C:\Program Files\Java\jdk-11\bin\zip.dll
0x00007ffa24230000 - 0x00007ffa24acd000 	C:\Windows\System32\SHELL32.dll
0x00007ffa22010000 - 0x00007ffa2214f000 	C:\Windows\System32\wintypes.dll
0x00007ffa1fb00000 - 0x00007ffa2041d000 	C:\Windows\SYSTEM32\windows.storage.dll
0x00007ffa228f0000 - 0x00007ffa229fb000 	C:\Windows\System32\SHCORE.dll
0x00007ffa22fd0000 - 0x00007ffa23036000 	C:\Windows\System32\shlwapi.dll
0x00007ffa21b30000 - 0x00007ffa21b5b000 	C:\Windows\SYSTEM32\profapi.dll
0x00007ff9f4e80000 - 0x00007ff9f4e99000 	C:\Program Files\Java\jdk-11\bin\net.dll
0x00007ffa1bf20000 - 0x00007ffa1c04c000 	C:\Windows\SYSTEM32\WINHTTP.dll
0x00007ffa211b0000 - 0x00007ffa2121a000 	C:\Windows\system32\mswsock.dll
0x00007ff9f34c0000 - 0x00007ff9f34d2000 	C:\Program Files\Java\jdk-11\bin\nio.dll
0x00007ffa13660000 - 0x00007ffa13687000 	C:\Users\amali\.gradle\native\c067742578af261105cb4f569cf0c3c89f3d7b1fecec35dd04571415982c5e48\windows-amd64\native-platform.dll
0x00007ff9d53f0000 - 0x00007ff9d5534000 	C:\Users\amali\.gradle\native\100fb08df4bc3b14c8652ba06237920a3bd2aa13389f12d3474272988ae205f9\windows-amd64\native-platform-file-events.dll
0x00007ffa12ad0000 - 0x00007ffa12ad9000 	C:\Program Files\Java\jdk-11\bin\management.dll
0x00007ffa0fed0000 - 0x00007ffa0fedb000 	C:\Program Files\Java\jdk-11\bin\management_ext.dll
0x00007ffa21410000 - 0x00007ffa2142b000 	C:\Windows\SYSTEM32\CRYPTSP.dll
0x00007ffa20c70000 - 0x00007ffa20ca7000 	C:\Windows\system32\rsaenh.dll
0x00007ffa212a0000 - 0x00007ffa212c8000 	C:\Windows\SYSTEM32\USERENV.dll
0x00007ffa21400000 - 0x00007ffa2140c000 	C:\Windows\SYSTEM32\CRYPTBASE.dll
0x00007ffa20670000 - 0x00007ffa2069d000 	C:\Windows\SYSTEM32\IPHLPAPI.DLL
0x00007ffa228e0000 - 0x00007ffa228e9000 	C:\Windows\System32\NSI.dll
0x00007ffa1b020000 - 0x00007ffa1b039000 	C:\Windows\SYSTEM32\dhcpcsvc6.DLL
0x00007ffa1af10000 - 0x00007ffa1af2f000 	C:\Windows\SYSTEM32\dhcpcsvc.DLL
0x00007ffa206a0000 - 0x00007ffa20798000 	C:\Windows\SYSTEM32\DNSAPI.dll

dbghelp: loaded successfully - version: 4.0.5 - missing functions: none
symbol engine: initialized successfully - sym options: 0x614 - pdb path: .;C:\Program Files\Java\jdk-11\bin;C:\Windows\SYSTEM32;C:\Windows\WinSxS\amd64_microsoft.windows.common-controls_6595b64144ccf1df_6.0.22621.5262_none_2712bde373830908;C:\Program Files\Java\jdk-11\bin\server;C:\Users\amali\.gradle\native\c067742578af261105cb4f569cf0c3c89f3d7b1fecec35dd04571415982c5e48\windows-amd64;C:\Users\amali\.gradle\native\100fb08df4bc3b14c8652ba06237920a3bd2aa13389f12d3474272988ae205f9\windows-amd64

VM Arguments:
jvm_args: --add-opens=java.base/java.util=ALL-UNNAMED --add-opens=java.base/java.lang=ALL-UNNAMED --add-opens=java.base/java.lang.invoke=ALL-UNNAMED --add-opens=java.prefs/java.util.prefs=ALL-UNNAMED --add-exports=jdk.compiler/com.sun.tools.javac.api=ALL-UNNAMED --add-exports=jdk.compiler/com.sun.tools.javac.util=ALL-UNNAMED --add-opens=java.base/java.nio.charset=ALL-UNNAMED --add-opens=java.base/java.net=ALL-UNNAMED --add-opens=java.base/java.util.concurrent.atomic=ALL-UNNAMED -Xmx2048m -Dfile.encoding=UTF-8 -Duser.country=US -Duser.language=en -Duser.variant -javaagent:C:\Users\amali\.gradle\wrapper\dists\gradle-8.9-bin\90cnw93cvbtalezasaz0blq0a\gradle-8.9\lib\agents\gradle-instrumentation-agent-8.9.jar 
java_command: org.gradle.launcher.daemon.bootstrap.GradleDaemon 8.9
java_class_path (initial): C:\Users\amali\.gradle\wrapper\dists\gradle-8.9-bin\90cnw93cvbtalezasaz0blq0a\gradle-8.9\lib\gradle-daemon-main-8.9.jar
Launcher Type: SUN_STANDARD

[Global flags]
     intx CICompilerCount                          = 4                                         {product} {ergonomic}
     uint ConcGCThreads                            = 3                                         {product} {ergonomic}
     uint G1ConcRefinementThreads                  = 10                                        {product} {ergonomic}
   size_t G1HeapRegionSize                         = 1048576                                   {product} {ergonomic}
    uintx GCDrainStackTargetSize                   = 64                                        {product} {ergonomic}
   size_t InitialHeapSize                          = 264241152                                 {product} {ergonomic}
   size_t MarkStackSize                            = 4194304                                   {product} {ergonomic}
   size_t MaxHeapSize                              = 2147483648                                {product} {command line}
   size_t MaxNewSize                               = 1287651328                                {product} {ergonomic}
   size_t MinHeapDeltaBytes                        = 1048576                                   {product} {ergonomic}
    uintx NonNMethodCodeHeapSize                   = 5836300                                {pd product} {ergonomic}
    uintx NonProfiledCodeHeapSize                  = 122910970                              {pd product} {ergonomic}
    uintx ProfiledCodeHeapSize                     = 122910970                              {pd product} {ergonomic}
    uintx ReservedCodeCacheSize                    = 251658240                              {pd product} {ergonomic}
     bool SegmentedCodeCache                       = true                                      {product} {ergonomic}
     bool UseCompressedClassPointers               = true                                 {lp64_product} {ergonomic}
     bool UseCompressedOops                        = true                                 {lp64_product} {ergonomic}
     bool UseG1GC                                  = true                                      {product} {ergonomic}
     bool UseLargePagesIndividualAllocation        = false                                  {pd product} {ergonomic}

Logging:
Log output configuration:
 #0: stdout all=warning uptime,level,tags
 #1: stderr all=off uptime,level,tags

Environment Variables:
JAVA_HOME=C:\Program Files\Java\jdk-11
PATH=C:\Windows\system32;C:\Windows;C:\Windows\System32\Wbem;C:\Windows\System32\WindowsPowerShell\v1.0\;C:\Windows\System32\OpenSSH\;C:\Program Files (x86)\NVIDIA Corporation\PhysX\Common;C:\Program Files\NVIDIA Corporation\NVIDIA NvDLISR;D:\MinGW\bin;E:\PHP;D:\publish\Git\cmd;C:\Program Files\nodejs\;C:\ProgramData\ComposerSetup\bin;C:\Program Files\7-Zip\;C:\Program Files (x86)\Windows Kits\10\Windows Performance Toolkit\;C:\Program Files\dotnet\;C:\Program Files\Java\jdk-11\bin;E:\install\hadoop-3.4.1\bin;E:\install\hadoop-3.4.1\Sbin;E:\Sparkk\spark-3.5.5\bin;C:\Users\amali\AppData\Local\Programs\Python\Python311\;C:\Users\amali\AppData\Local\Programs\Python\Python311\Scripts\;E:\SEM-4\google-cloud-sdk\bin;C:\Users\amali\.console-ninja\.bin;C:\Users\amali\AppData\Local\Programs\Python\Python311\Scripts\;C:\Users\amali\AppData\Local\Programs\Python\Python311\;C:\Users\amali\AppData\Local\Microsoft\WindowsApps;C:\Users\amali\AppData\Local\JetBrains\IntelliJ IDEA 2023.2.5\bin;;C:\Users\amali\Downloads\CODINGANKU\IntelliJ IDEA Community Edition 2023.3.2\bin;;D:\Microsoft VS Code\bin;C:\Users\amali\Downloads\jdk-21_windows-x64_bin\jdk-21.0.1\bin;C:\Users\amali\AppData\Roaming\npm;C:\Users\amali\AppData\Roaming\Composer\vendor\bin;E:\SEM-4\BIGDATA
USERNAME=ASUS
OS=Windows_NT
PROCESSOR_IDENTIFIER=Intel64 Family 6 Model 141 Stepping 1, GenuineIntel



---------------  S Y S T E M  ---------------

OS: Windows 11 , 64 bit Build 22621 (10.0.22621.5262)
Hyper-V role detected

CPU:total 12 (initial active 12) (6 cores per cpu, 2 threads per core) family 6 model 141 stepping 1 microcode 0x34, cmov, cx8, fxsr, mmx, sse, sse2, sse3, ssse3, sse4.1, sse4.2, popcnt, avx, avx2, aes, clmul, erms, 3dnowpref, lzcnt, ht, tsc, tscinvbit, bmi1, bmi2, adx, evex, sha, fma

Memory: 4k page, system-wide physical 16122M (1858M free)
TotalPageFile size 19861M (AvailPageFile size 5M)
current process WorkingSet (physical memory assigned to process): 448M, peak: 452M
current process commit charge ("private bytes"): 532M, peak: 537M

vm_info: Java HotSpot(TM) 64-Bit Server VM (11.0.25+9-LTS-256) for windows-amd64 JRE (11.0.25+9-LTS-256), built on Sep 30 2024 06:30:20 by "mach5one" with MS VC++ 17.6 (VS2022)

END.
