#
# There is insufficient memory for the Java Runtime Environment to continue.
# Native memory allocation (malloc) failed to allocate 336016 bytes. Error detail: Chunk::new
# Possible reasons:
#   The system is out of physical RAM or swap space
#   This process is running with CompressedOops enabled, and the Java Heap may be blocking the growth of the native heap
# Possible solutions:
#   Reduce memory load on the system
#   Increase physical memory or swap space
#   Check if swap backing store is full
#   Decrease Java heap size (-Xmx/-Xms)
#   Decrease number of Java threads
#   Decrease Java thread stack sizes (-Xss)
#   Set larger code cache with -XX:ReservedCodeCacheSize=
#   JVM is running with Unscaled Compressed Oops mode in which the Java heap is
#     placed in the first 4GB address space. The Java Heap base address is the
#     maximum limit for the native heap growth. Please use -XX:HeapBaseMinAddress
#     to set the Java Heap base and to place the Java Heap above 4GB virtual address.
# This output file may be truncated or incomplete.
#
#  Out of Memory Error (arena.cpp:168), pid=12400, tid=23852
#
# JRE version: OpenJDK Runtime Environment Temurin-21.0.7+6 (21.0.7+6) (build 21.0.7+6-LTS)
# Java VM: OpenJDK 64-Bit Server VM Temurin-21.0.7+6 (21.0.7+6-LTS, mixed mode, sharing, tiered, compressed oops, compressed class ptrs, parallel gc, windows-amd64)
# No core dump will be written. Minidumps are not enabled by default on client versions of Windows
#

---------------  S U M M A R Y ------------

Command Line: --add-modules=ALL-SYSTEM --add-opens=java.base/java.util=ALL-UNNAMED --add-opens=java.base/java.lang=ALL-UNNAMED --add-opens=java.base/sun.nio.fs=ALL-UNNAMED -Declipse.application=org.eclipse.jdt.ls.core.id1 -Dosgi.bundles.defaultStartLevel=4 -Declipse.product=org.eclipse.jdt.ls.core.product -Djava.import.generatesMetadataFilesAtProjectRoot=false -DDetectVMInstallationsJob.disabled=true -Dfile.encoding=utf8 -XX:+UseParallelGC -XX:GCTimeRatio=4 -XX:AdaptiveSizePolicyWeight=90 -Dsun.zip.disableMemoryMapping=true -Xmx1G -Xms100m -Xlog:disable -javaagent:c:\Users\amali\.vscode\extensions\redhat.java-1.42.0-win32-x64\lombok\lombok-1.18.36.jar -XX:+HeapDumpOnOutOfMemoryError -XX:HeapDumpPath=c:\Users\amali\AppData\Roaming\Code\User\workspaceStorage\621ac69656a54d5ddde419feff2a7c8e\redhat.java -Daether.dependencyCollector.impl=bf c:\Users\amali\.vscode\extensions\redhat.java-1.42.0-win32-x64\server\plugins\org.eclipse.equinox.launcher_1.7.0.v20250424-1814.jar -configuration c:\Users\amali\AppData\Roaming\Code\User\globalStorage\redhat.java\1.42.0\config_win -data c:\Users\amali\AppData\Roaming\Code\User\workspaceStorage\621ac69656a54d5ddde419feff2a7c8e\redhat.java\jdt_ws --pipe=\\.\pipe\lsp-a125c3aef52d6a53a2eeaa654a41cab0-sock

Host: 11th Gen Intel(R) Core(TM) i5-11400H @ 2.70GHz, 12 cores, 15G,  Windows 11 , 64 bit Build 22621 (10.0.22621.5262)
Time: Sun Jun  8 22:04:23 2025 Malay Peninsula Standard Time elapsed time: 1.445029 seconds (0d 0h 0m 1s)

---------------  T H R E A D  ---------------

Current thread (0x000002135d6a1880):  JavaThread "C2 CompilerThread2" daemon [_thread_in_native, id=23852, stack(0x0000003a37e00000,0x0000003a37f00000) (1024K)]


Current CompileTask:
C2:1445 1778       4       java.io.WinNTFileSystem::normalize (143 bytes)

Stack: [0x0000003a37e00000,0x0000003a37f00000]
Native frames: (J=compiled Java code, j=interpreted, Vv=VM code, C=native code)
V  [jvm.dll+0x6ce119]
V  [jvm.dll+0x8a84a1]
V  [jvm.dll+0x8aa9ce]
V  [jvm.dll+0x8ab0b3]
V  [jvm.dll+0x27f8a6]
V  [jvm.dll+0xc507d]
V  [jvm.dll+0xc55b3]
V  [jvm.dll+0x3b68f2]
V  [jvm.dll+0x382aa5]
V  [jvm.dll+0x381f0a]
V  [jvm.dll+0x247af0]
V  [jvm.dll+0x2470cf]
V  [jvm.dll+0x1c760e]
V  [jvm.dll+0x25695a]
V  [jvm.dll+0x254efa]
V  [jvm.dll+0x3f03f6]
V  [jvm.dll+0x851f6b]
V  [jvm.dll+0x6cc7dd]
C  [ucrtbase.dll+0x29333]
C  [KERNEL32.DLL+0x1259d]
C  [ntdll.dll+0x5af58]


---------------  P R O C E S S  ---------------

Threads class SMR info:
_java_thread_list=0x00000213628bf8a0, length=14, elements={
0x00000213470219a0, 0x000002135d4144b0, 0x000002135b40b960, 0x000002135b40d880,
0x000002135d418950, 0x000002135d416530, 0x000002135d417180, 0x000002135d41c080,
0x000002135d420a60, 0x000002135d508a40, 0x000002135d60d5d0, 0x000002135d74f220,
0x000002135d6a1880, 0x0000021362684d50
}

Java Threads: ( => current thread )
  0x00000213470219a0 JavaThread "main"                              [_thread_in_native, id=15468, stack(0x0000003a36f00000,0x0000003a37000000) (1024K)]
  0x000002135d4144b0 JavaThread "Reference Handler"          daemon [_thread_blocked, id=22504, stack(0x0000003a37300000,0x0000003a37400000) (1024K)]
  0x000002135b40b960 JavaThread "Finalizer"                  daemon [_thread_blocked, id=15548, stack(0x0000003a37400000,0x0000003a37500000) (1024K)]
  0x000002135b40d880 JavaThread "Signal Dispatcher"          daemon [_thread_blocked, id=5704, stack(0x0000003a37500000,0x0000003a37600000) (1024K)]
  0x000002135d418950 JavaThread "Attach Listener"            daemon [_thread_blocked, id=17668, stack(0x0000003a37600000,0x0000003a37700000) (1024K)]
  0x000002135d416530 JavaThread "Service Thread"             daemon [_thread_blocked, id=8256, stack(0x0000003a37700000,0x0000003a37800000) (1024K)]
  0x000002135d417180 JavaThread "Monitor Deflation Thread"   daemon [_thread_blocked, id=27568, stack(0x0000003a37800000,0x0000003a37900000) (1024K)]
  0x000002135d41c080 JavaThread "C2 CompilerThread0"         daemon [_thread_in_native, id=3900, stack(0x0000003a37900000,0x0000003a37a00000) (1024K)]
  0x000002135d420a60 JavaThread "C1 CompilerThread0"         daemon [_thread_blocked, id=18168, stack(0x0000003a37a00000,0x0000003a37b00000) (1024K)]
  0x000002135d508a40 JavaThread "Common-Cleaner"             daemon [_thread_blocked, id=11148, stack(0x0000003a37b00000,0x0000003a37c00000) (1024K)]
  0x000002135d60d5d0 JavaThread "C2 CompilerThread1"         daemon [_thread_blocked, id=22192, stack(0x0000003a37c00000,0x0000003a37d00000) (1024K)]
  0x000002135d74f220 JavaThread "Notification Thread"        daemon [_thread_blocked, id=14476, stack(0x0000003a37d00000,0x0000003a37e00000) (1024K)]
=>0x000002135d6a1880 JavaThread "C2 CompilerThread2"         daemon [_thread_in_native, id=23852, stack(0x0000003a37e00000,0x0000003a37f00000) (1024K)]
  0x0000021362684d50 JavaThread "Active Thread: Equinox Container: 3e13f9b5-202a-4bec-b0cb-49328ec15a31"        [_thread_blocked, id=28104, stack(0x0000003a38500000,0x0000003a38600000) (1024K)]
Total: 14

Other Threads:
  0x00000213470debe0 VMThread "VM Thread"                           [id=29156, stack(0x0000003a37200000,0x0000003a37300000) (1024K)]
  0x000002134708d5b0 WatcherThread "VM Periodic Task Thread"        [id=18288, stack(0x0000003a37100000,0x0000003a37200000) (1024K)]
  0x0000021347040e90 WorkerThread "GC Thread#0"                     [id=24184, stack(0x0000003a37000000,0x0000003a37100000) (1024K)]
  0x00000213624db620 WorkerThread "GC Thread#1"                     [id=10324, stack(0x0000003a37f00000,0x0000003a38000000) (1024K)]
  0x000002136205fff0 WorkerThread "GC Thread#2"                     [id=25628, stack(0x0000003a38000000,0x0000003a38100000) (1024K)]
  0x0000021362060390 WorkerThread "GC Thread#3"                     [id=27128, stack(0x0000003a38100000,0x0000003a38200000) (1024K)]
  0x0000021362060730 WorkerThread "GC Thread#4"                     [id=9528, stack(0x0000003a38200000,0x0000003a38300000) (1024K)]
  0x0000021362060ad0 WorkerThread "GC Thread#5"                     [id=11764, stack(0x0000003a38300000,0x0000003a38400000) (1024K)]
  0x0000021362060e70 WorkerThread "GC Thread#6"                     [id=25560, stack(0x0000003a38400000,0x0000003a38500000) (1024K)]
Total: 9

Threads with active compile tasks:
C2 CompilerThread0  1457 1800       4       java.io.WinNTFileSystem::normalize (224 bytes)
C2 CompilerThread2  1457 1778       4       java.io.WinNTFileSystem::normalize (143 bytes)
Total: 2

VM state: not at safepoint (normal execution)

VM Mutex/Monitor currently owned by a thread: None

Heap address: 0x00000000c0000000, size: 1024 MB, Compressed Oops mode: 32-bit

CDS archive(s) mapped at: [0x0000021300000000-0x0000021300ba0000-0x0000021300ba0000), size 12189696, SharedBaseAddress: 0x0000021300000000, ArchiveRelocationMode: 1.
Compressed class space mapped at: 0x0000021301000000-0x0000021341000000, reserved size: 1073741824
Narrow klass base: 0x0000021300000000, Narrow klass shift: 0, Narrow klass range: 0x100000000

GC Precious Log:
 CardTable entry size: 512
 CPUs: 12 total, 12 available
 Memory: 16122M
 Large Page Support: Disabled
 NUMA Support: Disabled
 Compressed Oops: Enabled (32-bit)
 Alignments: Space 512K, Generation 512K, Heap 2M
 Heap Min Capacity: 100M
 Heap Initial Capacity: 100M
 Heap Max Capacity: 1G
 Pre-touch: Disabled
 Parallel Workers: 10

Heap:
 PSYoungGen      total 29696K, used 28404K [0x00000000eab00000, 0x00000000ecc00000, 0x0000000100000000)
  eden space 25600K, 98% used [0x00000000eab00000,0x00000000ec387828,0x00000000ec400000)
  from space 4096K, 80% used [0x00000000ec400000,0x00000000ec735880,0x00000000ec800000)
  to   space 4096K, 0% used [0x00000000ec800000,0x00000000ec800000,0x00000000ecc00000)
 ParOldGen       total 68608K, used 16K [0x00000000c0000000, 0x00000000c4300000, 0x00000000eab00000)
  object space 68608K, 0% used [0x00000000c0000000,0x00000000c0004000,0x00000000c4300000)
 Metaspace       used 8007K, committed 8320K, reserved 1114112K
  class space    used 805K, committed 960K, reserved 1048576K

Card table byte_map: [0x00000213469c0000,0x0000021346bd0000] _byte_map_base: 0x00000213463c0000

Marking Bits: (ParMarkBitMap*) 0x00007ffc175e31f0
 Begin Bits: [0x0000021359210000, 0x000002135a210000)
 End Bits:   [0x000002135a210000, 0x000002135b210000)

Polling page: 0x0000021344e30000

Metaspace:

Usage:
  Non-class:      7.03 MB used.
      Class:    805.01 KB used.
       Both:      7.82 MB used.

Virtual space:
  Non-class space:       64.00 MB reserved,       7.19 MB ( 11%) committed,  1 nodes.
      Class space:        1.00 GB reserved,     960.00 KB ( <1%) committed,  1 nodes.
             Both:        1.06 GB reserved,       8.12 MB ( <1%) committed. 

Chunk freelists:
   Non-Class:  8.81 MB
       Class:  14.91 MB
        Both:  23.72 MB

MaxMetaspaceSize: unlimited
CompressedClassSpaceSize: 1.00 GB
Initial GC threshold: 21.00 MB
Current GC threshold: 21.00 MB
CDS: on
 - commit_granule_bytes: 65536.
 - commit_granule_words: 8192.
 - virtual_space_node_default_size: 8388608.
 - enlarge_chunks_in_place: 1.
 - use_allocation_guard: 0.


Internal statistics:

num_allocs_failed_limit: 0.
num_arena_births: 256.
num_arena_deaths: 0.
num_vsnodes_births: 2.
num_vsnodes_deaths: 0.
num_space_committed: 130.
num_space_uncommitted: 0.
num_chunks_returned_to_freelist: 0.
num_chunks_taken_from_freelist: 427.
num_chunk_merges: 0.
num_chunk_splits: 292.
num_chunks_enlarged: 200.
num_inconsistent_stats: 0.

CodeHeap 'non-profiled nmethods': size=120000Kb used=787Kb max_used=787Kb free=119212Kb
 bounds [0x0000021351ce0000, 0x0000021351f50000, 0x0000021359210000]
CodeHeap 'profiled nmethods': size=120000Kb used=3235Kb max_used=3235Kb free=116764Kb
 bounds [0x000002134a210000, 0x000002134a540000, 0x0000021351740000]
CodeHeap 'non-nmethods': size=5760Kb used=1227Kb max_used=1253Kb free=4532Kb
 bounds [0x0000021351740000, 0x00000213519b0000, 0x0000021351ce0000]
 total_blobs=2279 nmethods=1795 adapters=391
 compilation: enabled
              stopped_count=0, restarted_count=0
 full_count=0

Compilation events (20 events):
Event: 1.428 Thread 0x000002135d420a60 nmethod 1782 0x000002134a525890 code [0x000002134a525a40, 0x000002134a525b90]
Event: 1.428 Thread 0x000002135d420a60 1783       3       java.io.WinNTFileSystem::isAbsolute (36 bytes)
Event: 1.429 Thread 0x000002135d420a60 nmethod 1783 0x000002134a525c10 code [0x000002134a525e20, 0x000002134a5264b0]
Event: 1.429 Thread 0x000002135d420a60 1784       3       java.lang.ThreadLocal::get (35 bytes)
Event: 1.430 Thread 0x000002135d420a60 nmethod 1784 0x000002134a526790 code [0x000002134a526960, 0x000002134a526c68]
Event: 1.431 Thread 0x000002135d60d5d0 1785       4       sun.nio.fs.WindowsPathParser::isInvalidPathChar (22 bytes)
Event: 1.432 Thread 0x000002135d60d5d0 nmethod 1785 0x0000021351da1790 code [0x0000021351da1920, 0x0000021351da1ad8]
Event: 1.432 Thread 0x000002135d60d5d0 1786       4       java.lang.StringBuilder::append (8 bytes)
Event: 1.433 Thread 0x000002135d420a60 1787       3       sun.net.util.IPAddressUtil::scan (62 bytes)
Event: 1.434 Thread 0x000002135d420a60 nmethod 1787 0x000002134a526e10 code [0x000002134a527060, 0x000002134a527920]
Event: 1.434 Thread 0x000002135d420a60 1788       3       sun.net.util.IPAddressUtil::checkUserInfo (44 bytes)
Event: 1.435 Thread 0x000002135d420a60 nmethod 1788 0x000002134a527d10 code [0x000002134a527fa0, 0x000002134a5289e8]
Event: 1.436 Thread 0x000002135d420a60 1789       3       java.net.URL::<init> (438 bytes)
Event: 1.439 Thread 0x000002135d60d5d0 nmethod 1786 0x0000021351da1c90 code [0x0000021351da1e80, 0x0000021351da2578]
Event: 1.440 Thread 0x000002135d420a60 nmethod 1789 0x000002134a528e90 code [0x000002134a529560, 0x000002134a52c8d8]
Event: 1.440 Thread 0x000002135d420a60 1790       3       java.io.File::exists (34 bytes)
Event: 1.441 Thread 0x000002135d420a60 nmethod 1790 0x000002134a52dd10 code [0x000002134a52df00, 0x000002134a52e308]
Event: 1.441 Thread 0x000002135d420a60 1791       3       java.util.Collections::emptyIterator (4 bytes)
Event: 1.441 Thread 0x000002135d420a60 nmethod 1791 0x000002134a52e490 code [0x000002134a52e620, 0x000002134a52e718]
Event: 1.444 Thread 0x000002135d420a60 1792       3       java.io.File::slashify (84 bytes)

GC Heap History (2 events):
Event: 0.932 GC heap before
{Heap before GC invocations=1 (full 0):
 PSYoungGen      total 29696K, used 25600K [0x00000000eab00000, 0x00000000ecc00000, 0x0000000100000000)
  eden space 25600K, 100% used [0x00000000eab00000,0x00000000ec400000,0x00000000ec400000)
  from space 4096K, 0% used [0x00000000ec800000,0x00000000ec800000,0x00000000ecc00000)
  to   space 4096K, 0% used [0x00000000ec400000,0x00000000ec400000,0x00000000ec800000)
 ParOldGen       total 68608K, used 0K [0x00000000c0000000, 0x00000000c4300000, 0x00000000eab00000)
  object space 68608K, 0% used [0x00000000c0000000,0x00000000c0000000,0x00000000c4300000)
 Metaspace       used 4338K, committed 4608K, reserved 1114112K
  class space    used 458K, committed 576K, reserved 1048576K
}
Event: 0.941 GC heap after
{Heap after GC invocations=1 (full 0):
 PSYoungGen      total 29696K, used 3286K [0x00000000eab00000, 0x00000000ecc00000, 0x0000000100000000)
  eden space 25600K, 0% used [0x00000000eab00000,0x00000000eab00000,0x00000000ec400000)
  from space 4096K, 80% used [0x00000000ec400000,0x00000000ec735880,0x00000000ec800000)
  to   space 4096K, 0% used [0x00000000ec800000,0x00000000ec800000,0x00000000ecc00000)
 ParOldGen       total 68608K, used 16K [0x00000000c0000000, 0x00000000c4300000, 0x00000000eab00000)
  object space 68608K, 0% used [0x00000000c0000000,0x00000000c0004000,0x00000000c4300000)
 Metaspace       used 4338K, committed 4608K, reserved 1114112K
  class space    used 458K, committed 576K, reserved 1048576K
}

Dll operation events (8 events):
Event: 0.019 Loaded shared library c:\Users\amali\.vscode\extensions\redhat.java-1.42.0-win32-x64\jre\21.0.7-win32-x86_64\bin\java.dll
Event: 0.129 Loaded shared library c:\Users\amali\.vscode\extensions\redhat.java-1.42.0-win32-x64\jre\21.0.7-win32-x86_64\bin\zip.dll
Event: 0.149 Loaded shared library C:\Users\amali\.vscode\extensions\redhat.java-1.42.0-win32-x64\jre\21.0.7-win32-x86_64\bin\instrument.dll
Event: 0.154 Loaded shared library C:\Users\amali\.vscode\extensions\redhat.java-1.42.0-win32-x64\jre\21.0.7-win32-x86_64\bin\net.dll
Event: 0.156 Loaded shared library C:\Users\amali\.vscode\extensions\redhat.java-1.42.0-win32-x64\jre\21.0.7-win32-x86_64\bin\nio.dll
Event: 0.159 Loaded shared library C:\Users\amali\.vscode\extensions\redhat.java-1.42.0-win32-x64\jre\21.0.7-win32-x86_64\bin\zip.dll
Event: 0.175 Loaded shared library C:\Users\amali\.vscode\extensions\redhat.java-1.42.0-win32-x64\jre\21.0.7-win32-x86_64\bin\jimage.dll
Event: 0.256 Loaded shared library c:\Users\amali\.vscode\extensions\redhat.java-1.42.0-win32-x64\jre\21.0.7-win32-x86_64\bin\verify.dll

Deoptimization events (20 events):
Event: 1.281 Thread 0x00000213470219a0 DEOPT PACKING pc=0x0000021351d629b4 sp=0x0000003a36ffe8f0
Event: 1.281 Thread 0x00000213470219a0 DEOPT UNPACKING pc=0x0000021351796da2 sp=0x0000003a36ffe870 mode 2
Event: 1.380 Thread 0x00000213470219a0 Uncommon trap: trap_request=0xffffff45 fr.pc=0x0000021351d8d6dc relative=0x00000000000000bc
Event: 1.380 Thread 0x00000213470219a0 Uncommon trap: reason=unstable_if action=reinterpret pc=0x0000021351d8d6dc method=java.util.LinkedHashMap.afterNodeAccess(Ljava/util/HashMap$Node;)V @ 19 c2
Event: 1.380 Thread 0x00000213470219a0 DEOPT PACKING pc=0x0000021351d8d6dc sp=0x0000003a36ffcd20
Event: 1.380 Thread 0x00000213470219a0 DEOPT UNPACKING pc=0x0000021351796da2 sp=0x0000003a36ffcc88 mode 2
Event: 1.381 Thread 0x00000213470219a0 DEOPT PACKING pc=0x000002134a30d70b sp=0x0000003a36ffc7f0
Event: 1.381 Thread 0x00000213470219a0 DEOPT UNPACKING pc=0x00000213517978e2 sp=0x0000003a36ffbc68 mode 0
Event: 1.381 Thread 0x00000213470219a0 DEOPT PACKING pc=0x000002134a394488 sp=0x0000003a36ffc3f0
Event: 1.381 Thread 0x00000213470219a0 DEOPT UNPACKING pc=0x00000213517978e2 sp=0x0000003a36ffb870 mode 0
Event: 1.382 Thread 0x00000213470219a0 DEOPT PACKING pc=0x000002134a309386 sp=0x0000003a36ffc2b0
Event: 1.382 Thread 0x00000213470219a0 DEOPT UNPACKING pc=0x00000213517978e2 sp=0x0000003a36ffb730 mode 0
Event: 1.384 Thread 0x00000213470219a0 DEOPT PACKING pc=0x000002134a394488 sp=0x0000003a36ffc700
Event: 1.384 Thread 0x00000213470219a0 DEOPT UNPACKING pc=0x00000213517978e2 sp=0x0000003a36ffbb80 mode 0
Event: 1.385 Thread 0x00000213470219a0 DEOPT PACKING pc=0x000002134a309386 sp=0x0000003a36ffc500
Event: 1.385 Thread 0x00000213470219a0 DEOPT UNPACKING pc=0x00000213517978e2 sp=0x0000003a36ffb980 mode 0
Event: 1.385 Thread 0x00000213470219a0 DEOPT PACKING pc=0x000002134a394488 sp=0x0000003a36ffc650
Event: 1.385 Thread 0x00000213470219a0 DEOPT UNPACKING pc=0x00000213517978e2 sp=0x0000003a36ffbad0 mode 0
Event: 1.386 Thread 0x00000213470219a0 DEOPT PACKING pc=0x000002134a394488 sp=0x0000003a36ffc950
Event: 1.386 Thread 0x00000213470219a0 DEOPT UNPACKING pc=0x00000213517978e2 sp=0x0000003a36ffbdd0 mode 0

Classes loaded (20 events):
Event: 1.377 Loading class java/security/KeyStoreException
Event: 1.377 Loading class java/security/KeyStoreException done
Event: 1.400 Loading class java/util/LinkedList$Node
Event: 1.400 Loading class java/util/LinkedList$Node done
Event: 1.400 Loading class java/util/LinkedList$ListItr
Event: 1.400 Loading class java/util/LinkedList$ListItr done
Event: 1.401 Loading class java/lang/Thread$Builder$OfPlatform
Event: 1.402 Loading class java/lang/Thread$Builder
Event: 1.402 Loading class java/lang/Thread$Builder done
Event: 1.402 Loading class java/lang/Thread$Builder$OfPlatform done
Event: 1.402 Loading class java/lang/Thread$Builder$OfVirtual
Event: 1.402 Loading class java/lang/Thread$Builder$OfVirtual done
Event: 1.410 Loading class sun/nio/fs/WindowsChannelFactory
Event: 1.411 Loading class sun/nio/fs/WindowsChannelFactory done
Event: 1.411 Loading class sun/nio/fs/WindowsChannelFactory$1
Event: 1.411 Loading class sun/nio/fs/WindowsChannelFactory$1 done
Event: 1.411 Loading class sun/nio/fs/WindowsChannelFactory$Flags
Event: 1.411 Loading class sun/nio/fs/WindowsChannelFactory$Flags done
Event: 1.411 Loading class sun/nio/ch/FileChannelImpl$Closer
Event: 1.411 Loading class sun/nio/ch/FileChannelImpl$Closer done

Classes unloaded (0 events):
No events

Classes redefined (0 events):
No events

Internal exceptions (20 events):
Event: 0.917 Thread 0x00000213470219a0 Exception <a 'java/lang/ClassNotFoundException'{0x00000000ec3c4998}: sun/net/www/protocol/c/Handler> (0x00000000ec3c4998) 
thrown [s\src\hotspot\share\classfile\systemDictionary.cpp, line 312]
Event: 0.917 Thread 0x00000213470219a0 Exception <a 'java/lang/ClassNotFoundException'{0x00000000ec3c5d50}: sun/net/www/protocol/e/Handler> (0x00000000ec3c5d50) 
thrown [s\src\hotspot\share\classfile\systemDictionary.cpp, line 312]
Event: 0.918 Thread 0x00000213470219a0 Exception <a 'java/lang/ClassNotFoundException'{0x00000000ec3c6f60}: sun/net/www/protocol/c/Handler> (0x00000000ec3c6f60) 
thrown [s\src\hotspot\share\classfile\systemDictionary.cpp, line 312]
Event: 0.925 Thread 0x00000213470219a0 Exception <a 'java/io/FileNotFoundException'{0x00000000ec3f02d8}> (0x00000000ec3f02d8) 
thrown [s\src\hotspot\share\prims\jni.cpp, line 520]
Event: 0.961 Thread 0x00000213470219a0 Implicit null exception at 0x0000021351d3f8c9 to 0x0000021351d40250
Event: 0.961 Thread 0x00000213470219a0 Implicit null exception at 0x0000021351d4a99a to 0x0000021351d4aba8
Event: 0.961 Thread 0x00000213470219a0 Exception <a 'java/lang/NoSuchMethodError'{0x00000000eacde7a8}: 'void java.lang.invoke.DirectMethodHandle$Holder.invokeStatic(java.lang.Object, java.lang.Object, java.lang.Object, java.lang.Object)'> (0x00000000eacde7a8) 
thrown [s\src\hotspot\share\interpreter\linkResolver.cpp, line 773]
Event: 0.962 Thread 0x00000213470219a0 Implicit null exception at 0x0000021351d4b09a to 0x0000021351d4b2a0
Event: 0.962 Thread 0x00000213470219a0 Implicit null exception at 0x0000021351d40cbd to 0x0000021351d40d41
Event: 0.990 Thread 0x00000213470219a0 Exception <a 'java/lang/NoSuchMethodError'{0x00000000eae99b58}: 'long java.lang.invoke.DirectMethodHandle$Holder.invokeStatic(java.lang.Object, java.lang.Object, int)'> (0x00000000eae99b58) 
thrown [s\src\hotspot\share\interpreter\linkResolver.cpp, line 773]
Event: 0.990 Thread 0x00000213470219a0 Exception <a 'java/lang/NoSuchMethodError'{0x00000000eaea1548}: 'java.lang.Object java.lang.invoke.DirectMethodHandle$Holder.invokeSpecial(java.lang.Object, java.lang.Object, java.lang.Object, java.lang.Object, long)'> (0x00000000eaea1548) 
thrown [s\src\hotspot\share\interpreter\linkResolver.cpp, line 773]
Event: 0.991 Thread 0x00000213470219a0 Exception <a 'java/lang/NoSuchMethodError'{0x00000000eaeaf198}: 'java.lang.Object java.lang.invoke.DirectMethodHandle$Holder.invokeSpecial(java.lang.Object, java.lang.Object, java.lang.Object, int, java.lang.Object)'> (0x00000000eaeaf198) 
thrown [s\src\hotspot\share\interpreter\linkResolver.cpp, line 773]
Event: 0.994 Thread 0x00000213470219a0 Exception <a 'java/lang/NoSuchMethodError'{0x00000000eaed87c0}: 'int java.lang.invoke.DirectMethodHandle$Holder.invokeStaticInit(java.lang.Object, java.lang.Object, java.lang.Object, java.lang.Object)'> (0x00000000eaed87c0) 
thrown [s\src\hotspot\share\interpreter\linkResolver.cpp, line 773]
Event: 0.995 Thread 0x00000213470219a0 Exception <a 'java/lang/IncompatibleClassChangeError'{0x00000000eaee0cc0}: Found class java.lang.Object, but interface was expected> (0x00000000eaee0cc0) 
thrown [s\src\hotspot\share\interpreter\linkResolver.cpp, line 840]
Event: 0.996 Thread 0x00000213470219a0 Exception <a 'java/lang/NoSuchMethodError'{0x00000000eaee4e60}: 'void java.lang.invoke.DirectMethodHandle$Holder.invokeStaticInit(java.lang.Object, java.lang.Object)'> (0x00000000eaee4e60) 
thrown [s\src\hotspot\share\interpreter\linkResolver.cpp, line 773]
Event: 0.996 Thread 0x00000213470219a0 Exception <a 'java/lang/NoSuchMethodError'{0x00000000eaeebd78}: 'int java.lang.invoke.DirectMethodHandle$Holder.invokeStaticInit(java.lang.Object, java.lang.Object)'> (0x00000000eaeebd78) 
thrown [s\src\hotspot\share\interpreter\linkResolver.cpp, line 773]
Event: 1.068 Thread 0x00000213470219a0 Exception <a 'java/lang/NoSuchMethodError'{0x00000000eb04b0b8}: 'void java.lang.invoke.DirectMethodHandle$Holder.invokeSpecial(java.lang.Object, java.lang.Object, java.lang.Object)'> (0x00000000eb04b0b8) 
thrown [s\src\hotspot\share\interpreter\linkResolver.cpp, line 773]
Event: 1.264 Thread 0x00000213470219a0 Exception <a 'java/lang/NoSuchMethodError'{0x00000000eba30ee0}: 'int java.lang.invoke.DirectMethodHandle$Holder.invokeVirtual(java.lang.Object, java.lang.Object)'> (0x00000000eba30ee0) 
thrown [s\src\hotspot\share\interpreter\linkResolver.cpp, line 773]
Event: 1.327 Thread 0x00000213470219a0 Exception <a 'java/lang/NoSuchMethodError'{0x00000000ebd9ae58}: 'java.lang.Object java.lang.invoke.DirectMethodHandle$Holder.newInvokeSpecial(java.lang.Object, int, java.lang.Object)'> (0x00000000ebd9ae58) 
thrown [s\src\hotspot\share\interpreter\linkResolver.cpp, line 773]
Event: 1.356 Thread 0x00000213470219a0 Exception <a 'java/lang/NoSuchMethodError'{0x00000000ebf1de48}: 'java.lang.Object java.lang.invoke.DirectMethodHandle$Holder.newInvokeSpecial(java.lang.Object, java.lang.Object, java.lang.Object, java.lang.Object, int, java.lang.Object)'> (0x00000000ebf1de48) 
thrown [s\src\hotspot\share\interpreter\linkResolver.cpp, line 773]

ZGC Phase Switch (0 events):
No events

VM Operations (20 events):
Event: 0.128 Executing VM operation: HandshakeAllThreads (Deoptimize)
Event: 0.128 Executing VM operation: HandshakeAllThreads (Deoptimize) done
Event: 0.186 Executing VM operation: HandshakeAllThreads (Deoptimize)
Event: 0.186 Executing VM operation: HandshakeAllThreads (Deoptimize) done
Event: 0.607 Executing VM operation: HandshakeAllThreads (Deoptimize)
Event: 0.607 Executing VM operation: HandshakeAllThreads (Deoptimize) done
Event: 0.633 Executing VM operation: HandshakeAllThreads (Deoptimize)
Event: 0.634 Executing VM operation: HandshakeAllThreads (Deoptimize) done
Event: 0.892 Executing VM operation: ICBufferFull
Event: 0.892 Executing VM operation: ICBufferFull done
Event: 0.902 Executing VM operation: HandshakeAllThreads (Deoptimize)
Event: 0.902 Executing VM operation: HandshakeAllThreads (Deoptimize) done
Event: 0.932 Executing VM operation: ParallelGCFailedAllocation (Allocation Failure)
Event: 0.941 Executing VM operation: ParallelGCFailedAllocation (Allocation Failure) done
Event: 1.307 Executing VM operation: HandshakeAllThreads (Deoptimize)
Event: 1.307 Executing VM operation: HandshakeAllThreads (Deoptimize) done
Event: 1.316 Executing VM operation: HandshakeAllThreads (Deoptimize)
Event: 1.316 Executing VM operation: HandshakeAllThreads (Deoptimize) done
Event: 1.354 Executing VM operation: HandshakeAllThreads (Deoptimize)
Event: 1.354 Executing VM operation: HandshakeAllThreads (Deoptimize) done

Memory protections (0 events):
No events

Nmethod flushes (0 events):
No events

Events (14 events):
Event: 0.053 Thread 0x00000213470219a0 Thread added: 0x00000213470219a0
Event: 0.068 Thread 0x00000213470219a0 Thread added: 0x000002135d4144b0
Event: 0.068 Thread 0x00000213470219a0 Thread added: 0x000002135b40b960
Event: 0.069 Thread 0x00000213470219a0 Thread added: 0x000002135b40d880
Event: 0.069 Thread 0x00000213470219a0 Thread added: 0x000002135d418950
Event: 0.069 Thread 0x00000213470219a0 Thread added: 0x000002135d416530
Event: 0.070 Thread 0x00000213470219a0 Thread added: 0x000002135d417180
Event: 0.070 Thread 0x00000213470219a0 Thread added: 0x000002135d41c080
Event: 0.070 Thread 0x00000213470219a0 Thread added: 0x000002135d420a60
Event: 0.116 Thread 0x00000213470219a0 Thread added: 0x000002135d508a40
Event: 0.244 Thread 0x000002135d41c080 Thread added: 0x000002135d60d5d0
Event: 0.418 Thread 0x00000213470219a0 Thread added: 0x000002135d74f220
Event: 0.430 Thread 0x000002135d60d5d0 Thread added: 0x000002135d6a1880
Event: 1.295 Thread 0x00000213470219a0 Thread added: 0x0000021362684d50


Dynamic libraries:
0x00007ff754fe0000 - 0x00007ff754fee000 	c:\Users\amali\.vscode\extensions\redhat.java-1.42.0-win32-x64\jre\21.0.7-win32-x86_64\bin\java.exe
0x00007ffc6e470000 - 0x00007ffc6e687000 	C:\Windows\SYSTEM32\ntdll.dll
0x00007ffc6d440000 - 0x00007ffc6d504000 	C:\Windows\System32\KERNEL32.DLL
0x00007ffc6ba30000 - 0x00007ffc6be03000 	C:\Windows\System32\KERNELBASE.dll
0x00007ffc6bfe0000 - 0x00007ffc6c0f1000 	C:\Windows\System32\ucrtbase.dll
0x00007ffc5c870000 - 0x00007ffc5c888000 	c:\Users\amali\.vscode\extensions\redhat.java-1.42.0-win32-x64\jre\21.0.7-win32-x86_64\bin\jli.dll
0x00007ffc6dd50000 - 0x00007ffc6df01000 	C:\Windows\System32\USER32.dll
0x00007ffc6bfb0000 - 0x00007ffc6bfd6000 	C:\Windows\System32\win32u.dll
0x00007ffc6dd20000 - 0x00007ffc6dd49000 	C:\Windows\System32\GDI32.dll
0x00007ffc6b560000 - 0x00007ffc6b682000 	C:\Windows\System32\gdi32full.dll
0x00007ffc6b910000 - 0x00007ffc6b9aa000 	C:\Windows\System32\msvcp_win.dll
0x00007ffc5d3c0000 - 0x00007ffc5d3de000 	c:\Users\amali\.vscode\extensions\redhat.java-1.42.0-win32-x64\jre\21.0.7-win32-x86_64\bin\VCRUNTIME140.dll
0x00007ffc4f190000 - 0x00007ffc4f42b000 	C:\Windows\WinSxS\amd64_microsoft.windows.common-controls_6595b64144ccf1df_6.0.22621.5262_none_2712bde373830908\COMCTL32.dll
0x00007ffc6e100000 - 0x00007ffc6e1a7000 	C:\Windows\System32\msvcrt.dll
0x00007ffc6e310000 - 0x00007ffc6e341000 	C:\Windows\System32\IMM32.DLL
0x00007ffc64540000 - 0x00007ffc6454c000 	c:\Users\amali\.vscode\extensions\redhat.java-1.42.0-win32-x64\jre\21.0.7-win32-x86_64\bin\vcruntime140_1.dll
0x00007ffc34720000 - 0x00007ffc347ad000 	c:\Users\amali\.vscode\extensions\redhat.java-1.42.0-win32-x64\jre\21.0.7-win32-x86_64\bin\msvcp140.dll
0x00007ffc16930000 - 0x00007ffc176c0000 	c:\Users\amali\.vscode\extensions\redhat.java-1.42.0-win32-x64\jre\21.0.7-win32-x86_64\bin\server\jvm.dll
0x00007ffc6d710000 - 0x00007ffc6d7c1000 	C:\Windows\System32\ADVAPI32.dll
0x00007ffc6db70000 - 0x00007ffc6dc17000 	C:\Windows\System32\sechost.dll
0x00007ffc6be10000 - 0x00007ffc6be38000 	C:\Windows\System32\bcrypt.dll
0x00007ffc6d510000 - 0x00007ffc6d624000 	C:\Windows\System32\RPCRT4.dll
0x00007ffc6c100000 - 0x00007ffc6c171000 	C:\Windows\System32\WS2_32.dll
0x00007ffc6a3c0000 - 0x00007ffc6a40d000 	C:\Windows\SYSTEM32\POWRPROF.dll
0x00007ffc64370000 - 0x00007ffc643a4000 	C:\Windows\SYSTEM32\WINMM.dll
0x00007ffc63db0000 - 0x00007ffc63dba000 	C:\Windows\SYSTEM32\VERSION.dll
0x00007ffc6a3a0000 - 0x00007ffc6a3b3000 	C:\Windows\SYSTEM32\UMPDC.dll
0x00007ffc6a670000 - 0x00007ffc6a688000 	C:\Windows\SYSTEM32\kernel.appcore.dll
0x00007ffc63230000 - 0x00007ffc6323a000 	c:\Users\amali\.vscode\extensions\redhat.java-1.42.0-win32-x64\jre\21.0.7-win32-x86_64\bin\jimage.dll
0x00007ffc68a30000 - 0x00007ffc68c62000 	C:\Windows\SYSTEM32\DBGHELP.DLL
0x00007ffc6d7d0000 - 0x00007ffc6db63000 	C:\Windows\System32\combase.dll
0x00007ffc6e350000 - 0x00007ffc6e427000 	C:\Windows\System32\OLEAUT32.dll
0x00007ffc509c0000 - 0x00007ffc509f2000 	C:\Windows\SYSTEM32\dbgcore.DLL
0x00007ffc6b890000 - 0x00007ffc6b90b000 	C:\Windows\System32\bcryptPrimitives.dll
0x00007ffc60960000 - 0x00007ffc6096f000 	c:\Users\amali\.vscode\extensions\redhat.java-1.42.0-win32-x64\jre\21.0.7-win32-x86_64\bin\instrument.dll
0x00007ffc5c740000 - 0x00007ffc5c75f000 	c:\Users\amali\.vscode\extensions\redhat.java-1.42.0-win32-x64\jre\21.0.7-win32-x86_64\bin\java.dll
0x00007ffc6cba0000 - 0x00007ffc6d43d000 	C:\Windows\System32\SHELL32.dll
0x00007ffc6b690000 - 0x00007ffc6b7cf000 	C:\Windows\System32\wintypes.dll
0x00007ffc69460000 - 0x00007ffc69d7d000 	C:\Windows\SYSTEM32\windows.storage.dll
0x00007ffc6c180000 - 0x00007ffc6c28b000 	C:\Windows\System32\SHCORE.dll
0x00007ffc6dc20000 - 0x00007ffc6dc86000 	C:\Windows\System32\shlwapi.dll
0x00007ffc6b490000 - 0x00007ffc6b4bb000 	C:\Windows\SYSTEM32\profapi.dll
0x00007ffc5c720000 - 0x00007ffc5c738000 	c:\Users\amali\.vscode\extensions\redhat.java-1.42.0-win32-x64\jre\21.0.7-win32-x86_64\bin\zip.dll
0x00007ffc61f10000 - 0x00007ffc61f20000 	C:\Users\amali\.vscode\extensions\redhat.java-1.42.0-win32-x64\jre\21.0.7-win32-x86_64\bin\net.dll
0x00007ffc65880000 - 0x00007ffc659ac000 	C:\Windows\SYSTEM32\WINHTTP.dll
0x00007ffc6ab10000 - 0x00007ffc6ab7a000 	C:\Windows\system32\mswsock.dll
0x00007ffc59490000 - 0x00007ffc594a6000 	C:\Users\amali\.vscode\extensions\redhat.java-1.42.0-win32-x64\jre\21.0.7-win32-x86_64\bin\nio.dll
0x00007ffc60f60000 - 0x00007ffc60f70000 	c:\Users\amali\.vscode\extensions\redhat.java-1.42.0-win32-x64\jre\21.0.7-win32-x86_64\bin\verify.dll

dbghelp: loaded successfully - version: 4.0.5 - missing functions: none
symbol engine: initialized successfully - sym options: 0x614 - pdb path: .;c:\Users\amali\.vscode\extensions\redhat.java-1.42.0-win32-x64\jre\21.0.7-win32-x86_64\bin;C:\Windows\SYSTEM32;C:\Windows\WinSxS\amd64_microsoft.windows.common-controls_6595b64144ccf1df_6.0.22621.5262_none_2712bde373830908;c:\Users\amali\.vscode\extensions\redhat.java-1.42.0-win32-x64\jre\21.0.7-win32-x86_64\bin\server

VM Arguments:
jvm_args: --add-modules=ALL-SYSTEM --add-opens=java.base/java.util=ALL-UNNAMED --add-opens=java.base/java.lang=ALL-UNNAMED --add-opens=java.base/sun.nio.fs=ALL-UNNAMED -Declipse.application=org.eclipse.jdt.ls.core.id1 -Dosgi.bundles.defaultStartLevel=4 -Declipse.product=org.eclipse.jdt.ls.core.product -Djava.import.generatesMetadataFilesAtProjectRoot=false -DDetectVMInstallationsJob.disabled=true -Dfile.encoding=utf8 -XX:+UseParallelGC -XX:GCTimeRatio=4 -XX:AdaptiveSizePolicyWeight=90 -Dsun.zip.disableMemoryMapping=true -Xmx1G -Xms100m -Xlog:disable -javaagent:c:\Users\amali\.vscode\extensions\redhat.java-1.42.0-win32-x64\lombok\lombok-1.18.36.jar -XX:+HeapDumpOnOutOfMemoryError -XX:HeapDumpPath=c:\Users\amali\AppData\Roaming\Code\User\workspaceStorage\621ac69656a54d5ddde419feff2a7c8e\redhat.java -Daether.dependencyCollector.impl=bf 
java_command: c:\Users\amali\.vscode\extensions\redhat.java-1.42.0-win32-x64\server\plugins\org.eclipse.equinox.launcher_1.7.0.v20250424-1814.jar -configuration c:\Users\amali\AppData\Roaming\Code\User\globalStorage\redhat.java\1.42.0\config_win -data c:\Users\amali\AppData\Roaming\Code\User\workspaceStorage\621ac69656a54d5ddde419feff2a7c8e\redhat.java\jdt_ws --pipe=\\.\pipe\lsp-a125c3aef52d6a53a2eeaa654a41cab0-sock
java_class_path (initial): c:\Users\amali\.vscode\extensions\redhat.java-1.42.0-win32-x64\server\plugins\org.eclipse.equinox.launcher_1.7.0.v20250424-1814.jar
Launcher Type: SUN_STANDARD

[Global flags]
    uintx AdaptiveSizePolicyWeight                 = 90                                        {product} {command line}
     intx CICompilerCount                          = 4                                         {product} {ergonomic}
    uintx GCTimeRatio                              = 4                                         {product} {command line}
     bool HeapDumpOnOutOfMemoryError               = true                                   {manageable} {command line}
    ccstr HeapDumpPath                             = c:\Users\amali\AppData\Roaming\Code\User\workspaceStorage\621ac69656a54d5ddde419feff2a7c8e\redhat.java         {manageable} {command line}
   size_t InitialHeapSize                          = 104857600                                 {product} {command line}
   size_t MaxHeapSize                              = 1073741824                                {product} {command line}
   size_t MaxNewSize                               = 357564416                                 {product} {ergonomic}
   size_t MinHeapDeltaBytes                        = 524288                                    {product} {ergonomic}
   size_t MinHeapSize                              = 104857600                                 {product} {command line}
   size_t NewSize                                  = 34603008                                  {product} {ergonomic}
    uintx NonNMethodCodeHeapSize                   = 5839372                                {pd product} {ergonomic}
    uintx NonProfiledCodeHeapSize                  = 122909434                              {pd product} {ergonomic}
   size_t OldSize                                  = 70254592                                  {product} {ergonomic}
    uintx ProfiledCodeHeapSize                     = 122909434                              {pd product} {ergonomic}
    uintx ReservedCodeCacheSize                    = 251658240                              {pd product} {ergonomic}
     bool SegmentedCodeCache                       = true                                      {product} {ergonomic}
   size_t SoftMaxHeapSize                          = 1073741824                             {manageable} {ergonomic}
     bool UseCompressedOops                        = true                           {product lp64_product} {ergonomic}
     bool UseLargePagesIndividualAllocation        = false                                  {pd product} {ergonomic}
     bool UseParallelGC                            = true                                      {product} {command line}

Logging:
Log output configuration:
 #0: stdout all=off uptime,level,tags foldmultilines=false
 #1: stderr all=off uptime,level,tags foldmultilines=false

Environment Variables:
JAVA_HOME=C:\Program Files\Java\jdk-11
PATH=C:\Windows\system32;C:\Windows;C:\Windows\System32\Wbem;C:\Windows\System32\WindowsPowerShell\v1.0\;C:\Windows\System32\OpenSSH\;C:\Program Files (x86)\NVIDIA Corporation\PhysX\Common;C:\Program Files\NVIDIA Corporation\NVIDIA NvDLISR;D:\MinGW\bin;E:\PHP;D:\publish\Git\cmd;C:\Program Files\nodejs\;C:\ProgramData\ComposerSetup\bin;C:\Program Files\7-Zip\;C:\Program Files (x86)\Windows Kits\10\Windows Performance Toolkit\;C:\Program Files\dotnet\;C:\Program Files\Java\jdk-11\bin;E:\install\hadoop-3.4.1\bin;E:\install\hadoop-3.4.1\Sbin;E:\Sparkk\spark-3.5.5\bin;C:\Users\amali\AppData\Local\Programs\Python\Python311\;C:\Users\amali\AppData\Local\Programs\Python\Python311\Scripts\;E:\SEM-4\google-cloud-sdk\bin;C:\Users\amali\.console-ninja\.bin;C:\Users\amali\AppData\Local\Programs\Python\Python311\Scripts\;C:\Users\amali\AppData\Local\Programs\Python\Python311\;C:\Users\amali\AppData\Local\Microsoft\WindowsApps;C:\Users\amali\AppData\Local\JetBrains\IntelliJ IDEA 2023.2.5\bin;;C:\Users\amali\Downloads\CODINGANKU\IntelliJ IDEA Community Edition 2023.3.2\bin;;D:\Microsoft VS Code\bin;C:\Users\amali\Downloads\jdk-21_windows-x64_bin\jdk-21.0.1\bin;C:\Users\amali\AppData\Roaming\npm;C:\Users\amali\AppData\Roaming\Composer\vendor\bin;E:\SEM-4\BIGDATA
USERNAME=ASUS
OS=Windows_NT
PROCESSOR_IDENTIFIER=Intel64 Family 6 Model 141 Stepping 1, GenuineIntel
TMP=C:\Users\amali\AppData\Local\Temp
TEMP=C:\Users\amali\AppData\Local\Temp




Periodic native trim disabled

---------------  S Y S T E M  ---------------

OS:
 Windows 11 , 64 bit Build 22621 (10.0.22621.5262)
OS uptime: 0 days 23:42 hours
Hyper-V role detected

CPU: total 12 (initial active 12) (6 cores per cpu, 2 threads per core) family 6 model 141 stepping 1 microcode 0x34, cx8, cmov, fxsr, ht, mmx, 3dnowpref, sse, sse2, sse3, ssse3, sse4.1, sse4.2, popcnt, lzcnt, tsc, tscinvbit, avx, avx2, aes, erms, clmul, bmi1, bmi2, adx, avx512f, avx512dq, avx512cd, avx512bw, avx512vl, sha, fma, vzeroupper, avx512_vpopcntdq, avx512_vpclmulqdq, avx512_vaes, avx512_vnni, clflush, clflushopt, clwb, avx512_vbmi2, avx512_vbmi, hv, rdtscp, rdpid, fsrm, gfni, avx512_bitalg, f16c, cet_ibt, cet_ss, avx512_ifma
Processor Information for the first 12 processors :
  Max Mhz: 2688, Current Mhz: 2688, Mhz Limit: 2688

Memory: 4k page, system-wide physical 16122M (2451M free)
TotalPageFile size 19481M (AvailPageFile size 5M)
current process WorkingSet (physical memory assigned to process): 90M, peak: 90M
current process commit charge ("private bytes"): 215M, peak: 215M

vm_info: OpenJDK 64-Bit Server VM (21.0.7+6-LTS) for windows-amd64 JRE (21.0.7+6-LTS), built on 2025-04-15T00:00:00Z by "admin" with MS VC++ 17.7 (VS2022)

END.
