#
# There is insufficient memory for the Java Runtime Environment to continue.
# Native memory allocation (malloc) failed to allocate 1114896 bytes. Error detail: Chunk::new
# Possible reasons:
#   The system is out of physical RAM or swap space
#   This process is running with CompressedOops enabled, and the Java Heap may be blocking the growth of the native heap
# Possible solutions:
#   Reduce memory load on the system
#   Increase physical memory or swap space
#   Check if swap backing store is full
#   Decrease Java heap size (-Xmx/-Xms)
#   Decrease number of Java threads
#   Decrease Java thread stack sizes (-Xss)
#   Set larger code cache with -XX:ReservedCodeCacheSize=
#   JVM is running with Unscaled Compressed Oops mode in which the Java heap is
#     placed in the first 4GB address space. The Java Heap base address is the
#     maximum limit for the native heap growth. Please use -XX:HeapBaseMinAddress
#     to set the Java Heap base and to place the Java Heap above 4GB virtual address.
# This output file may be truncated or incomplete.
#
#  Out of Memory Error (arena.cpp:168), pid=18256, tid=29164
#
# JRE version: OpenJDK Runtime Environment Temurin-21.0.7+6 (21.0.7+6) (build 21.0.7+6-LTS)
# Java VM: OpenJDK 64-Bit Server VM Temurin-21.0.7+6 (21.0.7+6-LTS, mixed mode, sharing, tiered, compressed oops, compressed class ptrs, parallel gc, windows-amd64)
# No core dump will be written. Minidumps are not enabled by default on client versions of Windows
#

---------------  S U M M A R Y ------------

Command Line: --add-modules=ALL-SYSTEM --add-opens=java.base/java.util=ALL-UNNAMED --add-opens=java.base/java.lang=ALL-UNNAMED --add-opens=java.base/sun.nio.fs=ALL-UNNAMED -Declipse.application=org.eclipse.jdt.ls.core.id1 -Dosgi.bundles.defaultStartLevel=4 -Declipse.product=org.eclipse.jdt.ls.core.product -Djava.import.generatesMetadataFilesAtProjectRoot=false -DDetectVMInstallationsJob.disabled=true -Dfile.encoding=utf8 -XX:+UseParallelGC -XX:GCTimeRatio=4 -XX:AdaptiveSizePolicyWeight=90 -Dsun.zip.disableMemoryMapping=true -Xmx1G -Xms100m -Xlog:disable -javaagent:c:\Users\amali\.vscode\extensions\redhat.java-1.42.0-win32-x64\lombok\lombok-1.18.36.jar -XX:+HeapDumpOnOutOfMemoryError -XX:HeapDumpPath=c:\Users\amali\AppData\Roaming\Code\User\workspaceStorage\621ac69656a54d5ddde419feff2a7c8e\redhat.java -Daether.dependencyCollector.impl=bf c:\Users\amali\.vscode\extensions\redhat.java-1.42.0-win32-x64\server\plugins\org.eclipse.equinox.launcher_1.7.0.v20250424-1814.jar -configuration c:\Users\amali\AppData\Roaming\Code\User\globalStorage\redhat.java\1.42.0\config_win -data c:\Users\amali\AppData\Roaming\Code\User\workspaceStorage\621ac69656a54d5ddde419feff2a7c8e\redhat.java\jdt_ws --pipe=\\.\pipe\lsp-5e3d3e8c490e25e8eb74e7e940f9f12f-sock

Host: 11th Gen Intel(R) Core(TM) i5-11400H @ 2.70GHz, 12 cores, 15G,  Windows 11 , 64 bit Build 22621 (10.0.22621.5262)
Time: Sun Jun  8 16:25:22 2025 Malay Peninsula Standard Time elapsed time: 14.323538 seconds (0d 0h 0m 14s)

---------------  T H R E A D  ---------------

Current thread (0x000002257429c4d0):  JavaThread "C2 CompilerThread0" daemon [_thread_in_native, id=29164, stack(0x0000009df8a00000,0x0000009df8b00000) (1024K)]


Current CompileTask:
C2:14323 7837       4       com.esotericsoftware.kryo.io.Input::require (220 bytes)

Stack: [0x0000009df8a00000,0x0000009df8b00000]
Native frames: (J=compiled Java code, j=interpreted, Vv=VM code, C=native code)
V  [jvm.dll+0x6ce119]
V  [jvm.dll+0x8a84a1]
V  [jvm.dll+0x8aa9ce]
V  [jvm.dll+0x8ab0b3]
V  [jvm.dll+0x27f8a6]
V  [jvm.dll+0xc507d]
V  [jvm.dll+0xc55b3]
V  [jvm.dll+0x3b68f2]
V  [jvm.dll+0x1e0029]
V  [jvm.dll+0x247c42]
V  [jvm.dll+0x2470cf]
V  [jvm.dll+0x1c760e]
V  [jvm.dll+0x25695a]
V  [jvm.dll+0x254efa]
V  [jvm.dll+0x3f03f6]
V  [jvm.dll+0x851f6b]
V  [jvm.dll+0x6cc7dd]
C  [ucrtbase.dll+0x29333]
C  [KERNEL32.DLL+0x1259d]
C  [ntdll.dll+0x5af58]


---------------  P R O C E S S  ---------------

Threads class SMR info:
_java_thread_list=0x00000225594588f0, length=57, elements={
0x00000225741f2d70, 0x0000022574293400, 0x00000225795dda80, 0x0000022574294fc0,
0x00000225742967a0, 0x0000022574298690, 0x0000022574299690, 0x000002257429c4d0,
0x00000225742ae230, 0x000002257ab32c80, 0x000002257ad82610, 0x0000022554c9d040,
0x0000022554da4ac0, 0x0000022554872010, 0x0000022554872670, 0x0000022554ea3bd0,
0x0000022554705a10, 0x0000022554e87ee0, 0x0000022554e88570, 0x0000022554e88c00,
0x0000022554e89920, 0x0000022554e87850, 0x0000022554e89290, 0x0000022554e89fb0,
0x0000022554e86b30, 0x0000022554e871c0, 0x00000225543bf630, 0x00000225543bae00,
0x00000225543bfcc0, 0x00000225543bb490, 0x00000225543b9a50, 0x00000225543bd560,
0x00000225543ba770, 0x00000225543bbb20, 0x00000225543ba0e0, 0x00000225543b8d30,
0x00000225543befa0, 0x00000225543bc1b0, 0x00000225543bc840, 0x00000225543bdbf0,
0x00000225543be280, 0x00000225543bced0, 0x00000225543be910, 0x00000225543b93c0,
0x0000022558a5dec0, 0x0000022558a60cb0, 0x0000022558a5d1a0, 0x0000022558a5b760,
0x0000022558a5e550, 0x0000022558a5ebe0, 0x0000022558a5f270, 0x0000022558a5f900,
0x0000022558a619d0, 0x0000022558a5ff90, 0x0000022558a61340, 0x0000022558a5bdf0,
0x0000022558d07920
}

Java Threads: ( => current thread )
  0x00000225741f2d70 JavaThread "main"                              [_thread_blocked, id=18524, stack(0x0000009df8000000,0x0000009df8100000) (1024K)]
  0x0000022574293400 JavaThread "Reference Handler"          daemon [_thread_blocked, id=28744, stack(0x0000009df8400000,0x0000009df8500000) (1024K)]
  0x00000225795dda80 JavaThread "Finalizer"                  daemon [_thread_blocked, id=15864, stack(0x0000009df8500000,0x0000009df8600000) (1024K)]
  0x0000022574294fc0 JavaThread "Signal Dispatcher"          daemon [_thread_blocked, id=7788, stack(0x0000009df8600000,0x0000009df8700000) (1024K)]
  0x00000225742967a0 JavaThread "Attach Listener"            daemon [_thread_blocked, id=23772, stack(0x0000009df8700000,0x0000009df8800000) (1024K)]
  0x0000022574298690 JavaThread "Service Thread"             daemon [_thread_blocked, id=14604, stack(0x0000009df8800000,0x0000009df8900000) (1024K)]
  0x0000022574299690 JavaThread "Monitor Deflation Thread"   daemon [_thread_blocked, id=22512, stack(0x0000009df8900000,0x0000009df8a00000) (1024K)]
=>0x000002257429c4d0 JavaThread "C2 CompilerThread0"         daemon [_thread_in_native, id=29164, stack(0x0000009df8a00000,0x0000009df8b00000) (1024K)]
  0x00000225742ae230 JavaThread "C1 CompilerThread0"         daemon [_thread_blocked, id=17644, stack(0x0000009df8b00000,0x0000009df8c00000) (1024K)]
  0x000002257ab32c80 JavaThread "Common-Cleaner"             daemon [_thread_blocked, id=13916, stack(0x0000009df8c00000,0x0000009df8d00000) (1024K)]
  0x000002257ad82610 JavaThread "Notification Thread"        daemon [_thread_blocked, id=1872, stack(0x0000009df8e00000,0x0000009df8f00000) (1024K)]
  0x0000022554c9d040 JavaThread "Active Thread: Equinox Container: 781947dc-6128-4aa6-b386-aa038a6aff88"        [_thread_blocked, id=21040, stack(0x0000009df9600000,0x0000009df9700000) (1024K)]
  0x0000022554da4ac0 JavaThread "Refresh Thread: Equinox Container: 781947dc-6128-4aa6-b386-aa038a6aff88" daemon [_thread_blocked, id=22472, stack(0x0000009df9700000,0x0000009df9800000) (1024K)]
  0x0000022554872010 JavaThread "Framework Event Dispatcher: Equinox Container: 781947dc-6128-4aa6-b386-aa038a6aff88" daemon [_thread_blocked, id=11880, stack(0x0000009df9900000,0x0000009df9a00000) (1024K)]
  0x0000022554872670 JavaThread "Start Level: Equinox Container: 781947dc-6128-4aa6-b386-aa038a6aff88" daemon [_thread_blocked, id=7356, stack(0x0000009df9a00000,0x0000009df9b00000) (1024K)]
  0x0000022554ea3bd0 JavaThread "Bundle File Closer"         daemon [_thread_blocked, id=29692, stack(0x0000009df9d00000,0x0000009df9e00000) (1024K)]
  0x0000022554705a10 JavaThread "SCR Component Actor"        daemon [_thread_blocked, id=29196, stack(0x0000009df9e00000,0x0000009df9f00000) (1024K)]
  0x0000022554e87ee0 JavaThread "Worker-JM"                         [_thread_blocked, id=10764, stack(0x0000009dfa000000,0x0000009dfa100000) (1024K)]
  0x0000022554e88570 JavaThread "JNA Cleaner"                daemon [_thread_blocked, id=18056, stack(0x0000009df8d00000,0x0000009df8e00000) (1024K)]
  0x0000022554e88c00 JavaThread "Worker-0"                          [_thread_blocked, id=25644, stack(0x0000009df8f00000,0x0000009df9000000) (1024K)]
  0x0000022554e89920 JavaThread "Worker-1"                          [_thread_blocked, id=27128, stack(0x0000009dfa100000,0x0000009dfa200000) (1024K)]
  0x0000022554e87850 JavaThread "Java indexing"              daemon [_thread_blocked, id=24420, stack(0x0000009dfa300000,0x0000009dfa400000) (1024K)]
  0x0000022554e89290 JavaThread "Worker-2"                          [_thread_blocked, id=24096, stack(0x0000009dfa500000,0x0000009dfa600000) (1024K)]
  0x0000022554e89fb0 JavaThread "Worker-3"                          [_thread_blocked, id=28060, stack(0x0000009dfa600000,0x0000009dfa700000) (1024K)]
  0x0000022554e86b30 JavaThread "Worker-4: Initialize Workspace"        [_thread_blocked, id=18112, stack(0x0000009dfa700000,0x0000009dfa800000) (1024K)]
  0x0000022554e871c0 JavaThread "Worker-5: Synchronize Gradle projects with workspace"        [_thread_blocked, id=18296, stack(0x0000009dfa800000,0x0000009dfa900000) (1024K)]
  0x00000225543bf630 JavaThread "Thread-2"                   daemon [_thread_in_native, id=312, stack(0x0000009dfa900000,0x0000009dfaa00000) (1024K)]
  0x00000225543bae00 JavaThread "Thread-3"                   daemon [_thread_in_native, id=18548, stack(0x0000009dfaa00000,0x0000009dfab00000) (1024K)]
  0x00000225543bfcc0 JavaThread "Thread-4"                   daemon [_thread_in_native, id=19852, stack(0x0000009dfab00000,0x0000009dfac00000) (1024K)]
  0x00000225543bb490 JavaThread "Thread-5"                   daemon [_thread_in_native, id=24480, stack(0x0000009dfac00000,0x0000009dfad00000) (1024K)]
  0x00000225543b9a50 JavaThread "Thread-6"                   daemon [_thread_in_native, id=22116, stack(0x0000009dfad00000,0x0000009dfae00000) (1024K)]
  0x00000225543bd560 JavaThread "Thread-7"                   daemon [_thread_in_native, id=23104, stack(0x0000009dfae00000,0x0000009dfaf00000) (1024K)]
  0x00000225543ba770 JavaThread "Thread-8"                   daemon [_thread_in_native, id=22632, stack(0x0000009dfaf00000,0x0000009dfb000000) (1024K)]
  0x00000225543bbb20 JavaThread "Thread-9"                   daemon [_thread_in_native, id=28388, stack(0x0000009dfb000000,0x0000009dfb100000) (1024K)]
  0x00000225543ba0e0 JavaThread "Thread-10"                  daemon [_thread_in_native, id=19428, stack(0x0000009dfb100000,0x0000009dfb200000) (1024K)]
  0x00000225543b8d30 JavaThread "Thread-11"                  daemon [_thread_in_native, id=11112, stack(0x0000009dfb200000,0x0000009dfb300000) (1024K)]
  0x00000225543befa0 JavaThread "Thread-12"                  daemon [_thread_in_native, id=3468, stack(0x0000009dfb300000,0x0000009dfb400000) (1024K)]
  0x00000225543bc1b0 JavaThread "Thread-13"                  daemon [_thread_in_native, id=9236, stack(0x0000009dfb400000,0x0000009dfb500000) (1024K)]
  0x00000225543bc840 JavaThread "Thread-14"                  daemon [_thread_in_native, id=23724, stack(0x0000009dfb500000,0x0000009dfb600000) (1024K)]
  0x00000225543bdbf0 JavaThread "pool-2-thread-1"                   [_thread_blocked, id=29124, stack(0x0000009dfb600000,0x0000009dfb700000) (1024K)]
  0x00000225543be280 JavaThread "Timer-0"                           [_thread_blocked, id=10044, stack(0x0000009dfb700000,0x0000009dfb800000) (1024K)]
  0x00000225543bced0 JavaThread "Timer-1"                           [_thread_blocked, id=12188, stack(0x0000009dfb800000,0x0000009dfb900000) (1024K)]
  0x00000225543be910 JavaThread "WorkspaceEventsHandler"            [_thread_blocked, id=6948, stack(0x0000009dfb900000,0x0000009dfba00000) (1024K)]
  0x00000225543b93c0 JavaThread "pool-1-thread-1"                   [_thread_blocked, id=6364, stack(0x0000009dfba00000,0x0000009dfbb00000) (1024K)]
  0x0000022558a5dec0 JavaThread "Timer-2"                           [_thread_blocked, id=16392, stack(0x0000009dfbc00000,0x0000009dfbd00000) (1024K)]
  0x0000022558a60cb0 JavaThread "Exec process"                      [_thread_blocked, id=24640, stack(0x0000009dfbe00000,0x0000009dfbf00000) (1024K)]
  0x0000022558a5d1a0 JavaThread "Exec process Thread 2"             [_thread_blocked, id=7824, stack(0x0000009dfbf00000,0x0000009dfc000000) (1024K)]
  0x0000022558a5b760 JavaThread "Exec process Thread 3"             [_thread_blocked, id=20672, stack(0x0000009dfc000000,0x0000009dfc100000) (1024K)]
  0x0000022558a5e550 JavaThread "Timer-3"                           [_thread_blocked, id=27156, stack(0x0000009dfa200000,0x0000009dfa300000) (1024K)]
  0x0000022558a5ebe0 JavaThread "Timer-4"                           [_thread_blocked, id=11408, stack(0x0000009dfa400000,0x0000009dfa500000) (1024K)]
  0x0000022558a5f270 JavaThread "Timer-5"                           [_thread_blocked, id=12636, stack(0x0000009dfbb00000,0x0000009dfbc00000) (1024K)]
  0x0000022558a5f900 JavaThread "Timer-6"                           [_thread_blocked, id=14464, stack(0x0000009dfc100000,0x0000009dfc200000) (1024K)]
  0x0000022558a619d0 JavaThread "Timer-7"                           [_thread_blocked, id=17928, stack(0x0000009dfc200000,0x0000009dfc300000) (1024K)]
  0x0000022558a5ff90 JavaThread "Timer-8"                           [_thread_blocked, id=26412, stack(0x0000009dfbd00000,0x0000009dfbe00000) (1024K)]
  0x0000022558a61340 JavaThread "Timer-9"                           [_thread_blocked, id=14808, stack(0x0000009dfc300000,0x0000009dfc400000) (1024K)]
  0x0000022558a5bdf0 JavaThread "Connection worker"                 [_thread_in_vm, id=29528, stack(0x0000009dfc600000,0x0000009dfc700000) (1024K)]
  0x0000022558d07920 JavaThread "C2 CompilerThread1"         daemon [_thread_in_native, id=8472, stack(0x0000009df9f00000,0x0000009dfa000000) (1024K)]
Total: 57

Other Threads:
  0x000002257428e8b0 VMThread "VM Thread"                           [id=28732, stack(0x0000009df8300000,0x0000009df8400000) (1024K)]
  0x000002257425ef70 WatcherThread "VM Periodic Task Thread"        [id=4464, stack(0x0000009df8200000,0x0000009df8300000) (1024K)]
  0x0000022574212500 WorkerThread "GC Thread#0"                     [id=13588, stack(0x0000009df8100000,0x0000009df8200000) (1024K)]
  0x00000225546e0fb0 WorkerThread "GC Thread#1"                     [id=2464, stack(0x0000009df9000000,0x0000009df9100000) (1024K)]
  0x0000022554544ba0 WorkerThread "GC Thread#2"                     [id=12784, stack(0x0000009df9100000,0x0000009df9200000) (1024K)]
  0x0000022554261b60 WorkerThread "GC Thread#3"                     [id=10260, stack(0x0000009df9200000,0x0000009df9300000) (1024K)]
  0x0000022554261f00 WorkerThread "GC Thread#4"                     [id=25900, stack(0x0000009df9300000,0x0000009df9400000) (1024K)]
  0x00000225542626b0 WorkerThread "GC Thread#5"                     [id=14444, stack(0x0000009df9400000,0x0000009df9500000) (1024K)]
  0x00000225543adbc0 WorkerThread "GC Thread#6"                     [id=15976, stack(0x0000009df9500000,0x0000009df9600000) (1024K)]
  0x00000225543ad820 WorkerThread "GC Thread#7"                     [id=4372, stack(0x0000009df9800000,0x0000009df9900000) (1024K)]
  0x00000225543ae300 WorkerThread "GC Thread#8"                     [id=10740, stack(0x0000009df9b00000,0x0000009df9c00000) (1024K)]
  0x00000225543acd40 WorkerThread "GC Thread#9"                     [id=18544, stack(0x0000009df9c00000,0x0000009df9d00000) (1024K)]
Total: 12

Threads with active compile tasks:
C2 CompilerThread0  14342 7837       4       com.esotericsoftware.kryo.io.Input::require (220 bytes)
C2 CompilerThread1  14342 7860       4       java.io.ObjectStreamClass::getField (84 bytes)
Total: 2

VM state: not at safepoint (normal execution)

VM Mutex/Monitor currently owned by a thread:  ([mutex/lock_event])
[0x00007ffc175dc488] Service_lock - owner thread: 0x0000000000000000

Heap address: 0x00000000c0000000, size: 1024 MB, Compressed Oops mode: 32-bit

CDS archive(s) mapped at: [0x000002250f000000-0x000002250fba0000-0x000002250fba0000), size 12189696, SharedBaseAddress: 0x000002250f000000, ArchiveRelocationMode: 1.
Compressed class space mapped at: 0x0000022510000000-0x0000022550000000, reserved size: 1073741824
Narrow klass base: 0x000002250f000000, Narrow klass shift: 0, Narrow klass range: 0x100000000

GC Precious Log:
 CardTable entry size: 512
 CPUs: 12 total, 12 available
 Memory: 16122M
 Large Page Support: Disabled
 NUMA Support: Disabled
 Compressed Oops: Enabled (32-bit)
 Alignments: Space 512K, Generation 512K, Heap 2M
 Heap Min Capacity: 100M
 Heap Initial Capacity: 100M
 Heap Max Capacity: 1G
 Pre-touch: Disabled
 Parallel Workers: 10

Heap:
 PSYoungGen      total 13824K, used 771K [0x00000000eab00000, 0x00000000ebb00000, 0x0000000100000000)
  eden space 13312K, 1% used [0x00000000eab00000,0x00000000eab40e98,0x00000000eb800000)
  from space 512K, 100% used [0x00000000eb800000,0x00000000eb880000,0x00000000eb880000)
  to   space 1024K, 0% used [0x00000000eba00000,0x00000000eba00000,0x00000000ebb00000)
 ParOldGen       total 68608K, used 45661K [0x00000000c0000000, 0x00000000c4300000, 0x00000000eab00000)
  object space 68608K, 66% used [0x00000000c0000000,0x00000000c2c976f8,0x00000000c4300000)
 Metaspace       used 63518K, committed 64896K, reserved 1114112K
  class space    used 7840K, committed 8512K, reserved 1048576K

Card table byte_map: [0x0000022573b90000,0x0000022573da0000] _byte_map_base: 0x0000022573590000

Marking Bits: (ParMarkBitMap*) 0x00007ffc175e31f0
 Begin Bits: [0x00000225773e0000, 0x00000225783e0000)
 End Bits:   [0x00000225783e0000, 0x00000225793e0000)

Polling page: 0x00000225720a0000

Metaspace:

Usage:
  Non-class:     54.37 MB used.
      Class:      7.66 MB used.
       Both:     62.03 MB used.

Virtual space:
  Non-class space:       64.00 MB reserved,      55.06 MB ( 86%) committed,  1 nodes.
      Class space:        1.00 GB reserved,       8.31 MB ( <1%) committed,  1 nodes.
             Both:        1.06 GB reserved,      63.38 MB (  6%) committed. 

Chunk freelists:
   Non-Class:  8.01 MB
       Class:  7.53 MB
        Both:  15.54 MB

MaxMetaspaceSize: unlimited
CompressedClassSpaceSize: 1.00 GB
Initial GC threshold: 21.00 MB
Current GC threshold: 97.31 MB
CDS: on
 - commit_granule_bytes: 65536.
 - commit_granule_words: 8192.
 - virtual_space_node_default_size: 8388608.
 - enlarge_chunks_in_place: 1.
 - use_allocation_guard: 0.


Internal statistics:

num_allocs_failed_limit: 13.
num_arena_births: 1222.
num_arena_deaths: 34.
num_vsnodes_births: 2.
num_vsnodes_deaths: 0.
num_space_committed: 1014.
num_space_uncommitted: 0.
num_chunks_returned_to_freelist: 54.
num_chunks_taken_from_freelist: 4112.
num_chunk_merges: 20.
num_chunk_splits: 2575.
num_chunks_enlarged: 1500.
num_inconsistent_stats: 0.

CodeHeap 'non-profiled nmethods': size=120000Kb used=5016Kb max_used=5016Kb free=114983Kb
 bounds [0x0000022507ad0000, 0x0000022507fc0000, 0x000002250f000000]
CodeHeap 'profiled nmethods': size=120000Kb used=14578Kb max_used=14578Kb free=105421Kb
 bounds [0x0000022500000000, 0x0000022500e40000, 0x0000022507530000]
CodeHeap 'non-nmethods': size=5760Kb used=1394Kb max_used=1456Kb free=4365Kb
 bounds [0x0000022507530000, 0x00000225077a0000, 0x0000022507ad0000]
 total_blobs=7806 nmethods=7119 adapters=593
 compilation: enabled
              stopped_count=0, restarted_count=0
 full_count=0

Compilation events (20 events):
Event: 14.221 Thread 0x000002257429c4d0 7837       4       com.esotericsoftware.kryo.io.Input::require (220 bytes)
Event: 14.222 Thread 0x00000225742ae230 7838       1       org.gradle.internal.logging.sink.OutputEventListenerManager::access$000 (5 bytes)
Event: 14.223 Thread 0x00000225742ae230 nmethod 7838 0x0000022507fb1390 code [0x0000022507fb1520, 0x0000022507fb15d0]
Event: 14.223 Thread 0x00000225742ae230 7840       3       com.esotericsoftware.kryo.io.Input::readUtf8 (90 bytes)
Event: 14.223 Thread 0x00000225742ae230 nmethod 7840 0x0000022500e34b10 code [0x0000022500e34d00, 0x0000022500e350f8]
Event: 14.223 Thread 0x00000225742ae230 7839       1       org.gradle.internal.logging.sink.OutputEventListenerManager::access$100 (5 bytes)
Event: 14.223 Thread 0x00000225742ae230 nmethod 7839 0x0000022507fb1690 code [0x0000022507fb1820, 0x0000022507fb18d0]
Event: 14.223 Thread 0x00000225742ae230 7841       3       org.gradle.internal.event.BroadcastDispatch$SingletonDispatch::dispatch (9 bytes)
Event: 14.223 Thread 0x00000225742ae230 nmethod 7841 0x0000022500e35310 code [0x0000022500e354c0, 0x0000022500e357e8]
Event: 14.310 Thread 0x00000225742ae230 7846       3       sun.nio.cs.StreamEncoder::ensureOpen (18 bytes)
Event: 14.310 Thread 0x00000225742ae230 nmethod 7846 0x0000022500e35910 code [0x0000022500e35ac0, 0x0000022500e35cc8]
Event: 14.310 Thread 0x00000225742ae230 7848       3       org.gradle.internal.logging.text.AbstractStyledTextOutput::style (20 bytes)
Event: 14.311 Thread 0x00000225742ae230 nmethod 7848 0x0000022500e35d90 code [0x0000022500e35f40, 0x0000022500e36170]
Event: 14.311 Thread 0x00000225742ae230 7847       1       java.nio.charset.CharsetEncoder::maxBytesPerChar (5 bytes)
Event: 14.311 Thread 0x0000022558d07920 7844       4       java.io.ObjectInputStream$BlockDataInputStream::readInt (73 bytes)
Event: 14.311 Thread 0x00000225742ae230 nmethod 7847 0x0000022507fb1990 code [0x0000022507fb1b20, 0x0000022507fb1be8]
Event: 14.311 Thread 0x00000225742ae230 7849       1       org.gradle.internal.logging.events.RenderableOutputEvent::getBuildOperationId (5 bytes)
Event: 14.311 Thread 0x00000225742ae230 nmethod 7849 0x0000022507fb1c90 code [0x0000022507fb1e20, 0x0000022507fb1ee8]
Event: 14.315 Thread 0x0000022558d07920 nmethod 7844 0x0000022507fb1f90 code [0x0000022507fb2160, 0x0000022507fb2508]
Event: 14.315 Thread 0x0000022558d07920 7843       4       java.io.ObjectInputStream::readHandle (141 bytes)

GC Heap History (20 events):
Event: 10.810 GC heap before
{Heap before GC invocations=46 (full 3):
 PSYoungGen      total 15872K, used 15648K [0x00000000eab00000, 0x00000000ebd00000, 0x0000000100000000)
  eden space 15360K, 100% used [0x00000000eab00000,0x00000000eba00000,0x00000000eba00000)
  from space 512K, 56% used [0x00000000ebc80000,0x00000000ebcc8000,0x00000000ebd00000)
  to   space 1024K, 0% used [0x00000000ebb00000,0x00000000ebb00000,0x00000000ebc00000)
 ParOldGen       total 68608K, used 40124K [0x00000000c0000000, 0x00000000c4300000, 0x00000000eab00000)
  object space 68608K, 58% used [0x00000000c0000000,0x00000000c272f368,0x00000000c4300000)
 Metaspace       used 60971K, committed 62272K, reserved 1114112K
  class space    used 7514K, committed 8128K, reserved 1048576K
}
Event: 10.810 GC heap after
{Heap after GC invocations=46 (full 3):
 PSYoungGen      total 16384K, used 1011K [0x00000000eab00000, 0x00000000ebd00000, 0x0000000100000000)
  eden space 15360K, 0% used [0x00000000eab00000,0x00000000eab00000,0x00000000eba00000)
  from space 1024K, 98% used [0x00000000ebb00000,0x00000000ebbfcf40,0x00000000ebc00000)
  to   space 1024K, 0% used [0x00000000ebc00000,0x00000000ebc00000,0x00000000ebd00000)
 ParOldGen       total 68608K, used 40346K [0x00000000c0000000, 0x00000000c4300000, 0x00000000eab00000)
  object space 68608K, 58% used [0x00000000c0000000,0x00000000c2766bc0,0x00000000c4300000)
 Metaspace       used 60971K, committed 62272K, reserved 1114112K
  class space    used 7514K, committed 8128K, reserved 1048576K
}
Event: 10.891 GC heap before
{Heap before GC invocations=47 (full 3):
 PSYoungGen      total 16384K, used 16371K [0x00000000eab00000, 0x00000000ebd00000, 0x0000000100000000)
  eden space 15360K, 100% used [0x00000000eab00000,0x00000000eba00000,0x00000000eba00000)
  from space 1024K, 98% used [0x00000000ebb00000,0x00000000ebbfcf40,0x00000000ebc00000)
  to   space 1024K, 0% used [0x00000000ebc00000,0x00000000ebc00000,0x00000000ebd00000)
 ParOldGen       total 68608K, used 40346K [0x00000000c0000000, 0x00000000c4300000, 0x00000000eab00000)
  object space 68608K, 58% used [0x00000000c0000000,0x00000000c2766bc0,0x00000000c4300000)
 Metaspace       used 60971K, committed 62272K, reserved 1114112K
  class space    used 7514K, committed 8128K, reserved 1048576K
}
Event: 10.891 GC heap after
{Heap after GC invocations=47 (full 3):
 PSYoungGen      total 16384K, used 802K [0x00000000eab00000, 0x00000000ebd00000, 0x0000000100000000)
  eden space 15360K, 0% used [0x00000000eab00000,0x00000000eab00000,0x00000000eba00000)
  from space 1024K, 78% used [0x00000000ebc00000,0x00000000ebcc88e0,0x00000000ebd00000)
  to   space 1024K, 0% used [0x00000000ebb00000,0x00000000ebb00000,0x00000000ebc00000)
 ParOldGen       total 68608K, used 40386K [0x00000000c0000000, 0x00000000c4300000, 0x00000000eab00000)
  object space 68608K, 58% used [0x00000000c0000000,0x00000000c2770bc0,0x00000000c4300000)
 Metaspace       used 60971K, committed 62272K, reserved 1114112K
  class space    used 7514K, committed 8128K, reserved 1048576K
}
Event: 10.974 GC heap before
{Heap before GC invocations=48 (full 3):
 PSYoungGen      total 16384K, used 16162K [0x00000000eab00000, 0x00000000ebd00000, 0x0000000100000000)
  eden space 15360K, 100% used [0x00000000eab00000,0x00000000eba00000,0x00000000eba00000)
  from space 1024K, 78% used [0x00000000ebc00000,0x00000000ebcc88e0,0x00000000ebd00000)
  to   space 1024K, 0% used [0x00000000ebb00000,0x00000000ebb00000,0x00000000ebc00000)
 ParOldGen       total 68608K, used 40386K [0x00000000c0000000, 0x00000000c4300000, 0x00000000eab00000)
  object space 68608K, 58% used [0x00000000c0000000,0x00000000c2770bc0,0x00000000c4300000)
 Metaspace       used 60971K, committed 62272K, reserved 1114112K
  class space    used 7514K, committed 8128K, reserved 1048576K
}
Event: 10.975 GC heap after
{Heap after GC invocations=48 (full 3):
 PSYoungGen      total 16384K, used 256K [0x00000000eab00000, 0x00000000ebc80000, 0x0000000100000000)
  eden space 15360K, 0% used [0x00000000eab00000,0x00000000eab00000,0x00000000eba00000)
  from space 1024K, 25% used [0x00000000ebb00000,0x00000000ebb40000,0x00000000ebc00000)
  to   space 512K, 0% used [0x00000000ebc00000,0x00000000ebc00000,0x00000000ebc80000)
 ParOldGen       total 68608K, used 40537K [0x00000000c0000000, 0x00000000c4300000, 0x00000000eab00000)
  object space 68608K, 59% used [0x00000000c0000000,0x00000000c27965e0,0x00000000c4300000)
 Metaspace       used 60971K, committed 62272K, reserved 1114112K
  class space    used 7514K, committed 8128K, reserved 1048576K
}
Event: 11.056 GC heap before
{Heap before GC invocations=49 (full 3):
 PSYoungGen      total 16384K, used 15616K [0x00000000eab00000, 0x00000000ebc80000, 0x0000000100000000)
  eden space 15360K, 100% used [0x00000000eab00000,0x00000000eba00000,0x00000000eba00000)
  from space 1024K, 25% used [0x00000000ebb00000,0x00000000ebb40000,0x00000000ebc00000)
  to   space 512K, 0% used [0x00000000ebc00000,0x00000000ebc00000,0x00000000ebc80000)
 ParOldGen       total 68608K, used 40537K [0x00000000c0000000, 0x00000000c4300000, 0x00000000eab00000)
  object space 68608K, 59% used [0x00000000c0000000,0x00000000c27965e0,0x00000000c4300000)
 Metaspace       used 60971K, committed 62272K, reserved 1114112K
  class space    used 7514K, committed 8128K, reserved 1048576K
}
Event: 11.057 GC heap after
{Heap after GC invocations=49 (full 3):
 PSYoungGen      total 15872K, used 495K [0x00000000eab00000, 0x00000000ebd00000, 0x0000000100000000)
  eden space 15360K, 0% used [0x00000000eab00000,0x00000000eab00000,0x00000000eba00000)
  from space 512K, 96% used [0x00000000ebc00000,0x00000000ebc7beb0,0x00000000ebc80000)
  to   space 1536K, 0% used [0x00000000eba00000,0x00000000eba00000,0x00000000ebb80000)
 ParOldGen       total 68608K, used 41277K [0x00000000c0000000, 0x00000000c4300000, 0x00000000eab00000)
  object space 68608K, 60% used [0x00000000c0000000,0x00000000c284f4e8,0x00000000c4300000)
 Metaspace       used 60971K, committed 62272K, reserved 1114112K
  class space    used 7514K, committed 8128K, reserved 1048576K
}
Event: 11.232 GC heap before
{Heap before GC invocations=50 (full 3):
 PSYoungGen      total 15872K, used 15855K [0x00000000eab00000, 0x00000000ebd00000, 0x0000000100000000)
  eden space 15360K, 100% used [0x00000000eab00000,0x00000000eba00000,0x00000000eba00000)
  from space 512K, 96% used [0x00000000ebc00000,0x00000000ebc7beb0,0x00000000ebc80000)
  to   space 1536K, 0% used [0x00000000eba00000,0x00000000eba00000,0x00000000ebb80000)
 ParOldGen       total 68608K, used 41277K [0x00000000c0000000, 0x00000000c4300000, 0x00000000eab00000)
  object space 68608K, 60% used [0x00000000c0000000,0x00000000c284f4e8,0x00000000c4300000)
 Metaspace       used 61931K, committed 63232K, reserved 1114112K
  class space    used 7656K, committed 8256K, reserved 1048576K
}
Event: 11.234 GC heap after
{Heap after GC invocations=50 (full 3):
 PSYoungGen      total 16896K, used 480K [0x00000000eab00000, 0x00000000ebc80000, 0x0000000100000000)
  eden space 15360K, 0% used [0x00000000eab00000,0x00000000eab00000,0x00000000eba00000)
  from space 1536K, 31% used [0x00000000eba00000,0x00000000eba78000,0x00000000ebb80000)
  to   space 1024K, 0% used [0x00000000ebb80000,0x00000000ebb80000,0x00000000ebc80000)
 ParOldGen       total 68608K, used 41309K [0x00000000c0000000, 0x00000000c4300000, 0x00000000eab00000)
  object space 68608K, 60% used [0x00000000c0000000,0x00000000c28574e8,0x00000000c4300000)
 Metaspace       used 61931K, committed 63232K, reserved 1114112K
  class space    used 7656K, committed 8256K, reserved 1048576K
}
Event: 12.525 GC heap before
{Heap before GC invocations=51 (full 3):
 PSYoungGen      total 16896K, used 15840K [0x00000000eab00000, 0x00000000ebc80000, 0x0000000100000000)
  eden space 15360K, 100% used [0x00000000eab00000,0x00000000eba00000,0x00000000eba00000)
  from space 1536K, 31% used [0x00000000eba00000,0x00000000eba78000,0x00000000ebb80000)
  to   space 1024K, 0% used [0x00000000ebb80000,0x00000000ebb80000,0x00000000ebc80000)
 ParOldGen       total 68608K, used 41309K [0x00000000c0000000, 0x00000000c4300000, 0x00000000eab00000)
  object space 68608K, 60% used [0x00000000c0000000,0x00000000c28574e8,0x00000000c4300000)
 Metaspace       used 62752K, committed 64128K, reserved 1114112K
  class space    used 7742K, committed 8384K, reserved 1048576K
}
Event: 12.526 GC heap after
{Heap after GC invocations=51 (full 3):
 PSYoungGen      total 16384K, used 688K [0x00000000eab00000, 0x00000000ebc80000, 0x0000000100000000)
  eden space 15360K, 0% used [0x00000000eab00000,0x00000000eab00000,0x00000000eba00000)
  from space 1024K, 67% used [0x00000000ebb80000,0x00000000ebc2c020,0x00000000ebc80000)
  to   space 1024K, 0% used [0x00000000eba80000,0x00000000eba80000,0x00000000ebb80000)
 ParOldGen       total 68608K, used 41581K [0x00000000c0000000, 0x00000000c4300000, 0x00000000eab00000)
  object space 68608K, 60% used [0x00000000c0000000,0x00000000c289b4e8,0x00000000c4300000)
 Metaspace       used 62752K, committed 64128K, reserved 1114112K
  class space    used 7742K, committed 8384K, reserved 1048576K
}
Event: 12.682 GC heap before
{Heap before GC invocations=52 (full 3):
 PSYoungGen      total 16384K, used 16048K [0x00000000eab00000, 0x00000000ebc80000, 0x0000000100000000)
  eden space 15360K, 100% used [0x00000000eab00000,0x00000000eba00000,0x00000000eba00000)
  from space 1024K, 67% used [0x00000000ebb80000,0x00000000ebc2c020,0x00000000ebc80000)
  to   space 1024K, 0% used [0x00000000eba80000,0x00000000eba80000,0x00000000ebb80000)
 ParOldGen       total 68608K, used 41581K [0x00000000c0000000, 0x00000000c4300000, 0x00000000eab00000)
  object space 68608K, 60% used [0x00000000c0000000,0x00000000c289b4e8,0x00000000c4300000)
 Metaspace       used 62769K, committed 64128K, reserved 1114112K
  class space    used 7742K, committed 8384K, reserved 1048576K
}
Event: 12.684 GC heap after
{Heap after GC invocations=52 (full 3):
 PSYoungGen      total 16384K, used 160K [0x00000000eab00000, 0x00000000ebc00000, 0x0000000100000000)
  eden space 15360K, 0% used [0x00000000eab00000,0x00000000eab00000,0x00000000eba00000)
  from space 1024K, 15% used [0x00000000eba80000,0x00000000ebaa8000,0x00000000ebb80000)
  to   space 512K, 0% used [0x00000000ebb80000,0x00000000ebb80000,0x00000000ebc00000)
 ParOldGen       total 68608K, used 42189K [0x00000000c0000000, 0x00000000c4300000, 0x00000000eab00000)
  object space 68608K, 61% used [0x00000000c0000000,0x00000000c2933538,0x00000000c4300000)
 Metaspace       used 62769K, committed 64128K, reserved 1114112K
  class space    used 7742K, committed 8384K, reserved 1048576K
}
Event: 12.914 GC heap before
{Heap before GC invocations=53 (full 3):
 PSYoungGen      total 16384K, used 15520K [0x00000000eab00000, 0x00000000ebc00000, 0x0000000100000000)
  eden space 15360K, 100% used [0x00000000eab00000,0x00000000eba00000,0x00000000eba00000)
  from space 1024K, 15% used [0x00000000eba80000,0x00000000ebaa8000,0x00000000ebb80000)
  to   space 512K, 0% used [0x00000000ebb80000,0x00000000ebb80000,0x00000000ebc00000)
 ParOldGen       total 68608K, used 42189K [0x00000000c0000000, 0x00000000c4300000, 0x00000000eab00000)
  object space 68608K, 61% used [0x00000000c0000000,0x00000000c2933538,0x00000000c4300000)
 Metaspace       used 63101K, committed 64448K, reserved 1114112K
  class space    used 7802K, committed 8448K, reserved 1048576K
}
Event: 12.916 GC heap after
{Heap after GC invocations=53 (full 3):
 PSYoungGen      total 13824K, used 512K [0x00000000eab00000, 0x00000000ec100000, 0x0000000100000000)
  eden space 13312K, 0% used [0x00000000eab00000,0x00000000eab00000,0x00000000eb800000)
  from space 512K, 100% used [0x00000000ebb80000,0x00000000ebc00000,0x00000000ebc00000)
  to   space 3584K, 0% used [0x00000000eb800000,0x00000000eb800000,0x00000000ebb80000)
 ParOldGen       total 68608K, used 44687K [0x00000000c0000000, 0x00000000c4300000, 0x00000000eab00000)
  object space 68608K, 65% used [0x00000000c0000000,0x00000000c2ba3c40,0x00000000c4300000)
 Metaspace       used 63101K, committed 64448K, reserved 1114112K
  class space    used 7802K, committed 8448K, reserved 1048576K
}
Event: 13.715 GC heap before
{Heap before GC invocations=54 (full 3):
 PSYoungGen      total 13824K, used 13824K [0x00000000eab00000, 0x00000000ec100000, 0x0000000100000000)
  eden space 13312K, 100% used [0x00000000eab00000,0x00000000eb800000,0x00000000eb800000)
  from space 512K, 100% used [0x00000000ebb80000,0x00000000ebc00000,0x00000000ebc00000)
  to   space 3584K, 0% used [0x00000000eb800000,0x00000000eb800000,0x00000000ebb80000)
 ParOldGen       total 68608K, used 44687K [0x00000000c0000000, 0x00000000c4300000, 0x00000000eab00000)
  object space 68608K, 65% used [0x00000000c0000000,0x00000000c2ba3c40,0x00000000c4300000)
 Metaspace       used 63505K, committed 64896K, reserved 1114112K
  class space    used 7840K, committed 8512K, reserved 1048576K
}
Event: 13.728 GC heap after
{Heap after GC invocations=54 (full 3):
 PSYoungGen      total 13824K, used 451K [0x00000000eab00000, 0x00000000ebc00000, 0x0000000100000000)
  eden space 13312K, 0% used [0x00000000eab00000,0x00000000eab00000,0x00000000eb800000)
  from space 512K, 88% used [0x00000000eb800000,0x00000000eb870ea8,0x00000000eb880000)
  to   space 1536K, 0% used [0x00000000eba80000,0x00000000eba80000,0x00000000ebc00000)
 ParOldGen       total 68608K, used 45194K [0x00000000c0000000, 0x00000000c4300000, 0x00000000eab00000)
  object space 68608K, 65% used [0x00000000c0000000,0x00000000c2c22830,0x00000000c4300000)
 Metaspace       used 63505K, committed 64896K, reserved 1114112K
  class space    used 7840K, committed 8512K, reserved 1048576K
}
Event: 14.236 GC heap before
{Heap before GC invocations=55 (full 3):
 PSYoungGen      total 13824K, used 13763K [0x00000000eab00000, 0x00000000ebc00000, 0x0000000100000000)
  eden space 13312K, 100% used [0x00000000eab00000,0x00000000eb800000,0x00000000eb800000)
  from space 512K, 88% used [0x00000000eb800000,0x00000000eb870ea8,0x00000000eb880000)
  to   space 1536K, 0% used [0x00000000eba80000,0x00000000eba80000,0x00000000ebc00000)
 ParOldGen       total 68608K, used 45194K [0x00000000c0000000, 0x00000000c4300000, 0x00000000eab00000)
  object space 68608K, 65% used [0x00000000c0000000,0x00000000c2c22830,0x00000000c4300000)
 Metaspace       used 63509K, committed 64896K, reserved 1114112K
  class space    used 7840K, committed 8512K, reserved 1048576K
}
Event: 14.237 GC heap after
{Heap after GC invocations=55 (full 3):
 PSYoungGen      total 13824K, used 96K [0x00000000eab00000, 0x00000000ebb00000, 0x0000000100000000)
  eden space 13312K, 0% used [0x00000000eab00000,0x00000000eab00000,0x00000000eb800000)
  from space 512K, 18% used [0x00000000eba80000,0x00000000eba98000,0x00000000ebb00000)
  to   space 512K, 0% used [0x00000000eb800000,0x00000000eb800000,0x00000000eb880000)
 ParOldGen       total 68608K, used 45581K [0x00000000c0000000, 0x00000000c4300000, 0x00000000eab00000)
  object space 68608K, 66% used [0x00000000c0000000,0x00000000c2c836e8,0x00000000c4300000)
 Metaspace       used 63509K, committed 64896K, reserved 1114112K
  class space    used 7840K, committed 8512K, reserved 1048576K
}

Dll operation events (15 events):
Event: 0.012 Loaded shared library c:\Users\amali\.vscode\extensions\redhat.java-1.42.0-win32-x64\jre\21.0.7-win32-x86_64\bin\java.dll
Event: 0.102 Loaded shared library c:\Users\amali\.vscode\extensions\redhat.java-1.42.0-win32-x64\jre\21.0.7-win32-x86_64\bin\zip.dll
Event: 0.130 Loaded shared library C:\Users\amali\.vscode\extensions\redhat.java-1.42.0-win32-x64\jre\21.0.7-win32-x86_64\bin\instrument.dll
Event: 0.136 Loaded shared library C:\Users\amali\.vscode\extensions\redhat.java-1.42.0-win32-x64\jre\21.0.7-win32-x86_64\bin\net.dll
Event: 0.138 Loaded shared library C:\Users\amali\.vscode\extensions\redhat.java-1.42.0-win32-x64\jre\21.0.7-win32-x86_64\bin\nio.dll
Event: 0.143 Loaded shared library C:\Users\amali\.vscode\extensions\redhat.java-1.42.0-win32-x64\jre\21.0.7-win32-x86_64\bin\zip.dll
Event: 0.167 Loaded shared library C:\Users\amali\.vscode\extensions\redhat.java-1.42.0-win32-x64\jre\21.0.7-win32-x86_64\bin\jimage.dll
Event: 0.273 Loaded shared library c:\Users\amali\.vscode\extensions\redhat.java-1.42.0-win32-x64\jre\21.0.7-win32-x86_64\bin\verify.dll
Event: 1.814 Loaded shared library C:\Users\amali\AppData\Roaming\Code\User\globalStorage\redhat.java\1.42.0\config_win\org.eclipse.equinox.launcher\org.eclipse.equinox.launcher.win32.win32.x86_64_1.2.1300.v20250331-1702\eclipse_11911.dll
Event: 3.808 Loaded shared library C:\Users\amali\AppData\Local\Temp\jna-2018896\jna4778398246795481587.dll
Event: 6.896 Loaded shared library C:\Users\amali\.gradle\native\c067742578af261105cb4f569cf0c3c89f3d7b1fecec35dd04571415982c5e48\windows-amd64\native-platform.dll
Event: 8.555 Loaded shared library C:\Users\amali\.vscode\extensions\redhat.java-1.42.0-win32-x64\jre\21.0.7-win32-x86_64\bin\management.dll
Event: 8.560 Loaded shared library C:\Users\amali\.vscode\extensions\redhat.java-1.42.0-win32-x64\jre\21.0.7-win32-x86_64\bin\management_ext.dll
Event: 11.175 Loaded shared library C:\Users\amali\.vscode\extensions\redhat.java-1.42.0-win32-x64\jre\21.0.7-win32-x86_64\bin\extnet.dll
Event: 11.237 Loaded shared library C:\Users\amali\.vscode\extensions\redhat.java-1.42.0-win32-x64\jre\21.0.7-win32-x86_64\bin\sunmscapi.dll

Deoptimization events (20 events):
Event: 12.959 Thread 0x0000022554e86b30 Uncommon trap: trap_request=0xffffff45 fr.pc=0x0000022507c61ff0 relative=0x0000000000000150
Event: 12.959 Thread 0x0000022554e86b30 Uncommon trap: reason=unstable_if action=reinterpret pc=0x0000022507c61ff0 method=java.lang.StringConcatHelper.prepend(J[BLjava/lang/String;)J @ 13 c2
Event: 12.959 Thread 0x0000022554e86b30 DEOPT PACKING pc=0x0000022507c61ff0 sp=0x0000009dfa7fdff0
Event: 12.959 Thread 0x0000022554e86b30 DEOPT UNPACKING pc=0x0000022507586da2 sp=0x0000009dfa7fdfa0 mode 2
Event: 12.960 Thread 0x0000022554e86b30 Uncommon trap: trap_request=0xffffff45 fr.pc=0x0000022507c7ef60 relative=0x00000000000000c0
Event: 12.960 Thread 0x0000022554e86b30 Uncommon trap: reason=unstable_if action=reinterpret pc=0x0000022507c7ef60 method=java.lang.StringConcatHelper.newString([BJ)Ljava/lang/String; @ 3 c2
Event: 12.960 Thread 0x0000022554e86b30 DEOPT PACKING pc=0x0000022507c7ef60 sp=0x0000009dfa7fe140
Event: 12.960 Thread 0x0000022554e86b30 DEOPT UNPACKING pc=0x0000022507586da2 sp=0x0000009dfa7fe0c8 mode 2
Event: 12.961 Thread 0x0000022554e86b30 Uncommon trap: trap_request=0xffffff45 fr.pc=0x0000022507b3f3c4 relative=0x00000000000006a4
Event: 12.961 Thread 0x0000022554e86b30 Uncommon trap: reason=unstable_if action=reinterpret pc=0x0000022507b3f3c4 method=java.lang.AbstractStringBuilder.appendChars(Ljava/lang/String;II)V @ 11 c2
Event: 12.961 Thread 0x0000022554e86b30 DEOPT PACKING pc=0x0000022507b3f3c4 sp=0x0000009dfa7fd6a0
Event: 12.961 Thread 0x0000022554e86b30 DEOPT UNPACKING pc=0x0000022507586da2 sp=0x0000009dfa7fd5e0 mode 2
Event: 12.986 Thread 0x0000022554e86b30 Uncommon trap: trap_request=0xffffff45 fr.pc=0x0000022507e82664 relative=0x0000000000000b44
Event: 12.986 Thread 0x0000022554e86b30 Uncommon trap: reason=unstable_if action=reinterpret pc=0x0000022507e82664 method=org.eclipse.core.internal.dtree.DeltaDataTree.lookup(Lorg/eclipse/core/runtime/IPath;)Lorg/eclipse/core/internal/dtree/DataTreeLookup; @ 136 c2
Event: 12.986 Thread 0x0000022554e86b30 DEOPT PACKING pc=0x0000022507e82664 sp=0x0000009dfa7fe870
Event: 12.986 Thread 0x0000022554e86b30 DEOPT UNPACKING pc=0x0000022507586da2 sp=0x0000009dfa7fe7c8 mode 2
Event: 12.987 Thread 0x0000022554e86b30 Uncommon trap: trap_request=0xffffff45 fr.pc=0x0000022507e75944 relative=0x0000000000000924
Event: 12.987 Thread 0x0000022554e86b30 Uncommon trap: reason=unstable_if action=reinterpret pc=0x0000022507e75944 method=org.eclipse.core.internal.dtree.DeltaDataTree.lookup(Lorg/eclipse/core/runtime/IPath;)Lorg/eclipse/core/internal/dtree/DataTreeLookup; @ 136 c2
Event: 12.987 Thread 0x0000022554e86b30 DEOPT PACKING pc=0x0000022507e75944 sp=0x0000009dfa7fe810
Event: 12.987 Thread 0x0000022554e86b30 DEOPT UNPACKING pc=0x0000022507586da2 sp=0x0000009dfa7fe7c8 mode 2

Classes loaded (20 events):
Event: 11.297 Loading class java/nio/channels/spi/AbstractSelector$1
Event: 11.297 Loading class java/nio/channels/spi/AbstractSelector$1 done
Event: 11.306 Loading class java/util/concurrent/Executors$AutoShutdownDelegatedExecutorService
Event: 11.306 Loading class java/util/concurrent/Executors$AutoShutdownDelegatedExecutorService done
Event: 11.312 Loading class java/lang/UnsupportedClassVersionError
Event: 11.312 Loading class java/lang/UnsupportedClassVersionError done
Event: 12.741 Loading class java/time/Ser
Event: 12.741 Loading class java/time/Ser done
Event: 12.788 Loading class java/net/UrlDeserializedState
Event: 12.788 Loading class java/net/UrlDeserializedState done
Event: 12.789 Loading class java/net/Proxy
Event: 12.789 Loading class java/net/Proxy done
Event: 12.857 Loading class java/lang/Throwable$PrintStreamOrWriter
Event: 12.857 Loading class java/lang/Throwable$PrintStreamOrWriter done
Event: 12.950 Loading class sun/misc/SharedSecrets
Event: 12.950 Loading class sun/misc/SharedSecrets done
Event: 12.950 Loading class java/lang/Throwable$WrappedPrintWriter
Event: 12.950 Loading class java/lang/Throwable$WrappedPrintWriter done
Event: 12.999 Loading class java/security/DigestInputStream
Event: 12.999 Loading class java/security/DigestInputStream done

Classes unloaded (17 events):
Event: 4.604 Thread 0x000002257428e8b0 Unloading class 0x000002251019c400 'java/lang/invoke/LambdaForm$MH+0x000002251019c400'
Event: 4.604 Thread 0x000002257428e8b0 Unloading class 0x000002251019c000 'java/lang/invoke/LambdaForm$MH+0x000002251019c000'
Event: 4.604 Thread 0x000002257428e8b0 Unloading class 0x000002251019bc00 'java/lang/invoke/LambdaForm$MH+0x000002251019bc00'
Event: 4.604 Thread 0x000002257428e8b0 Unloading class 0x000002251019b800 'java/lang/invoke/LambdaForm$MH+0x000002251019b800'
Event: 4.604 Thread 0x000002257428e8b0 Unloading class 0x000002251019b400 'java/lang/invoke/LambdaForm$BMH+0x000002251019b400'
Event: 4.604 Thread 0x000002257428e8b0 Unloading class 0x000002251019b000 'java/lang/invoke/LambdaForm$DMH+0x000002251019b000'
Event: 4.604 Thread 0x000002257428e8b0 Unloading class 0x0000022510199c00 'java/lang/invoke/LambdaForm$DMH+0x0000022510199c00'
Event: 6.063 Thread 0x000002257428e8b0 Unloading class 0x000002251031cc00 'java/lang/invoke/LambdaForm$MH+0x000002251031cc00'
Event: 6.064 Thread 0x000002257428e8b0 Unloading class 0x000002251031c000 'java/lang/invoke/LambdaForm$MH+0x000002251031c000'
Event: 6.064 Thread 0x000002257428e8b0 Unloading class 0x000002251031b800 'java/lang/invoke/LambdaForm$MH+0x000002251031b800'
Event: 6.064 Thread 0x000002257428e8b0 Unloading class 0x000002251031b000 'java/lang/invoke/LambdaForm$MH+0x000002251031b000'
Event: 6.064 Thread 0x000002257428e8b0 Unloading class 0x000002251031ac00 'java/lang/invoke/LambdaForm$DMH+0x000002251031ac00'
Event: 6.064 Thread 0x000002257428e8b0 Unloading class 0x0000022510314000 'java/lang/invoke/LambdaForm$MH+0x0000022510314000'
Event: 6.064 Thread 0x000002257428e8b0 Unloading class 0x0000022510312c00 'java/lang/invoke/LambdaForm$MH+0x0000022510312c00'
Event: 6.064 Thread 0x000002257428e8b0 Unloading class 0x0000022510312400 'java/lang/invoke/LambdaForm$MH+0x0000022510312400'
Event: 6.064 Thread 0x000002257428e8b0 Unloading class 0x0000022510311800 'java/lang/invoke/LambdaForm$MH+0x0000022510311800'
Event: 6.064 Thread 0x000002257428e8b0 Unloading class 0x0000022510310800 'java/lang/invoke/LambdaForm$MH+0x0000022510310800'

Classes redefined (0 events):
No events

Internal exceptions (20 events):
Event: 12.757 Thread 0x0000022558a5ff90 Exception <a 'java/lang/NoSuchMethodError'{0x00000000eaf09d08}: static Lorg/gradle/internal/build/event/types/DefaultFailure;.<clinit>()V> (0x00000000eaf09d08) 
thrown [s\src\hotspot\share\prims\jni.cpp, line 1111]
Event: 12.768 Thread 0x0000022558a5ff90 Exception <a 'java/lang/NoSuchMethodError'{0x00000000eafaff60}: static Lorg/gradle/internal/build/event/types/DefaultProjectConfigurationFailureResult;.<clinit>()V> (0x00000000eafaff60) 
thrown [s\src\hotspot\share\prims\jni.cpp, line 1111]
Event: 12.786 Thread 0x0000022558a5ff90 Exception <a 'java/lang/NoSuchMethodError'{0x00000000eb0fab10}: static Lorg/gradle/internal/classloader/ClassLoaderSpec;.<clinit>()V> (0x00000000eb0fab10) 
thrown [s\src\hotspot\share\prims\jni.cpp, line 1111]
Event: 12.787 Thread 0x0000022558a5ff90 Exception <a 'java/lang/NoSuchMethodError'{0x00000000eb10b518}: static Lorg/gradle/internal/classloader/VisitableURLClassLoader$Spec;.<clinit>()V> (0x00000000eb10b518) 
thrown [s\src\hotspot\share\prims\jni.cpp, line 1111]
Event: 12.802 Thread 0x0000022558a5ff90 Exception <a 'java/lang/NoSuchMethodError'{0x00000000eb1c9630}: static Lorg/gradle/internal/classloader/FilteringClassLoader$Spec;.<clinit>()V> (0x00000000eb1c9630) 
thrown [s\src\hotspot\share\prims\jni.cpp, line 1111]
Event: 12.804 Thread 0x0000022558a5ff90 Exception <a 'java/lang/NoSuchMethodError'{0x00000000eb1f5728}: static Lorg/gradle/internal/classloader/CachingClassLoader$Spec;.<clinit>()V> (0x00000000eb1f5728) 
thrown [s\src\hotspot\share\prims\jni.cpp, line 1111]
Event: 12.822 Thread 0x0000022558a5ff90 Exception <a 'java/lang/NoSuchMethodError'{0x00000000eb2bd7f0}: static [B.<clinit>()V> (0x00000000eb2bd7f0) 
thrown [s\src\hotspot\share\prims\jni.cpp, line 1111]
Event: 12.860 Thread 0x0000022558a5ff90 Exception <a 'java/lang/NoSuchMethodError'{0x00000000eb7345a8}: static Lcom/android/builder/errors/EvalIssueException;.<clinit>()V> (0x00000000eb7345a8) 
thrown [s\src\hotspot\share\prims\jni.cpp, line 1111]
Event: 12.881 Thread 0x0000022558a5ff90 Exception <a 'java/lang/NoSuchMethodError'{0x00000000eb82f030}: static [Ljava/lang/StackTraceElement;.<clinit>()V> (0x00000000eb82f030) 
thrown [s\src\hotspot\share\prims\jni.cpp, line 1111]
Event: 12.887 Thread 0x0000022558a5ff90 Exception <a 'java/lang/NoSuchMethodError'{0x00000000eb88e2f0}: static Lorg/gradle/api/GradleException;.<clinit>()V> (0x00000000eb88e2f0) 
thrown [s\src\hotspot\share\prims\jni.cpp, line 1111]
Event: 12.888 Thread 0x0000022558a5ff90 Exception <a 'java/lang/NoSuchMethodError'{0x00000000eb88f6a8}: static Lorg/gradle/api/internal/plugins/PluginApplicationException;.<clinit>()V> (0x00000000eb88f6a8) 
thrown [s\src\hotspot\share\prims\jni.cpp, line 1111]
Event: 12.895 Thread 0x0000022558a5ff90 Exception <a 'java/lang/NoSuchMethodError'{0x00000000eb8ef058}: static Lorg/gradle/api/plugins/InvalidPluginException;.<clinit>()V> (0x00000000eb8ef058) 
thrown [s\src\hotspot\share\prims\jni.cpp, line 1111]
Event: 12.904 Thread 0x0000022558a5ff90 Exception <a 'java/lang/NoSuchMethodError'{0x00000000eb979b90}: static Lorg/gradle/internal/exceptions/ContextAwareException;.<clinit>()V> (0x00000000eb979b90) 
thrown [s\src\hotspot\share\prims\jni.cpp, line 1111]
Event: 12.904 Thread 0x0000022558a5ff90 Exception <a 'java/lang/NoSuchMethodError'{0x00000000eb97bf60}: static Lorg/gradle/internal/exceptions/LocationAwareException;.<clinit>()V> (0x00000000eb97bf60) 
thrown [s\src\hotspot\share\prims\jni.cpp, line 1111]
Event: 12.917 Thread 0x0000022558a5ff90 Exception <a 'java/lang/NoSuchMethodError'{0x00000000eab199c0}: static Lorg/gradle/internal/exceptions/DefaultMultiCauseException;.<clinit>()V> (0x00000000eab199c0) 
thrown [s\src\hotspot\share\prims\jni.cpp, line 1111]
Event: 12.918 Thread 0x0000022558a5ff90 Exception <a 'java/lang/NoSuchMethodError'{0x00000000eab1dd70}: static Lorg/gradle/api/ProjectConfigurationException;.<clinit>()V> (0x00000000eab1dd70) 
thrown [s\src\hotspot\share\prims\jni.cpp, line 1111]
Event: 12.921 Thread 0x0000022558a5ff90 Exception <a 'java/lang/NoSuchMethodError'{0x00000000eab55748}: static Lorg/gradle/tooling/internal/protocol/InternalBuildActionFailureException;.<clinit>()V> (0x00000000eab55748) 
thrown [s\src\hotspot\share\prims\jni.cpp, line 1111]
Event: 12.950 Thread 0x0000022554e86b30 Exception <a 'java/lang/ClassNotFoundException'{0x00000000eaca1d58}: sun/misc/SharedSecrets> (0x00000000eaca1d58) 
thrown [s\src\hotspot\share\classfile\systemDictionary.cpp, line 312]
Event: 12.952 Thread 0x0000022554e86b30 Exception <a 'java/lang/NoSuchMethodError'{0x00000000ead0c998}: 'void java.lang.invoke.DirectMethodHandle$Holder.invokeStatic(java.lang.Object, int, java.lang.Object)'> (0x00000000ead0c998) 
thrown [s\src\hotspot\share\interpreter\linkResolver.cpp, line 773]
Event: 12.953 Thread 0x0000022554e86b30 Exception <a 'java/lang/NoSuchMethodError'{0x00000000ead4da40}: 'void java.lang.invoke.DirectMethodHandle$Holder.invokeSpecialIFC(java.lang.Object, java.lang.Object, java.lang.Object, java.lang.Object)'> (0x00000000ead4da40) 
thrown [s\src\hotspot\share\interpreter\linkResolver.cpp, line 773]

ZGC Phase Switch (0 events):
No events

VM Operations (20 events):
Event: 11.240 Executing VM operation: HandshakeAllThreads (Deoptimize)
Event: 11.240 Executing VM operation: HandshakeAllThreads (Deoptimize) done
Event: 12.240 Executing VM operation: Cleanup
Event: 12.240 Executing VM operation: Cleanup done
Event: 12.524 Executing VM operation: ParallelGCFailedAllocation (Allocation Failure)
Event: 12.526 Executing VM operation: ParallelGCFailedAllocation (Allocation Failure) done
Event: 12.682 Executing VM operation: ParallelGCFailedAllocation (Allocation Failure)
Event: 12.684 Executing VM operation: ParallelGCFailedAllocation (Allocation Failure) done
Event: 12.752 Executing VM operation: HandshakeAllThreads (Deoptimize)
Event: 12.752 Executing VM operation: HandshakeAllThreads (Deoptimize) done
Event: 12.815 Executing VM operation: HandshakeAllThreads (Deoptimize)
Event: 12.815 Executing VM operation: HandshakeAllThreads (Deoptimize) done
Event: 12.913 Executing VM operation: HandshakeAllThreads (Deoptimize)
Event: 12.914 Executing VM operation: HandshakeAllThreads (Deoptimize) done
Event: 12.914 Executing VM operation: ParallelGCFailedAllocation (Allocation Failure)
Event: 12.916 Executing VM operation: ParallelGCFailedAllocation (Allocation Failure) done
Event: 13.715 Executing VM operation: ParallelGCFailedAllocation (Allocation Failure)
Event: 13.728 Executing VM operation: ParallelGCFailedAllocation (Allocation Failure) done
Event: 14.236 Executing VM operation: ParallelGCFailedAllocation (Allocation Failure)
Event: 14.237 Executing VM operation: ParallelGCFailedAllocation (Allocation Failure) done

Memory protections (0 events):
No events

Nmethod flushes (20 events):
Event: 9.892 Thread 0x000002257428e8b0 flushing  nmethod 0x0000022500877190
Event: 9.892 Thread 0x000002257428e8b0 flushing  nmethod 0x0000022500897a10
Event: 9.892 Thread 0x000002257428e8b0 flushing  nmethod 0x000002250089c810
Event: 9.892 Thread 0x000002257428e8b0 flushing  nmethod 0x000002250089d310
Event: 9.892 Thread 0x000002257428e8b0 flushing  nmethod 0x000002250089d690
Event: 9.892 Thread 0x000002257428e8b0 flushing  nmethod 0x000002250089dc90
Event: 9.892 Thread 0x000002257428e8b0 flushing  nmethod 0x000002250089fc90
Event: 9.892 Thread 0x000002257428e8b0 flushing  nmethod 0x00000225008a0310
Event: 9.892 Thread 0x000002257428e8b0 flushing  nmethod 0x00000225008a9210
Event: 9.892 Thread 0x000002257428e8b0 flushing  nmethod 0x00000225008ae190
Event: 9.892 Thread 0x000002257428e8b0 flushing  nmethod 0x00000225008b6390
Event: 9.892 Thread 0x000002257428e8b0 flushing  nmethod 0x00000225008bfe10
Event: 9.892 Thread 0x000002257428e8b0 flushing  nmethod 0x00000225008d4390
Event: 9.892 Thread 0x000002257428e8b0 flushing  nmethod 0x00000225008db890
Event: 9.892 Thread 0x000002257428e8b0 flushing  nmethod 0x00000225008f4410
Event: 9.892 Thread 0x000002257428e8b0 flushing  nmethod 0x0000022500903b90
Event: 9.892 Thread 0x000002257428e8b0 flushing  nmethod 0x0000022500926790
Event: 9.892 Thread 0x000002257428e8b0 flushing  nmethod 0x000002250092f010
Event: 9.892 Thread 0x000002257428e8b0 flushing  nmethod 0x0000022500930890
Event: 9.892 Thread 0x000002257428e8b0 flushing  nmethod 0x0000022500931010

Events (20 events):
Event: 10.202 Thread 0x00000225742ae230 Thread added: 0x0000022558d07250
Event: 11.110 Thread 0x0000022558d07250 Thread exited: 0x0000022558d07250
Event: 11.125 Thread 0x00000225742ae230 Thread added: 0x0000022558d07ff0
Event: 11.157 Thread 0x0000022558a5ff90 Thread added: 0x0000022558a5bdf0
Event: 11.698 Thread 0x0000022558d07ff0 Thread exited: 0x0000022558d07ff0
Event: 11.896 Thread 0x000002257429c4d0 Thread added: 0x0000022558d07ff0
Event: 12.020 Thread 0x0000022558d07ff0 Thread exited: 0x0000022558d07ff0
Event: 12.526 Thread 0x00000225742ae230 Thread added: 0x0000022558d064b0
Event: 12.553 Thread 0x00000225742ae230 Thread added: 0x0000022558d06b80
Event: 12.811 Thread 0x0000022558a5bdf0 Thread exited: 0x0000022558a5bdf0
Event: 12.924 Thread 0x0000022558a5ff90 Thread exited: 0x0000022558a5ff90
Event: 12.969 Thread 0x0000022554e86b30 Thread added: 0x0000022558a5ff90
Event: 12.970 Thread 0x0000022554e86b30 Thread added: 0x0000022558a61340
Event: 12.984 Thread 0x0000022558a61340 Thread exited: 0x0000022558a61340
Event: 12.993 Thread 0x0000022554e86b30 Thread added: 0x0000022558a61340
Event: 12.994 Thread 0x0000022554e86b30 Thread added: 0x0000022558a5bdf0
Event: 13.009 Thread 0x0000022558a5bdf0 Thread added: 0x0000022558a5cb10
Event: 13.306 Thread 0x0000022558d064b0 Thread exited: 0x0000022558d064b0
Event: 13.306 Thread 0x0000022558d06b80 Thread exited: 0x0000022558d06b80
Event: 14.310 Thread 0x00000225742ae230 Thread added: 0x0000022558d07920


Dynamic libraries:
0x00007ff754fe0000 - 0x00007ff754fee000 	c:\Users\amali\.vscode\extensions\redhat.java-1.42.0-win32-x64\jre\21.0.7-win32-x86_64\bin\java.exe
0x00007ffc6e470000 - 0x00007ffc6e687000 	C:\Windows\SYSTEM32\ntdll.dll
0x00007ffc6d440000 - 0x00007ffc6d504000 	C:\Windows\System32\KERNEL32.DLL
0x00007ffc6ba30000 - 0x00007ffc6be03000 	C:\Windows\System32\KERNELBASE.dll
0x00007ffc6bfe0000 - 0x00007ffc6c0f1000 	C:\Windows\System32\ucrtbase.dll
0x00007ffc5d3c0000 - 0x00007ffc5d3de000 	c:\Users\amali\.vscode\extensions\redhat.java-1.42.0-win32-x64\jre\21.0.7-win32-x86_64\bin\VCRUNTIME140.dll
0x00007ffc5c870000 - 0x00007ffc5c888000 	c:\Users\amali\.vscode\extensions\redhat.java-1.42.0-win32-x64\jre\21.0.7-win32-x86_64\bin\jli.dll
0x00007ffc6dd50000 - 0x00007ffc6df01000 	C:\Windows\System32\USER32.dll
0x00007ffc6bfb0000 - 0x00007ffc6bfd6000 	C:\Windows\System32\win32u.dll
0x00007ffc4f190000 - 0x00007ffc4f42b000 	C:\Windows\WinSxS\amd64_microsoft.windows.common-controls_6595b64144ccf1df_6.0.22621.5262_none_2712bde373830908\COMCTL32.dll
0x00007ffc6dd20000 - 0x00007ffc6dd49000 	C:\Windows\System32\GDI32.dll
0x00007ffc6e100000 - 0x00007ffc6e1a7000 	C:\Windows\System32\msvcrt.dll
0x00007ffc6b560000 - 0x00007ffc6b682000 	C:\Windows\System32\gdi32full.dll
0x00007ffc6b910000 - 0x00007ffc6b9aa000 	C:\Windows\System32\msvcp_win.dll
0x00007ffc6e310000 - 0x00007ffc6e341000 	C:\Windows\System32\IMM32.DLL
0x00007ffc64540000 - 0x00007ffc6454c000 	c:\Users\amali\.vscode\extensions\redhat.java-1.42.0-win32-x64\jre\21.0.7-win32-x86_64\bin\vcruntime140_1.dll
0x00007ffc34720000 - 0x00007ffc347ad000 	c:\Users\amali\.vscode\extensions\redhat.java-1.42.0-win32-x64\jre\21.0.7-win32-x86_64\bin\msvcp140.dll
0x00007ffc16930000 - 0x00007ffc176c0000 	c:\Users\amali\.vscode\extensions\redhat.java-1.42.0-win32-x64\jre\21.0.7-win32-x86_64\bin\server\jvm.dll
0x00007ffc6d710000 - 0x00007ffc6d7c1000 	C:\Windows\System32\ADVAPI32.dll
0x00007ffc6db70000 - 0x00007ffc6dc17000 	C:\Windows\System32\sechost.dll
0x00007ffc6be10000 - 0x00007ffc6be38000 	C:\Windows\System32\bcrypt.dll
0x00007ffc6d510000 - 0x00007ffc6d624000 	C:\Windows\System32\RPCRT4.dll
0x00007ffc6c100000 - 0x00007ffc6c171000 	C:\Windows\System32\WS2_32.dll
0x00007ffc6a3c0000 - 0x00007ffc6a40d000 	C:\Windows\SYSTEM32\POWRPROF.dll
0x00007ffc63db0000 - 0x00007ffc63dba000 	C:\Windows\SYSTEM32\VERSION.dll
0x00007ffc64370000 - 0x00007ffc643a4000 	C:\Windows\SYSTEM32\WINMM.dll
0x00007ffc6a3a0000 - 0x00007ffc6a3b3000 	C:\Windows\SYSTEM32\UMPDC.dll
0x00007ffc6a670000 - 0x00007ffc6a688000 	C:\Windows\SYSTEM32\kernel.appcore.dll
0x00007ffc63230000 - 0x00007ffc6323a000 	c:\Users\amali\.vscode\extensions\redhat.java-1.42.0-win32-x64\jre\21.0.7-win32-x86_64\bin\jimage.dll
0x00007ffc68a30000 - 0x00007ffc68c62000 	C:\Windows\SYSTEM32\DBGHELP.DLL
0x00007ffc6d7d0000 - 0x00007ffc6db63000 	C:\Windows\System32\combase.dll
0x00007ffc6e350000 - 0x00007ffc6e427000 	C:\Windows\System32\OLEAUT32.dll
0x00007ffc509c0000 - 0x00007ffc509f2000 	C:\Windows\SYSTEM32\dbgcore.DLL
0x00007ffc6b890000 - 0x00007ffc6b90b000 	C:\Windows\System32\bcryptPrimitives.dll
0x00007ffc61ec0000 - 0x00007ffc61ecf000 	c:\Users\amali\.vscode\extensions\redhat.java-1.42.0-win32-x64\jre\21.0.7-win32-x86_64\bin\instrument.dll
0x00007ffc5c740000 - 0x00007ffc5c75f000 	c:\Users\amali\.vscode\extensions\redhat.java-1.42.0-win32-x64\jre\21.0.7-win32-x86_64\bin\java.dll
0x00007ffc6cba0000 - 0x00007ffc6d43d000 	C:\Windows\System32\SHELL32.dll
0x00007ffc6b690000 - 0x00007ffc6b7cf000 	C:\Windows\System32\wintypes.dll
0x00007ffc69460000 - 0x00007ffc69d7d000 	C:\Windows\SYSTEM32\windows.storage.dll
0x00007ffc6c180000 - 0x00007ffc6c28b000 	C:\Windows\System32\SHCORE.dll
0x00007ffc6dc20000 - 0x00007ffc6dc86000 	C:\Windows\System32\shlwapi.dll
0x00007ffc6b490000 - 0x00007ffc6b4bb000 	C:\Windows\SYSTEM32\profapi.dll
0x00007ffc5c720000 - 0x00007ffc5c738000 	c:\Users\amali\.vscode\extensions\redhat.java-1.42.0-win32-x64\jre\21.0.7-win32-x86_64\bin\zip.dll
0x00007ffc61f10000 - 0x00007ffc61f20000 	C:\Users\amali\.vscode\extensions\redhat.java-1.42.0-win32-x64\jre\21.0.7-win32-x86_64\bin\net.dll
0x00007ffc65880000 - 0x00007ffc659ac000 	C:\Windows\SYSTEM32\WINHTTP.dll
0x00007ffc6ab10000 - 0x00007ffc6ab7a000 	C:\Windows\system32\mswsock.dll
0x00007ffc59490000 - 0x00007ffc594a6000 	C:\Users\amali\.vscode\extensions\redhat.java-1.42.0-win32-x64\jre\21.0.7-win32-x86_64\bin\nio.dll
0x00007ffc60f60000 - 0x00007ffc60f70000 	c:\Users\amali\.vscode\extensions\redhat.java-1.42.0-win32-x64\jre\21.0.7-win32-x86_64\bin\verify.dll
0x00007ffc36300000 - 0x00007ffc36345000 	C:\Users\amali\AppData\Roaming\Code\User\globalStorage\redhat.java\1.42.0\config_win\org.eclipse.equinox.launcher\org.eclipse.equinox.launcher.win32.win32.x86_64_1.2.1300.v20250331-1702\eclipse_11911.dll
0x00007ffc6c810000 - 0x00007ffc6c9b1000 	C:\Windows\System32\ole32.dll
0x00007ffc6ad60000 - 0x00007ffc6ad7b000 	C:\Windows\SYSTEM32\CRYPTSP.dll
0x00007ffc6a5d0000 - 0x00007ffc6a607000 	C:\Windows\system32\rsaenh.dll
0x00007ffc6ac00000 - 0x00007ffc6ac28000 	C:\Windows\SYSTEM32\USERENV.dll
0x00007ffc6ad80000 - 0x00007ffc6ad8c000 	C:\Windows\SYSTEM32\CRYPTBASE.dll
0x00007ffc69fd0000 - 0x00007ffc69ffd000 	C:\Windows\SYSTEM32\IPHLPAPI.DLL
0x00007ffc6d630000 - 0x00007ffc6d639000 	C:\Windows\System32\NSI.dll
0x00007ffc39a70000 - 0x00007ffc39ab9000 	C:\Users\amali\AppData\Local\Temp\jna-2018896\jna4778398246795481587.dll
0x00007ffc6c2a0000 - 0x00007ffc6c2a8000 	C:\Windows\System32\PSAPI.DLL
0x00007ffc64890000 - 0x00007ffc648a9000 	C:\Windows\SYSTEM32\dhcpcsvc6.DLL
0x00007ffc64850000 - 0x00007ffc6486f000 	C:\Windows\SYSTEM32\dhcpcsvc.DLL
0x00007ffc31d20000 - 0x00007ffc31d47000 	C:\Users\amali\.gradle\native\c067742578af261105cb4f569cf0c3c89f3d7b1fecec35dd04571415982c5e48\windows-amd64\native-platform.dll
0x00007ffc5d430000 - 0x00007ffc5d43a000 	C:\Users\amali\.vscode\extensions\redhat.java-1.42.0-win32-x64\jre\21.0.7-win32-x86_64\bin\management.dll
0x00007ffc5d3b0000 - 0x00007ffc5d3bb000 	C:\Users\amali\.vscode\extensions\redhat.java-1.42.0-win32-x64\jre\21.0.7-win32-x86_64\bin\management_ext.dll
0x00007ffc5d0b0000 - 0x00007ffc5d0b9000 	C:\Users\amali\.vscode\extensions\redhat.java-1.42.0-win32-x64\jre\21.0.7-win32-x86_64\bin\extnet.dll
0x00007ffc5d280000 - 0x00007ffc5d28e000 	C:\Users\amali\.vscode\extensions\redhat.java-1.42.0-win32-x64\jre\21.0.7-win32-x86_64\bin\sunmscapi.dll
0x00007ffc6be40000 - 0x00007ffc6bfa7000 	C:\Windows\System32\CRYPT32.dll
0x00007ffc6af00000 - 0x00007ffc6af2d000 	C:\Windows\SYSTEM32\ncrypt.dll
0x00007ffc6aec0000 - 0x00007ffc6aef7000 	C:\Windows\SYSTEM32\NTASN1.dll
0x00007ffc31d50000 - 0x00007ffc31d58000 	C:\Windows\system32\wshunix.dll

dbghelp: loaded successfully - version: 4.0.5 - missing functions: none
symbol engine: initialized successfully - sym options: 0x614 - pdb path: .;c:\Users\amali\.vscode\extensions\redhat.java-1.42.0-win32-x64\jre\21.0.7-win32-x86_64\bin;C:\Windows\SYSTEM32;C:\Windows\WinSxS\amd64_microsoft.windows.common-controls_6595b64144ccf1df_6.0.22621.5262_none_2712bde373830908;c:\Users\amali\.vscode\extensions\redhat.java-1.42.0-win32-x64\jre\21.0.7-win32-x86_64\bin\server;C:\Users\amali\AppData\Roaming\Code\User\globalStorage\redhat.java\1.42.0\config_win\org.eclipse.equinox.launcher\org.eclipse.equinox.launcher.win32.win32.x86_64_1.2.1300.v20250331-1702;C:\Users\amali\AppData\Local\Temp\jna-2018896;C:\Users\amali\.gradle\native\c067742578af261105cb4f569cf0c3c89f3d7b1fecec35dd04571415982c5e48\windows-amd64

VM Arguments:
jvm_args: --add-modules=ALL-SYSTEM --add-opens=java.base/java.util=ALL-UNNAMED --add-opens=java.base/java.lang=ALL-UNNAMED --add-opens=java.base/sun.nio.fs=ALL-UNNAMED -Declipse.application=org.eclipse.jdt.ls.core.id1 -Dosgi.bundles.defaultStartLevel=4 -Declipse.product=org.eclipse.jdt.ls.core.product -Djava.import.generatesMetadataFilesAtProjectRoot=false -DDetectVMInstallationsJob.disabled=true -Dfile.encoding=utf8 -XX:+UseParallelGC -XX:GCTimeRatio=4 -XX:AdaptiveSizePolicyWeight=90 -Dsun.zip.disableMemoryMapping=true -Xmx1G -Xms100m -Xlog:disable -javaagent:c:\Users\amali\.vscode\extensions\redhat.java-1.42.0-win32-x64\lombok\lombok-1.18.36.jar -XX:+HeapDumpOnOutOfMemoryError -XX:HeapDumpPath=c:\Users\amali\AppData\Roaming\Code\User\workspaceStorage\621ac69656a54d5ddde419feff2a7c8e\redhat.java -Daether.dependencyCollector.impl=bf 
java_command: c:\Users\amali\.vscode\extensions\redhat.java-1.42.0-win32-x64\server\plugins\org.eclipse.equinox.launcher_1.7.0.v20250424-1814.jar -configuration c:\Users\amali\AppData\Roaming\Code\User\globalStorage\redhat.java\1.42.0\config_win -data c:\Users\amali\AppData\Roaming\Code\User\workspaceStorage\621ac69656a54d5ddde419feff2a7c8e\redhat.java\jdt_ws --pipe=\\.\pipe\lsp-5e3d3e8c490e25e8eb74e7e940f9f12f-sock
java_class_path (initial): c:\Users\amali\.vscode\extensions\redhat.java-1.42.0-win32-x64\server\plugins\org.eclipse.equinox.launcher_1.7.0.v20250424-1814.jar
Launcher Type: SUN_STANDARD

[Global flags]
    uintx AdaptiveSizePolicyWeight                 = 90                                        {product} {command line}
     intx CICompilerCount                          = 4                                         {product} {ergonomic}
    uintx GCTimeRatio                              = 4                                         {product} {command line}
     bool HeapDumpOnOutOfMemoryError               = true                                   {manageable} {command line}
    ccstr HeapDumpPath                             = c:\Users\amali\AppData\Roaming\Code\User\workspaceStorage\621ac69656a54d5ddde419feff2a7c8e\redhat.java         {manageable} {command line}
   size_t InitialHeapSize                          = 104857600                                 {product} {command line}
   size_t MaxHeapSize                              = 1073741824                                {product} {command line}
   size_t MaxNewSize                               = 357564416                                 {product} {ergonomic}
   size_t MinHeapDeltaBytes                        = 524288                                    {product} {ergonomic}
   size_t MinHeapSize                              = 104857600                                 {product} {command line}
   size_t NewSize                                  = 34603008                                  {product} {ergonomic}
    uintx NonNMethodCodeHeapSize                   = 5839372                                {pd product} {ergonomic}
    uintx NonProfiledCodeHeapSize                  = 122909434                              {pd product} {ergonomic}
   size_t OldSize                                  = 70254592                                  {product} {ergonomic}
    uintx ProfiledCodeHeapSize                     = 122909434                              {pd product} {ergonomic}
    uintx ReservedCodeCacheSize                    = 251658240                              {pd product} {ergonomic}
     bool SegmentedCodeCache                       = true                                      {product} {ergonomic}
   size_t SoftMaxHeapSize                          = 1073741824                             {manageable} {ergonomic}
     bool UseCompressedOops                        = true                           {product lp64_product} {ergonomic}
     bool UseLargePagesIndividualAllocation        = false                                  {pd product} {ergonomic}
     bool UseParallelGC                            = true                                      {product} {command line}

Logging:
Log output configuration:
 #0: stdout all=off uptime,level,tags foldmultilines=false
 #1: stderr all=off uptime,level,tags foldmultilines=false

Environment Variables:
JAVA_HOME=C:\Program Files\Java\jdk-11
PATH=C:\Windows\system32;C:\Windows;C:\Windows\System32\Wbem;C:\Windows\System32\WindowsPowerShell\v1.0\;C:\Windows\System32\OpenSSH\;C:\Program Files (x86)\NVIDIA Corporation\PhysX\Common;C:\Program Files\NVIDIA Corporation\NVIDIA NvDLISR;D:\MinGW\bin;E:\PHP;D:\publish\Git\cmd;C:\Program Files\nodejs\;C:\ProgramData\ComposerSetup\bin;C:\Program Files\7-Zip\;C:\Program Files (x86)\Windows Kits\10\Windows Performance Toolkit\;C:\Program Files\dotnet\;C:\Program Files\Java\jdk-11\bin;E:\install\hadoop-3.4.1\bin;E:\install\hadoop-3.4.1\Sbin;E:\Sparkk\spark-3.5.5\bin;C:\Users\amali\AppData\Local\Programs\Python\Python311\;C:\Users\amali\AppData\Local\Programs\Python\Python311\Scripts\;E:\SEM-4\google-cloud-sdk\bin;C:\Users\amali\.console-ninja\.bin;C:\Users\amali\AppData\Local\Programs\Python\Python311\Scripts\;C:\Users\amali\AppData\Local\Programs\Python\Python311\;C:\Users\amali\AppData\Local\Microsoft\WindowsApps;C:\Users\amali\AppData\Local\JetBrains\IntelliJ IDEA 2023.2.5\bin;;C:\Users\amali\Downloads\CODINGANKU\IntelliJ IDEA Community Edition 2023.3.2\bin;;D:\Microsoft VS Code\bin;C:\Users\amali\Downloads\jdk-21_windows-x64_bin\jdk-21.0.1\bin;C:\Users\amali\AppData\Roaming\npm;C:\Users\amali\AppData\Roaming\Composer\vendor\bin;E:\SEM-4\BIGDATA
USERNAME=ASUS
OS=Windows_NT
PROCESSOR_IDENTIFIER=Intel64 Family 6 Model 141 Stepping 1, GenuineIntel
TMP=C:\Users\amali\AppData\Local\Temp
TEMP=C:\Users\amali\AppData\Local\Temp




Periodic native trim disabled

---------------  S Y S T E M  ---------------

OS:
 Windows 11 , 64 bit Build 22621 (10.0.22621.5262)
OS uptime: 0 days 18:03 hours
Hyper-V role detected

CPU: total 12 (initial active 12) (6 cores per cpu, 2 threads per core) family 6 model 141 stepping 1 microcode 0x34, cx8, cmov, fxsr, ht, mmx, 3dnowpref, sse, sse2, sse3, ssse3, sse4.1, sse4.2, popcnt, lzcnt, tsc, tscinvbit, avx, avx2, aes, erms, clmul, bmi1, bmi2, adx, avx512f, avx512dq, avx512cd, avx512bw, avx512vl, sha, fma, vzeroupper, avx512_vpopcntdq, avx512_vpclmulqdq, avx512_vaes, avx512_vnni, clflush, clflushopt, clwb, avx512_vbmi2, avx512_vbmi, hv, rdtscp, rdpid, fsrm, gfni, avx512_bitalg, f16c, cet_ibt, cet_ss, avx512_ifma
Processor Information for the first 12 processors :
  Max Mhz: 2688, Current Mhz: 2688, Mhz Limit: 2688

Memory: 4k page, system-wide physical 16122M (598M free)
TotalPageFile size 19261M (AvailPageFile size 5M)
current process WorkingSet (physical memory assigned to process): 281M, peak: 288M
current process commit charge ("private bytes"): 352M, peak: 365M

vm_info: OpenJDK 64-Bit Server VM (21.0.7+6-LTS) for windows-amd64 JRE (21.0.7+6-LTS), built on 2025-04-15T00:00:00Z by "admin" with MS VC++ 17.7 (VS2022)

END.
