#
# There is insufficient memory for the Java Runtime Environment to continue.
# Native memory allocation (malloc) failed to allocate 624096 bytes. Error detail: Chunk::new
# Possible reasons:
#   The system is out of physical RAM or swap space
#   This process is running with CompressedOops enabled, and the Java Heap may be blocking the growth of the native heap
# Possible solutions:
#   Reduce memory load on the system
#   Increase physical memory or swap space
#   Check if swap backing store is full
#   Decrease Java heap size (-Xmx/-Xms)
#   Decrease number of Java threads
#   Decrease Java thread stack sizes (-Xss)
#   Set larger code cache with -XX:ReservedCodeCacheSize=
#   JVM is running with Unscaled Compressed Oops mode in which the Java heap is
#     placed in the first 4GB address space. The Java Heap base address is the
#     maximum limit for the native heap growth. Please use -XX:HeapBaseMinAddress
#     to set the Java Heap base and to place the Java Heap above 4GB virtual address.
# This output file may be truncated or incomplete.
#
#  Out of Memory Error (arena.cpp:168), pid=37208, tid=38304
#
# JRE version: OpenJDK Runtime Environment Temurin-21.0.7+6 (21.0.7+6) (build 21.0.7+6-LTS)
# Java VM: OpenJDK 64-Bit Server VM Temurin-21.0.7+6 (21.0.7+6-LTS, mixed mode, sharing, tiered, compressed oops, compressed class ptrs, parallel gc, windows-amd64)
# No core dump will be written. Minidumps are not enabled by default on client versions of Windows
#

---------------  S U M M A R Y ------------

Command Line: --add-modules=ALL-SYSTEM --add-opens=java.base/java.util=ALL-UNNAMED --add-opens=java.base/java.lang=ALL-UNNAMED --add-opens=java.base/sun.nio.fs=ALL-UNNAMED -Declipse.application=org.eclipse.jdt.ls.core.id1 -Dosgi.bundles.defaultStartLevel=4 -Declipse.product=org.eclipse.jdt.ls.core.product -Djava.import.generatesMetadataFilesAtProjectRoot=false -DDetectVMInstallationsJob.disabled=true -Dfile.encoding=utf8 -XX:+UseParallelGC -XX:GCTimeRatio=4 -XX:AdaptiveSizePolicyWeight=90 -Dsun.zip.disableMemoryMapping=true -Xmx1G -Xms100m -Xlog:disable -javaagent:c:\Users\amali\.vscode\extensions\redhat.java-1.42.0-win32-x64\lombok\lombok-1.18.36.jar -XX:+HeapDumpOnOutOfMemoryError -XX:HeapDumpPath=c:\Users\amali\AppData\Roaming\Code\User\workspaceStorage\621ac69656a54d5ddde419feff2a7c8e\redhat.java -Daether.dependencyCollector.impl=bf c:\Users\amali\.vscode\extensions\redhat.java-1.42.0-win32-x64\server\plugins\org.eclipse.equinox.launcher_1.7.0.v20250424-1814.jar -configuration c:\Users\amali\AppData\Roaming\Code\User\globalStorage\redhat.java\1.42.0\config_win -data c:\Users\amali\AppData\Roaming\Code\User\workspaceStorage\621ac69656a54d5ddde419feff2a7c8e\redhat.java\jdt_ws --pipe=\\.\pipe\lsp-db32a89a67fc349612aaba7bc703a883-sock

Host: 11th Gen Intel(R) Core(TM) i5-11400H @ 2.70GHz, 12 cores, 15G,  Windows 11 , 64 bit Build 22621 (10.0.22621.5262)
Time: Tue Jun 10 01:31:41 2025 Malay Peninsula Standard Time elapsed time: 13.990914 seconds (0d 0h 0m 13s)

---------------  T H R E A D  ---------------

Current thread (0x000001f7ef7c7050):  JavaThread "C2 CompilerThread2" daemon [_thread_in_native, id=38304, stack(0x000000e4c4100000,0x000000e4c4200000) (1024K)]


Current CompileTask:
C2:13990 8348   !   4       java.io.ObjectInputStream::readNonProxyDesc (316 bytes)

Stack: [0x000000e4c4100000,0x000000e4c4200000]
Native frames: (J=compiled Java code, j=interpreted, Vv=VM code, C=native code)
V  [jvm.dll+0x6ce119]
V  [jvm.dll+0x8a84a1]
V  [jvm.dll+0x8aa9ce]
V  [jvm.dll+0x8ab0b3]
V  [jvm.dll+0x27f8a6]
V  [jvm.dll+0xc507d]
V  [jvm.dll+0xc55b3]
V  [jvm.dll+0x2f2c6d]
V  [jvm.dll+0x5f6bca]
V  [jvm.dll+0x250cb2]
V  [jvm.dll+0x24975f]
V  [jvm.dll+0x246fc4]
V  [jvm.dll+0x1c760e]
V  [jvm.dll+0x25695a]
V  [jvm.dll+0x254efa]
V  [jvm.dll+0x3f03f6]
V  [jvm.dll+0x851f6b]
V  [jvm.dll+0x6cc7dd]
C  [ucrtbase.dll+0x29333]
C  [KERNEL32.DLL+0x1259d]
C  [ntdll.dll+0x5af58]


---------------  P R O C E S S  ---------------

Threads class SMR info:
_java_thread_list=0x000001f7f0d80420, length=65, elements={
0x000001f78f9cd1c0, 0x000001f7eb0044b0, 0x000001f7a3dbc0c0, 0x000001f7a3dbe3c0,
0x000001f7eb006ea0, 0x000001f7eb009c50, 0x000001f7eb00fbb0, 0x000001f7eb012600,
0x000001f7eb031b90, 0x000001f7eb0f34f0, 0x000001f7eb35f460, 0x000001f7ebc81ae0,
0x000001f7eb803e20, 0x000001f7ebdc2c00, 0x000001f7eb8006c0, 0x000001f7ec3ead20,
0x000001f7ec3203e0, 0x000001f7ebed5270, 0x000001f7ebed6620, 0x000001f7ebed6cb0,
0x000001f7ebed7340, 0x000001f7ebed79d0, 0x000001f7ebed4be0, 0x000001f7ebed5f90,
0x000001f7ebed8060, 0x000001f7eddb7d90, 0x000001f7eddb7070, 0x000001f7eddb7700,
0x000001f7eddb8420, 0x000001f7eddb6350, 0x000001f7eddb69e0, 0x000001f7eddb8ab0,
0x000001f7eddb5630, 0x000001f7eddb5cc0, 0x000001f7ec95e500, 0x000001f7ec95b080,
0x000001f7ec95d7e0, 0x000001f7ec95eb90, 0x000001f7ec95de70, 0x000001f7ec95b710,
0x000001f7ec95ff40, 0x000001f7ec960c60, 0x000001f7ec95cac0, 0x000001f7ec95f220,
0x000001f7ec95a360, 0x000001f7ec961980, 0x000001f7ec95a9f0, 0x000001f7f099d090,
0x000001f7f099bce0, 0x000001f7f099d720, 0x000001f7f0997b40, 0x000001f7f09981d0,
0x000001f7f0998ef0, 0x000001f7f099ddb0, 0x000001f7f099b650, 0x000001f7f099ead0,
0x000001f7ef7c5510, 0x000001f7ef7c7050, 0x000001f7f099ca00, 0x000001f7f0998860,
0x000001f7f0999580, 0x000001f7f0999c10, 0x000001f7f099a930, 0x000001f7ec9612f0,
0x000001f7ec95d150
}

Java Threads: ( => current thread )
  0x000001f78f9cd1c0 JavaThread "main"                              [_thread_blocked, id=35252, stack(0x000000e4bfb00000,0x000000e4bfc00000) (1024K)]
  0x000001f7eb0044b0 JavaThread "Reference Handler"          daemon [_thread_blocked, id=37732, stack(0x000000e4bff00000,0x000000e4c0000000) (1024K)]
  0x000001f7a3dbc0c0 JavaThread "Finalizer"                  daemon [_thread_blocked, id=37728, stack(0x000000e4c0000000,0x000000e4c0100000) (1024K)]
  0x000001f7a3dbe3c0 JavaThread "Signal Dispatcher"          daemon [_thread_blocked, id=34248, stack(0x000000e4c0100000,0x000000e4c0200000) (1024K)]
  0x000001f7eb006ea0 JavaThread "Attach Listener"            daemon [_thread_blocked, id=37704, stack(0x000000e4c0200000,0x000000e4c0300000) (1024K)]
  0x000001f7eb009c50 JavaThread "Service Thread"             daemon [_thread_blocked, id=34444, stack(0x000000e4c0300000,0x000000e4c0400000) (1024K)]
  0x000001f7eb00fbb0 JavaThread "Monitor Deflation Thread"   daemon [_thread_blocked, id=37876, stack(0x000000e4c0400000,0x000000e4c0500000) (1024K)]
  0x000001f7eb012600 JavaThread "C2 CompilerThread0"         daemon [_thread_blocked, id=37804, stack(0x000000e4c0500000,0x000000e4c0600000) (1024K)]
  0x000001f7eb031b90 JavaThread "C1 CompilerThread0"         daemon [_thread_blocked, id=37068, stack(0x000000e4c0600000,0x000000e4c0700000) (1024K)]
  0x000001f7eb0f34f0 JavaThread "Common-Cleaner"             daemon [_thread_blocked, id=37812, stack(0x000000e4c0700000,0x000000e4c0800000) (1024K)]
  0x000001f7eb35f460 JavaThread "Notification Thread"        daemon [_thread_blocked, id=37272, stack(0x000000e4c0900000,0x000000e4c0a00000) (1024K)]
  0x000001f7ebc81ae0 JavaThread "Active Thread: Equinox Container: 6d2821be-6bab-4a8b-bffa-0dd1fff49ab5"        [_thread_blocked, id=37512, stack(0x000000e4c1100000,0x000000e4c1200000) (1024K)]
  0x000001f7eb803e20 JavaThread "Refresh Thread: Equinox Container: 6d2821be-6bab-4a8b-bffa-0dd1fff49ab5" daemon [_thread_blocked, id=37816, stack(0x000000e4c1200000,0x000000e4c1300000) (1024K)]
  0x000001f7ebdc2c00 JavaThread "Framework Event Dispatcher: Equinox Container: 6d2821be-6bab-4a8b-bffa-0dd1fff49ab5" daemon [_thread_blocked, id=27232, stack(0x000000e4c1400000,0x000000e4c1500000) (1024K)]
  0x000001f7eb8006c0 JavaThread "Start Level: Equinox Container: 6d2821be-6bab-4a8b-bffa-0dd1fff49ab5" daemon [_thread_blocked, id=30860, stack(0x000000e4c1500000,0x000000e4c1600000) (1024K)]
  0x000001f7ec3ead20 JavaThread "Bundle File Closer"         daemon [_thread_blocked, id=33432, stack(0x000000e4c1800000,0x000000e4c1900000) (1024K)]
  0x000001f7ec3203e0 JavaThread "SCR Component Actor"        daemon [_thread_blocked, id=37264, stack(0x000000e4c1900000,0x000000e4c1a00000) (1024K)]
  0x000001f7ebed5270 JavaThread "Worker-JM"                         [_thread_blocked, id=28644, stack(0x000000e4c1b00000,0x000000e4c1c00000) (1024K)]
  0x000001f7ebed6620 JavaThread "JNA Cleaner"                daemon [_thread_blocked, id=37276, stack(0x000000e4c0800000,0x000000e4c0900000) (1024K)]
  0x000001f7ebed6cb0 JavaThread "Worker-0"                          [_thread_blocked, id=37824, stack(0x000000e4c0a00000,0x000000e4c0b00000) (1024K)]
  0x000001f7ebed7340 JavaThread "Worker-1"                          [_thread_blocked, id=37340, stack(0x000000e4c1c00000,0x000000e4c1d00000) (1024K)]
  0x000001f7ebed79d0 JavaThread "Java indexing"              daemon [_thread_blocked, id=37712, stack(0x000000e4c1e00000,0x000000e4c1f00000) (1024K)]
  0x000001f7ebed4be0 JavaThread "Worker-2"                          [_thread_blocked, id=37636, stack(0x000000e4c1f00000,0x000000e4c2000000) (1024K)]
  0x000001f7ebed5f90 JavaThread "Worker-3"                          [_thread_blocked, id=37808, stack(0x000000e4c2000000,0x000000e4c2100000) (1024K)]
  0x000001f7ebed8060 JavaThread "Worker-4"                          [_thread_blocked, id=35336, stack(0x000000e4c2100000,0x000000e4c2200000) (1024K)]
  0x000001f7eddb7d90 JavaThread "Worker-5: Synchronize Gradle projects with workspace"        [_thread_blocked, id=37752, stack(0x000000e4c2300000,0x000000e4c2400000) (1024K)]
  0x000001f7eddb7070 JavaThread "Worker-6"                          [_thread_blocked, id=37436, stack(0x000000e4c2400000,0x000000e4c2500000) (1024K)]
  0x000001f7eddb7700 JavaThread "Thread-2"                   daemon [_thread_in_native, id=37828, stack(0x000000e4c2500000,0x000000e4c2600000) (1024K)]
  0x000001f7eddb8420 JavaThread "Thread-3"                   daemon [_thread_in_native, id=37260, stack(0x000000e4c2600000,0x000000e4c2700000) (1024K)]
  0x000001f7eddb6350 JavaThread "Thread-4"                   daemon [_thread_in_native, id=37748, stack(0x000000e4c2700000,0x000000e4c2800000) (1024K)]
  0x000001f7eddb69e0 JavaThread "Thread-5"                   daemon [_thread_in_native, id=37596, stack(0x000000e4c2800000,0x000000e4c2900000) (1024K)]
  0x000001f7eddb8ab0 JavaThread "Thread-6"                   daemon [_thread_in_native, id=37332, stack(0x000000e4c2900000,0x000000e4c2a00000) (1024K)]
  0x000001f7eddb5630 JavaThread "Thread-7"                   daemon [_thread_in_native, id=23908, stack(0x000000e4c2a00000,0x000000e4c2b00000) (1024K)]
  0x000001f7eddb5cc0 JavaThread "Thread-8"                   daemon [_thread_in_native, id=37484, stack(0x000000e4c2b00000,0x000000e4c2c00000) (1024K)]
  0x000001f7ec95e500 JavaThread "Thread-9"                   daemon [_thread_in_native, id=26024, stack(0x000000e4c2c00000,0x000000e4c2d00000) (1024K)]
  0x000001f7ec95b080 JavaThread "Thread-10"                  daemon [_thread_in_native, id=37580, stack(0x000000e4c2d00000,0x000000e4c2e00000) (1024K)]
  0x000001f7ec95d7e0 JavaThread "Thread-11"                  daemon [_thread_in_native, id=36416, stack(0x000000e4c2e00000,0x000000e4c2f00000) (1024K)]
  0x000001f7ec95eb90 JavaThread "Thread-12"                  daemon [_thread_in_native, id=37312, stack(0x000000e4c2f00000,0x000000e4c3000000) (1024K)]
  0x000001f7ec95de70 JavaThread "Thread-13"                  daemon [_thread_in_native, id=37280, stack(0x000000e4c3000000,0x000000e4c3100000) (1024K)]
  0x000001f7ec95b710 JavaThread "Thread-14"                  daemon [_thread_in_native, id=13368, stack(0x000000e4c3100000,0x000000e4c3200000) (1024K)]
  0x000001f7ec95ff40 JavaThread "pool-2-thread-1"                   [_thread_blocked, id=34296, stack(0x000000e4c3200000,0x000000e4c3300000) (1024K)]
  0x000001f7ec960c60 JavaThread "Timer-0"                           [_thread_blocked, id=3408, stack(0x000000e4c3300000,0x000000e4c3400000) (1024K)]
  0x000001f7ec95cac0 JavaThread "Timer-1"                           [_thread_blocked, id=37292, stack(0x000000e4c3400000,0x000000e4c3500000) (1024K)]
  0x000001f7ec95f220 JavaThread "WorkspaceEventsHandler"            [_thread_blocked, id=37516, stack(0x000000e4c3600000,0x000000e4c3700000) (1024K)]
  0x000001f7ec95a360 JavaThread "pool-1-thread-1"                   [_thread_blocked, id=29172, stack(0x000000e4c3700000,0x000000e4c3800000) (1024K)]
  0x000001f7ec961980 JavaThread "Timer-2"                           [_thread_blocked, id=37396, stack(0x000000e4c3800000,0x000000e4c3900000) (1024K)]
  0x000001f7ec95a9f0 JavaThread "Exec process"                      [_thread_blocked, id=37844, stack(0x000000e4c1d00000,0x000000e4c1e00000) (1024K)]
  0x000001f7f099d090 JavaThread "Exec process Thread 2"             [_thread_blocked, id=35456, stack(0x000000e4c2200000,0x000000e4c2300000) (1024K)]
  0x000001f7f099bce0 JavaThread "Exec process Thread 3"             [_thread_blocked, id=37492, stack(0x000000e4c3a00000,0x000000e4c3b00000) (1024K)]
  0x000001f7f099d720 JavaThread "Timer-3"                           [_thread_blocked, id=38044, stack(0x000000e4c3500000,0x000000e4c3600000) (1024K)]
  0x000001f7f0997b40 JavaThread "Timer-4"                           [_thread_blocked, id=38048, stack(0x000000e4c3900000,0x000000e4c3a00000) (1024K)]
  0x000001f7f09981d0 JavaThread "Timer-5"                           [_thread_blocked, id=38056, stack(0x000000e4c3b00000,0x000000e4c3c00000) (1024K)]
  0x000001f7f0998ef0 JavaThread "Timer-6"                           [_thread_blocked, id=38068, stack(0x000000e4c1a00000,0x000000e4c1b00000) (1024K)]
  0x000001f7f099ddb0 JavaThread "Timer-7"                           [_thread_blocked, id=38076, stack(0x000000e4c3d00000,0x000000e4c3e00000) (1024K)]
  0x000001f7f099b650 JavaThread "Timer-8"                           [_thread_blocked, id=38764, stack(0x000000e4c3c00000,0x000000e4c3d00000) (1024K)]
  0x000001f7f099ead0 JavaThread "Timer-9"                           [_thread_blocked, id=38772, stack(0x000000e4c3e00000,0x000000e4c3f00000) (1024K)]
  0x000001f7ef7c5510 JavaThread "C2 CompilerThread1"         daemon [_thread_blocked, id=38352, stack(0x000000e4c4000000,0x000000e4c4100000) (1024K)]
=>0x000001f7ef7c7050 JavaThread "C2 CompilerThread2"         daemon [_thread_in_native, id=38304, stack(0x000000e4c4100000,0x000000e4c4200000) (1024K)]
  0x000001f7f099ca00 JavaThread "ForkJoinPool.commonPool-worker-1" daemon [_thread_blocked, id=38288, stack(0x000000e4c4200000,0x000000e4c4300000) (1024K)]
  0x000001f7f0998860 JavaThread "ForkJoinPool.commonPool-worker-2" daemon [_thread_blocked, id=38256, stack(0x000000e4c4300000,0x000000e4c4400000) (1024K)]
  0x000001f7f0999580 JavaThread "ForkJoinPool.commonPool-worker-3" daemon [_thread_blocked, id=38404, stack(0x000000e4c4400000,0x000000e4c4500000) (1024K)]
  0x000001f7f0999c10 JavaThread "Timer-10"                          [_thread_blocked, id=38224, stack(0x000000e4c4600000,0x000000e4c4700000) (1024K)]
  0x000001f7f099a930 JavaThread "Timer-11"                          [_thread_blocked, id=38500, stack(0x000000e4c4700000,0x000000e4c4800000) (1024K)]
  0x000001f7ec9612f0 JavaThread "Connection worker"                 [_thread_in_native, id=38520, stack(0x000000e4c4800000,0x000000e4c4900000) (1024K)]
  0x000001f7ec95d150 JavaThread "pool-5-thread-1"                   [_thread_blocked, id=38512, stack(0x000000e4c4900000,0x000000e4c4a00000) (1024K)]
Total: 65

Other Threads:
  0x000001f78fa8e6c0 VMThread "VM Thread"                           [id=37848, stack(0x000000e4bfe00000,0x000000e4bff00000) (1024K)]
  0x000001f78fa38e30 WatcherThread "VM Periodic Task Thread"        [id=37092, stack(0x000000e4bfd00000,0x000000e4bfe00000) (1024K)]
  0x000001f78f9ec710 WorkerThread "GC Thread#0"                     [id=37568, stack(0x000000e4bfc00000,0x000000e4bfd00000) (1024K)]
  0x000001f7eb8ed9f0 WorkerThread "GC Thread#1"                     [id=37288, stack(0x000000e4c0b00000,0x000000e4c0c00000) (1024K)]
  0x000001f7eb8edd90 WorkerThread "GC Thread#2"                     [id=18312, stack(0x000000e4c0c00000,0x000000e4c0d00000) (1024K)]
  0x000001f7eb4b9b60 WorkerThread "GC Thread#3"                     [id=37132, stack(0x000000e4c0d00000,0x000000e4c0e00000) (1024K)]
  0x000001f7eb4b9f00 WorkerThread "GC Thread#4"                     [id=37164, stack(0x000000e4c0e00000,0x000000e4c0f00000) (1024K)]
  0x000001f7eb4ba2a0 WorkerThread "GC Thread#5"                     [id=37360, stack(0x000000e4c0f00000,0x000000e4c1000000) (1024K)]
  0x000001f7eb4ba640 WorkerThread "GC Thread#6"                     [id=10832, stack(0x000000e4c1000000,0x000000e4c1100000) (1024K)]
  0x000001f7ebf9d180 WorkerThread "GC Thread#7"                     [id=37608, stack(0x000000e4c1300000,0x000000e4c1400000) (1024K)]
  0x000001f7ebedf8c0 WorkerThread "GC Thread#8"                     [id=27380, stack(0x000000e4c1600000,0x000000e4c1700000) (1024K)]
  0x000001f7ec18dda0 WorkerThread "GC Thread#9"                     [id=23540, stack(0x000000e4c1700000,0x000000e4c1800000) (1024K)]
Total: 12

Threads with active compile tasks:
C2 CompilerThread2  14019 8348   !   4       java.io.ObjectInputStream::readNonProxyDesc (316 bytes)
Total: 1

VM state: not at safepoint (normal execution)

VM Mutex/Monitor currently owned by a thread: None

Heap address: 0x00000000c0000000, size: 1024 MB, Compressed Oops mode: 32-bit

CDS archive(s) mapped at: [0x000001f7a4000000-0x000001f7a4ba0000-0x000001f7a4ba0000), size 12189696, SharedBaseAddress: 0x000001f7a4000000, ArchiveRelocationMode: 1.
Compressed class space mapped at: 0x000001f7a5000000-0x000001f7e5000000, reserved size: 1073741824
Narrow klass base: 0x000001f7a4000000, Narrow klass shift: 0, Narrow klass range: 0x100000000

GC Precious Log:
 CardTable entry size: 512
 CPUs: 12 total, 12 available
 Memory: 16122M
 Large Page Support: Disabled
 NUMA Support: Disabled
 Compressed Oops: Enabled (32-bit)
 Alignments: Space 512K, Generation 512K, Heap 2M
 Heap Min Capacity: 100M
 Heap Initial Capacity: 100M
 Heap Max Capacity: 1G
 Pre-touch: Disabled
 Parallel Workers: 10

Heap:
 PSYoungGen      total 18432K, used 14287K [0x00000000eab00000, 0x00000000ec080000, 0x0000000100000000)
  eden space 17920K, 76% used [0x00000000eab00000,0x00000000eb873f68,0x00000000ebc80000)
  from space 512K, 100% used [0x00000000ebf00000,0x00000000ebf80000,0x00000000ebf80000)
  to   space 2048K, 0% used [0x00000000ebc80000,0x00000000ebc80000,0x00000000ebe80000)
 ParOldGen       total 108032K, used 107996K [0x00000000c0000000, 0x00000000c6980000, 0x00000000eab00000)
  object space 108032K, 99% used [0x00000000c0000000,0x00000000c69772c8,0x00000000c6980000)
 Metaspace       used 65221K, committed 66688K, reserved 1114112K
  class space    used 8042K, committed 8640K, reserved 1048576K

Card table byte_map: [0x000001f78f3a0000,0x000001f78f5b0000] _byte_map_base: 0x000001f78eda0000

Marking Bits: (ParMarkBitMap*) 0x00007ff908e631f0
 Begin Bits: [0x000001f7a1bc0000, 0x000001f7a2bc0000)
 End Bits:   [0x000001f7a2bc0000, 0x000001f7a3bc0000)

Polling page: 0x000001f78f190000

Metaspace:

Usage:
  Non-class:     55.84 MB used.
      Class:      7.85 MB used.
       Both:     63.69 MB used.

Virtual space:
  Non-class space:       64.00 MB reserved,      56.69 MB ( 89%) committed,  1 nodes.
      Class space:        1.00 GB reserved,       8.44 MB ( <1%) committed,  1 nodes.
             Both:        1.06 GB reserved,      65.12 MB (  6%) committed. 

Chunk freelists:
   Non-Class:  6.84 MB
       Class:  7.38 MB
        Both:  14.22 MB

MaxMetaspaceSize: unlimited
CompressedClassSpaceSize: 1.00 GB
Initial GC threshold: 21.00 MB
Current GC threshold: 97.31 MB
CDS: on
 - commit_granule_bytes: 65536.
 - commit_granule_words: 8192.
 - virtual_space_node_default_size: 8388608.
 - enlarge_chunks_in_place: 1.
 - use_allocation_guard: 0.


Internal statistics:

num_allocs_failed_limit: 9.
num_arena_births: 1232.
num_arena_deaths: 26.
num_vsnodes_births: 2.
num_vsnodes_deaths: 0.
num_space_committed: 1042.
num_space_uncommitted: 0.
num_chunks_returned_to_freelist: 40.
num_chunks_taken_from_freelist: 4257.
num_chunk_merges: 15.
num_chunk_splits: 2640.
num_chunks_enlarged: 1509.
num_inconsistent_stats: 0.

CodeHeap 'non-profiled nmethods': size=120000Kb used=5434Kb max_used=5434Kb free=114565Kb
 bounds [0x000001f79a690000, 0x000001f79abe0000, 0x000001f7a1bc0000]
CodeHeap 'profiled nmethods': size=120000Kb used=15444Kb max_used=15444Kb free=104555Kb
 bounds [0x000001f792bc0000, 0x000001f793ae0000, 0x000001f79a0f0000]
CodeHeap 'non-nmethods': size=5760Kb used=1397Kb max_used=1472Kb free=4362Kb
 bounds [0x000001f79a0f0000, 0x000001f79a360000, 0x000001f79a690000]
 total_blobs=8290 nmethods=7597 adapters=597
 compilation: enabled
              stopped_count=0, restarted_count=0
 full_count=0

Compilation events (20 events):
Event: 13.791 Thread 0x000001f7ef7c5510 8340       4       com.google.gson.stream.JsonReader::fillBuffer (168 bytes)
Event: 13.799 Thread 0x000001f7ef7c5510 nmethod 8340 0x000001f79abcfd90 code [0x000001f79abcff80, 0x000001f79abd0b10]
Event: 13.827 Thread 0x000001f7ef7c5510 8341       4       com.google.gson.internal.bind.MapTypeAdapterFactory$Adapter::read (6 bytes)
Event: 13.828 Thread 0x000001f7ef7c5510 nmethod 8341 0x000001f79abd1190 code [0x000001f79abd1320, 0x000001f79abd13d0]
Event: 13.841 Thread 0x000001f7ef7c7050 nmethod 8215 0x000001f79abd1490 code [0x000001f79abd1d00, 0x000001f79abd6a38]
Event: 13.859 Thread 0x000001f7eb031b90 8342       3       java.io.ObjectInputStream::readClassDescriptor (15 bytes)
Event: 13.859 Thread 0x000001f7eb031b90 nmethod 8342 0x000001f793ad3210 code [0x000001f793ad33c0, 0x000001f793ad3638]
Event: 13.862 Thread 0x000001f7eb031b90 8343       3       org.gradle.internal.dispatch.ReflectionDispatch::dispatch (9 bytes)
Event: 13.863 Thread 0x000001f7eb031b90 nmethod 8343 0x000001f793ad3790 code [0x000001f793ad3940, 0x000001f793ad3b88]
Event: 13.863 Thread 0x000001f7eb031b90 8344   !   3       org.gradle.internal.dispatch.ReflectionDispatch::dispatch (42 bytes)
Event: 13.864 Thread 0x000001f7eb031b90 nmethod 8344 0x000001f793ad3c90 code [0x000001f793ad3f40, 0x000001f793ad4b40]
Event: 13.895 Thread 0x000001f7eb012600 8345       4       java.lang.invoke.DirectMethodHandle$Interface::checkReceiver (82 bytes)
Event: 13.896 Thread 0x000001f7eb012600 nmethod 8345 0x000001f79abdd210 code [0x000001f79abdd3a0, 0x000001f79abdd4f0]
Event: 13.923 Thread 0x000001f7eb031b90 8346       1       org.gradle.launcher.daemon.protocol.OutputMessage::getEvent (5 bytes)
Event: 13.923 Thread 0x000001f7eb031b90 nmethod 8346 0x000001f79abdd610 code [0x000001f79abdd7a0, 0x000001f79abdd868]
Event: 13.928 Thread 0x000001f7eb012600 8347   !   4       java.io.ObjectInputStream$BlockDataInputStream::refill (136 bytes)
Event: 13.929 Thread 0x000001f7ef7c7050 8348   !   4       java.io.ObjectInputStream::readNonProxyDesc (316 bytes)
Event: 13.934 Thread 0x000001f7eb012600 nmethod 8347 0x000001f79abdd910 code [0x000001f79abddb00, 0x000001f79abddf18]
Event: 13.939 Thread 0x000001f7eb031b90 8349       1       org.gradle.internal.logging.events.ProgressStartEvent::getParentProgressOperationId (5 bytes)
Event: 13.939 Thread 0x000001f7eb031b90 nmethod 8349 0x000001f79abde290 code [0x000001f79abde420, 0x000001f79abde4e8]

GC Heap History (20 events):
Event: 11.423 GC heap before
{Heap before GC invocations=44 (full 3):
 PSYoungGen      total 20992K, used 20768K [0x00000000eab00000, 0x00000000ec100000, 0x0000000100000000)
  eden space 19968K, 100% used [0x00000000eab00000,0x00000000ebe80000,0x00000000ebe80000)
  from space 1024K, 78% used [0x00000000ec000000,0x00000000ec0c8000,0x00000000ec100000)
  to   space 1024K, 0% used [0x00000000ebf00000,0x00000000ebf00000,0x00000000ec000000)
 ParOldGen       total 68608K, used 39780K [0x00000000c0000000, 0x00000000c4300000, 0x00000000eab00000)
  object space 68608K, 57% used [0x00000000c0000000,0x00000000c26d92f8,0x00000000c4300000)
 Metaspace       used 62826K, committed 64256K, reserved 1114112K
  class space    used 7752K, committed 8384K, reserved 1048576K
}
Event: 11.425 GC heap after
{Heap after GC invocations=44 (full 3):
 PSYoungGen      total 20992K, used 288K [0x00000000eab00000, 0x00000000ec080000, 0x0000000100000000)
  eden space 19968K, 0% used [0x00000000eab00000,0x00000000eab00000,0x00000000ebe80000)
  from space 1024K, 28% used [0x00000000ebf00000,0x00000000ebf48010,0x00000000ec000000)
  to   space 512K, 0% used [0x00000000ec000000,0x00000000ec000000,0x00000000ec080000)
 ParOldGen       total 68608K, used 40456K [0x00000000c0000000, 0x00000000c4300000, 0x00000000eab00000)
  object space 68608K, 58% used [0x00000000c0000000,0x00000000c2782328,0x00000000c4300000)
 Metaspace       used 62826K, committed 64256K, reserved 1114112K
  class space    used 7752K, committed 8384K, reserved 1048576K
}
Event: 11.748 GC heap before
{Heap before GC invocations=45 (full 3):
 PSYoungGen      total 20992K, used 20256K [0x00000000eab00000, 0x00000000ec080000, 0x0000000100000000)
  eden space 19968K, 100% used [0x00000000eab00000,0x00000000ebe80000,0x00000000ebe80000)
  from space 1024K, 28% used [0x00000000ebf00000,0x00000000ebf48010,0x00000000ec000000)
  to   space 512K, 0% used [0x00000000ec000000,0x00000000ec000000,0x00000000ec080000)
 ParOldGen       total 68608K, used 40456K [0x00000000c0000000, 0x00000000c4300000, 0x00000000eab00000)
  object space 68608K, 58% used [0x00000000c0000000,0x00000000c2782328,0x00000000c4300000)
 Metaspace       used 63087K, committed 64512K, reserved 1114112K
  class space    used 7793K, committed 8448K, reserved 1048576K
}
Event: 11.750 GC heap after
{Heap after GC invocations=45 (full 3):
 PSYoungGen      total 18432K, used 501K [0x00000000eab00000, 0x00000000ec580000, 0x0000000100000000)
  eden space 17920K, 0% used [0x00000000eab00000,0x00000000eab00000,0x00000000ebc80000)
  from space 512K, 97% used [0x00000000ec000000,0x00000000ec07d668,0x00000000ec080000)
  to   space 3584K, 0% used [0x00000000ebc80000,0x00000000ebc80000,0x00000000ec000000)
 ParOldGen       total 68608K, used 42879K [0x00000000c0000000, 0x00000000c4300000, 0x00000000eab00000)
  object space 68608K, 62% used [0x00000000c0000000,0x00000000c29dfff8,0x00000000c4300000)
 Metaspace       used 63087K, committed 64512K, reserved 1114112K
  class space    used 7793K, committed 8448K, reserved 1048576K
}
Event: 12.367 GC heap before
{Heap before GC invocations=46 (full 3):
 PSYoungGen      total 18432K, used 18421K [0x00000000eab00000, 0x00000000ec580000, 0x0000000100000000)
  eden space 17920K, 99% used [0x00000000eab00000,0x00000000ebc7ffb8,0x00000000ebc80000)
  from space 512K, 97% used [0x00000000ec000000,0x00000000ec07d668,0x00000000ec080000)
  to   space 3584K, 0% used [0x00000000ebc80000,0x00000000ebc80000,0x00000000ec000000)
 ParOldGen       total 68608K, used 42879K [0x00000000c0000000, 0x00000000c4300000, 0x00000000eab00000)
  object space 68608K, 62% used [0x00000000c0000000,0x00000000c29dfff8,0x00000000c4300000)
 Metaspace       used 63570K, committed 64896K, reserved 1114112K
  class space    used 7849K, committed 8448K, reserved 1048576K
}
Event: 12.369 GC heap after
{Heap after GC invocations=46 (full 3):
 PSYoungGen      total 18944K, used 739K [0x00000000eab00000, 0x00000000ec080000, 0x0000000100000000)
  eden space 17920K, 0% used [0x00000000eab00000,0x00000000eab00000,0x00000000ebc80000)
  from space 1024K, 72% used [0x00000000ebc80000,0x00000000ebd38ea8,0x00000000ebd80000)
  to   space 1536K, 0% used [0x00000000ebf00000,0x00000000ebf00000,0x00000000ec080000)
 ParOldGen       total 68608K, used 43358K [0x00000000c0000000, 0x00000000c4300000, 0x00000000eab00000)
  object space 68608K, 63% used [0x00000000c0000000,0x00000000c2a57b70,0x00000000c4300000)
 Metaspace       used 63570K, committed 64896K, reserved 1114112K
  class space    used 7849K, committed 8448K, reserved 1048576K
}
Event: 12.984 GC heap before
{Heap before GC invocations=47 (full 3):
 PSYoungGen      total 18944K, used 18659K [0x00000000eab00000, 0x00000000ec080000, 0x0000000100000000)
  eden space 17920K, 100% used [0x00000000eab00000,0x00000000ebc80000,0x00000000ebc80000)
  from space 1024K, 72% used [0x00000000ebc80000,0x00000000ebd38ea8,0x00000000ebd80000)
  to   space 1536K, 0% used [0x00000000ebf00000,0x00000000ebf00000,0x00000000ec080000)
 ParOldGen       total 68608K, used 43358K [0x00000000c0000000, 0x00000000c4300000, 0x00000000eab00000)
  object space 68608K, 63% used [0x00000000c0000000,0x00000000c2a57b70,0x00000000c4300000)
 Metaspace       used 63575K, committed 64896K, reserved 1114112K
  class space    used 7849K, committed 8448K, reserved 1048576K
}
Event: 12.986 GC heap after
{Heap after GC invocations=47 (full 3):
 PSYoungGen      total 18432K, used 160K [0x00000000eab00000, 0x00000000ebf80000, 0x0000000100000000)
  eden space 17920K, 0% used [0x00000000eab00000,0x00000000eab00000,0x00000000ebc80000)
  from space 512K, 31% used [0x00000000ebf00000,0x00000000ebf28000,0x00000000ebf80000)
  to   space 512K, 0% used [0x00000000ebe80000,0x00000000ebe80000,0x00000000ebf00000)
 ParOldGen       total 68608K, used 43990K [0x00000000c0000000, 0x00000000c4300000, 0x00000000eab00000)
  object space 68608K, 64% used [0x00000000c0000000,0x00000000c2af5a38,0x00000000c4300000)
 Metaspace       used 63575K, committed 64896K, reserved 1114112K
  class space    used 7849K, committed 8448K, reserved 1048576K
}
Event: 13.296 GC heap before
{Heap before GC invocations=48 (full 3):
 PSYoungGen      total 18432K, used 18080K [0x00000000eab00000, 0x00000000ebf80000, 0x0000000100000000)
  eden space 17920K, 100% used [0x00000000eab00000,0x00000000ebc80000,0x00000000ebc80000)
  from space 512K, 31% used [0x00000000ebf00000,0x00000000ebf28000,0x00000000ebf80000)
  to   space 512K, 0% used [0x00000000ebe80000,0x00000000ebe80000,0x00000000ebf00000)
 ParOldGen       total 68608K, used 43990K [0x00000000c0000000, 0x00000000c4300000, 0x00000000eab00000)
  object space 68608K, 64% used [0x00000000c0000000,0x00000000c2af5a38,0x00000000c4300000)
 Metaspace       used 64180K, committed 65600K, reserved 1114112K
  class space    used 7912K, committed 8512K, reserved 1048576K
}
Event: 13.297 GC heap after
{Heap after GC invocations=48 (full 3):
 PSYoungGen      total 18432K, used 512K [0x00000000eab00000, 0x00000000ebf80000, 0x0000000100000000)
  eden space 17920K, 0% used [0x00000000eab00000,0x00000000eab00000,0x00000000ebc80000)
  from space 512K, 100% used [0x00000000ebe80000,0x00000000ebf00000,0x00000000ebf00000)
  to   space 512K, 0% used [0x00000000ebf00000,0x00000000ebf00000,0x00000000ebf80000)
 ParOldGen       total 68608K, used 44046K [0x00000000c0000000, 0x00000000c4300000, 0x00000000eab00000)
  object space 68608K, 64% used [0x00000000c0000000,0x00000000c2b03a48,0x00000000c4300000)
 Metaspace       used 64180K, committed 65600K, reserved 1114112K
  class space    used 7912K, committed 8512K, reserved 1048576K
}
Event: 13.523 GC heap before
{Heap before GC invocations=49 (full 3):
 PSYoungGen      total 18432K, used 17505K [0x00000000eab00000, 0x00000000ebf80000, 0x0000000100000000)
  eden space 17920K, 94% used [0x00000000eab00000,0x00000000ebb98740,0x00000000ebc80000)
  from space 512K, 100% used [0x00000000ebe80000,0x00000000ebf00000,0x00000000ebf00000)
  to   space 512K, 0% used [0x00000000ebf00000,0x00000000ebf00000,0x00000000ebf80000)
 ParOldGen       total 68608K, used 44046K [0x00000000c0000000, 0x00000000c4300000, 0x00000000eab00000)
  object space 68608K, 64% used [0x00000000c0000000,0x00000000c2b03a48,0x00000000c4300000)
 Metaspace       used 65185K, committed 66688K, reserved 1114112K
  class space    used 8041K, committed 8640K, reserved 1048576K
}
Event: 13.526 GC heap after
{Heap after GC invocations=49 (full 3):
 PSYoungGen      total 18432K, used 448K [0x00000000eab00000, 0x00000000ebf80000, 0x0000000100000000)
  eden space 17920K, 0% used [0x00000000eab00000,0x00000000eab00000,0x00000000ebc80000)
  from space 512K, 87% used [0x00000000ebf00000,0x00000000ebf70000,0x00000000ebf80000)
  to   space 512K, 0% used [0x00000000ebe80000,0x00000000ebe80000,0x00000000ebf00000)
 ParOldGen       total 68608K, used 47037K [0x00000000c0000000, 0x00000000c4300000, 0x00000000eab00000)
  object space 68608K, 68% used [0x00000000c0000000,0x00000000c2def4e8,0x00000000c4300000)
 Metaspace       used 65185K, committed 66688K, reserved 1114112K
  class space    used 8041K, committed 8640K, reserved 1048576K
}
Event: 13.581 GC heap before
{Heap before GC invocations=50 (full 3):
 PSYoungGen      total 18432K, used 18368K [0x00000000eab00000, 0x00000000ebf80000, 0x0000000100000000)
  eden space 17920K, 100% used [0x00000000eab00000,0x00000000ebc80000,0x00000000ebc80000)
  from space 512K, 87% used [0x00000000ebf00000,0x00000000ebf70000,0x00000000ebf80000)
  to   space 512K, 0% used [0x00000000ebe80000,0x00000000ebe80000,0x00000000ebf00000)
 ParOldGen       total 68608K, used 47037K [0x00000000c0000000, 0x00000000c4300000, 0x00000000eab00000)
  object space 68608K, 68% used [0x00000000c0000000,0x00000000c2def508,0x00000000c4300000)
 Metaspace       used 65200K, committed 66688K, reserved 1114112K
  class space    used 8041K, committed 8640K, reserved 1048576K
}
Event: 13.587 GC heap after
{Heap after GC invocations=50 (full 3):
 PSYoungGen      total 18432K, used 256K [0x00000000eab00000, 0x00000000ebf80000, 0x0000000100000000)
  eden space 17920K, 0% used [0x00000000eab00000,0x00000000eab00000,0x00000000ebc80000)
  from space 512K, 50% used [0x00000000ebe80000,0x00000000ebec0000,0x00000000ebf00000)
  to   space 512K, 0% used [0x00000000ebf00000,0x00000000ebf00000,0x00000000ebf80000)
 ParOldGen       total 68608K, used 57651K [0x00000000c0000000, 0x00000000c4300000, 0x00000000eab00000)
  object space 68608K, 84% used [0x00000000c0000000,0x00000000c384cf48,0x00000000c4300000)
 Metaspace       used 65200K, committed 66688K, reserved 1114112K
  class space    used 8041K, committed 8640K, reserved 1048576K
}
Event: 13.667 GC heap before
{Heap before GC invocations=51 (full 3):
 PSYoungGen      total 18432K, used 18176K [0x00000000eab00000, 0x00000000ebf80000, 0x0000000100000000)
  eden space 17920K, 100% used [0x00000000eab00000,0x00000000ebc80000,0x00000000ebc80000)
  from space 512K, 50% used [0x00000000ebe80000,0x00000000ebec0000,0x00000000ebf00000)
  to   space 512K, 0% used [0x00000000ebf00000,0x00000000ebf00000,0x00000000ebf80000)
 ParOldGen       total 79872K, used 79672K [0x00000000c0000000, 0x00000000c4e00000, 0x00000000eab00000)
  object space 79872K, 99% used [0x00000000c0000000,0x00000000c4dce298,0x00000000c4e00000)
 Metaspace       used 65220K, committed 66688K, reserved 1114112K
  class space    used 8042K, committed 8640K, reserved 1048576K
}
Event: 13.670 GC heap after
{Heap after GC invocations=51 (full 3):
 PSYoungGen      total 18432K, used 512K [0x00000000eab00000, 0x00000000ec080000, 0x0000000100000000)
  eden space 17920K, 0% used [0x00000000eab00000,0x00000000eab00000,0x00000000ebc80000)
  from space 512K, 100% used [0x00000000ebf00000,0x00000000ebf80000,0x00000000ebf80000)
  to   space 2048K, 0% used [0x00000000ebc80000,0x00000000ebc80000,0x00000000ebe80000)
 ParOldGen       total 80896K, used 80808K [0x00000000c0000000, 0x00000000c4f00000, 0x00000000eab00000)
  object space 80896K, 99% used [0x00000000c0000000,0x00000000c4eea298,0x00000000c4f00000)
 Metaspace       used 65220K, committed 66688K, reserved 1114112K
  class space    used 8042K, committed 8640K, reserved 1048576K
}
Event: 13.777 GC heap before
{Heap before GC invocations=52 (full 3):
 PSYoungGen      total 18432K, used 18432K [0x00000000eab00000, 0x00000000ec080000, 0x0000000100000000)
  eden space 17920K, 100% used [0x00000000eab00000,0x00000000ebc80000,0x00000000ebc80000)
  from space 512K, 100% used [0x00000000ebf00000,0x00000000ebf80000,0x00000000ebf80000)
  to   space 2048K, 0% used [0x00000000ebc80000,0x00000000ebc80000,0x00000000ebe80000)
 ParOldGen       total 80896K, used 80808K [0x00000000c0000000, 0x00000000c4f00000, 0x00000000eab00000)
  object space 80896K, 99% used [0x00000000c0000000,0x00000000c4eea298,0x00000000c4f00000)
 Metaspace       used 65220K, committed 66688K, reserved 1114112K
  class space    used 8042K, committed 8640K, reserved 1048576K
}
Event: 13.788 GC heap after
{Heap after GC invocations=52 (full 3):
 PSYoungGen      total 19968K, used 2048K [0x00000000eab00000, 0x00000000ec080000, 0x0000000100000000)
  eden space 17920K, 0% used [0x00000000eab00000,0x00000000eab00000,0x00000000ebc80000)
  from space 2048K, 100% used [0x00000000ebc80000,0x00000000ebe80000,0x00000000ebe80000)
  to   space 512K, 0% used [0x00000000ebf00000,0x00000000ebf00000,0x00000000ebf80000)
 ParOldGen       total 93184K, used 92772K [0x00000000c0000000, 0x00000000c5b00000, 0x00000000eab00000)
  object space 93184K, 99% used [0x00000000c0000000,0x00000000c5a992a8,0x00000000c5b00000)
 Metaspace       used 65220K, committed 66688K, reserved 1114112K
  class space    used 8042K, committed 8640K, reserved 1048576K
}
Event: 13.881 GC heap before
{Heap before GC invocations=53 (full 3):
 PSYoungGen      total 19968K, used 19968K [0x00000000eab00000, 0x00000000ec080000, 0x0000000100000000)
  eden space 17920K, 100% used [0x00000000eab00000,0x00000000ebc80000,0x00000000ebc80000)
  from space 2048K, 100% used [0x00000000ebc80000,0x00000000ebe80000,0x00000000ebe80000)
  to   space 512K, 0% used [0x00000000ebf00000,0x00000000ebf00000,0x00000000ebf80000)
 ParOldGen       total 93184K, used 92772K [0x00000000c0000000, 0x00000000c5b00000, 0x00000000eab00000)
  object space 93184K, 99% used [0x00000000c0000000,0x00000000c5a992a8,0x00000000c5b00000)
 Metaspace       used 65221K, committed 66688K, reserved 1114112K
  class space    used 8042K, committed 8640K, reserved 1048576K
}
Event: 13.892 GC heap after
{Heap after GC invocations=53 (full 3):
 PSYoungGen      total 18432K, used 512K [0x00000000eab00000, 0x00000000ec080000, 0x0000000100000000)
  eden space 17920K, 0% used [0x00000000eab00000,0x00000000eab00000,0x00000000ebc80000)
  from space 512K, 100% used [0x00000000ebf00000,0x00000000ebf80000,0x00000000ebf80000)
  to   space 2048K, 0% used [0x00000000ebc80000,0x00000000ebc80000,0x00000000ebe80000)
 ParOldGen       total 108032K, used 107996K [0x00000000c0000000, 0x00000000c6980000, 0x00000000eab00000)
  object space 108032K, 99% used [0x00000000c0000000,0x00000000c69772c8,0x00000000c6980000)
 Metaspace       used 65221K, committed 66688K, reserved 1114112K
  class space    used 8042K, committed 8640K, reserved 1048576K
}

Dll operation events (15 events):
Event: 0.009 Loaded shared library c:\Users\amali\.vscode\extensions\redhat.java-1.42.0-win32-x64\jre\21.0.7-win32-x86_64\bin\java.dll
Event: 0.077 Loaded shared library c:\Users\amali\.vscode\extensions\redhat.java-1.42.0-win32-x64\jre\21.0.7-win32-x86_64\bin\zip.dll
Event: 0.096 Loaded shared library C:\Users\amali\.vscode\extensions\redhat.java-1.42.0-win32-x64\jre\21.0.7-win32-x86_64\bin\instrument.dll
Event: 0.100 Loaded shared library C:\Users\amali\.vscode\extensions\redhat.java-1.42.0-win32-x64\jre\21.0.7-win32-x86_64\bin\net.dll
Event: 0.102 Loaded shared library C:\Users\amali\.vscode\extensions\redhat.java-1.42.0-win32-x64\jre\21.0.7-win32-x86_64\bin\nio.dll
Event: 0.106 Loaded shared library C:\Users\amali\.vscode\extensions\redhat.java-1.42.0-win32-x64\jre\21.0.7-win32-x86_64\bin\zip.dll
Event: 0.125 Loaded shared library C:\Users\amali\.vscode\extensions\redhat.java-1.42.0-win32-x64\jre\21.0.7-win32-x86_64\bin\jimage.dll
Event: 0.178 Loaded shared library c:\Users\amali\.vscode\extensions\redhat.java-1.42.0-win32-x64\jre\21.0.7-win32-x86_64\bin\verify.dll
Event: 1.291 Loaded shared library C:\Users\amali\AppData\Roaming\Code\User\globalStorage\redhat.java\1.42.0\config_win\org.eclipse.equinox.launcher\org.eclipse.equinox.launcher.win32.win32.x86_64_1.2.1300.v20250331-1702\eclipse_11911.dll
Event: 2.622 Loaded shared library C:\Users\amali\AppData\Local\Temp\jna-2018896\jna12251705018247867664.dll
Event: 6.214 Loaded shared library C:\Users\amali\.gradle\native\c067742578af261105cb4f569cf0c3c89f3d7b1fecec35dd04571415982c5e48\windows-amd64\native-platform.dll
Event: 7.369 Loaded shared library C:\Users\amali\.vscode\extensions\redhat.java-1.42.0-win32-x64\jre\21.0.7-win32-x86_64\bin\management.dll
Event: 7.373 Loaded shared library C:\Users\amali\.vscode\extensions\redhat.java-1.42.0-win32-x64\jre\21.0.7-win32-x86_64\bin\management_ext.dll
Event: 10.123 Loaded shared library C:\Users\amali\.vscode\extensions\redhat.java-1.42.0-win32-x64\jre\21.0.7-win32-x86_64\bin\extnet.dll
Event: 10.178 Loaded shared library C:\Users\amali\.vscode\extensions\redhat.java-1.42.0-win32-x64\jre\21.0.7-win32-x86_64\bin\sunmscapi.dll

Deoptimization events (20 events):
Event: 13.531 Thread 0x000001f7f099a2a0 Uncommon trap: trap_request=0xffffffbe fr.pc=0x000001f79a7957b8 relative=0x00000000000013f8
Event: 13.531 Thread 0x000001f7f099a2a0 Uncommon trap: reason=profile_predicate action=maybe_recompile pc=0x000001f79a7957b8 method=java.util.zip.InflaterInputStream.read([BII)I @ 37 c2
Event: 13.531 Thread 0x000001f7f099a2a0 DEOPT PACKING pc=0x000001f79a7957b8 sp=0x000000e4c45ff190
Event: 13.531 Thread 0x000001f7f099a2a0 DEOPT UNPACKING pc=0x000001f79a146da2 sp=0x000000e4c45ff1e0 mode 2
Event: 13.531 Thread 0x000001f7f099a2a0 Uncommon trap: trap_request=0xffffffbe fr.pc=0x000001f79a7957b8 relative=0x00000000000013f8
Event: 13.531 Thread 0x000001f7f099a2a0 Uncommon trap: reason=profile_predicate action=maybe_recompile pc=0x000001f79a7957b8 method=java.util.zip.InflaterInputStream.read([BII)I @ 37 c2
Event: 13.531 Thread 0x000001f7f099a2a0 DEOPT PACKING pc=0x000001f79a7957b8 sp=0x000000e4c45ff190
Event: 13.531 Thread 0x000001f7f099a2a0 DEOPT UNPACKING pc=0x000001f79a146da2 sp=0x000000e4c45ff1e0 mode 2
Event: 13.611 Thread 0x000001f7f099a2a0 Uncommon trap: trap_request=0xffffff45 fr.pc=0x000001f79abc49a8 relative=0x0000000000000948
Event: 13.611 Thread 0x000001f7f099a2a0 Uncommon trap: reason=unstable_if action=reinterpret pc=0x000001f79abc49a8 method=java.util.zip.GZIPInputStream.read([BII)I @ 25 c2
Event: 13.611 Thread 0x000001f7f099a2a0 DEOPT PACKING pc=0x000001f79abc49a8 sp=0x000000e4c45ff2a0
Event: 13.611 Thread 0x000001f7f099a2a0 DEOPT UNPACKING pc=0x000001f79a146da2 sp=0x000000e4c45ff280 mode 2
Event: 13.654 Thread 0x000001f7f099a2a0 Uncommon trap: trap_request=0xffffff45 fr.pc=0x000001f79a73b9a8 relative=0x0000000000000148
Event: 13.654 Thread 0x000001f7f099a2a0 Uncommon trap: reason=unstable_if action=reinterpret pc=0x000001f79a73b9a8 method=java.util.HashMap.getNode(Ljava/lang/Object;)Ljava/util/HashMap$Node; @ 66 c2
Event: 13.654 Thread 0x000001f7f099a2a0 DEOPT PACKING pc=0x000001f79a73b9a8 sp=0x000000e4c45fe870
Event: 13.654 Thread 0x000001f7f099a2a0 DEOPT UNPACKING pc=0x000001f79a146da2 sp=0x000000e4c45fe770 mode 2
Event: 13.654 Thread 0x000001f7f099a2a0 Uncommon trap: trap_request=0xffffff45 fr.pc=0x000001f79a73ae28 relative=0x0000000000000148
Event: 13.654 Thread 0x000001f7f099a2a0 Uncommon trap: reason=unstable_if action=reinterpret pc=0x000001f79a73ae28 method=java.util.HashMap.getNode(Ljava/lang/Object;)Ljava/util/HashMap$Node; @ 66 c2
Event: 13.654 Thread 0x000001f7f099a2a0 DEOPT PACKING pc=0x000001f79a73ae28 sp=0x000000e4c45fe620
Event: 13.654 Thread 0x000001f7f099a2a0 DEOPT UNPACKING pc=0x000001f79a146da2 sp=0x000000e4c45fe5a0 mode 2

Classes loaded (20 events):
Event: 13.493 Loading class com/sun/crypto/provider/AESConstants done
Event: 13.493 Loading class com/sun/crypto/provider/SymmetricCipher
Event: 13.493 Loading class com/sun/crypto/provider/SymmetricCipher done
Event: 13.493 Loading class com/sun/crypto/provider/AESCrypt done
Event: 13.493 Loading class com/sun/crypto/provider/ElectronicCodeBook
Event: 13.494 Loading class com/sun/crypto/provider/FeedbackCipher
Event: 13.494 Loading class com/sun/crypto/provider/FeedbackCipher done
Event: 13.494 Loading class com/sun/crypto/provider/ElectronicCodeBook done
Event: 13.494 Loading class com/sun/crypto/provider/PKCS5Padding
Event: 13.494 Loading class com/sun/crypto/provider/Padding
Event: 13.494 Loading class com/sun/crypto/provider/Padding done
Event: 13.494 Loading class com/sun/crypto/provider/PKCS5Padding done
Event: 13.494 Loading class com/sun/crypto/provider/CipherBlockChaining
Event: 13.495 Loading class com/sun/crypto/provider/CipherBlockChaining done
Event: 13.495 Loading class javax/crypto/NullCipher
Event: 13.495 Loading class javax/crypto/NullCipher done
Event: 13.495 Loading class sun/security/util/ArrayUtil
Event: 13.495 Loading class sun/security/util/ArrayUtil done
Event: 13.612 Loading class java/util/zip/GZIPInputStream$1
Event: 13.612 Loading class java/util/zip/GZIPInputStream$1 done

Classes unloaded (13 events):
Event: 3.256 Thread 0x000001f78fa8e6c0 Unloading class 0x000001f7a51a4400 'java/lang/invoke/LambdaForm$MH+0x000001f7a51a4400'
Event: 3.256 Thread 0x000001f78fa8e6c0 Unloading class 0x000001f7a51a4000 'java/lang/invoke/LambdaForm$MH+0x000001f7a51a4000'
Event: 3.256 Thread 0x000001f78fa8e6c0 Unloading class 0x000001f7a51a3c00 'java/lang/invoke/LambdaForm$MH+0x000001f7a51a3c00'
Event: 3.256 Thread 0x000001f78fa8e6c0 Unloading class 0x000001f7a51a3800 'java/lang/invoke/LambdaForm$MH+0x000001f7a51a3800'
Event: 3.256 Thread 0x000001f78fa8e6c0 Unloading class 0x000001f7a51a3400 'java/lang/invoke/LambdaForm$BMH+0x000001f7a51a3400'
Event: 3.256 Thread 0x000001f78fa8e6c0 Unloading class 0x000001f7a51a3000 'java/lang/invoke/LambdaForm$DMH+0x000001f7a51a3000'
Event: 3.256 Thread 0x000001f78fa8e6c0 Unloading class 0x000001f7a51a1c00 'java/lang/invoke/LambdaForm$DMH+0x000001f7a51a1c00'
Event: 4.966 Thread 0x000001f78fa8e6c0 Unloading class 0x000001f7a5333c00 'java/lang/invoke/LambdaForm$MH+0x000001f7a5333c00'
Event: 4.966 Thread 0x000001f78fa8e6c0 Unloading class 0x000001f7a5333400 'java/lang/invoke/LambdaForm$MH+0x000001f7a5333400'
Event: 4.966 Thread 0x000001f78fa8e6c0 Unloading class 0x000001f7a5332c00 'java/lang/invoke/LambdaForm$MH+0x000001f7a5332c00'
Event: 4.966 Thread 0x000001f78fa8e6c0 Unloading class 0x000001f7a5332000 'java/lang/invoke/LambdaForm$MH+0x000001f7a5332000'
Event: 4.966 Thread 0x000001f78fa8e6c0 Unloading class 0x000001f7a5331c00 'java/lang/invoke/LambdaForm$DMH+0x000001f7a5331c00'
Event: 4.966 Thread 0x000001f78fa8e6c0 Unloading class 0x000001f7a5331000 'java/lang/invoke/LambdaForm$MH+0x000001f7a5331000'

Classes redefined (0 events):
No events

Internal exceptions (20 events):
Event: 13.232 Thread 0x000001f7ec95a360 Exception <a 'sun/nio/fs/WindowsException'{0x00000000eb77c870}> (0x00000000eb77c870) 
thrown [s\src\hotspot\share\prims\jni.cpp, line 520]
Event: 13.233 Thread 0x000001f7ec95a360 Exception <a 'sun/nio/fs/WindowsException'{0x00000000eb7847f8}> (0x00000000eb7847f8) 
thrown [s\src\hotspot\share\prims\jni.cpp, line 520]
Event: 13.251 Thread 0x000001f7ec95a360 Exception <a 'sun/nio/fs/WindowsException'{0x00000000eb98d970}> (0x00000000eb98d970) 
thrown [s\src\hotspot\share\prims\jni.cpp, line 520]
Event: 13.251 Thread 0x000001f7ec95a360 Exception <a 'sun/nio/fs/WindowsException'{0x00000000eb98e6b0}> (0x00000000eb98e6b0) 
thrown [s\src\hotspot\share\prims\jni.cpp, line 520]
Event: 13.252 Thread 0x000001f7ec95a360 Exception <a 'sun/nio/fs/WindowsException'{0x00000000eb99a610}> (0x00000000eb99a610) 
thrown [s\src\hotspot\share\prims\jni.cpp, line 520]
Event: 13.252 Thread 0x000001f7ec95a360 Exception <a 'sun/nio/fs/WindowsException'{0x00000000eb9a2858}> (0x00000000eb9a2858) 
thrown [s\src\hotspot\share\prims\jni.cpp, line 520]
Event: 13.252 Thread 0x000001f7ec95a360 Exception <a 'sun/nio/fs/WindowsException'{0x00000000eb9a6620}> (0x00000000eb9a6620) 
thrown [s\src\hotspot\share\prims\jni.cpp, line 520]
Event: 13.253 Thread 0x000001f7ec95a360 Exception <a 'sun/nio/fs/WindowsException'{0x00000000eb9a7148}> (0x00000000eb9a7148) 
thrown [s\src\hotspot\share\prims\jni.cpp, line 520]
Event: 13.255 Thread 0x000001f7ec95a360 Exception <a 'sun/nio/fs/WindowsException'{0x00000000eb9ca888}> (0x00000000eb9ca888) 
thrown [s\src\hotspot\share\prims\jni.cpp, line 520]
Event: 13.255 Thread 0x000001f7ec95a360 Exception <a 'sun/nio/fs/WindowsException'{0x00000000eb9cb108}> (0x00000000eb9cb108) 
thrown [s\src\hotspot\share\prims\jni.cpp, line 520]
Event: 13.255 Thread 0x000001f7ec95a360 Exception <a 'sun/nio/fs/WindowsException'{0x00000000eb9cbee0}> (0x00000000eb9cbee0) 
thrown [s\src\hotspot\share\prims\jni.cpp, line 520]
Event: 13.255 Thread 0x000001f7ec95a360 Exception <a 'sun/nio/fs/WindowsException'{0x00000000eb9cc750}> (0x00000000eb9cc750) 
thrown [s\src\hotspot\share\prims\jni.cpp, line 520]
Event: 13.429 Thread 0x000001f7eddb7d90 Exception <a 'java/lang/NoSuchMethodError'{0x00000000eb2de898}: 'java.lang.Object java.lang.invoke.DirectMethodHandle$Holder.invokeStatic(java.lang.Object, java.lang.Object, int, java.lang.Object)'> (0x00000000eb2de898) 
thrown [s\src\hotspot\share\interpreter\linkResolver.cpp, line 773]
Event: 13.446 Thread 0x000001f7ec95a360 Exception <a 'java/lang/IncompatibleClassChangeError'{0x00000000eb39e480}: Found class java.lang.Object, but interface was expected> (0x00000000eb39e480) 
thrown [s\src\hotspot\share\interpreter\linkResolver.cpp, line 840]
Event: 13.471 Thread 0x000001f7f0998860 Implicit null exception at 0x000001f79aa9e047 to 0x000001f79aa9e608
Event: 13.473 Thread 0x000001f7ebed8060 Exception <a 'java/io/FileNotFoundException'{0x00000000eb69fa50}> (0x00000000eb69fa50) 
thrown [s\src\hotspot\share\prims\jni.cpp, line 520]
Event: 13.473 Thread 0x000001f7eddb7d90 Exception <a 'java/io/FileNotFoundException'{0x00000000eb694cb0}> (0x00000000eb694cb0) 
thrown [s\src\hotspot\share\prims\jni.cpp, line 520]
Event: 13.473 Thread 0x000001f7ebed8060 Exception <a 'java/io/FileNotFoundException'{0x00000000eb6a07b8}> (0x00000000eb6a07b8) 
thrown [s\src\hotspot\share\prims\jni.cpp, line 520]
Event: 13.475 Thread 0x000001f7ec95a360 Exception <a 'java/lang/IncompatibleClassChangeError'{0x00000000eb6c0a10}: Found class java.lang.Object, but interface was expected> (0x00000000eb6c0a10) 
thrown [s\src\hotspot\share\interpreter\linkResolver.cpp, line 840]
Event: 13.481 Thread 0x000001f7f099a2a0 Exception <a 'sun/nio/fs/WindowsException'{0x00000000eb8b9f60}> (0x00000000eb8b9f60) 
thrown [s\src\hotspot\share\prims\jni.cpp, line 520]

ZGC Phase Switch (0 events):
No events

VM Operations (20 events):
Event: 13.231 Executing VM operation: HandshakeAllThreads (Deoptimize)
Event: 13.231 Executing VM operation: HandshakeAllThreads (Deoptimize) done
Event: 13.233 Executing VM operation: HandshakeAllThreads (Deoptimize)
Event: 13.233 Executing VM operation: HandshakeAllThreads (Deoptimize) done
Event: 13.296 Executing VM operation: ParallelGCFailedAllocation (Allocation Failure)
Event: 13.297 Executing VM operation: ParallelGCFailedAllocation (Allocation Failure) done
Event: 13.484 Executing VM operation: HandshakeAllThreads (Deoptimize)
Event: 13.484 Executing VM operation: HandshakeAllThreads (Deoptimize) done
Event: 13.523 Executing VM operation: ParallelGCFailedAllocation (Allocation Failure)
Event: 13.526 Executing VM operation: ParallelGCFailedAllocation (Allocation Failure) done
Event: 13.580 Executing VM operation: ParallelGCFailedAllocation (Allocation Failure)
Event: 13.580 Executing VM operation: ParallelGCFailedAllocation (Allocation Failure) done
Event: 13.581 Executing VM operation: ParallelGCSystemGC (GCLocker Initiated GC)
Event: 13.587 Executing VM operation: ParallelGCSystemGC (GCLocker Initiated GC) done
Event: 13.667 Executing VM operation: ParallelGCFailedAllocation (Allocation Failure)
Event: 13.670 Executing VM operation: ParallelGCFailedAllocation (Allocation Failure) done
Event: 13.777 Executing VM operation: ParallelGCFailedAllocation (Allocation Failure)
Event: 13.788 Executing VM operation: ParallelGCFailedAllocation (Allocation Failure) done
Event: 13.881 Executing VM operation: ParallelGCFailedAllocation (Allocation Failure)
Event: 13.892 Executing VM operation: ParallelGCFailedAllocation (Allocation Failure) done

Memory protections (0 events):
No events

Nmethod flushes (20 events):
Event: 8.768 Thread 0x000001f78fa8e6c0 flushing  nmethod 0x000001f79343fa90
Event: 8.768 Thread 0x000001f78fa8e6c0 flushing  nmethod 0x000001f793441590
Event: 8.768 Thread 0x000001f78fa8e6c0 flushing  nmethod 0x000001f793442690
Event: 8.768 Thread 0x000001f78fa8e6c0 flushing  nmethod 0x000001f79344b990
Event: 8.768 Thread 0x000001f78fa8e6c0 flushing  nmethod 0x000001f793450b10
Event: 8.768 Thread 0x000001f78fa8e6c0 flushing  nmethod 0x000001f793458790
Event: 8.768 Thread 0x000001f78fa8e6c0 flushing  nmethod 0x000001f793461a90
Event: 8.768 Thread 0x000001f78fa8e6c0 flushing  nmethod 0x000001f793466790
Event: 8.768 Thread 0x000001f78fa8e6c0 flushing  nmethod 0x000001f79347db90
Event: 8.768 Thread 0x000001f78fa8e6c0 flushing  nmethod 0x000001f793487310
Event: 8.768 Thread 0x000001f78fa8e6c0 flushing  nmethod 0x000001f7934b5090
Event: 8.768 Thread 0x000001f78fa8e6c0 flushing  nmethod 0x000001f7934bc990
Event: 8.768 Thread 0x000001f78fa8e6c0 flushing  nmethod 0x000001f7934c6a10
Event: 8.768 Thread 0x000001f78fa8e6c0 flushing  nmethod 0x000001f7934e1990
Event: 8.768 Thread 0x000001f78fa8e6c0 flushing  nmethod 0x000001f7934e3290
Event: 8.768 Thread 0x000001f78fa8e6c0 flushing  nmethod 0x000001f7934ef510
Event: 8.768 Thread 0x000001f78fa8e6c0 flushing  nmethod 0x000001f7934efc90
Event: 8.768 Thread 0x000001f78fa8e6c0 flushing  nmethod 0x000001f7934f0010
Event: 8.768 Thread 0x000001f78fa8e6c0 flushing  nmethod 0x000001f7934f0390
Event: 8.768 Thread 0x000001f78fa8e6c0 flushing  nmethod 0x000001f7934f0910

Events (20 events):
Event: 11.982 Thread 0x000001f7ebed6cb0 Thread added: 0x000001f7f099ead0
Event: 11.983 Thread 0x000001f7ebed6cb0 Thread added: 0x000001f7f099ca00
Event: 12.041 Thread 0x000001f7f099ca00 Thread added: 0x000001f7f0998860
Event: 12.157 Thread 0x000001f7ef7c7050 Thread exited: 0x000001f7ef7c7050
Event: 12.496 Thread 0x000001f7ef7c5be0 Thread exited: 0x000001f7ef7c5be0
Event: 13.067 Thread 0x000001f7eb031b90 Thread added: 0x000001f7ef7c5510
Event: 13.071 Thread 0x000001f7f0998860 Thread exited: 0x000001f7f0998860
Event: 13.072 Thread 0x000001f7eb031b90 Thread added: 0x000001f7ef7c7050
Event: 13.082 Thread 0x000001f7f099ca00 Thread exited: 0x000001f7f099ca00
Event: 13.450 Thread 0x000001f7ec95a360 Thread added: 0x000001f7f099ca00
Event: 13.452 Thread 0x000001f7ec95a360 Thread added: 0x000001f7f0998860
Event: 13.455 Thread 0x000001f7f0998860 Thread added: 0x000001f7f0999580
Event: 13.474 Thread 0x000001f7f0998860 Thread added: 0x000001f7f099a2a0
Event: 13.486 Thread 0x000001f7eddb7d90 Thread added: 0x000001f7f0999c10
Event: 13.487 Thread 0x000001f7eddb7d90 Thread added: 0x000001f7f099a930
Event: 13.513 Thread 0x000001f7f099a930 Thread exited: 0x000001f7f099a930
Event: 13.514 Thread 0x000001f7eddb7d90 Thread added: 0x000001f7f099a930
Event: 13.515 Thread 0x000001f7eddb7d90 Thread added: 0x000001f7ec9612f0
Event: 13.592 Thread 0x000001f7ec9612f0 Thread added: 0x000001f7ec95d150
Event: 13.947 Thread 0x000001f7f099a2a0 Thread exited: 0x000001f7f099a2a0


Dynamic libraries:
0x00007ff7d8a80000 - 0x00007ff7d8a8e000 	c:\Users\amali\.vscode\extensions\redhat.java-1.42.0-win32-x64\jre\21.0.7-win32-x86_64\bin\java.exe
0x00007ff96bcd0000 - 0x00007ff96bee7000 	C:\Windows\SYSTEM32\ntdll.dll
0x00007ff969b90000 - 0x00007ff969c54000 	C:\Windows\System32\KERNEL32.DLL
0x00007ff968e90000 - 0x00007ff969263000 	C:\Windows\System32\KERNELBASE.dll
0x00007ff969690000 - 0x00007ff9697a1000 	C:\Windows\System32\ucrtbase.dll
0x00007ff9535a0000 - 0x00007ff9535b8000 	c:\Users\amali\.vscode\extensions\redhat.java-1.42.0-win32-x64\jre\21.0.7-win32-x86_64\bin\jli.dll
0x00007ff9699d0000 - 0x00007ff969b81000 	C:\Windows\System32\USER32.dll
0x00007ff9530e0000 - 0x00007ff9530fe000 	c:\Users\amali\.vscode\extensions\redhat.java-1.42.0-win32-x64\jre\21.0.7-win32-x86_64\bin\VCRUNTIME140.dll
0x00007ff968dc0000 - 0x00007ff968de6000 	C:\Windows\System32\win32u.dll
0x00007ff96bb80000 - 0x00007ff96bba9000 	C:\Windows\System32\GDI32.dll
0x00007ff953d20000 - 0x00007ff953fbb000 	C:\Windows\WinSxS\amd64_microsoft.windows.common-controls_6595b64144ccf1df_6.0.22621.5262_none_2712bde373830908\COMCTL32.dll
0x00007ff969830000 - 0x00007ff969952000 	C:\Windows\System32\gdi32full.dll
0x00007ff96a570000 - 0x00007ff96a617000 	C:\Windows\System32\msvcrt.dll
0x00007ff968df0000 - 0x00007ff968e8a000 	C:\Windows\System32\msvcp_win.dll
0x00007ff96b940000 - 0x00007ff96b971000 	C:\Windows\System32\IMM32.DLL
0x00007ff953ad0000 - 0x00007ff953adc000 	c:\Users\amali\.vscode\extensions\redhat.java-1.42.0-win32-x64\jre\21.0.7-win32-x86_64\bin\vcruntime140_1.dll
0x00007ff93be50000 - 0x00007ff93bedd000 	c:\Users\amali\.vscode\extensions\redhat.java-1.42.0-win32-x64\jre\21.0.7-win32-x86_64\bin\msvcp140.dll
0x00007ff9081b0000 - 0x00007ff908f40000 	c:\Users\amali\.vscode\extensions\redhat.java-1.42.0-win32-x64\jre\21.0.7-win32-x86_64\bin\server\jvm.dll
0x00007ff96bac0000 - 0x00007ff96bb71000 	C:\Windows\System32\ADVAPI32.dll
0x00007ff96a1a0000 - 0x00007ff96a247000 	C:\Windows\System32\sechost.dll
0x00007ff9695e0000 - 0x00007ff969608000 	C:\Windows\System32\bcrypt.dll
0x00007ff96a2f0000 - 0x00007ff96a404000 	C:\Windows\System32\RPCRT4.dll
0x00007ff96a120000 - 0x00007ff96a191000 	C:\Windows\System32\WS2_32.dll
0x00007ff967c20000 - 0x00007ff967c6d000 	C:\Windows\SYSTEM32\POWRPROF.dll
0x00007ff961c20000 - 0x00007ff961c54000 	C:\Windows\SYSTEM32\WINMM.dll
0x00007ff95fa80000 - 0x00007ff95fa8a000 	C:\Windows\SYSTEM32\VERSION.dll
0x00007ff967c00000 - 0x00007ff967c13000 	C:\Windows\SYSTEM32\UMPDC.dll
0x00007ff967ed0000 - 0x00007ff967ee8000 	C:\Windows\SYSTEM32\kernel.appcore.dll
0x00007ff953890000 - 0x00007ff95389a000 	c:\Users\amali\.vscode\extensions\redhat.java-1.42.0-win32-x64\jre\21.0.7-win32-x86_64\bin\jimage.dll
0x00007ff966340000 - 0x00007ff966572000 	C:\Windows\SYSTEM32\DBGHELP.DLL
0x00007ff969c60000 - 0x00007ff969ff3000 	C:\Windows\System32\combase.dll
0x00007ff96bbb0000 - 0x00007ff96bc87000 	C:\Windows\System32\OLEAUT32.dll
0x00007ff958420000 - 0x00007ff958452000 	C:\Windows\SYSTEM32\dbgcore.DLL
0x00007ff9697b0000 - 0x00007ff96982b000 	C:\Windows\System32\bcryptPrimitives.dll
0x00007ff948820000 - 0x00007ff94882f000 	c:\Users\amali\.vscode\extensions\redhat.java-1.42.0-win32-x64\jre\21.0.7-win32-x86_64\bin\instrument.dll
0x00007ff952240000 - 0x00007ff95225f000 	c:\Users\amali\.vscode\extensions\redhat.java-1.42.0-win32-x64\jre\21.0.7-win32-x86_64\bin\java.dll
0x00007ff96add0000 - 0x00007ff96b66d000 	C:\Windows\System32\SHELL32.dll
0x00007ff969330000 - 0x00007ff96946f000 	C:\Windows\System32\wintypes.dll
0x00007ff966cc0000 - 0x00007ff9675dd000 	C:\Windows\SYSTEM32\windows.storage.dll
0x00007ff96a000000 - 0x00007ff96a10b000 	C:\Windows\System32\SHCORE.dll
0x00007ff969960000 - 0x00007ff9699c6000 	C:\Windows\System32\shlwapi.dll
0x00007ff968cf0000 - 0x00007ff968d1b000 	C:\Windows\SYSTEM32\profapi.dll
0x00007ff950f00000 - 0x00007ff950f18000 	c:\Users\amali\.vscode\extensions\redhat.java-1.42.0-win32-x64\jre\21.0.7-win32-x86_64\bin\zip.dll
0x00007ff9534d0000 - 0x00007ff9534e0000 	C:\Users\amali\.vscode\extensions\redhat.java-1.42.0-win32-x64\jre\21.0.7-win32-x86_64\bin\net.dll
0x00007ff9630e0000 - 0x00007ff96320c000 	C:\Windows\SYSTEM32\WINHTTP.dll
0x00007ff968370000 - 0x00007ff9683da000 	C:\Windows\system32\mswsock.dll
0x00007ff946150000 - 0x00007ff946166000 	C:\Users\amali\.vscode\extensions\redhat.java-1.42.0-win32-x64\jre\21.0.7-win32-x86_64\bin\nio.dll
0x00007ff9480d0000 - 0x00007ff9480e0000 	c:\Users\amali\.vscode\extensions\redhat.java-1.42.0-win32-x64\jre\21.0.7-win32-x86_64\bin\verify.dll
0x00007ff93bc10000 - 0x00007ff93bc55000 	C:\Users\amali\AppData\Roaming\Code\User\globalStorage\redhat.java\1.42.0\config_win\org.eclipse.equinox.launcher\org.eclipse.equinox.launcher.win32.win32.x86_64_1.2.1300.v20250331-1702\eclipse_11911.dll
0x00007ff96b780000 - 0x00007ff96b921000 	C:\Windows\System32\ole32.dll
0x00007ff9685d0000 - 0x00007ff9685eb000 	C:\Windows\SYSTEM32\CRYPTSP.dll
0x00007ff967e30000 - 0x00007ff967e67000 	C:\Windows\system32\rsaenh.dll
0x00007ff968460000 - 0x00007ff968488000 	C:\Windows\SYSTEM32\USERENV.dll
0x00007ff9685c0000 - 0x00007ff9685cc000 	C:\Windows\SYSTEM32\CRYPTBASE.dll
0x00007ff967830000 - 0x00007ff96785d000 	C:\Windows\SYSTEM32\IPHLPAPI.DLL
0x00007ff96a2e0000 - 0x00007ff96a2e9000 	C:\Windows\System32\NSI.dll
0x00007ff93ba00000 - 0x00007ff93ba49000 	C:\Users\amali\AppData\Local\Temp\jna-2018896\jna12251705018247867664.dll
0x00007ff96a110000 - 0x00007ff96a118000 	C:\Windows\System32\PSAPI.DLL
0x00007ff9623b0000 - 0x00007ff9623c9000 	C:\Windows\SYSTEM32\dhcpcsvc6.DLL
0x00007ff962390000 - 0x00007ff9623af000 	C:\Windows\SYSTEM32\dhcpcsvc.DLL
0x00007ff9073f0000 - 0x00007ff907417000 	C:\Users\amali\.gradle\native\c067742578af261105cb4f569cf0c3c89f3d7b1fecec35dd04571415982c5e48\windows-amd64\native-platform.dll
0x00007ff9532a0000 - 0x00007ff9532aa000 	C:\Users\amali\.vscode\extensions\redhat.java-1.42.0-win32-x64\jre\21.0.7-win32-x86_64\bin\management.dll
0x00007ff953200000 - 0x00007ff95320b000 	C:\Users\amali\.vscode\extensions\redhat.java-1.42.0-win32-x64\jre\21.0.7-win32-x86_64\bin\management_ext.dll
0x00007ff948790000 - 0x00007ff948799000 	C:\Users\amali\.vscode\extensions\redhat.java-1.42.0-win32-x64\jre\21.0.7-win32-x86_64\bin\extnet.dll
0x00007ff9487d0000 - 0x00007ff9487de000 	C:\Users\amali\.vscode\extensions\redhat.java-1.42.0-win32-x64\jre\21.0.7-win32-x86_64\bin\sunmscapi.dll
0x00007ff969470000 - 0x00007ff9695d7000 	C:\Windows\System32\CRYPT32.dll
0x00007ff968760000 - 0x00007ff96878d000 	C:\Windows\SYSTEM32\ncrypt.dll
0x00007ff968720000 - 0x00007ff968757000 	C:\Windows\SYSTEM32\NTASN1.dll
0x00007ff8ee2e0000 - 0x00007ff8ee2e8000 	C:\Windows\system32\wshunix.dll

dbghelp: loaded successfully - version: 4.0.5 - missing functions: none
symbol engine: initialized successfully - sym options: 0x614 - pdb path: .;c:\Users\amali\.vscode\extensions\redhat.java-1.42.0-win32-x64\jre\21.0.7-win32-x86_64\bin;C:\Windows\SYSTEM32;C:\Windows\WinSxS\amd64_microsoft.windows.common-controls_6595b64144ccf1df_6.0.22621.5262_none_2712bde373830908;c:\Users\amali\.vscode\extensions\redhat.java-1.42.0-win32-x64\jre\21.0.7-win32-x86_64\bin\server;C:\Users\amali\AppData\Roaming\Code\User\globalStorage\redhat.java\1.42.0\config_win\org.eclipse.equinox.launcher\org.eclipse.equinox.launcher.win32.win32.x86_64_1.2.1300.v20250331-1702;C:\Users\amali\AppData\Local\Temp\jna-2018896;C:\Users\amali\.gradle\native\c067742578af261105cb4f569cf0c3c89f3d7b1fecec35dd04571415982c5e48\windows-amd64

VM Arguments:
jvm_args: --add-modules=ALL-SYSTEM --add-opens=java.base/java.util=ALL-UNNAMED --add-opens=java.base/java.lang=ALL-UNNAMED --add-opens=java.base/sun.nio.fs=ALL-UNNAMED -Declipse.application=org.eclipse.jdt.ls.core.id1 -Dosgi.bundles.defaultStartLevel=4 -Declipse.product=org.eclipse.jdt.ls.core.product -Djava.import.generatesMetadataFilesAtProjectRoot=false -DDetectVMInstallationsJob.disabled=true -Dfile.encoding=utf8 -XX:+UseParallelGC -XX:GCTimeRatio=4 -XX:AdaptiveSizePolicyWeight=90 -Dsun.zip.disableMemoryMapping=true -Xmx1G -Xms100m -Xlog:disable -javaagent:c:\Users\amali\.vscode\extensions\redhat.java-1.42.0-win32-x64\lombok\lombok-1.18.36.jar -XX:+HeapDumpOnOutOfMemoryError -XX:HeapDumpPath=c:\Users\amali\AppData\Roaming\Code\User\workspaceStorage\621ac69656a54d5ddde419feff2a7c8e\redhat.java -Daether.dependencyCollector.impl=bf 
java_command: c:\Users\amali\.vscode\extensions\redhat.java-1.42.0-win32-x64\server\plugins\org.eclipse.equinox.launcher_1.7.0.v20250424-1814.jar -configuration c:\Users\amali\AppData\Roaming\Code\User\globalStorage\redhat.java\1.42.0\config_win -data c:\Users\amali\AppData\Roaming\Code\User\workspaceStorage\621ac69656a54d5ddde419feff2a7c8e\redhat.java\jdt_ws --pipe=\\.\pipe\lsp-db32a89a67fc349612aaba7bc703a883-sock
java_class_path (initial): c:\Users\amali\.vscode\extensions\redhat.java-1.42.0-win32-x64\server\plugins\org.eclipse.equinox.launcher_1.7.0.v20250424-1814.jar
Launcher Type: SUN_STANDARD

[Global flags]
    uintx AdaptiveSizePolicyWeight                 = 90                                        {product} {command line}
     intx CICompilerCount                          = 4                                         {product} {ergonomic}
    uintx GCTimeRatio                              = 4                                         {product} {command line}
     bool HeapDumpOnOutOfMemoryError               = true                                   {manageable} {command line}
    ccstr HeapDumpPath                             = c:\Users\amali\AppData\Roaming\Code\User\workspaceStorage\621ac69656a54d5ddde419feff2a7c8e\redhat.java         {manageable} {command line}
   size_t InitialHeapSize                          = 104857600                                 {product} {command line}
   size_t MaxHeapSize                              = 1073741824                                {product} {command line}
   size_t MaxNewSize                               = 357564416                                 {product} {ergonomic}
   size_t MinHeapDeltaBytes                        = 524288                                    {product} {ergonomic}
   size_t MinHeapSize                              = 104857600                                 {product} {command line}
   size_t NewSize                                  = 34603008                                  {product} {ergonomic}
    uintx NonNMethodCodeHeapSize                   = 5839372                                {pd product} {ergonomic}
    uintx NonProfiledCodeHeapSize                  = 122909434                              {pd product} {ergonomic}
   size_t OldSize                                  = 70254592                                  {product} {ergonomic}
    uintx ProfiledCodeHeapSize                     = 122909434                              {pd product} {ergonomic}
    uintx ReservedCodeCacheSize                    = 251658240                              {pd product} {ergonomic}
     bool SegmentedCodeCache                       = true                                      {product} {ergonomic}
   size_t SoftMaxHeapSize                          = 1073741824                             {manageable} {ergonomic}
     bool UseCompressedOops                        = true                           {product lp64_product} {ergonomic}
     bool UseLargePagesIndividualAllocation        = false                                  {pd product} {ergonomic}
     bool UseParallelGC                            = true                                      {product} {command line}

Logging:
Log output configuration:
 #0: stdout all=off uptime,level,tags foldmultilines=false
 #1: stderr all=off uptime,level,tags foldmultilines=false

Environment Variables:
JAVA_HOME=C:\Program Files\Java\jdk-11
PATH=C:\Windows\system32;C:\Windows;C:\Windows\System32\Wbem;C:\Windows\System32\WindowsPowerShell\v1.0\;C:\Windows\System32\OpenSSH\;C:\Program Files (x86)\NVIDIA Corporation\PhysX\Common;C:\Program Files\NVIDIA Corporation\NVIDIA NvDLISR;D:\MinGW\bin;E:\PHP;D:\publish\Git\cmd;C:\Program Files\nodejs\;C:\ProgramData\ComposerSetup\bin;C:\Program Files\7-Zip\;C:\Program Files (x86)\Windows Kits\10\Windows Performance Toolkit\;C:\Program Files\dotnet\;C:\Program Files\Java\jdk-11\bin;E:\install\hadoop-3.4.1\bin;E:\install\hadoop-3.4.1\Sbin;E:\Sparkk\spark-3.5.5\bin;C:\Users\amali\AppData\Local\Programs\Python\Python311\;C:\Users\amali\AppData\Local\Programs\Python\Python311\Scripts\;E:\SEM-4\google-cloud-sdk\bin;C:\Users\amali\.console-ninja\.bin;C:\Users\amali\AppData\Local\Programs\Python\Python311\Scripts\;C:\Users\amali\AppData\Local\Programs\Python\Python311\;C:\Users\amali\AppData\Local\Microsoft\WindowsApps;C:\Users\amali\AppData\Local\JetBrains\IntelliJ IDEA 2023.2.5\bin;;C:\Users\amali\Downloads\CODINGANKU\IntelliJ IDEA Community Edition 2023.3.2\bin;;D:\Microsoft VS Code\bin;C:\Users\amali\Downloads\jdk-21_windows-x64_bin\jdk-21.0.1\bin;C:\Users\amali\AppData\Roaming\npm;C:\Users\amali\AppData\Roaming\Composer\vendor\bin;E:\SEM-4\BIGDATA
USERNAME=ASUS
OS=Windows_NT
PROCESSOR_IDENTIFIER=Intel64 Family 6 Model 141 Stepping 1, GenuineIntel
TMP=C:\Users\amali\AppData\Local\Temp
TEMP=C:\Users\amali\AppData\Local\Temp




Periodic native trim disabled

---------------  S Y S T E M  ---------------

OS:
 Windows 11 , 64 bit Build 22621 (10.0.22621.5262)
OS uptime: 0 days 6:20 hours
Hyper-V role detected

CPU: total 12 (initial active 12) (6 cores per cpu, 2 threads per core) family 6 model 141 stepping 1 microcode 0x34, cx8, cmov, fxsr, ht, mmx, 3dnowpref, sse, sse2, sse3, ssse3, sse4.1, sse4.2, popcnt, lzcnt, tsc, tscinvbit, avx, avx2, aes, erms, clmul, bmi1, bmi2, adx, avx512f, avx512dq, avx512cd, avx512bw, avx512vl, sha, fma, vzeroupper, avx512_vpopcntdq, avx512_vpclmulqdq, avx512_vaes, avx512_vnni, clflush, clflushopt, clwb, avx512_vbmi2, avx512_vbmi, hv, rdtscp, rdpid, fsrm, gfni, avx512_bitalg, f16c, cet_ibt, cet_ss, avx512_ifma
Processor Information for the first 12 processors :
  Max Mhz: 2688, Current Mhz: 2688, Mhz Limit: 2688

Memory: 4k page, system-wide physical 16122M (2126M free)
TotalPageFile size 19984M (AvailPageFile size 5M)
current process WorkingSet (physical memory assigned to process): 340M, peak: 340M
current process commit charge ("private bytes"): 389M, peak: 417M

vm_info: OpenJDK 64-Bit Server VM (21.0.7+6-LTS) for windows-amd64 JRE (21.0.7+6-LTS), built on 2025-04-15T00:00:00Z by "admin" with MS VC++ 17.7 (VS2022)

END.
