#
# There is insufficient memory for the Java Runtime Environment to continue.
# Native memory allocation (malloc) failed to allocate 243056 bytes. Error detail: Chunk::new
# Possible reasons:
#   The system is out of physical RAM or swap space
#   This process is running with CompressedOops enabled, and the Java Heap may be blocking the growth of the native heap
# Possible solutions:
#   Reduce memory load on the system
#   Increase physical memory or swap space
#   Check if swap backing store is full
#   Decrease Java heap size (-Xmx/-Xms)
#   Decrease number of Java threads
#   Decrease Java thread stack sizes (-Xss)
#   Set larger code cache with -XX:ReservedCodeCacheSize=
#   JVM is running with Unscaled Compressed Oops mode in which the Java heap is
#     placed in the first 4GB address space. The Java Heap base address is the
#     maximum limit for the native heap growth. Please use -XX:HeapBaseMinAddress
#     to set the Java Heap base and to place the Java Heap above 4GB virtual address.
# This output file may be truncated or incomplete.
#
#  Out of Memory Error (arena.cpp:168), pid=21128, tid=4952
#
# JRE version: OpenJDK Runtime Environment Temurin-21.0.7+6 (21.0.7+6) (build 21.0.7+6-LTS)
# Java VM: OpenJDK 64-Bit Server VM Temurin-21.0.7+6 (21.0.7+6-LTS, mixed mode, sharing, tiered, compressed oops, compressed class ptrs, parallel gc, windows-amd64)
# No core dump will be written. Minidumps are not enabled by default on client versions of Windows
#

---------------  S U M M A R Y ------------

Command Line: --add-modules=ALL-SYSTEM --add-opens=java.base/java.util=ALL-UNNAMED --add-opens=java.base/java.lang=ALL-UNNAMED --add-opens=java.base/sun.nio.fs=ALL-UNNAMED -Declipse.application=org.eclipse.jdt.ls.core.id1 -Dosgi.bundles.defaultStartLevel=4 -Declipse.product=org.eclipse.jdt.ls.core.product -Djava.import.generatesMetadataFilesAtProjectRoot=false -DDetectVMInstallationsJob.disabled=true -Dfile.encoding=utf8 -XX:+UseParallelGC -XX:GCTimeRatio=4 -XX:AdaptiveSizePolicyWeight=90 -Dsun.zip.disableMemoryMapping=true -Xmx1G -Xms100m -Xlog:disable -javaagent:c:\Users\amali\.vscode\extensions\redhat.java-1.42.0-win32-x64\lombok\lombok-1.18.36.jar c:\Users\amali\.vscode\extensions\redhat.java-1.42.0-win32-x64\server\plugins\org.eclipse.equinox.launcher_1.7.0.v20250424-1814.jar -configuration c:\Users\amali\AppData\Roaming\Code\User\globalStorage\redhat.java\1.42.0\config_ss_win -data c:\Users\amali\AppData\Roaming\Code\User\workspaceStorage\621ac69656a54d5ddde419feff2a7c8e\redhat.java\ss_ws --pipe=\\.\pipe\lsp-49253dcfa02e1537f04e2cb59fd058b2-sock

Host: 11th Gen Intel(R) Core(TM) i5-11400H @ 2.70GHz, 12 cores, 15G,  Windows 11 , 64 bit Build 22621 (10.0.22621.5262)
Time: Mon Jun  9 01:32:31 2025 Malay Peninsula Standard Time elapsed time: 5.747650 seconds (0d 0h 0m 5s)

---------------  T H R E A D  ---------------

Current thread (0x000001887780fb80):  JavaThread "C2 CompilerThread1" daemon [_thread_in_native, id=4952, stack(0x0000003651a00000,0x0000003651b00000) (1024K)]


Current CompileTask:
C2:5747 5581       4       jdk.internal.org.objectweb.asm.SymbolTable::addConstantMemberReference (147 bytes)

Stack: [0x0000003651a00000,0x0000003651b00000]
Native frames: (J=compiled Java code, j=interpreted, Vv=VM code, C=native code)
V  [jvm.dll+0x6ce119]
V  [jvm.dll+0x8a84a1]
V  [jvm.dll+0x8aa9ce]
V  [jvm.dll+0x8ab0b3]
V  [jvm.dll+0x27f8a6]
V  [jvm.dll+0xc507d]
V  [jvm.dll+0xc55b3]
V  [jvm.dll+0x3b68f2]
V  [jvm.dll+0x1dfe33]
V  [jvm.dll+0x247c42]
V  [jvm.dll+0x2470cf]
V  [jvm.dll+0x1c760e]
V  [jvm.dll+0x25695a]
V  [jvm.dll+0x254efa]
V  [jvm.dll+0x3f03f6]
V  [jvm.dll+0x851f6b]
V  [jvm.dll+0x6cc7dd]
C  [ucrtbase.dll+0x29333]
C  [KERNEL32.DLL+0x1259d]
C  [ntdll.dll+0x5af58]


---------------  P R O C E S S  ---------------

Threads class SMR info:
_java_thread_list=0x000001887c4488d0, length=68, elements={
0x000001882014c2f0, 0x00000188775544b0, 0x000001883453c8b0, 0x000001883453e6a0,
0x0000018877557a70, 0x000001887755c350, 0x000001887755d830, 0x00000188775664e0,
0x0000018877594e30, 0x000001887755f900, 0x000001887780fb80, 0x000001887755ff90,
0x000001887755dec0, 0x000001887755e550, 0x0000018877560cb0, 0x000001887755ebe0,
0x0000018877560620, 0x000001887755f270, 0x000001887cf62c10, 0x000001887cf60b40,
0x000001887cf66090, 0x000001887cf61860, 0x000001887cf61ef0, 0x000001887cf64ce0,
0x000001887cf63930, 0x000001887cf65a00, 0x000001887cf632a0, 0x000001887cf63fc0,
0x000001887cf64650, 0x000001887cf65370, 0x000001887cf66db0, 0x000001887cf62580,
0x000001887cf66720, 0x000001887cf67440, 0x000001887cf67ad0, 0x000001887cf68160,
0x000001887cf611d0, 0x000001887e245a10, 0x000001887e246dc0, 0x000001887e23fe30,
0x000001887e2411e0, 0x000001887e243fd0, 0x000001887e246730, 0x000001887e244660,
0x000001887e242c20, 0x000001887e2432b0, 0x000001887e2404c0, 0x000001887e243940,
0x000001887e244cf0, 0x000001887e245380, 0x000001887e247450, 0x000001887e241870,
0x000001887e240b50, 0x000001887e2460a0, 0x000001887e241f00, 0x000001887fcfb220,
0x000001887fcfcc60, 0x000001887fd000e0, 0x000001887fcfa500, 0x000001887fcfb8b0,
0x000001887fcfbf40, 0x000001887fcfe6a0, 0x000001887fcfc5d0, 0x000001887fcfd2f0,
0x000001887cba2d20, 0x000001887fcf9e70, 0x000001887fcfd980, 0x000001887fcfe010
}

Java Threads: ( => current thread )
  0x000001882014c2f0 JavaThread "main"                              [_thread_blocked, id=25472, stack(0x0000003650d00000,0x0000003650e00000) (1024K)]
  0x00000188775544b0 JavaThread "Reference Handler"          daemon [_thread_blocked, id=26568, stack(0x0000003651100000,0x0000003651200000) (1024K)]
  0x000001883453c8b0 JavaThread "Finalizer"                  daemon [_thread_blocked, id=29192, stack(0x0000003651200000,0x0000003651300000) (1024K)]
  0x000001883453e6a0 JavaThread "Signal Dispatcher"          daemon [_thread_blocked, id=28176, stack(0x0000003651300000,0x0000003651400000) (1024K)]
  0x0000018877557a70 JavaThread "Attach Listener"            daemon [_thread_blocked, id=28268, stack(0x0000003651400000,0x0000003651500000) (1024K)]
  0x000001887755c350 JavaThread "Service Thread"             daemon [_thread_blocked, id=29548, stack(0x0000003651500000,0x0000003651600000) (1024K)]
  0x000001887755d830 JavaThread "Monitor Deflation Thread"   daemon [_thread_blocked, id=22616, stack(0x0000003651600000,0x0000003651700000) (1024K)]
  0x00000188775664e0 JavaThread "C2 CompilerThread0"         daemon [_thread_in_native, id=23144, stack(0x0000003651700000,0x0000003651800000) (1024K)]
  0x0000018877594e30 JavaThread "C1 CompilerThread0"         daemon [_thread_in_native, id=22932, stack(0x0000003651800000,0x0000003651900000) (1024K)]
  0x000001887755f900 JavaThread "Common-Cleaner"             daemon [_thread_blocked, id=27092, stack(0x0000003651900000,0x0000003651a00000) (1024K)]
=>0x000001887780fb80 JavaThread "C2 CompilerThread1"         daemon [_thread_in_native, id=4952, stack(0x0000003651a00000,0x0000003651b00000) (1024K)]
  0x000001887755ff90 JavaThread "Notification Thread"        daemon [_thread_blocked, id=19416, stack(0x0000003651b00000,0x0000003651c00000) (1024K)]
  0x000001887755dec0 JavaThread "Active Thread: Equinox Container: 67f3d80f-c68c-405e-b79e-c12d5392c361"        [_thread_blocked, id=24392, stack(0x0000003652300000,0x0000003652400000) (1024K)]
  0x000001887755e550 JavaThread "Framework Event Dispatcher: Equinox Container: 67f3d80f-c68c-405e-b79e-c12d5392c361" daemon [_thread_blocked, id=25280, stack(0x0000003652400000,0x0000003652500000) (1024K)]
  0x0000018877560cb0 JavaThread "Start Level: Equinox Container: 67f3d80f-c68c-405e-b79e-c12d5392c361" daemon [_thread_blocked, id=29644, stack(0x0000003652500000,0x0000003652600000) (1024K)]
  0x000001887755ebe0 JavaThread "SCR Component Actor"        daemon [_thread_blocked, id=29416, stack(0x0000003652600000,0x0000003652700000) (1024K)]
  0x0000018877560620 JavaThread "SCR Component Registry"     daemon [_thread_blocked, id=18808, stack(0x0000003652800000,0x0000003652900000) (1024K)]
  0x000001887755f270 JavaThread "Worker-JM"                         [_thread_blocked, id=23492, stack(0x0000003652900000,0x0000003652a00000) (1024K)]
  0x000001887cf62c10 JavaThread "JNA Cleaner"                daemon [_thread_blocked, id=26824, stack(0x0000003651c00000,0x0000003651d00000) (1024K)]
  0x000001887cf60b40 JavaThread "Worker-0: Building"                [_thread_blocked, id=25784, stack(0x0000003652c00000,0x0000003652d00000) (1024K)]
  0x000001887cf66090 JavaThread "Worker-1"                          [_thread_blocked, id=8128, stack(0x0000003652d00000,0x0000003652e00000) (1024K)]
  0x000001887cf61860 JavaThread "Thread-2"                   daemon [_thread_in_native, id=27488, stack(0x0000003652f00000,0x0000003653000000) (1024K)]
  0x000001887cf61ef0 JavaThread "Thread-3"                   daemon [_thread_in_native, id=28688, stack(0x0000003653000000,0x0000003653100000) (1024K)]
  0x000001887cf64ce0 JavaThread "Thread-4"                   daemon [_thread_in_native, id=29020, stack(0x0000003653100000,0x0000003653200000) (1024K)]
  0x000001887cf63930 JavaThread "Thread-5"                   daemon [_thread_in_native, id=23368, stack(0x0000003653200000,0x0000003653300000) (1024K)]
  0x000001887cf65a00 JavaThread "Thread-6"                   daemon [_thread_in_native, id=23092, stack(0x0000003653300000,0x0000003653400000) (1024K)]
  0x000001887cf632a0 JavaThread "Thread-7"                   daemon [_thread_in_native, id=12096, stack(0x0000003653400000,0x0000003653500000) (1024K)]
  0x000001887cf63fc0 JavaThread "Thread-8"                   daemon [_thread_in_native, id=28640, stack(0x0000003653500000,0x0000003653600000) (1024K)]
  0x000001887cf64650 JavaThread "Thread-9"                   daemon [_thread_in_native, id=20736, stack(0x0000003653600000,0x0000003653700000) (1024K)]
  0x000001887cf65370 JavaThread "Thread-10"                  daemon [_thread_in_native, id=11876, stack(0x0000003653700000,0x0000003653800000) (1024K)]
  0x000001887cf66db0 JavaThread "Thread-11"                  daemon [_thread_in_native, id=28804, stack(0x0000003653800000,0x0000003653900000) (1024K)]
  0x000001887cf62580 JavaThread "Thread-12"                  daemon [_thread_in_native, id=19992, stack(0x0000003653900000,0x0000003653a00000) (1024K)]
  0x000001887cf66720 JavaThread "Thread-13"                  daemon [_thread_in_native, id=29096, stack(0x0000003653a00000,0x0000003653b00000) (1024K)]
  0x000001887cf67440 JavaThread "Thread-14"                  daemon [_thread_in_native, id=25816, stack(0x0000003653b00000,0x0000003653c00000) (1024K)]
  0x000001887cf67ad0 JavaThread "pool-2-thread-1"                   [_thread_blocked, id=28000, stack(0x0000003653c00000,0x0000003653d00000) (1024K)]
  0x000001887cf68160 JavaThread "Worker-2"                          [_thread_blocked, id=24924, stack(0x0000003653d00000,0x0000003653e00000) (1024K)]
  0x000001887cf611d0 JavaThread "WorkspaceEventsHandler"            [_thread_blocked, id=28536, stack(0x0000003653e00000,0x0000003653f00000) (1024K)]
  0x000001887e245a10 JavaThread "pool-1-thread-1"                   [_thread_blocked, id=28428, stack(0x0000003653f00000,0x0000003654000000) (1024K)]
  0x000001887e246dc0 JavaThread "ForkJoinPool.commonPool-worker-1" daemon [_thread_blocked, id=24872, stack(0x0000003654000000,0x0000003654100000) (1024K)]
  0x000001887e23fe30 JavaThread "ForkJoinPool.commonPool-worker-2" daemon [_thread_blocked, id=28292, stack(0x0000003654100000,0x0000003654200000) (1024K)]
  0x000001887e2411e0 JavaThread "ForkJoinPool.commonPool-worker-3" daemon [_thread_blocked, id=21556, stack(0x0000003654200000,0x0000003654300000) (1024K)]
  0x000001887e243fd0 JavaThread "ForkJoinPool.commonPool-worker-4" daemon [_thread_blocked, id=27856, stack(0x0000003654300000,0x0000003654400000) (1024K)]
  0x000001887e246730 JavaThread "LocalFile Deleter"          daemon [_thread_blocked, id=29068, stack(0x0000003654400000,0x0000003654500000) (1024K)]
  0x000001887e244660 JavaThread "LocalFile Deleter"          daemon [_thread_blocked, id=25100, stack(0x0000003654500000,0x0000003654600000) (1024K)]
  0x000001887e242c20 JavaThread "LocalFile Deleter"          daemon [_thread_blocked, id=28784, stack(0x0000003654600000,0x0000003654700000) (1024K)]
  0x000001887e2432b0 JavaThread "LocalFile Deleter"          daemon [_thread_blocked, id=24600, stack(0x0000003654700000,0x0000003654800000) (1024K)]
  0x000001887e2404c0 JavaThread "LocalFile Deleter"          daemon [_thread_blocked, id=22816, stack(0x0000003654800000,0x0000003654900000) (1024K)]
  0x000001887e243940 JavaThread "LocalFile Deleter"          daemon [_thread_blocked, id=25404, stack(0x0000003654900000,0x0000003654a00000) (1024K)]
  0x000001887e244cf0 JavaThread "LocalFile Deleter"          daemon [_thread_blocked, id=8796, stack(0x0000003654a00000,0x0000003654b00000) (1024K)]
  0x000001887e245380 JavaThread "LocalFile Deleter"          daemon [_thread_blocked, id=24460, stack(0x0000003654b00000,0x0000003654c00000) (1024K)]
  0x000001887e247450 JavaThread "LocalFile Deleter"          daemon [_thread_blocked, id=12284, stack(0x0000003654c00000,0x0000003654d00000) (1024K)]
  0x000001887e241870 JavaThread "LocalFile Deleter"          daemon [_thread_blocked, id=28608, stack(0x0000003654d00000,0x0000003654e00000) (1024K)]
  0x000001887e240b50 JavaThread "LocalFile Deleter"          daemon [_thread_blocked, id=28456, stack(0x0000003654e00000,0x0000003654f00000) (1024K)]
  0x000001887e2460a0 JavaThread "LocalFile Deleter"          daemon [_thread_blocked, id=29084, stack(0x0000003654f00000,0x0000003655000000) (1024K)]
  0x000001887e241f00 JavaThread "Compiler Source File Reader" daemon [_thread_blocked, id=27796, stack(0x0000003655000000,0x0000003655100000) (1024K)]
  0x000001887fcfb220 JavaThread "Compiler Source File Reader" daemon [_thread_blocked, id=23232, stack(0x0000003655100000,0x0000003655200000) (1024K)]
  0x000001887fcfcc60 JavaThread "Compiler Source File Reader" daemon [_thread_blocked, id=25592, stack(0x0000003655200000,0x0000003655300000) (1024K)]
  0x000001887fd000e0 JavaThread "Compiler Source File Reader" daemon [_thread_blocked, id=28388, stack(0x0000003655300000,0x0000003655400000) (1024K)]
  0x000001887fcfa500 JavaThread "Compiler Source File Reader" daemon [_thread_blocked, id=28928, stack(0x0000003655400000,0x0000003655500000) (1024K)]
  0x000001887fcfb8b0 JavaThread "Compiler Source File Reader" daemon [_thread_blocked, id=26664, stack(0x0000003655500000,0x0000003655600000) (1024K)]
  0x000001887fcfbf40 JavaThread "Compiler Source File Reader" daemon [_thread_blocked, id=22520, stack(0x0000003655600000,0x0000003655700000) (1024K)]
  0x000001887fcfe6a0 JavaThread "Compiler Source File Reader" daemon [_thread_blocked, id=27912, stack(0x0000003655700000,0x0000003655800000) (1024K)]
  0x000001887fcfc5d0 JavaThread "Compiler Source File Reader" daemon [_thread_blocked, id=23948, stack(0x0000003655800000,0x0000003655900000) (1024K)]
  0x000001887fcfd2f0 JavaThread "Compiler Source File Reader" daemon [_thread_blocked, id=25292, stack(0x0000003655900000,0x0000003655a00000) (1024K)]
  0x000001887cba2d20 JavaThread "C2 CompilerThread2"         daemon [_thread_in_native, id=27232, stack(0x0000003652e00000,0x0000003652f00000) (1024K)]
  0x000001887fcf9e70 JavaThread "Compiler Processing Task"   daemon [_thread_in_vm, id=27308, stack(0x0000003655a00000,0x0000003655b00000) (1024K)]
  0x000001887fcfd980 JavaThread "ForkJoinPool.commonPool-worker-5" daemon [_thread_blocked, id=25200, stack(0x0000003655b00000,0x0000003655c00000) (1024K)]
  0x000001887fcfe010 JavaThread "Compiler Class File Writer" daemon [_thread_blocked, id=20032, stack(0x0000003655c00000,0x0000003655d00000) (1024K)]
Total: 68

Other Threads:
  0x000001882020e840 VMThread "VM Thread"                           [id=4828, stack(0x0000003651000000,0x0000003651100000) (1024K)]
  0x00000188201b93c0 WatcherThread "VM Periodic Task Thread"        [id=25468, stack(0x0000003650f00000,0x0000003651000000) (1024K)]
  0x000001882016bc60 WorkerThread "GC Thread#0"                     [id=10468, stack(0x0000003650e00000,0x0000003650f00000) (1024K)]
  0x00000188778f30e0 WorkerThread "GC Thread#1"                     [id=27112, stack(0x0000003651d00000,0x0000003651e00000) (1024K)]
  0x00000188778f3480 WorkerThread "GC Thread#2"                     [id=25480, stack(0x0000003651e00000,0x0000003651f00000) (1024K)]
  0x000001887c3cd410 WorkerThread "GC Thread#3"                     [id=28224, stack(0x0000003651f00000,0x0000003652000000) (1024K)]
  0x000001887c3cd7b0 WorkerThread "GC Thread#4"                     [id=26080, stack(0x0000003652000000,0x0000003652100000) (1024K)]
  0x000001887c3cdb50 WorkerThread "GC Thread#5"                     [id=16628, stack(0x0000003652100000,0x0000003652200000) (1024K)]
  0x000001887c800080 WorkerThread "GC Thread#6"                     [id=27940, stack(0x0000003652200000,0x0000003652300000) (1024K)]
  0x000001887c93b3f0 WorkerThread "GC Thread#7"                     [id=28452, stack(0x0000003652700000,0x0000003652800000) (1024K)]
  0x000001887ca57010 WorkerThread "GC Thread#8"                     [id=28572, stack(0x0000003652a00000,0x0000003652b00000) (1024K)]
  0x000001887ca55df0 WorkerThread "GC Thread#9"                     [id=18820, stack(0x0000003652b00000,0x0000003652c00000) (1024K)]
Total: 12

Threads with active compile tasks:
C2 CompilerThread0  5770 5604       4       org.eclipse.core.internal.resources.Resource::getResourceInfo (14 bytes)
C1 CompilerThread0  5770 5635       3       org.eclipse.jdt.internal.compiler.lookup.ReferenceBinding::hasEnclosingInstanceContext (42 bytes)
C2 CompilerThread1  5770 5581       4       jdk.internal.org.objectweb.asm.SymbolTable::addConstantMemberReference (147 bytes)
Total: 3

VM state: not at safepoint (normal execution)

VM Mutex/Monitor currently owned by a thread: None

Heap address: 0x00000000c0000000, size: 1024 MB, Compressed Oops mode: 32-bit

CDS archive(s) mapped at: [0x0000018835000000-0x0000018835ba0000-0x0000018835ba0000), size 12189696, SharedBaseAddress: 0x0000018835000000, ArchiveRelocationMode: 1.
Compressed class space mapped at: 0x0000018836000000-0x0000018876000000, reserved size: 1073741824
Narrow klass base: 0x0000018835000000, Narrow klass shift: 0, Narrow klass range: 0x100000000

GC Precious Log:
 CardTable entry size: 512
 CPUs: 12 total, 12 available
 Memory: 16122M
 Large Page Support: Disabled
 NUMA Support: Disabled
 Compressed Oops: Enabled (32-bit)
 Alignments: Space 512K, Generation 512K, Heap 2M
 Heap Min Capacity: 100M
 Heap Initial Capacity: 100M
 Heap Max Capacity: 1G
 Pre-touch: Disabled
 Parallel Workers: 10

Heap:
 PSYoungGen      total 21504K, used 21106K [0x00000000eab00000, 0x00000000ec180000, 0x0000000100000000)
  eden space 20480K, 98% used [0x00000000eab00000,0x00000000ebecac80,0x00000000ebf00000)
  from space 1024K, 81% used [0x00000000ec080000,0x00000000ec151bd0,0x00000000ec180000)
  to   space 1024K, 0% used [0x00000000ebf80000,0x00000000ebf80000,0x00000000ec080000)
 ParOldGen       total 68608K, used 29869K [0x00000000c0000000, 0x00000000c4300000, 0x00000000eab00000)
  object space 68608K, 43% used [0x00000000c0000000,0x00000000c1d2b650,0x00000000c4300000)
 Metaspace       used 41213K, committed 42368K, reserved 1114112K
  class space    used 4094K, committed 4608K, reserved 1048576K

Card table byte_map: [0x000001881fb00000,0x000001881fd10000] _byte_map_base: 0x000001881f500000

Marking Bits: (ParMarkBitMap*) 0x00007ffe1be031f0
 Begin Bits: [0x0000018832340000, 0x0000018833340000)
 End Bits:   [0x0000018833340000, 0x0000018834340000)

Polling page: 0x000001881e140000

Metaspace:

Usage:
  Non-class:     36.25 MB used.
      Class:      4.00 MB used.
       Both:     40.25 MB used.

Virtual space:
  Non-class space:       64.00 MB reserved,      36.88 MB ( 58%) committed,  1 nodes.
      Class space:        1.00 GB reserved,       4.50 MB ( <1%) committed,  1 nodes.
             Both:        1.06 GB reserved,      41.38 MB (  4%) committed. 

Chunk freelists:
   Non-Class:  11.07 MB
       Class:  11.56 MB
        Both:  22.63 MB

MaxMetaspaceSize: unlimited
CompressedClassSpaceSize: 1.00 GB
Initial GC threshold: 21.00 MB
Current GC threshold: 58.38 MB
CDS: on
 - commit_granule_bytes: 65536.
 - commit_granule_words: 8192.
 - virtual_space_node_default_size: 8388608.
 - enlarge_chunks_in_place: 1.
 - use_allocation_guard: 0.


Internal statistics:

num_allocs_failed_limit: 6.
num_arena_births: 1052.
num_arena_deaths: 198.
num_vsnodes_births: 2.
num_vsnodes_deaths: 0.
num_space_committed: 662.
num_space_uncommitted: 0.
num_chunks_returned_to_freelist: 280.
num_chunks_taken_from_freelist: 2966.
num_chunk_merges: 101.
num_chunk_splits: 1780.
num_chunks_enlarged: 1019.
num_inconsistent_stats: 0.

CodeHeap 'non-profiled nmethods': size=120000Kb used=3157Kb max_used=3157Kb free=116842Kb
 bounds [0x000001882ae10000, 0x000001882b130000, 0x0000018832340000]
CodeHeap 'profiled nmethods': size=120000Kb used=11279Kb max_used=11279Kb free=108721Kb
 bounds [0x0000018823340000, 0x0000018823e50000, 0x000001882a870000]
CodeHeap 'non-nmethods': size=5760Kb used=1403Kb max_used=1468Kb free=4356Kb
 bounds [0x000001882a870000, 0x000001882aae0000, 0x000001882ae10000]
 total_blobs=5927 nmethods=5232 adapters=599
 compilation: enabled
              stopped_count=0, restarted_count=0
 full_count=0

Compilation events (20 events):
Event: 5.725 Thread 0x0000018877594e30 5588       3       org.eclipse.jdt.internal.compiler.problem.DefaultProblem::isError (13 bytes)
Event: 5.725 Thread 0x0000018877594e30 nmethod 5588 0x0000018823df9490 code [0x0000018823df9640, 0x0000018823df97b8]
Event: 5.726 Thread 0x0000018877594e30 5590       3       org.eclipse.jdt.internal.compiler.parser.Parser::consumeRule (7748 bytes)
Event: 5.726 Thread 0x00000188775664e0 5591       4       org.eclipse.jdt.internal.compiler.parser.ScannerHelper::isJavaIdentifierStart (28 bytes)
Event: 5.726 Thread 0x00000188775664e0 nmethod 5591 0x000001882b11cc90 code [0x000001882b11ce20, 0x000001882b11cef8]
Event: 5.727 Thread 0x00000188775664e0 5592       4       org.eclipse.core.runtime.Path::hashCode (28 bytes)
Event: 5.727 Thread 0x000001887cba2d20 nmethod 5585 0x000001882b11d010 code [0x000001882b11d1e0, 0x000001882b11d5e8]
Event: 5.727 Thread 0x000001887cba2d20 5595       4       org.eclipse.core.internal.resources.ResourceInfo::getMarkers (31 bytes)
Event: 5.727 Thread 0x00000188775664e0 nmethod 5592 0x000001882b11d910 code [0x000001882b11daa0, 0x000001882b11db70]
Event: 5.728 Thread 0x000001887cba2d20 nmethod 5595 0x000001882b11dc10 code [0x000001882b11dda0, 0x000001882b11dea8]
Event: 5.729 Thread 0x00000188775664e0 5597       4       java.lang.Integer::valueOf (32 bytes)
Event: 5.730 Thread 0x000001887cba2d20 5600       4       java.util.IdentityHashMap::put (137 bytes)
Event: 5.730 Thread 0x00000188775664e0 nmethod 5597 0x000001882b11df90 code [0x000001882b11e120, 0x000001882b11e210]
Event: 5.730 Thread 0x00000188775664e0 5602       4       java.util.ArrayList::addAll (76 bytes)
Event: 5.732 Thread 0x00000188775664e0 nmethod 5602 0x000001882b11e310 code [0x000001882b11e4c0, 0x000001882b11e758]
Event: 5.733 Thread 0x00000188775664e0 5604       4       org.eclipse.core.internal.resources.Resource::getResourceInfo (14 bytes)
Event: 5.736 Thread 0x000001887cba2d20 nmethod 5600 0x000001882b11e910 code [0x000001882b11eae0, 0x000001882b11ef28]
Event: 5.736 Thread 0x000001887cba2d20 5612       4       lombok.eclipse.EclipseAST::traverseChildren (41 bytes)
Event: 5.739 Thread 0x000001887cba2d20 nmethod 5612 0x000001882b11f290 code [0x000001882b11f440, 0x000001882b11f630]
Event: 5.739 Thread 0x000001887cba2d20 5611       4       lombok.eclipse.EclipseNode::traverse (800 bytes)

GC Heap History (20 events):
Event: 3.781 GC heap before
{Heap before GC invocations=15 (full 1):
 PSYoungGen      total 23040K, used 22978K [0x00000000eab00000, 0x00000000ec600000, 0x0000000100000000)
  eden space 20480K, 100% used [0x00000000eab00000,0x00000000ebf00000,0x00000000ebf00000)
  from space 2560K, 97% used [0x00000000ebf00000,0x00000000ec170800,0x00000000ec180000)
  to   space 3584K, 0% used [0x00000000ec280000,0x00000000ec280000,0x00000000ec600000)
 ParOldGen       total 68608K, used 20416K [0x00000000c0000000, 0x00000000c4300000, 0x00000000eab00000)
  object space 68608K, 29% used [0x00000000c0000000,0x00000000c13f02e0,0x00000000c4300000)
 Metaspace       used 32376K, committed 33472K, reserved 1114112K
  class space    used 3213K, committed 3712K, reserved 1048576K
}
Event: 3.786 GC heap after
{Heap after GC invocations=15 (full 1):
 PSYoungGen      total 23040K, used 2340K [0x00000000eab00000, 0x00000000ec500000, 0x0000000100000000)
  eden space 20480K, 0% used [0x00000000eab00000,0x00000000eab00000,0x00000000ebf00000)
  from space 2560K, 91% used [0x00000000ec280000,0x00000000ec4c9000,0x00000000ec500000)
  to   space 2560K, 0% used [0x00000000ebf00000,0x00000000ebf00000,0x00000000ec180000)
 ParOldGen       total 68608K, used 22605K [0x00000000c0000000, 0x00000000c4300000, 0x00000000eab00000)
  object space 68608K, 32% used [0x00000000c0000000,0x00000000c1613690,0x00000000c4300000)
 Metaspace       used 32376K, committed 33472K, reserved 1114112K
  class space    used 3213K, committed 3712K, reserved 1048576K
}
Event: 3.850 GC heap before
{Heap before GC invocations=16 (full 1):
 PSYoungGen      total 23040K, used 22820K [0x00000000eab00000, 0x00000000ec500000, 0x0000000100000000)
  eden space 20480K, 100% used [0x00000000eab00000,0x00000000ebf00000,0x00000000ebf00000)
  from space 2560K, 91% used [0x00000000ec280000,0x00000000ec4c9000,0x00000000ec500000)
  to   space 2560K, 0% used [0x00000000ebf00000,0x00000000ebf00000,0x00000000ec180000)
 ParOldGen       total 68608K, used 22605K [0x00000000c0000000, 0x00000000c4300000, 0x00000000eab00000)
  object space 68608K, 32% used [0x00000000c0000000,0x00000000c1613690,0x00000000c4300000)
 Metaspace       used 32447K, committed 33472K, reserved 1114112K
  class space    used 3213K, committed 3712K, reserved 1048576K
}
Event: 3.854 GC heap after
{Heap after GC invocations=16 (full 1):
 PSYoungGen      total 23040K, used 2368K [0x00000000eab00000, 0x00000000ec400000, 0x0000000100000000)
  eden space 20480K, 0% used [0x00000000eab00000,0x00000000eab00000,0x00000000ebf00000)
  from space 2560K, 92% used [0x00000000ebf00000,0x00000000ec150010,0x00000000ec180000)
  to   space 2560K, 0% used [0x00000000ec180000,0x00000000ec180000,0x00000000ec400000)
 ParOldGen       total 68608K, used 24757K [0x00000000c0000000, 0x00000000c4300000, 0x00000000eab00000)
  object space 68608K, 36% used [0x00000000c0000000,0x00000000c182d790,0x00000000c4300000)
 Metaspace       used 32447K, committed 33472K, reserved 1114112K
  class space    used 3213K, committed 3712K, reserved 1048576K
}
Event: 3.928 GC heap before
{Heap before GC invocations=17 (full 1):
 PSYoungGen      total 23040K, used 22848K [0x00000000eab00000, 0x00000000ec400000, 0x0000000100000000)
  eden space 20480K, 100% used [0x00000000eab00000,0x00000000ebf00000,0x00000000ebf00000)
  from space 2560K, 92% used [0x00000000ebf00000,0x00000000ec150010,0x00000000ec180000)
  to   space 2560K, 0% used [0x00000000ec180000,0x00000000ec180000,0x00000000ec400000)
 ParOldGen       total 68608K, used 24757K [0x00000000c0000000, 0x00000000c4300000, 0x00000000eab00000)
  object space 68608K, 36% used [0x00000000c0000000,0x00000000c182d790,0x00000000c4300000)
 Metaspace       used 32599K, committed 33728K, reserved 1114112K
  class space    used 3217K, committed 3712K, reserved 1048576K
}
Event: 3.932 GC heap after
{Heap after GC invocations=17 (full 1):
 PSYoungGen      total 23040K, used 2136K [0x00000000eab00000, 0x00000000ec400000, 0x0000000100000000)
  eden space 20480K, 0% used [0x00000000eab00000,0x00000000eab00000,0x00000000ebf00000)
  from space 2560K, 83% used [0x00000000ec180000,0x00000000ec396200,0x00000000ec400000)
  to   space 2560K, 0% used [0x00000000ebf00000,0x00000000ebf00000,0x00000000ec180000)
 ParOldGen       total 68608K, used 27010K [0x00000000c0000000, 0x00000000c4300000, 0x00000000eab00000)
  object space 68608K, 39% used [0x00000000c0000000,0x00000000c1a60818,0x00000000c4300000)
 Metaspace       used 32599K, committed 33728K, reserved 1114112K
  class space    used 3217K, committed 3712K, reserved 1048576K
}
Event: 4.149 GC heap before
{Heap before GC invocations=18 (full 1):
 PSYoungGen      total 23040K, used 22616K [0x00000000eab00000, 0x00000000ec400000, 0x0000000100000000)
  eden space 20480K, 100% used [0x00000000eab00000,0x00000000ebf00000,0x00000000ebf00000)
  from space 2560K, 83% used [0x00000000ec180000,0x00000000ec396200,0x00000000ec400000)
  to   space 2560K, 0% used [0x00000000ebf00000,0x00000000ebf00000,0x00000000ec180000)
 ParOldGen       total 68608K, used 27010K [0x00000000c0000000, 0x00000000c4300000, 0x00000000eab00000)
  object space 68608K, 39% used [0x00000000c0000000,0x00000000c1a60818,0x00000000c4300000)
 Metaspace       used 33979K, committed 35072K, reserved 1114112K
  class space    used 3401K, committed 3904K, reserved 1048576K
}
Event: 4.153 GC heap after
{Heap after GC invocations=18 (full 1):
 PSYoungGen      total 22528K, used 1652K [0x00000000eab00000, 0x00000000ec300000, 0x0000000100000000)
  eden space 20480K, 0% used [0x00000000eab00000,0x00000000eab00000,0x00000000ebf00000)
  from space 2048K, 80% used [0x00000000ebf00000,0x00000000ec09d3c8,0x00000000ec100000)
  to   space 2048K, 0% used [0x00000000ec100000,0x00000000ec100000,0x00000000ec300000)
 ParOldGen       total 68608K, used 28978K [0x00000000c0000000, 0x00000000c4300000, 0x00000000eab00000)
  object space 68608K, 42% used [0x00000000c0000000,0x00000000c1c4ca18,0x00000000c4300000)
 Metaspace       used 33979K, committed 35072K, reserved 1114112K
  class space    used 3401K, committed 3904K, reserved 1048576K
}
Event: 4.248 GC heap before
{Heap before GC invocations=19 (full 1):
 PSYoungGen      total 22528K, used 7619K [0x00000000eab00000, 0x00000000ec300000, 0x0000000100000000)
  eden space 20480K, 29% used [0x00000000eab00000,0x00000000eb0d3c18,0x00000000ebf00000)
  from space 2048K, 80% used [0x00000000ebf00000,0x00000000ec09d3c8,0x00000000ec100000)
  to   space 2048K, 0% used [0x00000000ec100000,0x00000000ec100000,0x00000000ec300000)
 ParOldGen       total 68608K, used 28978K [0x00000000c0000000, 0x00000000c4300000, 0x00000000eab00000)
  object space 68608K, 42% used [0x00000000c0000000,0x00000000c1c4ca18,0x00000000c4300000)
 Metaspace       used 34762K, committed 35840K, reserved 1114112K
  class space    used 3472K, committed 3968K, reserved 1048576K
}
Event: 4.250 GC heap after
{Heap after GC invocations=19 (full 1):
 PSYoungGen      total 22016K, used 1197K [0x00000000eab00000, 0x00000000ec280000, 0x0000000100000000)
  eden space 20480K, 0% used [0x00000000eab00000,0x00000000eab00000,0x00000000ebf00000)
  from space 1536K, 77% used [0x00000000ec100000,0x00000000ec22b530,0x00000000ec280000)
  to   space 1536K, 0% used [0x00000000ebf80000,0x00000000ebf80000,0x00000000ec100000)
 ParOldGen       total 68608K, used 30402K [0x00000000c0000000, 0x00000000c4300000, 0x00000000eab00000)
  object space 68608K, 44% used [0x00000000c0000000,0x00000000c1db0820,0x00000000c4300000)
 Metaspace       used 34762K, committed 35840K, reserved 1114112K
  class space    used 3472K, committed 3968K, reserved 1048576K
}
Event: 4.250 GC heap before
{Heap before GC invocations=20 (full 2):
 PSYoungGen      total 22016K, used 1197K [0x00000000eab00000, 0x00000000ec280000, 0x0000000100000000)
  eden space 20480K, 0% used [0x00000000eab00000,0x00000000eab00000,0x00000000ebf00000)
  from space 1536K, 77% used [0x00000000ec100000,0x00000000ec22b530,0x00000000ec280000)
  to   space 1536K, 0% used [0x00000000ebf80000,0x00000000ebf80000,0x00000000ec100000)
 ParOldGen       total 68608K, used 30402K [0x00000000c0000000, 0x00000000c4300000, 0x00000000eab00000)
  object space 68608K, 44% used [0x00000000c0000000,0x00000000c1db0820,0x00000000c4300000)
 Metaspace       used 34762K, committed 35840K, reserved 1114112K
  class space    used 3472K, committed 3968K, reserved 1048576K
}
Event: 4.300 GC heap after
{Heap after GC invocations=20 (full 2):
 PSYoungGen      total 22016K, used 0K [0x00000000eab00000, 0x00000000ec280000, 0x0000000100000000)
  eden space 20480K, 0% used [0x00000000eab00000,0x00000000eab00000,0x00000000ebf00000)
  from space 1536K, 0% used [0x00000000ec100000,0x00000000ec100000,0x00000000ec280000)
  to   space 1536K, 0% used [0x00000000ebf80000,0x00000000ebf80000,0x00000000ec100000)
 ParOldGen       total 68608K, used 28540K [0x00000000c0000000, 0x00000000c4300000, 0x00000000eab00000)
  object space 68608K, 41% used [0x00000000c0000000,0x00000000c1bdf0c8,0x00000000c4300000)
 Metaspace       used 34601K, committed 35840K, reserved 1114112K
  class space    used 3427K, committed 3968K, reserved 1048576K
}
Event: 4.385 GC heap before
{Heap before GC invocations=21 (full 2):
 PSYoungGen      total 22016K, used 20397K [0x00000000eab00000, 0x00000000ec280000, 0x0000000100000000)
  eden space 20480K, 99% used [0x00000000eab00000,0x00000000ebeeb640,0x00000000ebf00000)
  from space 1536K, 0% used [0x00000000ec100000,0x00000000ec100000,0x00000000ec280000)
  to   space 1536K, 0% used [0x00000000ebf80000,0x00000000ebf80000,0x00000000ec100000)
 ParOldGen       total 68608K, used 28540K [0x00000000c0000000, 0x00000000c4300000, 0x00000000eab00000)
  object space 68608K, 41% used [0x00000000c0000000,0x00000000c1bdf0c8,0x00000000c4300000)
 Metaspace       used 35225K, committed 36288K, reserved 1114112K
  class space    used 3484K, committed 3968K, reserved 1048576K
}
Event: 4.387 GC heap after
{Heap after GC invocations=21 (full 2):
 PSYoungGen      total 22016K, used 1506K [0x00000000eab00000, 0x00000000ec300000, 0x0000000100000000)
  eden space 20480K, 0% used [0x00000000eab00000,0x00000000eab00000,0x00000000ebf00000)
  from space 1536K, 98% used [0x00000000ebf80000,0x00000000ec0f8a30,0x00000000ec100000)
  to   space 2048K, 0% used [0x00000000ec100000,0x00000000ec100000,0x00000000ec300000)
 ParOldGen       total 68608K, used 28722K [0x00000000c0000000, 0x00000000c4300000, 0x00000000eab00000)
  object space 68608K, 41% used [0x00000000c0000000,0x00000000c1c0ca68,0x00000000c4300000)
 Metaspace       used 35225K, committed 36288K, reserved 1114112K
  class space    used 3484K, committed 3968K, reserved 1048576K
}
Event: 4.469 GC heap before
{Heap before GC invocations=22 (full 2):
 PSYoungGen      total 22016K, used 21986K [0x00000000eab00000, 0x00000000ec300000, 0x0000000100000000)
  eden space 20480K, 100% used [0x00000000eab00000,0x00000000ebf00000,0x00000000ebf00000)
  from space 1536K, 98% used [0x00000000ebf80000,0x00000000ec0f8a30,0x00000000ec100000)
  to   space 2048K, 0% used [0x00000000ec100000,0x00000000ec100000,0x00000000ec300000)
 ParOldGen       total 68608K, used 28722K [0x00000000c0000000, 0x00000000c4300000, 0x00000000eab00000)
  object space 68608K, 41% used [0x00000000c0000000,0x00000000c1c0ca68,0x00000000c4300000)
 Metaspace       used 35736K, committed 36736K, reserved 1114112K
  class space    used 3519K, committed 3968K, reserved 1048576K
}
Event: 4.471 GC heap after
{Heap after GC invocations=22 (full 2):
 PSYoungGen      total 22016K, used 1145K [0x00000000eab00000, 0x00000000ec280000, 0x0000000100000000)
  eden space 20480K, 0% used [0x00000000eab00000,0x00000000eab00000,0x00000000ebf00000)
  from space 1536K, 74% used [0x00000000ec100000,0x00000000ec21e7b0,0x00000000ec280000)
  to   space 1536K, 0% used [0x00000000ebf80000,0x00000000ebf80000,0x00000000ec100000)
 ParOldGen       total 68608K, used 29218K [0x00000000c0000000, 0x00000000c4300000, 0x00000000eab00000)
  object space 68608K, 42% used [0x00000000c0000000,0x00000000c1c88878,0x00000000c4300000)
 Metaspace       used 35736K, committed 36736K, reserved 1114112K
  class space    used 3519K, committed 3968K, reserved 1048576K
}
Event: 4.897 GC heap before
{Heap before GC invocations=23 (full 2):
 PSYoungGen      total 22016K, used 21625K [0x00000000eab00000, 0x00000000ec280000, 0x0000000100000000)
  eden space 20480K, 100% used [0x00000000eab00000,0x00000000ebf00000,0x00000000ebf00000)
  from space 1536K, 74% used [0x00000000ec100000,0x00000000ec21e7b0,0x00000000ec280000)
  to   space 1536K, 0% used [0x00000000ebf80000,0x00000000ebf80000,0x00000000ec100000)
 ParOldGen       total 68608K, used 29218K [0x00000000c0000000, 0x00000000c4300000, 0x00000000eab00000)
  object space 68608K, 42% used [0x00000000c0000000,0x00000000c1c88878,0x00000000c4300000)
 Metaspace       used 37628K, committed 38592K, reserved 1114112K
  class space    used 3713K, committed 4160K, reserved 1048576K
}
Event: 4.898 GC heap after
{Heap after GC invocations=23 (full 2):
 PSYoungGen      total 21504K, used 650K [0x00000000eab00000, 0x00000000ec180000, 0x0000000100000000)
  eden space 20480K, 0% used [0x00000000eab00000,0x00000000eab00000,0x00000000ebf00000)
  from space 1024K, 63% used [0x00000000ebf80000,0x00000000ec022a38,0x00000000ec080000)
  to   space 1024K, 0% used [0x00000000ec080000,0x00000000ec080000,0x00000000ec180000)
 ParOldGen       total 68608K, used 29402K [0x00000000c0000000, 0x00000000c4300000, 0x00000000eab00000)
  object space 68608K, 42% used [0x00000000c0000000,0x00000000c1cb6898,0x00000000c4300000)
 Metaspace       used 37628K, committed 38592K, reserved 1114112K
  class space    used 3713K, committed 4160K, reserved 1048576K
}
Event: 5.331 GC heap before
{Heap before GC invocations=24 (full 2):
 PSYoungGen      total 21504K, used 21099K [0x00000000eab00000, 0x00000000ec180000, 0x0000000100000000)
  eden space 20480K, 99% used [0x00000000eab00000,0x00000000ebef8400,0x00000000ebf00000)
  from space 1024K, 63% used [0x00000000ebf80000,0x00000000ec022a38,0x00000000ec080000)
  to   space 1024K, 0% used [0x00000000ec080000,0x00000000ec080000,0x00000000ec180000)
 ParOldGen       total 68608K, used 29402K [0x00000000c0000000, 0x00000000c4300000, 0x00000000eab00000)
  object space 68608K, 42% used [0x00000000c0000000,0x00000000c1cb6898,0x00000000c4300000)
 Metaspace       used 39174K, committed 40192K, reserved 1114112K
  class space    used 3862K, committed 4288K, reserved 1048576K
}
Event: 5.332 GC heap after
{Heap after GC invocations=24 (full 2):
 PSYoungGen      total 21504K, used 838K [0x00000000eab00000, 0x00000000ec180000, 0x0000000100000000)
  eden space 20480K, 0% used [0x00000000eab00000,0x00000000eab00000,0x00000000ebf00000)
  from space 1024K, 81% used [0x00000000ec080000,0x00000000ec151bd0,0x00000000ec180000)
  to   space 1024K, 0% used [0x00000000ebf80000,0x00000000ebf80000,0x00000000ec080000)
 ParOldGen       total 68608K, used 29869K [0x00000000c0000000, 0x00000000c4300000, 0x00000000eab00000)
  object space 68608K, 43% used [0x00000000c0000000,0x00000000c1d2b650,0x00000000c4300000)
 Metaspace       used 39174K, committed 40192K, reserved 1114112K
  class space    used 3862K, committed 4288K, reserved 1048576K
}

Dll operation events (10 events):
Event: 0.005 Loaded shared library c:\Users\amali\.vscode\extensions\redhat.java-1.42.0-win32-x64\jre\21.0.7-win32-x86_64\bin\java.dll
Event: 0.047 Loaded shared library c:\Users\amali\.vscode\extensions\redhat.java-1.42.0-win32-x64\jre\21.0.7-win32-x86_64\bin\zip.dll
Event: 0.063 Loaded shared library C:\Users\amali\.vscode\extensions\redhat.java-1.42.0-win32-x64\jre\21.0.7-win32-x86_64\bin\instrument.dll
Event: 0.066 Loaded shared library C:\Users\amali\.vscode\extensions\redhat.java-1.42.0-win32-x64\jre\21.0.7-win32-x86_64\bin\net.dll
Event: 0.067 Loaded shared library C:\Users\amali\.vscode\extensions\redhat.java-1.42.0-win32-x64\jre\21.0.7-win32-x86_64\bin\nio.dll
Event: 0.069 Loaded shared library C:\Users\amali\.vscode\extensions\redhat.java-1.42.0-win32-x64\jre\21.0.7-win32-x86_64\bin\zip.dll
Event: 0.084 Loaded shared library C:\Users\amali\.vscode\extensions\redhat.java-1.42.0-win32-x64\jre\21.0.7-win32-x86_64\bin\jimage.dll
Event: 0.142 Loaded shared library c:\Users\amali\.vscode\extensions\redhat.java-1.42.0-win32-x64\jre\21.0.7-win32-x86_64\bin\verify.dll
Event: 1.128 Loaded shared library C:\Users\amali\AppData\Roaming\Code\User\globalStorage\redhat.java\1.42.0\config_ss_win\org.eclipse.equinox.launcher\org.eclipse.equinox.launcher.win32.win32.x86_64_1.2.1300.v20250331-1702\eclipse_11911.dll
Event: 1.893 Loaded shared library C:\Users\amali\AppData\Local\Temp\jna-2018896\jna5886692413559086680.dll

Deoptimization events (20 events):
Event: 5.572 Thread 0x000001887e245a10 Uncommon trap: trap_request=0xffffff45 fr.pc=0x000001882afa1e74 relative=0x0000000000000334
Event: 5.572 Thread 0x000001887e245a10 Uncommon trap: reason=unstable_if action=reinterpret pc=0x000001882afa1e74 method=java.lang.Long.getChars(JI[B)I @ 6 c2
Event: 5.572 Thread 0x000001887e245a10 DEOPT PACKING pc=0x000001882afa1e74 sp=0x0000003653ffe280
Event: 5.572 Thread 0x000001887e245a10 DEOPT UNPACKING pc=0x000001882a8c6da2 sp=0x0000003653ffe1f8 mode 2
Event: 5.673 Thread 0x000001887fcf9e70 Uncommon trap: trap_request=0xffffffcc fr.pc=0x000001882b1043c8 relative=0x0000000000001c68
Event: 5.674 Thread 0x000001887fcf9e70 Uncommon trap: reason=intrinsic_or_type_checked_inlining action=make_not_entrant pc=0x000001882b1043c8 method=java.util.ArrayList$SubList.toArray([Ljava/lang/Object;)[Ljava/lang/Object; @ 58 c2
Event: 5.674 Thread 0x000001887fcf9e70 DEOPT PACKING pc=0x000001882b1043c8 sp=0x0000003655afded0
Event: 5.675 Thread 0x000001887fcf9e70 DEOPT UNPACKING pc=0x000001882a8c6da2 sp=0x0000003655afde08 mode 2
Event: 5.725 Thread 0x000001887fcf9e70 Uncommon trap: trap_request=0xffffff45 fr.pc=0x000001882b0a10e0 relative=0x00000000000000c0
Event: 5.725 Thread 0x000001887fcf9e70 Uncommon trap: reason=unstable_if action=reinterpret pc=0x000001882b0a10e0 method=java.util.Hashtable$Enumerator.nextElement()Ljava/lang/Object; @ 87 c2
Event: 5.725 Thread 0x000001887fcf9e70 DEOPT PACKING pc=0x000001882b0a10e0 sp=0x0000003655afecc0
Event: 5.725 Thread 0x000001887fcf9e70 DEOPT UNPACKING pc=0x000001882a8c6da2 sp=0x0000003655afebe8 mode 2
Event: 5.725 Thread 0x000001887fcf9e70 Uncommon trap: trap_request=0xffffff45 fr.pc=0x000001882b1104e4 relative=0x0000000000002ec4
Event: 5.725 Thread 0x000001887fcf9e70 Uncommon trap: reason=unstable_if action=reinterpret pc=0x000001882b1104e4 method=org.eclipse.jdt.internal.compiler.parser.Parser.consumeRule(I)V @ 1 c2
Event: 5.725 Thread 0x000001887fcf9e70 DEOPT PACKING pc=0x000001882b1104e4 sp=0x0000003655afeb70
Event: 5.725 Thread 0x000001887fcf9e70 DEOPT UNPACKING pc=0x000001882a8c6da2 sp=0x0000003655afeb10 mode 2
Event: 5.733 Thread 0x000001887cf60b40 Uncommon trap: trap_request=0xffffff45 fr.pc=0x000001882b0a0938 relative=0x0000000000000098
Event: 5.733 Thread 0x000001887cf60b40 Uncommon trap: reason=unstable_if action=reinterpret pc=0x000001882b0a0938 method=java.util.Hashtable$Enumerator.nextElement()Ljava/lang/Object; @ 87 c2
Event: 5.733 Thread 0x000001887cf60b40 DEOPT PACKING pc=0x000001882b0a0938 sp=0x0000003652cfe4a0
Event: 5.733 Thread 0x000001887cf60b40 DEOPT UNPACKING pc=0x000001882a8c6da2 sp=0x0000003652cfe428 mode 2

Classes loaded (20 events):
Event: 5.201 Loading class java/util/regex/Pattern$Caret done
Event: 5.244 Loading class java/util/regex/Pattern$LazyLoop
Event: 5.244 Loading class java/util/regex/Pattern$LazyLoop done
Event: 5.404 Loading class java/util/Hashtable$ValueCollection
Event: 5.404 Loading class java/util/Hashtable$ValueCollection done
Event: 5.477 Loading class java/util/stream/ReduceOps$4
Event: 5.477 Loading class java/util/stream/ReduceOps$4 done
Event: 5.477 Loading class java/util/stream/ReduceOps$4ReducingSink
Event: 5.477 Loading class java/util/stream/ReduceOps$4ReducingSink done
Event: 5.481 Loading class java/nio/file/Files$2
Event: 5.481 Loading class java/nio/file/Files$2 done
Event: 5.565 Loading class java/util/regex/PatternSyntaxException
Event: 5.565 Loading class java/util/regex/PatternSyntaxException done
Event: 5.570 Loading class java/util/concurrent/CompletionException
Event: 5.570 Loading class java/util/concurrent/CompletionException done
Event: 5.571 Loading class java/util/concurrent/ArrayBlockingQueue
Event: 5.572 Loading class java/util/concurrent/ArrayBlockingQueue done
Event: 5.597 Loading class sun/reflect/misc/ReflectUtil
Event: 5.598 Loading class sun/reflect/misc/ReflectUtil done
Event: 5.742 Loading class java/util/concurrent/ConcurrentHashMap$KeySpliterator

Classes unloaded (20 events):
Event: 4.261 Thread 0x000001882020e840 Unloading class 0x000001883636dc00 'java/lang/invoke/LambdaForm$MH+0x000001883636dc00'
Event: 4.261 Thread 0x000001882020e840 Unloading class 0x000001883636d800 'java/lang/invoke/LambdaForm$MH+0x000001883636d800'
Event: 4.261 Thread 0x000001882020e840 Unloading class 0x000001883636d000 'java/lang/invoke/LambdaForm$MH+0x000001883636d000'
Event: 4.261 Thread 0x000001882020e840 Unloading class 0x000001883636d400 'java/lang/invoke/LambdaForm$MH+0x000001883636d400'
Event: 4.261 Thread 0x000001882020e840 Unloading class 0x000001883636c800 'java/lang/invoke/LambdaForm$MH+0x000001883636c800'
Event: 4.261 Thread 0x000001882020e840 Unloading class 0x000001883636c400 'java/lang/invoke/LambdaForm$MH+0x000001883636c400'
Event: 4.261 Thread 0x000001882020e840 Unloading class 0x000001883636c000 'java/lang/invoke/LambdaForm$MH+0x000001883636c000'
Event: 4.261 Thread 0x000001882020e840 Unloading class 0x000001883636bc00 'java/lang/invoke/LambdaForm$MH+0x000001883636bc00'
Event: 4.261 Thread 0x000001882020e840 Unloading class 0x000001883636ac00 'java/lang/invoke/LambdaForm$MH+0x000001883636ac00'
Event: 4.261 Thread 0x000001882020e840 Unloading class 0x000001883636b400 'java/lang/invoke/LambdaForm$MH+0x000001883636b400'
Event: 4.261 Thread 0x000001882020e840 Unloading class 0x000001883636a800 'java/lang/invoke/LambdaForm$MH+0x000001883636a800'
Event: 4.261 Thread 0x000001882020e840 Unloading class 0x000001883636b000 'java/lang/invoke/LambdaForm$MH+0x000001883636b000'
Event: 4.261 Thread 0x000001882020e840 Unloading class 0x000001883636a400 'java/lang/invoke/LambdaForm$MH+0x000001883636a400'
Event: 4.261 Thread 0x000001882020e840 Unloading class 0x000001883636a000 'java/lang/invoke/LambdaForm$MH+0x000001883636a000'
Event: 4.261 Thread 0x000001882020e840 Unloading class 0x0000018836369c00 'java/lang/invoke/LambdaForm$MH+0x0000018836369c00'
Event: 4.261 Thread 0x000001882020e840 Unloading class 0x0000018836369800 'java/lang/invoke/LambdaForm$MH+0x0000018836369800'
Event: 4.261 Thread 0x000001882020e840 Unloading class 0x0000018836369000 'java/lang/invoke/LambdaForm$DMH+0x0000018836369000'
Event: 4.261 Thread 0x000001882020e840 Unloading class 0x0000018836368400 'java/lang/invoke/LambdaForm$DMH+0x0000018836368400'
Event: 4.261 Thread 0x000001882020e840 Unloading class 0x0000018836368000 'java/lang/invoke/LambdaForm$DMH+0x0000018836368000'
Event: 4.261 Thread 0x000001882020e840 Unloading class 0x0000018836368800 'java/lang/invoke/LambdaForm$DMH+0x0000018836368800'

Classes redefined (0 events):
No events

Internal exceptions (20 events):
Event: 4.588 Thread 0x000001887e23fe30 Exception <a 'java/lang/LinkageError'{0x00000000eb2ac3f0}: loader lombok.launch.ShadowClassLoader @78f1c300 attempted duplicate class definition for lombok.launch.PatchFixesHider$Transform. (lombok.launch.PatchFixesHider$Transform is in unnamed module of loader lombok.launch.ShadowClassLoader @78f1c300, parent loader org.eclipse.osgi.internal.loader.EquinoxClassLoader @75a15d8)> (0x00000000eb2ac3f0) 
thrown [s\src\hotspot\share\classfile\systemDictionary.cpp, line 1682]
Event: 4.588 Thread 0x000001887e245a10 Exception <a 'java/lang/LinkageError'{0x00000000eb360608}: loader lombok.launch.ShadowClassLoader @78f1c300 attempted duplicate class definition for lombok.launch.PatchFixesHider$Transform. (lombok.launch.PatchFixesHider$Transform is in unnamed module of loader lombok.launch.ShadowClassLoader @78f1c300, parent loader org.eclipse.osgi.internal.loader.EquinoxClassLoader @75a15d8)> (0x00000000eb360608) 
thrown [s\src\hotspot\share\classfile\systemDictionary.cpp, line 1682]
Event: 4.589 Thread 0x000001887e2411e0 Exception <a 'java/lang/LinkageError'{0x00000000eb272430}: loader lombok.launch.ShadowClassLoader @78f1c300 attempted duplicate class definition for lombok.launch.PatchFixesHider$Transform. (lombok.launch.PatchFixesHider$Transform is in unnamed module of loader lombok.launch.ShadowClassLoader @78f1c300, parent loader org.eclipse.osgi.internal.loader.EquinoxClassLoader @75a15d8)> (0x00000000eb272430) 
thrown [s\src\hotspot\share\classfile\systemDictionary.cpp, line 1682]
Event: 4.589 Thread 0x000001887cf60b40 Exception <a 'java/lang/LinkageError'{0x00000000eb370ba0}: loader lombok.launch.ShadowClassLoader @78f1c300 attempted duplicate class definition for lombok.launch.PatchFixesHider$Transform. (lombok.launch.PatchFixesHider$Transform is in unnamed module of loader lombok.launch.ShadowClassLoader @78f1c300, parent loader org.eclipse.osgi.internal.loader.EquinoxClassLoader @75a15d8)> (0x00000000eb370ba0) 
thrown [s\src\hotspot\share\classfile\systemDictionary.cpp, line 1682]
Event: 4.591 Thread 0x000001887e243fd0 Exception <a 'java/lang/LinkageError'{0x00000000eb3a7c38}: loader lombok.launch.ShadowClassLoader @78f1c300 attempted duplicate class definition for lombok.launch.PatchFixesHider$Transform. (lombok.launch.PatchFixesHider$Transform is in unnamed module of loader lombok.launch.ShadowClassLoader @78f1c300, parent loader org.eclipse.osgi.internal.loader.EquinoxClassLoader @75a15d8)> (0x00000000eb3a7c38) 
thrown [s\src\hotspot\share\classfile\systemDictionary.cpp, line 1682]
Event: 5.361 Thread 0x000001887e243fd0 Exception <a 'java/lang/LinkageError'{0x00000000eae09108}: loader lombok.launch.ShadowClassLoader @59503cf9 attempted duplicate class definition for lombok.launch.PatchFixesHider$FieldInitializer. (lombok.launch.PatchFixesHider$FieldInitializer is in unnamed module of loader lombok.launch.ShadowClassLoader @59503cf9, parent loader org.eclipse.osgi.internal.loader.EquinoxClassLoader @26827724)> (0x00000000eae09108) 
thrown [s\src\hotspot\share\classfile\systemDictionary.cpp, line 1682]
Event: 5.362 Thread 0x000001887e23fe30 Exception <a 'java/lang/LinkageError'{0x00000000ead55eb0}: loader lombok.launch.ShadowClassLoader @59503cf9 attempted duplicate class definition for lombok.launch.PatchFixesHider$FieldInitializer. (lombok.launch.PatchFixesHider$FieldInitializer is in unnamed module of loader lombok.launch.ShadowClassLoader @59503cf9, parent loader org.eclipse.osgi.internal.loader.EquinoxClassLoader @26827724)> (0x00000000ead55eb0) 
thrown [s\src\hotspot\share\classfile\systemDictionary.cpp, line 1682]
Event: 5.366 Thread 0x000001887e245a10 Exception <a 'java/lang/LinkageError'{0x00000000eae25518}: loader lombok.launch.ShadowClassLoader @59503cf9 attempted duplicate class definition for lombok.launch.PatchFixesHider$FieldInitializer. (lombok.launch.PatchFixesHider$FieldInitializer is in unnamed module of loader lombok.launch.ShadowClassLoader @59503cf9, parent loader org.eclipse.osgi.internal.loader.EquinoxClassLoader @26827724)> (0x00000000eae25518) 
thrown [s\src\hotspot\share\classfile\systemDictionary.cpp, line 1682]
Event: 5.366 Thread 0x000001887e2411e0 Exception <a 'java/lang/LinkageError'{0x00000000eadbd288}: loader lombok.launch.ShadowClassLoader @59503cf9 attempted duplicate class definition for lombok.launch.PatchFixesHider$FieldInitializer. (lombok.launch.PatchFixesHider$FieldInitializer is in unnamed module of loader lombok.launch.ShadowClassLoader @59503cf9, parent loader org.eclipse.osgi.internal.loader.EquinoxClassLoader @26827724)> (0x00000000eadbd288) 
thrown [s\src\hotspot\share\classfile\systemDictionary.cpp, line 1682]
Event: 5.384 Thread 0x000001887e243fd0 Exception <a 'java/lang/LinkageError'{0x00000000eaf32cb8}: loader lombok.launch.ShadowClassLoader @59503cf9 attempted duplicate class definition for lombok.launch.PatchFixesHider$PatchFixes. (lombok.launch.PatchFixesHider$PatchFixes is in unnamed module of loader lombok.launch.ShadowClassLoader @59503cf9, parent loader org.eclipse.osgi.internal.loader.EquinoxClassLoader @26827724)> (0x00000000eaf32cb8) 
thrown [s\src\hotspot\share\classfile\systemDictionary.cpp, line 1682]
Event: 5.385 Thread 0x000001887e2411e0 Exception <a 'java/lang/LinkageError'{0x00000000eaf52f88}: loader lombok.launch.ShadowClassLoader @59503cf9 attempted duplicate class definition for lombok.launch.PatchFixesHider$PatchFixes. (lombok.launch.PatchFixesHider$PatchFixes is in unnamed module of loader lombok.launch.ShadowClassLoader @59503cf9, parent loader org.eclipse.osgi.internal.loader.EquinoxClassLoader @26827724)> (0x00000000eaf52f88) 
thrown [s\src\hotspot\share\classfile\systemDictionary.cpp, line 1682]
Event: 5.386 Thread 0x000001887e246dc0 Exception <a 'java/lang/LinkageError'{0x00000000eaf9f220}: loader lombok.launch.ShadowClassLoader @59503cf9 attempted duplicate class definition for lombok.launch.PatchFixesHider$PatchFixes. (lombok.launch.PatchFixesHider$PatchFixes is in unnamed module of loader lombok.launch.ShadowClassLoader @59503cf9, parent loader org.eclipse.osgi.internal.loader.EquinoxClassLoader @26827724)> (0x00000000eaf9f220) 
thrown [s\src\hotspot\share\classfile\systemDictionary.cpp, line 1682]
Event: 5.392 Thread 0x000001887e245a10 Exception <a 'java/lang/LinkageError'{0x00000000eafcfe90}: loader lombok.launch.ShadowClassLoader @59503cf9 attempted duplicate class definition for lombok.launch.PatchFixesHider$PatchFixes. (lombok.launch.PatchFixesHider$PatchFixes is in unnamed module of loader lombok.launch.ShadowClassLoader @59503cf9, parent loader org.eclipse.osgi.internal.loader.EquinoxClassLoader @26827724)> (0x00000000eafcfe90) 
thrown [s\src\hotspot\share\classfile\systemDictionary.cpp, line 1682]
Event: 5.419 Thread 0x000001887e2411e0 Exception <a 'java/lang/NoSuchMethodError'{0x00000000eb065970}: 'java.lang.Object java.lang.invoke.DirectMethodHandle$Holder.invokeSpecial(java.lang.Object, java.lang.Object, java.lang.Object, java.lang.Object, int, java.lang.Object, java.lang.Object)'> (0x00000000eb065970) 
thrown [s\src\hotspot\share\interpreter\linkResolver.cpp, line 773]
Event: 5.419 Thread 0x000001887e23fe30 Exception <a 'java/lang/NoSuchMethodError'{0x00000000eb021e88}: 'java.lang.Object java.lang.invoke.DirectMethodHandle$Holder.invokeSpecial(java.lang.Object, java.lang.Object, java.lang.Object, java.lang.Object, int, java.lang.Object, java.lang.Object)'> (0x00000000eb021e88) 
thrown [s\src\hotspot\share\interpreter\linkResolver.cpp, line 773]
Event: 5.419 Thread 0x000001887e243fd0 Exception <a 'java/lang/NoSuchMethodError'{0x00000000eb08a180}: 'java.lang.Object java.lang.invoke.DirectMethodHandle$Holder.invokeSpecial(java.lang.Object, java.lang.Object, java.lang.Object, java.lang.Object, int, java.lang.Object, java.lang.Object)'> (0x00000000eb08a180) 
thrown [s\src\hotspot\share\interpreter\linkResolver.cpp, line 773]
Event: 5.420 Thread 0x000001887e246dc0 Exception <a 'java/lang/NoSuchMethodError'{0x00000000eb08cf38}: 'java.lang.Object java.lang.invoke.DirectMethodHandle$Holder.invokeSpecial(java.lang.Object, java.lang.Object, java.lang.Object, java.lang.Object, int, java.lang.Object, java.lang.Object)'> (0x00000000eb08cf38) 
thrown [s\src\hotspot\share\interpreter\linkResolver.cpp, line 773]
Event: 5.483 Thread 0x000001887cf60b40 Exception <a 'java/lang/NoSuchMethodError'{0x00000000eb42fa90}: 'int java.lang.invoke.DirectMethodHandle$Holder.invokeSpecialIFC(java.lang.Object, java.lang.Object, java.lang.Object)'> (0x00000000eb42fa90) 
thrown [s\src\hotspot\share\interpreter\linkResolver.cpp, line 773]
Event: 5.580 Thread 0x000001887e245a10 Exception <a 'java/lang/IncompatibleClassChangeError'{0x00000000eb951ac0}: Found class java.lang.Object, but interface was expected> (0x00000000eb951ac0) 
thrown [s\src\hotspot\share\interpreter\linkResolver.cpp, line 840]
Event: 5.643 Thread 0x000001887fcf9e70 Exception <a 'java/lang/NoSuchMethodError'{0x00000000ebc3cac8}: 'void java.lang.invoke.DirectMethodHandle$Holder.invokeVirtual(java.lang.Object, java.lang.Object, java.lang.Object, java.lang.Object, java.lang.Object)'> (0x00000000ebc3cac8) 
thrown [s\src\hotspot\share\interpreter\linkResolver.cpp, line 773]

ZGC Phase Switch (0 events):
No events

VM Operations (20 events):
Event: 4.385 Executing VM operation: ParallelGCFailedAllocation (Allocation Failure)
Event: 4.387 Executing VM operation: ParallelGCFailedAllocation (Allocation Failure) done
Event: 4.419 Executing VM operation: HandshakeAllThreads (Deoptimize)
Event: 4.419 Executing VM operation: HandshakeAllThreads (Deoptimize) done
Event: 4.468 Executing VM operation: ParallelGCFailedAllocation (Allocation Failure)
Event: 4.471 Executing VM operation: ParallelGCFailedAllocation (Allocation Failure) done
Event: 4.475 Executing VM operation: HandshakeAllThreads (Deoptimize)
Event: 4.492 Executing VM operation: HandshakeAllThreads (Deoptimize) done
Event: 4.575 Executing VM operation: HandshakeAllThreads (Deoptimize)
Event: 4.575 Executing VM operation: HandshakeAllThreads (Deoptimize) done
Event: 4.896 Executing VM operation: ParallelGCFailedAllocation (Allocation Failure)
Event: 4.898 Executing VM operation: ParallelGCFailedAllocation (Allocation Failure) done
Event: 5.245 Executing VM operation: HandshakeAllThreads (Deoptimize)
Event: 5.245 Executing VM operation: HandshakeAllThreads (Deoptimize) done
Event: 5.279 Executing VM operation: HandshakeAllThreads (Deoptimize)
Event: 5.279 Executing VM operation: HandshakeAllThreads (Deoptimize) done
Event: 5.318 Executing VM operation: ParallelGCFailedAllocation (Allocation Failure)
Event: 5.332 Executing VM operation: ParallelGCFailedAllocation (Allocation Failure) done
Event: 5.692 Executing VM operation: ICBufferFull
Event: 5.692 Executing VM operation: ICBufferFull done

Memory protections (0 events):
No events

Nmethod flushes (20 events):
Event: 4.272 Thread 0x000001882020e840 flushing  nmethod 0x000001882370a990
Event: 4.272 Thread 0x000001882020e840 flushing  nmethod 0x000001882370e690
Event: 4.272 Thread 0x000001882020e840 flushing  nmethod 0x0000018823758e10
Event: 4.272 Thread 0x000001882020e840 flushing  nmethod 0x0000018823759290
Event: 4.272 Thread 0x000001882020e840 flushing  nmethod 0x0000018823759c10
Event: 4.272 Thread 0x000001882020e840 flushing  nmethod 0x0000018823787d10
Event: 4.272 Thread 0x000001882020e840 flushing  nmethod 0x0000018823788710
Event: 4.272 Thread 0x000001882020e840 flushing  nmethod 0x000001882378ea10
Event: 4.272 Thread 0x000001882020e840 flushing  nmethod 0x00000188237adb90
Event: 4.272 Thread 0x000001882020e840 flushing  nmethod 0x00000188237aee90
Event: 4.272 Thread 0x000001882020e840 flushing  nmethod 0x00000188237d8010
Event: 4.272 Thread 0x000001882020e840 flushing  nmethod 0x00000188237ed190
Event: 4.272 Thread 0x000001882020e840 flushing  nmethod 0x00000188237efd90
Event: 4.272 Thread 0x000001882020e840 flushing  nmethod 0x00000188237f0410
Event: 4.272 Thread 0x000001882020e840 flushing  nmethod 0x000001882382eb10
Event: 4.272 Thread 0x000001882020e840 flushing  nmethod 0x0000018823831e10
Event: 4.272 Thread 0x000001882020e840 flushing  nmethod 0x000001882383a390
Event: 4.272 Thread 0x000001882020e840 flushing  nmethod 0x0000018823840710
Event: 4.272 Thread 0x000001882020e840 flushing  nmethod 0x0000018823844710
Event: 4.272 Thread 0x000001882020e840 flushing  nmethod 0x000001882384e690

Events (20 events):
Event: 4.451 Thread 0x000001887e244660 Thread added: 0x000001887e244cf0
Event: 4.451 Thread 0x000001887e244660 Thread added: 0x000001887e245380
Event: 4.451 Thread 0x000001887e245380 Thread added: 0x000001887e247450
Event: 4.452 Thread 0x000001887e244660 Thread added: 0x000001887e241870
Event: 4.452 Thread 0x000001887e243940 Thread added: 0x000001887e240b50
Event: 4.453 Thread 0x000001887e241870 Thread added: 0x000001887e2460a0
Event: 4.516 Thread 0x000001887cf60b40 Thread added: 0x000001887e241f00
Event: 4.517 Thread 0x000001887cf60b40 Thread added: 0x000001887fcfb220
Event: 4.517 Thread 0x000001887cf60b40 Thread added: 0x000001887fcfcc60
Event: 4.517 Thread 0x000001887cf60b40 Thread added: 0x000001887fd000e0
Event: 4.517 Thread 0x000001887cf60b40 Thread added: 0x000001887fcfa500
Event: 4.517 Thread 0x000001887cf60b40 Thread added: 0x000001887fcfb8b0
Event: 4.517 Thread 0x000001887cf60b40 Thread added: 0x000001887fcfbf40
Event: 4.517 Thread 0x000001887cf60b40 Thread added: 0x000001887fcfe6a0
Event: 4.518 Thread 0x000001887cf60b40 Thread added: 0x000001887fcfc5d0
Event: 4.519 Thread 0x000001887cf60b40 Thread added: 0x000001887fcfd2f0
Event: 5.276 Thread 0x000001887cba2d20 Thread exited: 0x000001887cba2d20
Event: 5.348 Thread 0x0000018877594e30 Thread added: 0x000001887cba2d20
Event: 5.573 Thread 0x000001887cf60b40 Thread added: 0x000001887fcf9e70
Event: 5.589 Thread 0x000001887e245a10 Thread added: 0x000001887fcfd980


Dynamic libraries:
0x00007ff7e1f50000 - 0x00007ff7e1f5e000 	c:\Users\amali\.vscode\extensions\redhat.java-1.42.0-win32-x64\jre\21.0.7-win32-x86_64\bin\java.exe
0x00007ffea3f50000 - 0x00007ffea4167000 	C:\Windows\SYSTEM32\ntdll.dll
0x00007ffea38a0000 - 0x00007ffea3964000 	C:\Windows\System32\KERNEL32.DLL
0x00007ffea1040000 - 0x00007ffea1413000 	C:\Windows\System32\KERNELBASE.dll
0x00007ffea17a0000 - 0x00007ffea18b1000 	C:\Windows\System32\ucrtbase.dll
0x00007ffe7efd0000 - 0x00007ffe7efee000 	c:\Users\amali\.vscode\extensions\redhat.java-1.42.0-win32-x64\jre\21.0.7-win32-x86_64\bin\VCRUNTIME140.dll
0x00007ffe80d30000 - 0x00007ffe80d48000 	c:\Users\amali\.vscode\extensions\redhat.java-1.42.0-win32-x64\jre\21.0.7-win32-x86_64\bin\jli.dll
0x00007ffea27e0000 - 0x00007ffea2991000 	C:\Windows\System32\USER32.dll
0x00007ffea19f0000 - 0x00007ffea1a16000 	C:\Windows\System32\win32u.dll
0x00007ffe8a920000 - 0x00007ffe8abbb000 	C:\Windows\WinSxS\amd64_microsoft.windows.common-controls_6595b64144ccf1df_6.0.22621.5262_none_2712bde373830908\COMCTL32.dll
0x00007ffea3730000 - 0x00007ffea3759000 	C:\Windows\System32\GDI32.dll
0x00007ffea3020000 - 0x00007ffea30c7000 	C:\Windows\System32\msvcrt.dll
0x00007ffea18c0000 - 0x00007ffea19e2000 	C:\Windows\System32\gdi32full.dll
0x00007ffea1680000 - 0x00007ffea171a000 	C:\Windows\System32\msvcp_win.dll
0x00007ffea3a20000 - 0x00007ffea3a51000 	C:\Windows\System32\IMM32.DLL
0x00007ffe9bbf0000 - 0x00007ffe9bbfc000 	c:\Users\amali\.vscode\extensions\redhat.java-1.42.0-win32-x64\jre\21.0.7-win32-x86_64\bin\vcruntime140_1.dll
0x00007ffe6d6f0000 - 0x00007ffe6d77d000 	c:\Users\amali\.vscode\extensions\redhat.java-1.42.0-win32-x64\jre\21.0.7-win32-x86_64\bin\msvcp140.dll
0x00007ffe1b150000 - 0x00007ffe1bee0000 	c:\Users\amali\.vscode\extensions\redhat.java-1.42.0-win32-x64\jre\21.0.7-win32-x86_64\bin\server\jvm.dll
0x00007ffea2a80000 - 0x00007ffea2b31000 	C:\Windows\System32\ADVAPI32.dll
0x00007ffea2720000 - 0x00007ffea27c7000 	C:\Windows\System32\sechost.dll
0x00007ffea14e0000 - 0x00007ffea1508000 	C:\Windows\System32\bcrypt.dll
0x00007ffea3550000 - 0x00007ffea3664000 	C:\Windows\System32\RPCRT4.dll
0x00007ffea3820000 - 0x00007ffea3891000 	C:\Windows\System32\WS2_32.dll
0x00007ffe9fea0000 - 0x00007ffe9feed000 	C:\Windows\SYSTEM32\POWRPROF.dll
0x00007ffe999d0000 - 0x00007ffe99a04000 	C:\Windows\SYSTEM32\WINMM.dll
0x00007ffe9e760000 - 0x00007ffe9e76a000 	C:\Windows\SYSTEM32\VERSION.dll
0x00007ffe9fe80000 - 0x00007ffe9fe93000 	C:\Windows\SYSTEM32\UMPDC.dll
0x00007ffea0150000 - 0x00007ffea0168000 	C:\Windows\SYSTEM32\kernel.appcore.dll
0x00007ffe96d40000 - 0x00007ffe96d4a000 	c:\Users\amali\.vscode\extensions\redhat.java-1.42.0-win32-x64\jre\21.0.7-win32-x86_64\bin\jimage.dll
0x00007ffe9e520000 - 0x00007ffe9e752000 	C:\Windows\SYSTEM32\DBGHELP.DLL
0x00007ffea2c50000 - 0x00007ffea2fe3000 	C:\Windows\System32\combase.dll
0x00007ffea29a0000 - 0x00007ffea2a77000 	C:\Windows\System32\OLEAUT32.dll
0x00007ffe90ce0000 - 0x00007ffe90d12000 	C:\Windows\SYSTEM32\dbgcore.DLL
0x00007ffea1a20000 - 0x00007ffea1a9b000 	C:\Windows\System32\bcryptPrimitives.dll
0x00007ffe9bc30000 - 0x00007ffe9bc3f000 	c:\Users\amali\.vscode\extensions\redhat.java-1.42.0-win32-x64\jre\21.0.7-win32-x86_64\bin\instrument.dll
0x00007ffe70fe0000 - 0x00007ffe70fff000 	c:\Users\amali\.vscode\extensions\redhat.java-1.42.0-win32-x64\jre\21.0.7-win32-x86_64\bin\java.dll
0x00007ffea1be0000 - 0x00007ffea247d000 	C:\Windows\System32\SHELL32.dll
0x00007ffea1aa0000 - 0x00007ffea1bdf000 	C:\Windows\System32\wintypes.dll
0x00007ffe9ef40000 - 0x00007ffe9f85d000 	C:\Windows\SYSTEM32\windows.storage.dll
0x00007ffea2b40000 - 0x00007ffea2c4b000 	C:\Windows\System32\SHCORE.dll
0x00007ffea2500000 - 0x00007ffea2566000 	C:\Windows\System32\shlwapi.dll
0x00007ffea0f70000 - 0x00007ffea0f9b000 	C:\Windows\SYSTEM32\profapi.dll
0x00007ffe70e20000 - 0x00007ffe70e38000 	c:\Users\amali\.vscode\extensions\redhat.java-1.42.0-win32-x64\jre\21.0.7-win32-x86_64\bin\zip.dll
0x00007ffe88b80000 - 0x00007ffe88b90000 	C:\Users\amali\.vscode\extensions\redhat.java-1.42.0-win32-x64\jre\21.0.7-win32-x86_64\bin\net.dll
0x00007ffe9afa0000 - 0x00007ffe9b0cc000 	C:\Windows\SYSTEM32\WINHTTP.dll
0x00007ffea05f0000 - 0x00007ffea065a000 	C:\Windows\system32\mswsock.dll
0x00007ffe70e00000 - 0x00007ffe70e16000 	C:\Users\amali\.vscode\extensions\redhat.java-1.42.0-win32-x64\jre\21.0.7-win32-x86_64\bin\nio.dll
0x00007ffe7ee90000 - 0x00007ffe7eea0000 	c:\Users\amali\.vscode\extensions\redhat.java-1.42.0-win32-x64\jre\21.0.7-win32-x86_64\bin\verify.dll
0x00007ffe6d6a0000 - 0x00007ffe6d6e5000 	C:\Users\amali\AppData\Roaming\Code\User\globalStorage\redhat.java\1.42.0\config_ss_win\org.eclipse.equinox.launcher\org.eclipse.equinox.launcher.win32.win32.x86_64_1.2.1300.v20250331-1702\eclipse_11911.dll
0x00007ffea2570000 - 0x00007ffea2711000 	C:\Windows\System32\ole32.dll
0x00007ffea0850000 - 0x00007ffea086b000 	C:\Windows\SYSTEM32\CRYPTSP.dll
0x00007ffea00a0000 - 0x00007ffea00d7000 	C:\Windows\system32\rsaenh.dll
0x00007ffea06e0000 - 0x00007ffea0708000 	C:\Windows\SYSTEM32\USERENV.dll
0x00007ffea0840000 - 0x00007ffea084c000 	C:\Windows\SYSTEM32\CRYPTBASE.dll
0x00007ffe9fab0000 - 0x00007ffe9fadd000 	C:\Windows\SYSTEM32\IPHLPAPI.DLL
0x00007ffea2ff0000 - 0x00007ffea2ff9000 	C:\Windows\System32\NSI.dll
0x00007ffe6d2e0000 - 0x00007ffe6d329000 	C:\Users\amali\AppData\Local\Temp\jna-2018896\jna5886692413559086680.dll
0x00007ffea3760000 - 0x00007ffea3768000 	C:\Windows\System32\PSAPI.DLL
0x00007ffe9a2b0000 - 0x00007ffe9a2c9000 	C:\Windows\SYSTEM32\dhcpcsvc6.DLL
0x00007ffe9a290000 - 0x00007ffe9a2af000 	C:\Windows\SYSTEM32\dhcpcsvc.DLL

dbghelp: loaded successfully - version: 4.0.5 - missing functions: none
symbol engine: initialized successfully - sym options: 0x614 - pdb path: .;c:\Users\amali\.vscode\extensions\redhat.java-1.42.0-win32-x64\jre\21.0.7-win32-x86_64\bin;C:\Windows\SYSTEM32;C:\Windows\WinSxS\amd64_microsoft.windows.common-controls_6595b64144ccf1df_6.0.22621.5262_none_2712bde373830908;c:\Users\amali\.vscode\extensions\redhat.java-1.42.0-win32-x64\jre\21.0.7-win32-x86_64\bin\server;C:\Users\amali\AppData\Roaming\Code\User\globalStorage\redhat.java\1.42.0\config_ss_win\org.eclipse.equinox.launcher\org.eclipse.equinox.launcher.win32.win32.x86_64_1.2.1300.v20250331-1702;C:\Users\amali\AppData\Local\Temp\jna-2018896

VM Arguments:
jvm_args: --add-modules=ALL-SYSTEM --add-opens=java.base/java.util=ALL-UNNAMED --add-opens=java.base/java.lang=ALL-UNNAMED --add-opens=java.base/sun.nio.fs=ALL-UNNAMED -Declipse.application=org.eclipse.jdt.ls.core.id1 -Dosgi.bundles.defaultStartLevel=4 -Declipse.product=org.eclipse.jdt.ls.core.product -Djava.import.generatesMetadataFilesAtProjectRoot=false -DDetectVMInstallationsJob.disabled=true -Dfile.encoding=utf8 -XX:+UseParallelGC -XX:GCTimeRatio=4 -XX:AdaptiveSizePolicyWeight=90 -Dsun.zip.disableMemoryMapping=true -Xmx1G -Xms100m -Xlog:disable -javaagent:c:\Users\amali\.vscode\extensions\redhat.java-1.42.0-win32-x64\lombok\lombok-1.18.36.jar 
java_command: c:\Users\amali\.vscode\extensions\redhat.java-1.42.0-win32-x64\server\plugins\org.eclipse.equinox.launcher_1.7.0.v20250424-1814.jar -configuration c:\Users\amali\AppData\Roaming\Code\User\globalStorage\redhat.java\1.42.0\config_ss_win -data c:\Users\amali\AppData\Roaming\Code\User\workspaceStorage\621ac69656a54d5ddde419feff2a7c8e\redhat.java\ss_ws --pipe=\\.\pipe\lsp-49253dcfa02e1537f04e2cb59fd058b2-sock
java_class_path (initial): c:\Users\amali\.vscode\extensions\redhat.java-1.42.0-win32-x64\server\plugins\org.eclipse.equinox.launcher_1.7.0.v20250424-1814.jar
Launcher Type: SUN_STANDARD

[Global flags]
    uintx AdaptiveSizePolicyWeight                 = 90                                        {product} {command line}
     intx CICompilerCount                          = 4                                         {product} {ergonomic}
    uintx GCTimeRatio                              = 4                                         {product} {command line}
   size_t InitialHeapSize                          = 104857600                                 {product} {command line}
   size_t MaxHeapSize                              = 1073741824                                {product} {command line}
   size_t MaxNewSize                               = 357564416                                 {product} {ergonomic}
   size_t MinHeapDeltaBytes                        = 524288                                    {product} {ergonomic}
   size_t MinHeapSize                              = 104857600                                 {product} {command line}
   size_t NewSize                                  = 34603008                                  {product} {ergonomic}
    uintx NonNMethodCodeHeapSize                   = 5839372                                {pd product} {ergonomic}
    uintx NonProfiledCodeHeapSize                  = 122909434                              {pd product} {ergonomic}
   size_t OldSize                                  = 70254592                                  {product} {ergonomic}
    uintx ProfiledCodeHeapSize                     = 122909434                              {pd product} {ergonomic}
    uintx ReservedCodeCacheSize                    = 251658240                              {pd product} {ergonomic}
     bool SegmentedCodeCache                       = true                                      {product} {ergonomic}
   size_t SoftMaxHeapSize                          = 1073741824                             {manageable} {ergonomic}
     bool UseCompressedOops                        = true                           {product lp64_product} {ergonomic}
     bool UseLargePagesIndividualAllocation        = false                                  {pd product} {ergonomic}
     bool UseParallelGC                            = true                                      {product} {command line}

Logging:
Log output configuration:
 #0: stdout all=off uptime,level,tags foldmultilines=false
 #1: stderr all=off uptime,level,tags foldmultilines=false

Environment Variables:
JAVA_HOME=C:\Program Files\Java\jdk-11
PATH=C:\Windows\system32;C:\Windows;C:\Windows\System32\Wbem;C:\Windows\System32\WindowsPowerShell\v1.0\;C:\Windows\System32\OpenSSH\;C:\Program Files (x86)\NVIDIA Corporation\PhysX\Common;C:\Program Files\NVIDIA Corporation\NVIDIA NvDLISR;D:\MinGW\bin;E:\PHP;D:\publish\Git\cmd;C:\Program Files\nodejs\;C:\ProgramData\ComposerSetup\bin;C:\Program Files\7-Zip\;C:\Program Files (x86)\Windows Kits\10\Windows Performance Toolkit\;C:\Program Files\dotnet\;C:\Program Files\Java\jdk-11\bin;E:\install\hadoop-3.4.1\bin;E:\install\hadoop-3.4.1\Sbin;E:\Sparkk\spark-3.5.5\bin;C:\Users\amali\AppData\Local\Programs\Python\Python311\;C:\Users\amali\AppData\Local\Programs\Python\Python311\Scripts\;E:\SEM-4\google-cloud-sdk\bin;C:\Users\amali\.console-ninja\.bin;C:\Users\amali\AppData\Local\Programs\Python\Python311\Scripts\;C:\Users\amali\AppData\Local\Programs\Python\Python311\;C:\Users\amali\AppData\Local\Microsoft\WindowsApps;C:\Users\amali\AppData\Local\JetBrains\IntelliJ IDEA 2023.2.5\bin;;C:\Users\amali\Downloads\CODINGANKU\IntelliJ IDEA Community Edition 2023.3.2\bin;;D:\Microsoft VS Code\bin;C:\Users\amali\Downloads\jdk-21_windows-x64_bin\jdk-21.0.1\bin;C:\Users\amali\AppData\Roaming\npm;C:\Users\amali\AppData\Roaming\Composer\vendor\bin;E:\SEM-4\BIGDATA
USERNAME=ASUS
OS=Windows_NT
PROCESSOR_IDENTIFIER=Intel64 Family 6 Model 141 Stepping 1, GenuineIntel
TMP=C:\Users\amali\AppData\Local\Temp
TEMP=C:\Users\amali\AppData\Local\Temp




Periodic native trim disabled

---------------  S Y S T E M  ---------------

OS:
 Windows 11 , 64 bit Build 22621 (10.0.22621.5262)
OS uptime: 0 days 3:25 hours
Hyper-V role detected

CPU: total 12 (initial active 12) (6 cores per cpu, 2 threads per core) family 6 model 141 stepping 1 microcode 0x34, cx8, cmov, fxsr, ht, mmx, 3dnowpref, sse, sse2, sse3, ssse3, sse4.1, sse4.2, popcnt, lzcnt, tsc, tscinvbit, avx, avx2, aes, erms, clmul, bmi1, bmi2, adx, avx512f, avx512dq, avx512cd, avx512bw, avx512vl, sha, fma, vzeroupper, avx512_vpopcntdq, avx512_vpclmulqdq, avx512_vaes, avx512_vnni, clflush, clflushopt, clwb, avx512_vbmi2, avx512_vbmi, hv, rdtscp, rdpid, fsrm, gfni, avx512_bitalg, f16c, cet_ibt, cet_ss, avx512_ifma
Processor Information for the first 12 processors :
  Max Mhz: 2688, Current Mhz: 2688, Mhz Limit: 2688

Memory: 4k page, system-wide physical 16122M (1098M free)
TotalPageFile size 19359M (AvailPageFile size 5M)
current process WorkingSet (physical memory assigned to process): 209M, peak: 239M
current process commit charge ("private bytes"): 291M, peak: 323M

vm_info: OpenJDK 64-Bit Server VM (21.0.7+6-LTS) for windows-amd64 JRE (21.0.7+6-LTS), built on 2025-04-15T00:00:00Z by "admin" with MS VC++ 17.7 (VS2022)

END.
