#
# There is insufficient memory for the Java Runtime Environment to continue.
# Native memory allocation (malloc) failed to allocate 681696 bytes. Error detail: Chunk::new
# Possible reasons:
#   The system is out of physical RAM or swap space
#   This process is running with CompressedOops enabled, and the Java Heap may be blocking the growth of the native heap
# Possible solutions:
#   Reduce memory load on the system
#   Increase physical memory or swap space
#   Check if swap backing store is full
#   Decrease Java heap size (-Xmx/-Xms)
#   Decrease number of Java threads
#   Decrease Java thread stack sizes (-Xss)
#   Set larger code cache with -XX:ReservedCodeCacheSize=
#   JVM is running with Unscaled Compressed Oops mode in which the Java heap is
#     placed in the first 4GB address space. The Java Heap base address is the
#     maximum limit for the native heap growth. Please use -XX:HeapBaseMinAddress
#     to set the Java Heap base and to place the Java Heap above 4GB virtual address.
# This output file may be truncated or incomplete.
#
#  Out of Memory Error (arena.cpp:168), pid=8960, tid=17376
#
# JRE version: OpenJDK Runtime Environment Temurin-21.0.7+6 (21.0.7+6) (build 21.0.7+6-LTS)
# Java VM: OpenJDK 64-Bit Server VM Temurin-21.0.7+6 (21.0.7+6-LTS, mixed mode, sharing, tiered, compressed oops, compressed class ptrs, parallel gc, windows-amd64)
# No core dump will be written. Minidumps are not enabled by default on client versions of Windows
#

---------------  S U M M A R Y ------------

Command Line: --add-modules=ALL-SYSTEM --add-opens=java.base/java.util=ALL-UNNAMED --add-opens=java.base/java.lang=ALL-UNNAMED --add-opens=java.base/sun.nio.fs=ALL-UNNAMED -Declipse.application=org.eclipse.jdt.ls.core.id1 -Dosgi.bundles.defaultStartLevel=4 -Declipse.product=org.eclipse.jdt.ls.core.product -Djava.import.generatesMetadataFilesAtProjectRoot=false -DDetectVMInstallationsJob.disabled=true -Dfile.encoding=utf8 -XX:+UseParallelGC -XX:GCTimeRatio=4 -XX:AdaptiveSizePolicyWeight=90 -Dsun.zip.disableMemoryMapping=true -Xmx1G -Xms100m -Xlog:disable -javaagent:c:\Users\amali\.vscode\extensions\redhat.java-1.42.0-win32-x64\lombok\lombok-1.18.36.jar -XX:+HeapDumpOnOutOfMemoryError -XX:HeapDumpPath=c:\Users\amali\AppData\Roaming\Code\User\workspaceStorage\621ac69656a54d5ddde419feff2a7c8e\redhat.java -Daether.dependencyCollector.impl=bf c:\Users\amali\.vscode\extensions\redhat.java-1.42.0-win32-x64\server\plugins\org.eclipse.equinox.launcher_1.7.0.v20250424-1814.jar -configuration c:\Users\amali\AppData\Roaming\Code\User\globalStorage\redhat.java\1.42.0\config_win -data c:\Users\amali\AppData\Roaming\Code\User\workspaceStorage\621ac69656a54d5ddde419feff2a7c8e\redhat.java\jdt_ws --pipe=\\.\pipe\lsp-19f355c8573238bd1f0f588620875efa-sock

Host: 11th Gen Intel(R) Core(TM) i5-11400H @ 2.70GHz, 12 cores, 15G,  Windows 11 , 64 bit Build 22621 (10.0.22621.5262)
Time: Sun Jun  8 20:02:19 2025 Malay Peninsula Standard Time elapsed time: 10.160464 seconds (0d 0h 0m 10s)

---------------  T H R E A D  ---------------

Current thread (0x00000293027af860):  JavaThread "C2 CompilerThread0" daemon [_thread_in_native, id=17376, stack(0x000000b8f8a00000,0x000000b8f8b00000) (1024K)]


Current CompileTask:
C2:10160 7518   !   4       java.io.ObjectInputStream::readSerialData (474 bytes)

Stack: [0x000000b8f8a00000,0x000000b8f8b00000]
Native frames: (J=compiled Java code, j=interpreted, Vv=VM code, C=native code)
V  [jvm.dll+0x6ce119]
V  [jvm.dll+0x8a84a1]
V  [jvm.dll+0x8aa9ce]
V  [jvm.dll+0x8ab0b3]
V  [jvm.dll+0x27f8a6]
V  [jvm.dll+0xc507d]
V  [jvm.dll+0xc55b3]
V  [jvm.dll+0x2f2c6d]
V  [jvm.dll+0x5f6bca]
V  [jvm.dll+0x250cb2]
V  [jvm.dll+0x25106f]
V  [jvm.dll+0x249934]
V  [jvm.dll+0x246fc4]
V  [jvm.dll+0x1c760e]
V  [jvm.dll+0x25695a]
V  [jvm.dll+0x254efa]
V  [jvm.dll+0x3f03f6]
V  [jvm.dll+0x851f6b]
V  [jvm.dll+0x6cc7dd]
C  [ucrtbase.dll+0x29333]
C  [KERNEL32.DLL+0x1259d]
C  [ntdll.dll+0x5af58]


---------------  P R O C E S S  ---------------

Threads class SMR info:
_java_thread_list=0x0000029362a82ea0, length=57, elements={
0x00000293026ff280, 0x00000293027a33d0, 0x0000029316aebf40, 0x00000293027aa630,
0x00000293027ab180, 0x00000293027abdd0, 0x00000293027aca20, 0x00000293027af860,
0x00000293027b5880, 0x00000293590f14e0, 0x000002935934f880, 0x000002935ea5b030,
0x000002935ec7dff0, 0x000002935ea42f30, 0x000002935ec8ab10, 0x000002935f376010,
0x000002935f0192a0, 0x000002935f100680, 0x000002935f100d10, 0x000002935f1013a0,
0x000002935f101a30, 0x000002935f0ff2d0, 0x000002935f1020c0, 0x000002935f0ff960,
0x000002935f0fec40, 0x000002935f0ffff0, 0x000002935f78fea0, 0x000002935f791250,
0x000002935f792600, 0x000002935f7918e0, 0x000002935f78f810, 0x000002935f791f70,
0x000002935f792c90, 0x000002935f790530, 0x000002935f790bc0, 0x00000293625df110,
0x00000293625e2c20, 0x00000293625e32b0, 0x00000293625e1870, 0x00000293625e1f00,
0x00000293625e60a0, 0x00000293625dfe30, 0x00000293625e0b50, 0x00000293625df7a0,
0x00000293625e11e0, 0x00000293625e4660, 0x00000293625e4cf0, 0x00000293625e5a10,
0x00000293625e2590, 0x00000293625e3940, 0x000002936254edb0, 0x00000293625535e0,
0x0000029362553c70, 0x0000029362554300, 0x0000029362554990, 0x0000029362b166d0,
0x0000029362b15930
}

Java Threads: ( => current thread )
  0x00000293026ff280 JavaThread "main"                              [_thread_blocked, id=15456, stack(0x000000b8f8000000,0x000000b8f8100000) (1024K)]
  0x00000293027a33d0 JavaThread "Reference Handler"          daemon [_thread_blocked, id=13336, stack(0x000000b8f8400000,0x000000b8f8500000) (1024K)]
  0x0000029316aebf40 JavaThread "Finalizer"                  daemon [_thread_blocked, id=22536, stack(0x000000b8f8500000,0x000000b8f8600000) (1024K)]
  0x00000293027aa630 JavaThread "Signal Dispatcher"          daemon [_thread_blocked, id=1472, stack(0x000000b8f8600000,0x000000b8f8700000) (1024K)]
  0x00000293027ab180 JavaThread "Attach Listener"            daemon [_thread_blocked, id=26628, stack(0x000000b8f8700000,0x000000b8f8800000) (1024K)]
  0x00000293027abdd0 JavaThread "Service Thread"             daemon [_thread_blocked, id=16544, stack(0x000000b8f8800000,0x000000b8f8900000) (1024K)]
  0x00000293027aca20 JavaThread "Monitor Deflation Thread"   daemon [_thread_blocked, id=18636, stack(0x000000b8f8900000,0x000000b8f8a00000) (1024K)]
=>0x00000293027af860 JavaThread "C2 CompilerThread0"         daemon [_thread_in_native, id=17376, stack(0x000000b8f8a00000,0x000000b8f8b00000) (1024K)]
  0x00000293027b5880 JavaThread "C1 CompilerThread0"         daemon [_thread_in_native, id=15192, stack(0x000000b8f8b00000,0x000000b8f8c00000) (1024K)]
  0x00000293590f14e0 JavaThread "Common-Cleaner"             daemon [_thread_blocked, id=3932, stack(0x000000b8f8c00000,0x000000b8f8d00000) (1024K)]
  0x000002935934f880 JavaThread "Notification Thread"        daemon [_thread_blocked, id=25320, stack(0x000000b8f8e00000,0x000000b8f8f00000) (1024K)]
  0x000002935ea5b030 JavaThread "Active Thread: Equinox Container: e2ac06b3-cd8d-4c96-b9df-ffd605345c0e"        [_thread_blocked, id=21048, stack(0x000000b8f9600000,0x000000b8f9700000) (1024K)]
  0x000002935ec7dff0 JavaThread "Refresh Thread: Equinox Container: e2ac06b3-cd8d-4c96-b9df-ffd605345c0e" daemon [_thread_blocked, id=26016, stack(0x000000b8f9700000,0x000000b8f9800000) (1024K)]
  0x000002935ea42f30 JavaThread "Framework Event Dispatcher: Equinox Container: e2ac06b3-cd8d-4c96-b9df-ffd605345c0e" daemon [_thread_blocked, id=27336, stack(0x000000b8f9900000,0x000000b8f9a00000) (1024K)]
  0x000002935ec8ab10 JavaThread "Start Level: Equinox Container: e2ac06b3-cd8d-4c96-b9df-ffd605345c0e" daemon [_thread_blocked, id=10348, stack(0x000000b8f9a00000,0x000000b8f9b00000) (1024K)]
  0x000002935f376010 JavaThread "Bundle File Closer"         daemon [_thread_blocked, id=19980, stack(0x000000b8f9d00000,0x000000b8f9e00000) (1024K)]
  0x000002935f0192a0 JavaThread "SCR Component Actor"        daemon [_thread_blocked, id=12848, stack(0x000000b8f9e00000,0x000000b8f9f00000) (1024K)]
  0x000002935f100680 JavaThread "Worker-JM"                         [_thread_blocked, id=15696, stack(0x000000b8fa000000,0x000000b8fa100000) (1024K)]
  0x000002935f100d10 JavaThread "JNA Cleaner"                daemon [_thread_blocked, id=18264, stack(0x000000b8f8d00000,0x000000b8f8e00000) (1024K)]
  0x000002935f1013a0 JavaThread "Worker-0"                          [_thread_blocked, id=25628, stack(0x000000b8f8f00000,0x000000b8f9000000) (1024K)]
  0x000002935f101a30 JavaThread "Worker-1"                          [_thread_blocked, id=18080, stack(0x000000b8fa100000,0x000000b8fa200000) (1024K)]
  0x000002935f0ff2d0 JavaThread "Java indexing"              daemon [_thread_blocked, id=13792, stack(0x000000b8fa300000,0x000000b8fa400000) (1024K)]
  0x000002935f1020c0 JavaThread "Worker-2: Synchronize Gradle projects with workspace"        [_thread_blocked, id=12808, stack(0x000000b8fa500000,0x000000b8fa600000) (1024K)]
  0x000002935f0ff960 JavaThread "Worker-3"                          [_thread_blocked, id=5816, stack(0x000000b8fa600000,0x000000b8fa700000) (1024K)]
  0x000002935f0fec40 JavaThread "Thread-2"                   daemon [_thread_in_native, id=26568, stack(0x000000b8fa700000,0x000000b8fa800000) (1024K)]
  0x000002935f0ffff0 JavaThread "Thread-3"                   daemon [_thread_in_native, id=7172, stack(0x000000b8fa800000,0x000000b8fa900000) (1024K)]
  0x000002935f78fea0 JavaThread "Thread-4"                   daemon [_thread_in_native, id=12312, stack(0x000000b8fa900000,0x000000b8faa00000) (1024K)]
  0x000002935f791250 JavaThread "Thread-5"                   daemon [_thread_in_native, id=18788, stack(0x000000b8faa00000,0x000000b8fab00000) (1024K)]
  0x000002935f792600 JavaThread "Thread-6"                   daemon [_thread_in_native, id=15200, stack(0x000000b8fab00000,0x000000b8fac00000) (1024K)]
  0x000002935f7918e0 JavaThread "Thread-7"                   daemon [_thread_in_native, id=16264, stack(0x000000b8fac00000,0x000000b8fad00000) (1024K)]
  0x000002935f78f810 JavaThread "Thread-8"                   daemon [_thread_in_native, id=6700, stack(0x000000b8fad00000,0x000000b8fae00000) (1024K)]
  0x000002935f791f70 JavaThread "Thread-9"                   daemon [_thread_in_native, id=19016, stack(0x000000b8fae00000,0x000000b8faf00000) (1024K)]
  0x000002935f792c90 JavaThread "Thread-10"                  daemon [_thread_in_native, id=18472, stack(0x000000b8faf00000,0x000000b8fb000000) (1024K)]
  0x000002935f790530 JavaThread "Thread-11"                  daemon [_thread_in_native, id=19600, stack(0x000000b8fb000000,0x000000b8fb100000) (1024K)]
  0x000002935f790bc0 JavaThread "Thread-12"                  daemon [_thread_in_native, id=12276, stack(0x000000b8fb100000,0x000000b8fb200000) (1024K)]
  0x00000293625df110 JavaThread "Thread-13"                  daemon [_thread_in_native, id=29452, stack(0x000000b8fb200000,0x000000b8fb300000) (1024K)]
  0x00000293625e2c20 JavaThread "Thread-14"                  daemon [_thread_in_native, id=10064, stack(0x000000b8fb300000,0x000000b8fb400000) (1024K)]
  0x00000293625e32b0 JavaThread "pool-2-thread-1"                   [_thread_blocked, id=24444, stack(0x000000b8fb400000,0x000000b8fb500000) (1024K)]
  0x00000293625e1870 JavaThread "Timer-0"                           [_thread_blocked, id=8748, stack(0x000000b8fb500000,0x000000b8fb600000) (1024K)]
  0x00000293625e1f00 JavaThread "Worker-4"                          [_thread_blocked, id=20680, stack(0x000000b8fb600000,0x000000b8fb700000) (1024K)]
  0x00000293625e60a0 JavaThread "Timer-1"                           [_thread_blocked, id=16476, stack(0x000000b8fb700000,0x000000b8fb800000) (1024K)]
  0x00000293625dfe30 JavaThread "Worker-5: Initialize Workspace"        [_thread_blocked, id=9100, stack(0x000000b8fb900000,0x000000b8fba00000) (1024K)]
  0x00000293625e0b50 JavaThread "WorkspaceEventsHandler"            [_thread_blocked, id=8824, stack(0x000000b8fba00000,0x000000b8fbb00000) (1024K)]
  0x00000293625df7a0 JavaThread "pool-1-thread-1"                   [_thread_blocked, id=28732, stack(0x000000b8fbb00000,0x000000b8fbc00000) (1024K)]
  0x00000293625e11e0 JavaThread "Timer-2"                           [_thread_blocked, id=5016, stack(0x000000b8fbc00000,0x000000b8fbd00000) (1024K)]
  0x00000293625e4660 JavaThread "Exec process"                      [_thread_blocked, id=7596, stack(0x000000b8fbe00000,0x000000b8fbf00000) (1024K)]
  0x00000293625e4cf0 JavaThread "Exec process Thread 2"             [_thread_blocked, id=10408, stack(0x000000b8fbf00000,0x000000b8fc000000) (1024K)]
  0x00000293625e5a10 JavaThread "Exec process Thread 3"             [_thread_blocked, id=16076, stack(0x000000b8fc000000,0x000000b8fc100000) (1024K)]
  0x00000293625e2590 JavaThread "Timer-3"                           [_thread_blocked, id=23080, stack(0x000000b8fa400000,0x000000b8fa500000) (1024K)]
  0x00000293625e3940 JavaThread "Timer-4"                           [_thread_blocked, id=14408, stack(0x000000b8fb800000,0x000000b8fb900000) (1024K)]
  0x000002936254edb0 JavaThread "Timer-5"                           [_thread_blocked, id=19696, stack(0x000000b8fbd00000,0x000000b8fbe00000) (1024K)]
  0x00000293625535e0 JavaThread "Timer-6"                           [_thread_blocked, id=24372, stack(0x000000b8fc100000,0x000000b8fc200000) (1024K)]
  0x0000029362553c70 JavaThread "Timer-7"                           [_thread_blocked, id=25720, stack(0x000000b8fc200000,0x000000b8fc300000) (1024K)]
  0x0000029362554300 JavaThread "Connection worker"                 [_thread_in_vm, id=23252, stack(0x000000b8fc300000,0x000000b8fc400000) (1024K)]
  0x0000029362554990 JavaThread "pool-3-thread-1"                   [_thread_blocked, id=15396, stack(0x000000b8f9f00000,0x000000b8fa000000) (1024K)]
  0x0000029362b166d0 JavaThread "C2 CompilerThread1"         daemon [_thread_in_native, id=19832, stack(0x000000b8fc400000,0x000000b8fc500000) (1024K)]
  0x0000029362b15930 JavaThread "C2 CompilerThread2"         daemon [_thread_in_native, id=7904, stack(0x000000b8fc500000,0x000000b8fc600000) (1024K)]
Total: 57

Other Threads:
  0x0000029300358760 VMThread "VM Thread"                           [id=18712, stack(0x000000b8f8300000,0x000000b8f8400000) (1024K)]
  0x000002930276abb0 WatcherThread "VM Periodic Task Thread"        [id=22160, stack(0x000000b8f8200000,0x000000b8f8300000) (1024K)]
  0x0000029300356e00 WorkerThread "GC Thread#0"                     [id=20492, stack(0x000000b8f8100000,0x000000b8f8200000) (1024K)]
  0x0000029300357540 WorkerThread "GC Thread#1"                     [id=14416, stack(0x000000b8f9000000,0x000000b8f9100000) (1024K)]
  0x00000293003578e0 WorkerThread "GC Thread#2"                     [id=20620, stack(0x000000b8f9100000,0x000000b8f9200000) (1024K)]
  0x000002935e730e90 WorkerThread "GC Thread#3"                     [id=16864, stack(0x000000b8f9200000,0x000000b8f9300000) (1024K)]
  0x000002935e733670 WorkerThread "GC Thread#4"                     [id=26992, stack(0x000000b8f9300000,0x000000b8f9400000) (1024K)]
  0x000002935e731d10 WorkerThread "GC Thread#5"                     [id=4668, stack(0x000000b8f9400000,0x000000b8f9500000) (1024K)]
  0x000002935e7315d0 WorkerThread "GC Thread#6"                     [id=23232, stack(0x000000b8f9500000,0x000000b8f9600000) (1024K)]
  0x000002935e7327f0 WorkerThread "GC Thread#7"                     [id=20920, stack(0x000000b8f9800000,0x000000b8f9900000) (1024K)]
  0x000002935e733a10 WorkerThread "GC Thread#8"                     [id=22504, stack(0x000000b8f9b00000,0x000000b8f9c00000) (1024K)]
  0x000002935e7332d0 WorkerThread "GC Thread#9"                     [id=10328, stack(0x000000b8f9c00000,0x000000b8f9d00000) (1024K)]
Total: 12

Threads with active compile tasks:
C2 CompilerThread0  10180 7518   !   4       java.io.ObjectInputStream::readSerialData (474 bytes)
C2 CompilerThread1  10180 7487       4       java.io.ObjectInputStream::readClassDesc (121 bytes)
C2 CompilerThread2  10180 7565   !   4       java.io.ObjectStreamClass::readNonProxy (395 bytes)
Total: 3

VM state: not at safepoint (normal execution)

VM Mutex/Monitor currently owned by a thread: None

Heap address: 0x00000000c0000000, size: 1024 MB, Compressed Oops mode: 32-bit

CDS archive(s) mapped at: [0x0000029317000000-0x0000029317ba0000-0x0000029317ba0000), size 12189696, SharedBaseAddress: 0x0000029317000000, ArchiveRelocationMode: 1.
Compressed class space mapped at: 0x0000029318000000-0x0000029358000000, reserved size: 1073741824
Narrow klass base: 0x0000029317000000, Narrow klass shift: 0, Narrow klass range: 0x100000000

GC Precious Log:
 CardTable entry size: 512
 CPUs: 12 total, 12 available
 Memory: 16122M
 Large Page Support: Disabled
 NUMA Support: Disabled
 Compressed Oops: Enabled (32-bit)
 Alignments: Space 512K, Generation 512K, Heap 2M
 Heap Min Capacity: 100M
 Heap Initial Capacity: 100M
 Heap Max Capacity: 1G
 Pre-touch: Disabled
 Parallel Workers: 10

Heap:
 PSYoungGen      total 23040K, used 8564K [0x00000000eab00000, 0x00000000ec480000, 0x0000000100000000)
  eden space 22016K, 37% used [0x00000000eab00000,0x00000000eb315140,0x00000000ec080000)
  from space 1024K, 28% used [0x00000000ec300000,0x00000000ec348010,0x00000000ec400000)
  to   space 512K, 0% used [0x00000000ec400000,0x00000000ec400000,0x00000000ec480000)
 ParOldGen       total 68608K, used 40233K [0x00000000c0000000, 0x00000000c4300000, 0x00000000eab00000)
  object space 68608K, 58% used [0x00000000c0000000,0x00000000c274a788,0x00000000c4300000)
 Metaspace       used 62857K, committed 64192K, reserved 1114112K
  class space    used 7757K, committed 8384K, reserved 1048576K

Card table byte_map: [0x00000293020a0000,0x00000293022b0000] _byte_map_base: 0x0000029301aa0000

Marking Bits: (ParMarkBitMap*) 0x00007ffc175e31f0
 Begin Bits: [0x00000293148f0000, 0x00000293158f0000)
 End Bits:   [0x00000293158f0000, 0x00000293168f0000)

Polling page: 0x0000029300550000

Metaspace:

Usage:
  Non-class:     53.81 MB used.
      Class:      7.58 MB used.
       Both:     61.38 MB used.

Virtual space:
  Non-class space:       64.00 MB reserved,      54.50 MB ( 85%) committed,  1 nodes.
      Class space:        1.00 GB reserved,       8.19 MB ( <1%) committed,  1 nodes.
             Both:        1.06 GB reserved,      62.69 MB (  6%) committed. 

Chunk freelists:
   Non-Class:  8.63 MB
       Class:  7.66 MB
        Both:  16.29 MB

MaxMetaspaceSize: unlimited
CompressedClassSpaceSize: 1.00 GB
Initial GC threshold: 21.00 MB
Current GC threshold: 97.31 MB
CDS: on
 - commit_granule_bytes: 65536.
 - commit_granule_words: 8192.
 - virtual_space_node_default_size: 8388608.
 - enlarge_chunks_in_place: 1.
 - use_allocation_guard: 0.


Internal statistics:

num_allocs_failed_limit: 9.
num_arena_births: 1154.
num_arena_deaths: 40.
num_vsnodes_births: 2.
num_vsnodes_deaths: 0.
num_space_committed: 1003.
num_space_uncommitted: 0.
num_chunks_returned_to_freelist: 55.
num_chunks_taken_from_freelist: 3993.
num_chunk_merges: 15.
num_chunk_splits: 2516.
num_chunks_enlarged: 1462.
num_inconsistent_stats: 0.

CodeHeap 'non-profiled nmethods': size=120000Kb used=4312Kb max_used=4312Kb free=115687Kb
 bounds [0x000002930d3c0000, 0x000002930d800000, 0x00000293148f0000]
CodeHeap 'profiled nmethods': size=120000Kb used=14140Kb max_used=14140Kb free=105859Kb
 bounds [0x00000293058f0000, 0x00000293066c0000, 0x000002930ce20000]
CodeHeap 'non-nmethods': size=5760Kb used=1395Kb max_used=1456Kb free=4364Kb
 bounds [0x000002930ce20000, 0x000002930d090000, 0x000002930d3c0000]
 total_blobs=7527 nmethods=6840 adapters=593
 compilation: enabled
              stopped_count=0, restarted_count=0
 full_count=0

Compilation events (20 events):
Event: 10.152 Thread 0x00000293027b5880 7572       3       org.eclipse.jdt.ls.core.internal.JobHelpers::getJob (50 bytes)
Event: 10.152 Thread 0x00000293027b5880 nmethod 7572 0x00000293066b0190 code [0x00000293066b03c0, 0x00000293066b0b98]
Event: 10.154 Thread 0x00000293027b5880 7573       3       sun.nio.ch.WEPoll::getEvent (9 bytes)
Event: 10.154 Thread 0x00000293027b5880 nmethod 7573 0x00000293060df890 code [0x00000293060dfa20, 0x00000293060dfb18]
Event: 10.154 Thread 0x00000293027b5880 7574       3       sun.nio.ch.WEPoll::getDescriptor (34 bytes)
Event: 10.154 Thread 0x00000293027b5880 nmethod 7574 0x00000293066b0e10 code [0x00000293066b0fc0, 0x00000293066b10e8]
Event: 10.154 Thread 0x00000293027b5880 7575       3       sun.nio.ch.WEPoll::getSocket (35 bytes)
Event: 10.154 Thread 0x00000293027b5880 nmethod 7575 0x00000293066b1190 code [0x00000293066b1340, 0x00000293066b14b8]
Event: 10.154 Thread 0x00000293027b5880 7576       3       sun.nio.ch.WEPoll::getEvents (13 bytes)
Event: 10.154 Thread 0x00000293027b5880 nmethod 7576 0x00000293066b1590 code [0x00000293066b1740, 0x00000293066b18a0]
Event: 10.154 Thread 0x00000293027b5880 7577       3       sun.nio.ch.WEPollSelectorImpl::toReadyOps (58 bytes)
Event: 10.155 Thread 0x00000293027b5880 nmethod 7577 0x00000293066b1990 code [0x00000293066b1b40, 0x00000293066b1d10]
Event: 10.155 Thread 0x00000293027b5880 7578       3       sun.nio.ch.SelectorImpl::processReadyEvents (115 bytes)
Event: 10.155 Thread 0x00000293027b5880 nmethod 7578 0x00000293066b1d90 code [0x00000293066b2020, 0x00000293066b2ba0]
Event: 10.155 Thread 0x00000293027b5880 7579       3       sun.nio.ch.SocketChannelImpl::translateReadyOps (173 bytes)
Event: 10.156 Thread 0x00000293027b5880 nmethod 7579 0x00000293066b2f90 code [0x00000293066b3180, 0x00000293066b37b8]
Event: 10.156 Thread 0x00000293027b5880 7580       3       sun.nio.ch.SocketChannelImpl::isConnected (14 bytes)
Event: 10.156 Thread 0x00000293027b5880 nmethod 7580 0x00000293066b3910 code [0x00000293066b3aa0, 0x00000293066b3c00]
Event: 10.156 Thread 0x00000293027b5880 7581       3       java.nio.MappedByteBuffer::clear (5 bytes)
Event: 10.156 Thread 0x00000293027b5880 nmethod 7581 0x00000293066b3c90 code [0x00000293066b3e40, 0x00000293066b4080]

GC Heap History (20 events):
Event: 8.849 GC heap before
{Heap before GC invocations=33 (full 3):
 PSYoungGen      total 23040K, used 22791K [0x00000000eab00000, 0x00000000ec700000, 0x0000000100000000)
  eden space 22016K, 100% used [0x00000000eab00000,0x00000000ec080000,0x00000000ec080000)
  from space 1024K, 75% used [0x00000000ec500000,0x00000000ec5c1e58,0x00000000ec600000)
  to   space 1024K, 0% used [0x00000000ec600000,0x00000000ec600000,0x00000000ec700000)
 ParOldGen       total 68608K, used 38316K [0x00000000c0000000, 0x00000000c4300000, 0x00000000eab00000)
  object space 68608K, 55% used [0x00000000c0000000,0x00000000c256b168,0x00000000c4300000)
 Metaspace       used 60928K, committed 62272K, reserved 1114112K
  class space    used 7505K, committed 8128K, reserved 1048576K
}
Event: 8.849 GC heap after
{Heap after GC invocations=33 (full 3):
 PSYoungGen      total 22528K, used 465K [0x00000000eab00000, 0x00000000ec680000, 0x0000000100000000)
  eden space 22016K, 0% used [0x00000000eab00000,0x00000000eab00000,0x00000000ec080000)
  from space 512K, 90% used [0x00000000ec600000,0x00000000ec674640,0x00000000ec680000)
  to   space 1024K, 0% used [0x00000000ec480000,0x00000000ec480000,0x00000000ec580000)
 ParOldGen       total 68608K, used 38602K [0x00000000c0000000, 0x00000000c4300000, 0x00000000eab00000)
  object space 68608K, 56% used [0x00000000c0000000,0x00000000c25b2bf0,0x00000000c4300000)
 Metaspace       used 60928K, committed 62272K, reserved 1114112K
  class space    used 7505K, committed 8128K, reserved 1048576K
}
Event: 8.979 GC heap before
{Heap before GC invocations=34 (full 3):
 PSYoungGen      total 22528K, used 22481K [0x00000000eab00000, 0x00000000ec680000, 0x0000000100000000)
  eden space 22016K, 100% used [0x00000000eab00000,0x00000000ec080000,0x00000000ec080000)
  from space 512K, 90% used [0x00000000ec600000,0x00000000ec674640,0x00000000ec680000)
  to   space 1024K, 0% used [0x00000000ec480000,0x00000000ec480000,0x00000000ec580000)
 ParOldGen       total 68608K, used 38602K [0x00000000c0000000, 0x00000000c4300000, 0x00000000eab00000)
  object space 68608K, 56% used [0x00000000c0000000,0x00000000c25b2bf0,0x00000000c4300000)
 Metaspace       used 61023K, committed 62400K, reserved 1114112K
  class space    used 7522K, committed 8128K, reserved 1048576K
}
Event: 8.980 GC heap after
{Heap after GC invocations=34 (full 3):
 PSYoungGen      total 23040K, used 994K [0x00000000eab00000, 0x00000000ec680000, 0x0000000100000000)
  eden space 22016K, 0% used [0x00000000eab00000,0x00000000eab00000,0x00000000ec080000)
  from space 1024K, 97% used [0x00000000ec480000,0x00000000ec578820,0x00000000ec580000)
  to   space 1024K, 0% used [0x00000000ec580000,0x00000000ec580000,0x00000000ec680000)
 ParOldGen       total 68608K, used 38789K [0x00000000c0000000, 0x00000000c4300000, 0x00000000eab00000)
  object space 68608K, 56% used [0x00000000c0000000,0x00000000c25e1770,0x00000000c4300000)
 Metaspace       used 61023K, committed 62400K, reserved 1114112K
  class space    used 7522K, committed 8128K, reserved 1048576K
}
Event: 9.098 GC heap before
{Heap before GC invocations=35 (full 3):
 PSYoungGen      total 23040K, used 23010K [0x00000000eab00000, 0x00000000ec680000, 0x0000000100000000)
  eden space 22016K, 100% used [0x00000000eab00000,0x00000000ec080000,0x00000000ec080000)
  from space 1024K, 97% used [0x00000000ec480000,0x00000000ec578820,0x00000000ec580000)
  to   space 1024K, 0% used [0x00000000ec580000,0x00000000ec580000,0x00000000ec680000)
 ParOldGen       total 68608K, used 38789K [0x00000000c0000000, 0x00000000c4300000, 0x00000000eab00000)
  object space 68608K, 56% used [0x00000000c0000000,0x00000000c25e1770,0x00000000c4300000)
 Metaspace       used 61023K, committed 62400K, reserved 1114112K
  class space    used 7522K, committed 8128K, reserved 1048576K
}
Event: 9.099 GC heap after
{Heap after GC invocations=35 (full 3):
 PSYoungGen      total 23040K, used 1021K [0x00000000eab00000, 0x00000000ec680000, 0x0000000100000000)
  eden space 22016K, 0% used [0x00000000eab00000,0x00000000eab00000,0x00000000ec080000)
  from space 1024K, 99% used [0x00000000ec580000,0x00000000ec67f748,0x00000000ec680000)
  to   space 1536K, 0% used [0x00000000ec380000,0x00000000ec380000,0x00000000ec500000)
 ParOldGen       total 68608K, used 38989K [0x00000000c0000000, 0x00000000c4300000, 0x00000000eab00000)
  object space 68608K, 56% used [0x00000000c0000000,0x00000000c26134e0,0x00000000c4300000)
 Metaspace       used 61023K, committed 62400K, reserved 1114112K
  class space    used 7522K, committed 8128K, reserved 1048576K
}
Event: 9.232 GC heap before
{Heap before GC invocations=36 (full 3):
 PSYoungGen      total 23040K, used 23037K [0x00000000eab00000, 0x00000000ec680000, 0x0000000100000000)
  eden space 22016K, 100% used [0x00000000eab00000,0x00000000ec080000,0x00000000ec080000)
  from space 1024K, 99% used [0x00000000ec580000,0x00000000ec67f748,0x00000000ec680000)
  to   space 1536K, 0% used [0x00000000ec380000,0x00000000ec380000,0x00000000ec500000)
 ParOldGen       total 68608K, used 38989K [0x00000000c0000000, 0x00000000c4300000, 0x00000000eab00000)
  object space 68608K, 56% used [0x00000000c0000000,0x00000000c26134e0,0x00000000c4300000)
 Metaspace       used 61031K, committed 62400K, reserved 1114112K
  class space    used 7523K, committed 8128K, reserved 1048576K
}
Event: 9.233 GC heap after
{Heap after GC invocations=36 (full 3):
 PSYoungGen      total 23552K, used 1047K [0x00000000eab00000, 0x00000000ec600000, 0x0000000100000000)
  eden space 22016K, 0% used [0x00000000eab00000,0x00000000eab00000,0x00000000ec080000)
  from space 1536K, 68% used [0x00000000ec380000,0x00000000ec485dd0,0x00000000ec500000)
  to   space 1024K, 0% used [0x00000000ec500000,0x00000000ec500000,0x00000000ec600000)
 ParOldGen       total 68608K, used 39005K [0x00000000c0000000, 0x00000000c4300000, 0x00000000eab00000)
  object space 68608K, 56% used [0x00000000c0000000,0x00000000c26174e0,0x00000000c4300000)
 Metaspace       used 61031K, committed 62400K, reserved 1114112K
  class space    used 7523K, committed 8128K, reserved 1048576K
}
Event: 9.337 GC heap before
{Heap before GC invocations=37 (full 3):
 PSYoungGen      total 23552K, used 23063K [0x00000000eab00000, 0x00000000ec600000, 0x0000000100000000)
  eden space 22016K, 100% used [0x00000000eab00000,0x00000000ec080000,0x00000000ec080000)
  from space 1536K, 68% used [0x00000000ec380000,0x00000000ec485dd0,0x00000000ec500000)
  to   space 1024K, 0% used [0x00000000ec500000,0x00000000ec500000,0x00000000ec600000)
 ParOldGen       total 68608K, used 39005K [0x00000000c0000000, 0x00000000c4300000, 0x00000000eab00000)
  object space 68608K, 56% used [0x00000000c0000000,0x00000000c26174e0,0x00000000c4300000)
 Metaspace       used 61031K, committed 62400K, reserved 1114112K
  class space    used 7523K, committed 8128K, reserved 1048576K
}
Event: 9.338 GC heap after
{Heap after GC invocations=37 (full 3):
 PSYoungGen      total 23040K, used 1020K [0x00000000eab00000, 0x00000000ec600000, 0x0000000100000000)
  eden space 22016K, 0% used [0x00000000eab00000,0x00000000eab00000,0x00000000ec080000)
  from space 1024K, 99% used [0x00000000ec500000,0x00000000ec5ff2d8,0x00000000ec600000)
  to   space 1536K, 0% used [0x00000000ec300000,0x00000000ec300000,0x00000000ec480000)
 ParOldGen       total 68608K, used 39269K [0x00000000c0000000, 0x00000000c4300000, 0x00000000eab00000)
  object space 68608K, 57% used [0x00000000c0000000,0x00000000c26595f0,0x00000000c4300000)
 Metaspace       used 61031K, committed 62400K, reserved 1114112K
  class space    used 7523K, committed 8128K, reserved 1048576K
}
Event: 9.445 GC heap before
{Heap before GC invocations=38 (full 3):
 PSYoungGen      total 23040K, used 23036K [0x00000000eab00000, 0x00000000ec600000, 0x0000000100000000)
  eden space 22016K, 100% used [0x00000000eab00000,0x00000000ec080000,0x00000000ec080000)
  from space 1024K, 99% used [0x00000000ec500000,0x00000000ec5ff2d8,0x00000000ec600000)
  to   space 1536K, 0% used [0x00000000ec300000,0x00000000ec300000,0x00000000ec480000)
 ParOldGen       total 68608K, used 39269K [0x00000000c0000000, 0x00000000c4300000, 0x00000000eab00000)
  object space 68608K, 57% used [0x00000000c0000000,0x00000000c26595f0,0x00000000c4300000)
 Metaspace       used 61031K, committed 62400K, reserved 1114112K
  class space    used 7523K, committed 8128K, reserved 1048576K
}
Event: 9.445 GC heap after
{Heap after GC invocations=38 (full 3):
 PSYoungGen      total 23552K, used 1295K [0x00000000eab00000, 0x00000000ec580000, 0x0000000100000000)
  eden space 22016K, 0% used [0x00000000eab00000,0x00000000eab00000,0x00000000ec080000)
  from space 1536K, 84% used [0x00000000ec300000,0x00000000ec443e10,0x00000000ec480000)
  to   space 1024K, 0% used [0x00000000ec480000,0x00000000ec480000,0x00000000ec580000)
 ParOldGen       total 68608K, used 39301K [0x00000000c0000000, 0x00000000c4300000, 0x00000000eab00000)
  object space 68608K, 57% used [0x00000000c0000000,0x00000000c26615f0,0x00000000c4300000)
 Metaspace       used 61031K, committed 62400K, reserved 1114112K
  class space    used 7523K, committed 8128K, reserved 1048576K
}
Event: 9.535 GC heap before
{Heap before GC invocations=39 (full 3):
 PSYoungGen      total 23552K, used 23311K [0x00000000eab00000, 0x00000000ec580000, 0x0000000100000000)
  eden space 22016K, 100% used [0x00000000eab00000,0x00000000ec080000,0x00000000ec080000)
  from space 1536K, 84% used [0x00000000ec300000,0x00000000ec443e10,0x00000000ec480000)
  to   space 1024K, 0% used [0x00000000ec480000,0x00000000ec480000,0x00000000ec580000)
 ParOldGen       total 68608K, used 39301K [0x00000000c0000000, 0x00000000c4300000, 0x00000000eab00000)
  object space 68608K, 57% used [0x00000000c0000000,0x00000000c26615f0,0x00000000c4300000)
 Metaspace       used 61031K, committed 62400K, reserved 1114112K
  class space    used 7523K, committed 8128K, reserved 1048576K
}
Event: 9.535 GC heap after
{Heap after GC invocations=39 (full 3):
 PSYoungGen      total 23040K, used 1019K [0x00000000eab00000, 0x00000000ec580000, 0x0000000100000000)
  eden space 22016K, 0% used [0x00000000eab00000,0x00000000eab00000,0x00000000ec080000)
  from space 1024K, 99% used [0x00000000ec480000,0x00000000ec57eff0,0x00000000ec580000)
  to   space 1536K, 0% used [0x00000000ec280000,0x00000000ec280000,0x00000000ec400000)
 ParOldGen       total 68608K, used 39481K [0x00000000c0000000, 0x00000000c4300000, 0x00000000eab00000)
  object space 68608K, 57% used [0x00000000c0000000,0x00000000c268e768,0x00000000c4300000)
 Metaspace       used 61031K, committed 62400K, reserved 1114112K
  class space    used 7523K, committed 8128K, reserved 1048576K
}
Event: 9.617 GC heap before
{Heap before GC invocations=40 (full 3):
 PSYoungGen      total 23040K, used 23035K [0x00000000eab00000, 0x00000000ec580000, 0x0000000100000000)
  eden space 22016K, 100% used [0x00000000eab00000,0x00000000ec080000,0x00000000ec080000)
  from space 1024K, 99% used [0x00000000ec480000,0x00000000ec57eff0,0x00000000ec580000)
  to   space 1536K, 0% used [0x00000000ec280000,0x00000000ec280000,0x00000000ec400000)
 ParOldGen       total 68608K, used 39481K [0x00000000c0000000, 0x00000000c4300000, 0x00000000eab00000)
  object space 68608K, 57% used [0x00000000c0000000,0x00000000c268e768,0x00000000c4300000)
 Metaspace       used 61033K, committed 62400K, reserved 1114112K
  class space    used 7523K, committed 8128K, reserved 1048576K
}
Event: 9.618 GC heap after
{Heap after GC invocations=40 (full 3):
 PSYoungGen      total 23552K, used 1330K [0x00000000eab00000, 0x00000000ec500000, 0x0000000100000000)
  eden space 22016K, 0% used [0x00000000eab00000,0x00000000eab00000,0x00000000ec080000)
  from space 1536K, 86% used [0x00000000ec280000,0x00000000ec3cc8b0,0x00000000ec400000)
  to   space 1024K, 0% used [0x00000000ec400000,0x00000000ec400000,0x00000000ec500000)
 ParOldGen       total 68608K, used 39505K [0x00000000c0000000, 0x00000000c4300000, 0x00000000eab00000)
  object space 68608K, 57% used [0x00000000c0000000,0x00000000c2694768,0x00000000c4300000)
 Metaspace       used 61033K, committed 62400K, reserved 1114112K
  class space    used 7523K, committed 8128K, reserved 1048576K
}
Event: 9.817 GC heap before
{Heap before GC invocations=41 (full 3):
 PSYoungGen      total 23552K, used 23346K [0x00000000eab00000, 0x00000000ec500000, 0x0000000100000000)
  eden space 22016K, 100% used [0x00000000eab00000,0x00000000ec080000,0x00000000ec080000)
  from space 1536K, 86% used [0x00000000ec280000,0x00000000ec3cc8b0,0x00000000ec400000)
  to   space 1024K, 0% used [0x00000000ec400000,0x00000000ec400000,0x00000000ec500000)
 ParOldGen       total 68608K, used 39505K [0x00000000c0000000, 0x00000000c4300000, 0x00000000eab00000)
  object space 68608K, 57% used [0x00000000c0000000,0x00000000c2694768,0x00000000c4300000)
 Metaspace       used 62491K, committed 63872K, reserved 1114112K
  class space    used 7741K, committed 8384K, reserved 1048576K
}
Event: 9.818 GC heap after
{Heap after GC invocations=41 (full 3):
 PSYoungGen      total 23040K, used 768K [0x00000000eab00000, 0x00000000ec500000, 0x0000000100000000)
  eden space 22016K, 0% used [0x00000000eab00000,0x00000000eab00000,0x00000000ec080000)
  from space 1024K, 75% used [0x00000000ec400000,0x00000000ec4c0000,0x00000000ec500000)
  to   space 1024K, 0% used [0x00000000ec300000,0x00000000ec300000,0x00000000ec400000)
 ParOldGen       total 68608K, used 39545K [0x00000000c0000000, 0x00000000c4300000, 0x00000000eab00000)
  object space 68608K, 57% used [0x00000000c0000000,0x00000000c269e768,0x00000000c4300000)
 Metaspace       used 62491K, committed 63872K, reserved 1114112K
  class space    used 7741K, committed 8384K, reserved 1048576K
}
Event: 10.141 GC heap before
{Heap before GC invocations=42 (full 3):
 PSYoungGen      total 23040K, used 22784K [0x00000000eab00000, 0x00000000ec500000, 0x0000000100000000)
  eden space 22016K, 100% used [0x00000000eab00000,0x00000000ec080000,0x00000000ec080000)
  from space 1024K, 75% used [0x00000000ec400000,0x00000000ec4c0000,0x00000000ec500000)
  to   space 1024K, 0% used [0x00000000ec300000,0x00000000ec300000,0x00000000ec400000)
 ParOldGen       total 68608K, used 39545K [0x00000000c0000000, 0x00000000c4300000, 0x00000000eab00000)
  object space 68608K, 57% used [0x00000000c0000000,0x00000000c269e768,0x00000000c4300000)
 Metaspace       used 62808K, committed 64192K, reserved 1114112K
  class space    used 7751K, committed 8384K, reserved 1048576K
}
Event: 10.143 GC heap after
{Heap after GC invocations=42 (full 3):
 PSYoungGen      total 23040K, used 288K [0x00000000eab00000, 0x00000000ec480000, 0x0000000100000000)
  eden space 22016K, 0% used [0x00000000eab00000,0x00000000eab00000,0x00000000ec080000)
  from space 1024K, 28% used [0x00000000ec300000,0x00000000ec348010,0x00000000ec400000)
  to   space 512K, 0% used [0x00000000ec400000,0x00000000ec400000,0x00000000ec480000)
 ParOldGen       total 68608K, used 40233K [0x00000000c0000000, 0x00000000c4300000, 0x00000000eab00000)
  object space 68608K, 58% used [0x00000000c0000000,0x00000000c274a788,0x00000000c4300000)
 Metaspace       used 62808K, committed 64192K, reserved 1114112K
  class space    used 7751K, committed 8384K, reserved 1048576K
}

Dll operation events (15 events):
Event: 0.011 Loaded shared library c:\Users\amali\.vscode\extensions\redhat.java-1.42.0-win32-x64\jre\21.0.7-win32-x86_64\bin\java.dll
Event: 0.090 Loaded shared library c:\Users\amali\.vscode\extensions\redhat.java-1.42.0-win32-x64\jre\21.0.7-win32-x86_64\bin\zip.dll
Event: 0.115 Loaded shared library C:\Users\amali\.vscode\extensions\redhat.java-1.42.0-win32-x64\jre\21.0.7-win32-x86_64\bin\instrument.dll
Event: 0.120 Loaded shared library C:\Users\amali\.vscode\extensions\redhat.java-1.42.0-win32-x64\jre\21.0.7-win32-x86_64\bin\net.dll
Event: 0.123 Loaded shared library C:\Users\amali\.vscode\extensions\redhat.java-1.42.0-win32-x64\jre\21.0.7-win32-x86_64\bin\nio.dll
Event: 0.126 Loaded shared library C:\Users\amali\.vscode\extensions\redhat.java-1.42.0-win32-x64\jre\21.0.7-win32-x86_64\bin\zip.dll
Event: 0.146 Loaded shared library C:\Users\amali\.vscode\extensions\redhat.java-1.42.0-win32-x64\jre\21.0.7-win32-x86_64\bin\jimage.dll
Event: 0.242 Loaded shared library c:\Users\amali\.vscode\extensions\redhat.java-1.42.0-win32-x64\jre\21.0.7-win32-x86_64\bin\verify.dll
Event: 1.370 Loaded shared library C:\Users\amali\AppData\Roaming\Code\User\globalStorage\redhat.java\1.42.0\config_win\org.eclipse.equinox.launcher\org.eclipse.equinox.launcher.win32.win32.x86_64_1.2.1300.v20250331-1702\eclipse_11911.dll
Event: 3.487 Loaded shared library C:\Users\amali\AppData\Local\Temp\jna-2018896\jna1027082968777356259.dll
Event: 5.896 Loaded shared library C:\Users\amali\.gradle\native\c067742578af261105cb4f569cf0c3c89f3d7b1fecec35dd04571415982c5e48\windows-amd64\native-platform.dll
Event: 7.415 Loaded shared library C:\Users\amali\.vscode\extensions\redhat.java-1.42.0-win32-x64\jre\21.0.7-win32-x86_64\bin\management.dll
Event: 7.417 Loaded shared library C:\Users\amali\.vscode\extensions\redhat.java-1.42.0-win32-x64\jre\21.0.7-win32-x86_64\bin\management_ext.dll
Event: 9.717 Loaded shared library C:\Users\amali\.vscode\extensions\redhat.java-1.42.0-win32-x64\jre\21.0.7-win32-x86_64\bin\extnet.dll
Event: 9.774 Loaded shared library C:\Users\amali\.vscode\extensions\redhat.java-1.42.0-win32-x64\jre\21.0.7-win32-x86_64\bin\sunmscapi.dll

Deoptimization events (20 events):
Event: 9.947 Thread 0x0000029362554300 Uncommon trap: trap_request=0xffffffde fr.pc=0x000002930d78852c relative=0x000000000000008c
Event: 9.947 Thread 0x0000029362554300 Uncommon trap: reason=class_check action=maybe_recompile pc=0x000002930d78852c method=java.util.Collections$SetFromMap.remove(Ljava/lang/Object;)Z @ 5 c2
Event: 9.947 Thread 0x0000029362554300 DEOPT PACKING pc=0x000002930d78852c sp=0x000000b8fc3fe200
Event: 9.947 Thread 0x0000029362554300 DEOPT UNPACKING pc=0x000002930ce76da2 sp=0x000000b8fc3fe198 mode 2
Event: 9.947 Thread 0x0000029362554300 Uncommon trap: trap_request=0xffffffc6 fr.pc=0x000002930d6e6280 relative=0x00000000000008e0
Event: 9.947 Thread 0x0000029362554300 Uncommon trap: reason=bimorphic_or_optimized_type_check action=maybe_recompile pc=0x000002930d6e6280 method=java.util.concurrent.ConcurrentHashMap.replaceNode(Ljava/lang/Object;Ljava/lang/Object;Ljava/lang/Object;)Ljava/lang/Object; @ 147 c2
Event: 9.947 Thread 0x0000029362554300 DEOPT PACKING pc=0x000002930d6e6280 sp=0x000000b8fc3fe0d0
Event: 9.947 Thread 0x0000029362554300 DEOPT UNPACKING pc=0x000002930ce76da2 sp=0x000000b8fc3fe048 mode 2
Event: 9.947 Thread 0x0000029362554300 Uncommon trap: trap_request=0xffffffde fr.pc=0x000002930d78852c relative=0x000000000000008c
Event: 9.947 Thread 0x0000029362554300 Uncommon trap: reason=class_check action=maybe_recompile pc=0x000002930d78852c method=java.util.Collections$SetFromMap.remove(Ljava/lang/Object;)Z @ 5 c2
Event: 9.947 Thread 0x0000029362554300 DEOPT PACKING pc=0x000002930d78852c sp=0x000000b8fc3fe200
Event: 9.947 Thread 0x0000029362554300 DEOPT UNPACKING pc=0x000002930ce76da2 sp=0x000000b8fc3fe198 mode 2
Event: 9.947 Thread 0x0000029362554300 Uncommon trap: trap_request=0xffffffc6 fr.pc=0x000002930d6e6280 relative=0x00000000000008e0
Event: 9.947 Thread 0x0000029362554300 Uncommon trap: reason=bimorphic_or_optimized_type_check action=maybe_recompile pc=0x000002930d6e6280 method=java.util.concurrent.ConcurrentHashMap.replaceNode(Ljava/lang/Object;Ljava/lang/Object;Ljava/lang/Object;)Ljava/lang/Object; @ 147 c2
Event: 9.947 Thread 0x0000029362554300 DEOPT PACKING pc=0x000002930d6e6280 sp=0x000000b8fc3fe0d0
Event: 9.947 Thread 0x0000029362554300 DEOPT UNPACKING pc=0x000002930ce76da2 sp=0x000000b8fc3fe048 mode 2
Event: 9.947 Thread 0x0000029362554300 Uncommon trap: trap_request=0xffffffc6 fr.pc=0x000002930d6e6280 relative=0x00000000000008e0
Event: 9.947 Thread 0x0000029362554300 Uncommon trap: reason=bimorphic_or_optimized_type_check action=maybe_recompile pc=0x000002930d6e6280 method=java.util.concurrent.ConcurrentHashMap.replaceNode(Ljava/lang/Object;Ljava/lang/Object;Ljava/lang/Object;)Ljava/lang/Object; @ 147 c2
Event: 9.947 Thread 0x0000029362554300 DEOPT PACKING pc=0x000002930d6e6280 sp=0x000000b8fc3fe0d0
Event: 9.947 Thread 0x0000029362554300 DEOPT UNPACKING pc=0x000002930ce76da2 sp=0x000000b8fc3fe048 mode 2

Classes loaded (20 events):
Event: 9.782 Loading class java/nio/channels/spi/AbstractSelectionKey done
Event: 9.782 Loading class sun/nio/ch/SelectionKeyImpl done
Event: 9.782 Loading class java/lang/invoke/ConstantBootstraps
Event: 9.782 Loading class java/lang/invoke/ConstantBootstraps done
Event: 9.795 Loading class java/io/ObjectStreamClass$1
Event: 9.795 Loading class java/io/ObjectStreamClass$1 done
Event: 9.795 Loading class java/io/ObjectStreamClass$MemberSignature
Event: 9.795 Loading class java/io/ObjectStreamClass$MemberSignature done
Event: 9.795 Loading class java/io/ObjectStreamClass$3
Event: 9.795 Loading class java/io/ObjectStreamClass$3 done
Event: 9.796 Loading class java/io/ObjectStreamClass$4
Event: 9.796 Loading class java/io/ObjectStreamClass$4 done
Event: 9.796 Loading class java/io/ObjectStreamClass$5
Event: 9.796 Loading class java/io/ObjectStreamClass$5 done
Event: 9.803 Loading class java/nio/channels/spi/AbstractSelector$1
Event: 9.803 Loading class java/nio/channels/spi/AbstractSelector$1 done
Event: 9.811 Loading class java/util/concurrent/Executors$AutoShutdownDelegatedExecutorService
Event: 9.811 Loading class java/util/concurrent/Executors$AutoShutdownDelegatedExecutorService done
Event: 9.813 Loading class java/lang/UnsupportedClassVersionError
Event: 9.813 Loading class java/lang/UnsupportedClassVersionError done

Classes unloaded (20 events):
Event: 4.252 Thread 0x0000029300358760 Unloading class 0x000002931819c400 'java/lang/invoke/LambdaForm$MH+0x000002931819c400'
Event: 4.252 Thread 0x0000029300358760 Unloading class 0x000002931819c000 'java/lang/invoke/LambdaForm$MH+0x000002931819c000'
Event: 4.252 Thread 0x0000029300358760 Unloading class 0x000002931819bc00 'java/lang/invoke/LambdaForm$MH+0x000002931819bc00'
Event: 4.252 Thread 0x0000029300358760 Unloading class 0x000002931819b800 'java/lang/invoke/LambdaForm$MH+0x000002931819b800'
Event: 4.252 Thread 0x0000029300358760 Unloading class 0x000002931819b400 'java/lang/invoke/LambdaForm$BMH+0x000002931819b400'
Event: 4.252 Thread 0x0000029300358760 Unloading class 0x000002931819b000 'java/lang/invoke/LambdaForm$DMH+0x000002931819b000'
Event: 4.252 Thread 0x0000029300358760 Unloading class 0x0000029318199c00 'java/lang/invoke/LambdaForm$DMH+0x0000029318199c00'
Event: 5.359 Thread 0x0000029300358760 Unloading class 0x00000293183d9c00 'java/lang/invoke/LambdaForm$MH+0x00000293183d9c00'
Event: 5.359 Thread 0x0000029300358760 Unloading class 0x00000293183d9000 'java/lang/invoke/LambdaForm$MH+0x00000293183d9000'
Event: 5.359 Thread 0x0000029300358760 Unloading class 0x00000293183d8800 'java/lang/invoke/LambdaForm$MH+0x00000293183d8800'
Event: 5.359 Thread 0x0000029300358760 Unloading class 0x00000293183d8400 'java/lang/invoke/LambdaForm$MH+0x00000293183d8400'
Event: 5.359 Thread 0x0000029300358760 Unloading class 0x00000293183d3c00 'java/lang/invoke/LambdaForm$DMH+0x00000293183d3c00'
Event: 5.359 Thread 0x0000029300358760 Unloading class 0x00000293183d3400 'java/lang/invoke/LambdaForm$MH+0x00000293183d3400'
Event: 5.359 Thread 0x0000029300358760 Unloading class 0x00000293183cb800 'java/lang/invoke/LambdaForm$MH+0x00000293183cb800'
Event: 5.359 Thread 0x0000029300358760 Unloading class 0x00000293183cb400 'java/lang/invoke/LambdaForm$MH+0x00000293183cb400'
Event: 5.359 Thread 0x0000029300358760 Unloading class 0x00000293183cac00 'java/lang/invoke/LambdaForm$MH+0x00000293183cac00'
Event: 5.359 Thread 0x0000029300358760 Unloading class 0x00000293183ca000 'java/lang/invoke/LambdaForm$MH+0x00000293183ca000'
Event: 5.359 Thread 0x0000029300358760 Unloading class 0x00000293183c9800 'java/lang/invoke/LambdaForm$MH+0x00000293183c9800'
Event: 5.359 Thread 0x0000029300358760 Unloading class 0x00000293183c9000 'java/lang/invoke/LambdaForm$MH+0x00000293183c9000'
Event: 5.359 Thread 0x0000029300358760 Unloading class 0x00000293183c8800 'java/lang/invoke/LambdaForm$MH+0x00000293183c8800'

Classes redefined (0 events):
No events

Internal exceptions (20 events):
Event: 8.672 Thread 0x000002935f1013a0 Exception <a 'java/io/FileNotFoundException'{0x00000000eb8e86d8}> (0x00000000eb8e86d8) 
thrown [s\src\hotspot\share\prims\jni.cpp, line 520]
Event: 8.672 Thread 0x000002935f1013a0 Exception <a 'java/io/FileNotFoundException'{0x00000000eb8e9430}> (0x00000000eb8e9430) 
thrown [s\src\hotspot\share\prims\jni.cpp, line 520]
Event: 9.187 Thread 0x00000293625df7a0 Exception <a 'java/lang/IncompatibleClassChangeError'{0x00000000ebb6aba8}: Found class java.lang.Object, but interface was expected> (0x00000000ebb6aba8) 
thrown [s\src\hotspot\share\interpreter\linkResolver.cpp, line 840]
Event: 9.694 Thread 0x0000029362554300 Exception <a 'java/lang/NoSuchMethodError'{0x00000000eb7c7370}: 'long java.lang.invoke.DirectMethodHandle$Holder.invokeVirtual(java.lang.Object, java.lang.Object)'> (0x00000000eb7c7370) 
thrown [s\src\hotspot\share\interpreter\linkResolver.cpp, line 773]
Event: 9.695 Thread 0x0000029362554300 Exception <a 'java/lang/NoSuchMethodError'{0x00000000eb7ca770}: 'long java.lang.invoke.DelegatingMethodHandle$Holder.reinvoke_L(java.lang.Object, java.lang.Object)'> (0x00000000eb7ca770) 
thrown [s\src\hotspot\share\interpreter\linkResolver.cpp, line 773]
Event: 9.795 Thread 0x0000029362554300 Exception <a 'java/lang/NoSuchMethodError'{0x00000000ebf586d0}: static Lorg/gradle/tooling/internal/provider/serialization/ClassLoaderDetails;.<clinit>()V> (0x00000000ebf586d0) 
thrown [s\src\hotspot\share\prims\jni.cpp, line 1111]
Event: 9.797 Thread 0x0000029362554300 Exception <a 'java/lang/NoSuchMethodError'{0x00000000ebf7b840}: static Lorg/gradle/tooling/internal/provider/serialization/WellKnownClassLoaderRegistry$KnownClassLoaderSpec;.<clinit>()V> (0x00000000ebf7b840) 
thrown [s\src\hotspot\share\prims\jni.cpp, line 1111]
Event: 9.797 Thread 0x0000029362554300 Exception <a 'java/lang/NoSuchMethodError'{0x00000000ebf7d0e8}: static Lorg/gradle/internal/classloader/ClassLoaderSpec;.<clinit>()V> (0x00000000ebf7d0e8) 
thrown [s\src\hotspot\share\prims\jni.cpp, line 1111]
Event: 9.799 Thread 0x0000029362554300 Exception <a 'java/lang/NoSuchMethodError'{0x00000000ebf99c20}: static Lorg/gradle/tooling/internal/provider/serialization/ClientOwnedClassLoaderSpec;.<clinit>()V> (0x00000000ebf99c20) 
thrown [s\src\hotspot\share\prims\jni.cpp, line 1111]
Event: 9.801 Thread 0x0000029362554300 Exception <a 'java/lang/NoSuchMethodError'{0x00000000ebfd7478}: static [Ljava/lang/Object;.<clinit>()V> (0x00000000ebfd7478) 
thrown [s\src\hotspot\share\prims\jni.cpp, line 1111]
Event: 9.815 Thread 0x0000029362554300 Exception <a 'java/lang/NoSuchMethodError'{0x00000000ec053b08}: static Lorg/gradle/internal/build/event/types/AbstractProgressEvent;.<clinit>()V> (0x00000000ec053b08) 
thrown [s\src\hotspot\share\prims\jni.cpp, line 1111]
Event: 9.815 Thread 0x0000029362554300 Exception <a 'java/lang/NoSuchMethodError'{0x00000000ec0616c0}: static Lorg/gradle/internal/build/event/types/DefaultOperationStartedProgressEvent;.<clinit>()V> (0x00000000ec0616c0) 
thrown [s\src\hotspot\share\prims\jni.cpp, line 1111]
Event: 9.817 Thread 0x0000029362554300 Exception <a 'java/lang/NoSuchMethodError'{0x00000000ec0773d8}: static Lorg/gradle/internal/build/event/types/DefaultOperationDescriptor;.<clinit>()V> (0x00000000ec0773d8) 
thrown [s\src\hotspot\share\prims\jni.cpp, line 1111]
Event: 9.819 Thread 0x0000029362554300 Exception <a 'java/lang/NoSuchMethodError'{0x00000000eab05da0}: static Lorg/gradle/internal/operations/OperationIdentifier;.<clinit>()V> (0x00000000eab05da0) 
thrown [s\src\hotspot\share\prims\jni.cpp, line 1111]
Event: 9.837 Thread 0x0000029362554300 Exception <a 'java/lang/NoSuchMethodError'{0x00000000eab54fc0}: static Lorg/gradle/internal/build/event/types/DefaultOperationFinishedProgressEvent;.<clinit>()V> (0x00000000eab54fc0) 
thrown [s\src\hotspot\share\prims\jni.cpp, line 1111]
Event: 9.839 Thread 0x0000029362554300 Exception <a 'java/lang/NoSuchMethodError'{0x00000000eab6b8f0}: static Lorg/gradle/internal/build/event/types/AbstractResult;.<clinit>()V> (0x00000000eab6b8f0) 
thrown [s\src\hotspot\share\prims\jni.cpp, line 1111]
Event: 9.840 Thread 0x0000029362554300 Exception <a 'java/lang/NoSuchMethodError'{0x00000000eab7b590}: static Lorg/gradle/internal/build/event/types/AbstractOperationResult;.<clinit>()V> (0x00000000eab7b590) 
thrown [s\src\hotspot\share\prims\jni.cpp, line 1111]
Event: 9.840 Thread 0x0000029362554300 Exception <a 'java/lang/NoSuchMethodError'{0x00000000eab894b0}: static Lorg/gradle/internal/build/event/types/DefaultSuccessResult;.<clinit>()V> (0x00000000eab894b0) 
thrown [s\src\hotspot\share\prims\jni.cpp, line 1111]
Event: 9.940 Thread 0x0000029362554300 Exception <a 'java/lang/NoSuchMethodError'{0x00000000eabcd8c8}: static Lorg/gradle/internal/build/event/types/DefaultBuildPhaseDescriptor;.<clinit>()V> (0x00000000eabcd8c8) 
thrown [s\src\hotspot\share\prims\jni.cpp, line 1111]
Event: 9.964 Thread 0x0000029362554300 Exception <a 'java/lang/NoSuchMethodError'{0x00000000eacbf818}: static Lorg/gradle/internal/build/event/types/DefaultProjectConfigurationDescriptor;.<clinit>()V> (0x00000000eacbf818) 
thrown [s\src\hotspot\share\prims\jni.cpp, line 1111]

ZGC Phase Switch (0 events):
No events

VM Operations (20 events):
Event: 8.979 Executing VM operation: ParallelGCFailedAllocation (Allocation Failure)
Event: 8.980 Executing VM operation: ParallelGCFailedAllocation (Allocation Failure) done
Event: 9.098 Executing VM operation: ParallelGCFailedAllocation (Allocation Failure)
Event: 9.099 Executing VM operation: ParallelGCFailedAllocation (Allocation Failure) done
Event: 9.232 Executing VM operation: ParallelGCFailedAllocation (Allocation Failure)
Event: 9.233 Executing VM operation: ParallelGCFailedAllocation (Allocation Failure) done
Event: 9.337 Executing VM operation: ParallelGCFailedAllocation (Allocation Failure)
Event: 9.338 Executing VM operation: ParallelGCFailedAllocation (Allocation Failure) done
Event: 9.445 Executing VM operation: ParallelGCFailedAllocation (Allocation Failure)
Event: 9.445 Executing VM operation: ParallelGCFailedAllocation (Allocation Failure) done
Event: 9.535 Executing VM operation: ParallelGCFailedAllocation (Allocation Failure)
Event: 9.535 Executing VM operation: ParallelGCFailedAllocation (Allocation Failure) done
Event: 9.617 Executing VM operation: ParallelGCFailedAllocation (Allocation Failure)
Event: 9.618 Executing VM operation: ParallelGCFailedAllocation (Allocation Failure) done
Event: 9.764 Executing VM operation: HandshakeAllThreads (Deoptimize)
Event: 9.764 Executing VM operation: HandshakeAllThreads (Deoptimize) done
Event: 9.817 Executing VM operation: ParallelGCFailedAllocation (Allocation Failure)
Event: 9.818 Executing VM operation: ParallelGCFailedAllocation (Allocation Failure) done
Event: 10.141 Executing VM operation: ParallelGCFailedAllocation (Allocation Failure)
Event: 10.143 Executing VM operation: ParallelGCFailedAllocation (Allocation Failure) done

Memory protections (0 events):
No events

Nmethod flushes (20 events):
Event: 8.525 Thread 0x0000029300358760 flushing  nmethod 0x000002930619dd90
Event: 8.525 Thread 0x0000029300358760 flushing  nmethod 0x000002930619e110
Event: 8.525 Thread 0x0000029300358760 flushing  nmethod 0x000002930619e710
Event: 8.525 Thread 0x0000029300358760 flushing  nmethod 0x00000293061a0710
Event: 8.525 Thread 0x0000029300358760 flushing  nmethod 0x00000293061bca90
Event: 8.525 Thread 0x0000029300358760 flushing  nmethod 0x00000293061c1390
Event: 8.525 Thread 0x0000029300358760 flushing  nmethod 0x00000293061c3f90
Event: 8.525 Thread 0x0000029300358760 flushing  nmethod 0x00000293061d1710
Event: 8.525 Thread 0x0000029300358760 flushing  nmethod 0x00000293061d9310
Event: 8.525 Thread 0x0000029300358760 flushing  nmethod 0x00000293061f3c90
Event: 8.525 Thread 0x0000029300358760 flushing  nmethod 0x0000029306208110
Event: 8.525 Thread 0x0000029300358760 flushing  nmethod 0x0000029306209c10
Event: 8.525 Thread 0x0000029300358760 flushing  nmethod 0x000002930620b510
Event: 8.525 Thread 0x0000029300358760 flushing  nmethod 0x0000029306216b90
Event: 8.525 Thread 0x0000029300358760 flushing  nmethod 0x0000029306217590
Event: 8.525 Thread 0x0000029300358760 flushing  nmethod 0x0000029306217a10
Event: 8.525 Thread 0x0000029300358760 flushing  nmethod 0x0000029306218590
Event: 8.525 Thread 0x0000029300358760 flushing  nmethod 0x0000029306218f90
Event: 8.525 Thread 0x0000029300358760 flushing  nmethod 0x0000029306237110
Event: 8.525 Thread 0x0000029300358760 flushing  nmethod 0x000002930623c490

Events (20 events):
Event: 7.710 Thread 0x00000293625e4660 Thread added: 0x00000293625e4cf0
Event: 7.710 Thread 0x00000293625e4660 Thread added: 0x00000293625e5a10
Event: 7.859 Thread 0x0000029360d30080 Thread exited: 0x0000029360d30080
Event: 7.867 Thread 0x00000293625e3940 Thread exited: 0x00000293625e3940
Event: 7.868 Thread 0x00000293625e2590 Thread exited: 0x00000293625e2590
Event: 7.877 Thread 0x00000293625dfe30 Thread added: 0x00000293625e2590
Event: 7.878 Thread 0x000002935f1020c0 Thread added: 0x00000293625e3940
Event: 7.881 Thread 0x00000293625dfe30 Thread added: 0x00000293625535e0
Event: 7.899 Thread 0x00000293625535e0 Thread exited: 0x00000293625535e0
Event: 7.900 Thread 0x00000293625dfe30 Thread added: 0x000002936254edb0
Event: 8.107 Thread 0x00000293625dfe30 Thread added: 0x00000293625535e0
Event: 8.109 Thread 0x00000293625dfe30 Thread added: 0x0000029362553c70
Event: 8.117 Thread 0x0000029362553c70 Thread exited: 0x0000029362553c70
Event: 8.119 Thread 0x00000293625dfe30 Thread added: 0x0000029362553c70
Event: 8.121 Thread 0x00000293625dfe30 Thread added: 0x0000029362554300
Event: 9.229 Thread 0x000002935ed63120 Thread exited: 0x000002935ed63120
Event: 9.612 Thread 0x000002935f238f50 Thread exited: 0x000002935f238f50
Event: 9.704 Thread 0x0000029362554300 Thread added: 0x0000029362554990
Event: 10.022 Thread 0x00000293027b5880 Thread added: 0x0000029362b166d0
Event: 10.103 Thread 0x00000293027b5880 Thread added: 0x0000029362b15930


Dynamic libraries:
0x00007ff754fe0000 - 0x00007ff754fee000 	c:\Users\amali\.vscode\extensions\redhat.java-1.42.0-win32-x64\jre\21.0.7-win32-x86_64\bin\java.exe
0x00007ffc6e470000 - 0x00007ffc6e687000 	C:\Windows\SYSTEM32\ntdll.dll
0x00007ffc6d440000 - 0x00007ffc6d504000 	C:\Windows\System32\KERNEL32.DLL
0x00007ffc6ba30000 - 0x00007ffc6be03000 	C:\Windows\System32\KERNELBASE.dll
0x00007ffc6bfe0000 - 0x00007ffc6c0f1000 	C:\Windows\System32\ucrtbase.dll
0x00007ffc5c870000 - 0x00007ffc5c888000 	c:\Users\amali\.vscode\extensions\redhat.java-1.42.0-win32-x64\jre\21.0.7-win32-x86_64\bin\jli.dll
0x00007ffc6dd50000 - 0x00007ffc6df01000 	C:\Windows\System32\USER32.dll
0x00007ffc6bfb0000 - 0x00007ffc6bfd6000 	C:\Windows\System32\win32u.dll
0x00007ffc5d3c0000 - 0x00007ffc5d3de000 	c:\Users\amali\.vscode\extensions\redhat.java-1.42.0-win32-x64\jre\21.0.7-win32-x86_64\bin\VCRUNTIME140.dll
0x00007ffc6dd20000 - 0x00007ffc6dd49000 	C:\Windows\System32\GDI32.dll
0x00007ffc6b560000 - 0x00007ffc6b682000 	C:\Windows\System32\gdi32full.dll
0x00007ffc6b910000 - 0x00007ffc6b9aa000 	C:\Windows\System32\msvcp_win.dll
0x00007ffc4f190000 - 0x00007ffc4f42b000 	C:\Windows\WinSxS\amd64_microsoft.windows.common-controls_6595b64144ccf1df_6.0.22621.5262_none_2712bde373830908\COMCTL32.dll
0x00007ffc6e100000 - 0x00007ffc6e1a7000 	C:\Windows\System32\msvcrt.dll
0x00007ffc6e310000 - 0x00007ffc6e341000 	C:\Windows\System32\IMM32.DLL
0x00007ffc64540000 - 0x00007ffc6454c000 	c:\Users\amali\.vscode\extensions\redhat.java-1.42.0-win32-x64\jre\21.0.7-win32-x86_64\bin\vcruntime140_1.dll
0x00007ffc34720000 - 0x00007ffc347ad000 	c:\Users\amali\.vscode\extensions\redhat.java-1.42.0-win32-x64\jre\21.0.7-win32-x86_64\bin\msvcp140.dll
0x00007ffc16930000 - 0x00007ffc176c0000 	c:\Users\amali\.vscode\extensions\redhat.java-1.42.0-win32-x64\jre\21.0.7-win32-x86_64\bin\server\jvm.dll
0x00007ffc6d710000 - 0x00007ffc6d7c1000 	C:\Windows\System32\ADVAPI32.dll
0x00007ffc6db70000 - 0x00007ffc6dc17000 	C:\Windows\System32\sechost.dll
0x00007ffc6be10000 - 0x00007ffc6be38000 	C:\Windows\System32\bcrypt.dll
0x00007ffc6d510000 - 0x00007ffc6d624000 	C:\Windows\System32\RPCRT4.dll
0x00007ffc6c100000 - 0x00007ffc6c171000 	C:\Windows\System32\WS2_32.dll
0x00007ffc6a3c0000 - 0x00007ffc6a40d000 	C:\Windows\SYSTEM32\POWRPROF.dll
0x00007ffc64370000 - 0x00007ffc643a4000 	C:\Windows\SYSTEM32\WINMM.dll
0x00007ffc63db0000 - 0x00007ffc63dba000 	C:\Windows\SYSTEM32\VERSION.dll
0x00007ffc6a3a0000 - 0x00007ffc6a3b3000 	C:\Windows\SYSTEM32\UMPDC.dll
0x00007ffc6a670000 - 0x00007ffc6a688000 	C:\Windows\SYSTEM32\kernel.appcore.dll
0x00007ffc63230000 - 0x00007ffc6323a000 	c:\Users\amali\.vscode\extensions\redhat.java-1.42.0-win32-x64\jre\21.0.7-win32-x86_64\bin\jimage.dll
0x00007ffc68a30000 - 0x00007ffc68c62000 	C:\Windows\SYSTEM32\DBGHELP.DLL
0x00007ffc6d7d0000 - 0x00007ffc6db63000 	C:\Windows\System32\combase.dll
0x00007ffc6e350000 - 0x00007ffc6e427000 	C:\Windows\System32\OLEAUT32.dll
0x00007ffc509c0000 - 0x00007ffc509f2000 	C:\Windows\SYSTEM32\dbgcore.DLL
0x00007ffc6b890000 - 0x00007ffc6b90b000 	C:\Windows\System32\bcryptPrimitives.dll
0x00007ffc5c7e0000 - 0x00007ffc5c7ef000 	c:\Users\amali\.vscode\extensions\redhat.java-1.42.0-win32-x64\jre\21.0.7-win32-x86_64\bin\instrument.dll
0x00007ffc5c740000 - 0x00007ffc5c75f000 	c:\Users\amali\.vscode\extensions\redhat.java-1.42.0-win32-x64\jre\21.0.7-win32-x86_64\bin\java.dll
0x00007ffc6cba0000 - 0x00007ffc6d43d000 	C:\Windows\System32\SHELL32.dll
0x00007ffc6b690000 - 0x00007ffc6b7cf000 	C:\Windows\System32\wintypes.dll
0x00007ffc69460000 - 0x00007ffc69d7d000 	C:\Windows\SYSTEM32\windows.storage.dll
0x00007ffc6c180000 - 0x00007ffc6c28b000 	C:\Windows\System32\SHCORE.dll
0x00007ffc6dc20000 - 0x00007ffc6dc86000 	C:\Windows\System32\shlwapi.dll
0x00007ffc6b490000 - 0x00007ffc6b4bb000 	C:\Windows\SYSTEM32\profapi.dll
0x00007ffc5c720000 - 0x00007ffc5c738000 	c:\Users\amali\.vscode\extensions\redhat.java-1.42.0-win32-x64\jre\21.0.7-win32-x86_64\bin\zip.dll
0x00007ffc61f10000 - 0x00007ffc61f20000 	C:\Users\amali\.vscode\extensions\redhat.java-1.42.0-win32-x64\jre\21.0.7-win32-x86_64\bin\net.dll
0x00007ffc65880000 - 0x00007ffc659ac000 	C:\Windows\SYSTEM32\WINHTTP.dll
0x00007ffc6ab10000 - 0x00007ffc6ab7a000 	C:\Windows\system32\mswsock.dll
0x00007ffc59490000 - 0x00007ffc594a6000 	C:\Users\amali\.vscode\extensions\redhat.java-1.42.0-win32-x64\jre\21.0.7-win32-x86_64\bin\nio.dll
0x00007ffc60f60000 - 0x00007ffc60f70000 	c:\Users\amali\.vscode\extensions\redhat.java-1.42.0-win32-x64\jre\21.0.7-win32-x86_64\bin\verify.dll
0x00007ffc1d870000 - 0x00007ffc1d8b5000 	C:\Users\amali\AppData\Roaming\Code\User\globalStorage\redhat.java\1.42.0\config_win\org.eclipse.equinox.launcher\org.eclipse.equinox.launcher.win32.win32.x86_64_1.2.1300.v20250331-1702\eclipse_11911.dll
0x00007ffc6c810000 - 0x00007ffc6c9b1000 	C:\Windows\System32\ole32.dll
0x00007ffc6ad60000 - 0x00007ffc6ad7b000 	C:\Windows\SYSTEM32\CRYPTSP.dll
0x00007ffc6a5d0000 - 0x00007ffc6a607000 	C:\Windows\system32\rsaenh.dll
0x00007ffc6ac00000 - 0x00007ffc6ac28000 	C:\Windows\SYSTEM32\USERENV.dll
0x00007ffc6ad80000 - 0x00007ffc6ad8c000 	C:\Windows\SYSTEM32\CRYPTBASE.dll
0x00007ffc69fd0000 - 0x00007ffc69ffd000 	C:\Windows\SYSTEM32\IPHLPAPI.DLL
0x00007ffc6d630000 - 0x00007ffc6d639000 	C:\Windows\System32\NSI.dll
0x00007ffc3dad0000 - 0x00007ffc3db19000 	C:\Users\amali\AppData\Local\Temp\jna-2018896\jna1027082968777356259.dll
0x00007ffc6c2a0000 - 0x00007ffc6c2a8000 	C:\Windows\System32\PSAPI.DLL
0x00007ffc64890000 - 0x00007ffc648a9000 	C:\Windows\SYSTEM32\dhcpcsvc6.DLL
0x00007ffc64850000 - 0x00007ffc6486f000 	C:\Windows\SYSTEM32\dhcpcsvc.DLL
0x00007ffc31d20000 - 0x00007ffc31d47000 	C:\Users\amali\.gradle\native\c067742578af261105cb4f569cf0c3c89f3d7b1fecec35dd04571415982c5e48\windows-amd64\native-platform.dll
0x00007ffc5d430000 - 0x00007ffc5d43a000 	C:\Users\amali\.vscode\extensions\redhat.java-1.42.0-win32-x64\jre\21.0.7-win32-x86_64\bin\management.dll
0x00007ffc5d3b0000 - 0x00007ffc5d3bb000 	C:\Users\amali\.vscode\extensions\redhat.java-1.42.0-win32-x64\jre\21.0.7-win32-x86_64\bin\management_ext.dll
0x00007ffc5d0b0000 - 0x00007ffc5d0b9000 	C:\Users\amali\.vscode\extensions\redhat.java-1.42.0-win32-x64\jre\21.0.7-win32-x86_64\bin\extnet.dll
0x00007ffc5d280000 - 0x00007ffc5d28e000 	C:\Users\amali\.vscode\extensions\redhat.java-1.42.0-win32-x64\jre\21.0.7-win32-x86_64\bin\sunmscapi.dll
0x00007ffc6be40000 - 0x00007ffc6bfa7000 	C:\Windows\System32\CRYPT32.dll
0x00007ffc6af00000 - 0x00007ffc6af2d000 	C:\Windows\SYSTEM32\ncrypt.dll
0x00007ffc6aec0000 - 0x00007ffc6aef7000 	C:\Windows\SYSTEM32\NTASN1.dll
0x00007ffc31d50000 - 0x00007ffc31d58000 	C:\Windows\system32\wshunix.dll

dbghelp: loaded successfully - version: 4.0.5 - missing functions: none
symbol engine: initialized successfully - sym options: 0x614 - pdb path: .;c:\Users\amali\.vscode\extensions\redhat.java-1.42.0-win32-x64\jre\21.0.7-win32-x86_64\bin;C:\Windows\SYSTEM32;C:\Windows\WinSxS\amd64_microsoft.windows.common-controls_6595b64144ccf1df_6.0.22621.5262_none_2712bde373830908;c:\Users\amali\.vscode\extensions\redhat.java-1.42.0-win32-x64\jre\21.0.7-win32-x86_64\bin\server;C:\Users\amali\AppData\Roaming\Code\User\globalStorage\redhat.java\1.42.0\config_win\org.eclipse.equinox.launcher\org.eclipse.equinox.launcher.win32.win32.x86_64_1.2.1300.v20250331-1702;C:\Users\amali\AppData\Local\Temp\jna-2018896;C:\Users\amali\.gradle\native\c067742578af261105cb4f569cf0c3c89f3d7b1fecec35dd04571415982c5e48\windows-amd64

VM Arguments:
jvm_args: --add-modules=ALL-SYSTEM --add-opens=java.base/java.util=ALL-UNNAMED --add-opens=java.base/java.lang=ALL-UNNAMED --add-opens=java.base/sun.nio.fs=ALL-UNNAMED -Declipse.application=org.eclipse.jdt.ls.core.id1 -Dosgi.bundles.defaultStartLevel=4 -Declipse.product=org.eclipse.jdt.ls.core.product -Djava.import.generatesMetadataFilesAtProjectRoot=false -DDetectVMInstallationsJob.disabled=true -Dfile.encoding=utf8 -XX:+UseParallelGC -XX:GCTimeRatio=4 -XX:AdaptiveSizePolicyWeight=90 -Dsun.zip.disableMemoryMapping=true -Xmx1G -Xms100m -Xlog:disable -javaagent:c:\Users\amali\.vscode\extensions\redhat.java-1.42.0-win32-x64\lombok\lombok-1.18.36.jar -XX:+HeapDumpOnOutOfMemoryError -XX:HeapDumpPath=c:\Users\amali\AppData\Roaming\Code\User\workspaceStorage\621ac69656a54d5ddde419feff2a7c8e\redhat.java -Daether.dependencyCollector.impl=bf 
java_command: c:\Users\amali\.vscode\extensions\redhat.java-1.42.0-win32-x64\server\plugins\org.eclipse.equinox.launcher_1.7.0.v20250424-1814.jar -configuration c:\Users\amali\AppData\Roaming\Code\User\globalStorage\redhat.java\1.42.0\config_win -data c:\Users\amali\AppData\Roaming\Code\User\workspaceStorage\621ac69656a54d5ddde419feff2a7c8e\redhat.java\jdt_ws --pipe=\\.\pipe\lsp-19f355c8573238bd1f0f588620875efa-sock
java_class_path (initial): c:\Users\amali\.vscode\extensions\redhat.java-1.42.0-win32-x64\server\plugins\org.eclipse.equinox.launcher_1.7.0.v20250424-1814.jar
Launcher Type: SUN_STANDARD

[Global flags]
    uintx AdaptiveSizePolicyWeight                 = 90                                        {product} {command line}
     intx CICompilerCount                          = 4                                         {product} {ergonomic}
    uintx GCTimeRatio                              = 4                                         {product} {command line}
     bool HeapDumpOnOutOfMemoryError               = true                                   {manageable} {command line}
    ccstr HeapDumpPath                             = c:\Users\amali\AppData\Roaming\Code\User\workspaceStorage\621ac69656a54d5ddde419feff2a7c8e\redhat.java         {manageable} {command line}
   size_t InitialHeapSize                          = 104857600                                 {product} {command line}
   size_t MaxHeapSize                              = 1073741824                                {product} {command line}
   size_t MaxNewSize                               = 357564416                                 {product} {ergonomic}
   size_t MinHeapDeltaBytes                        = 524288                                    {product} {ergonomic}
   size_t MinHeapSize                              = 104857600                                 {product} {command line}
   size_t NewSize                                  = 34603008                                  {product} {ergonomic}
    uintx NonNMethodCodeHeapSize                   = 5839372                                {pd product} {ergonomic}
    uintx NonProfiledCodeHeapSize                  = 122909434                              {pd product} {ergonomic}
   size_t OldSize                                  = 70254592                                  {product} {ergonomic}
    uintx ProfiledCodeHeapSize                     = 122909434                              {pd product} {ergonomic}
    uintx ReservedCodeCacheSize                    = 251658240                              {pd product} {ergonomic}
     bool SegmentedCodeCache                       = true                                      {product} {ergonomic}
   size_t SoftMaxHeapSize                          = 1073741824                             {manageable} {ergonomic}
     bool UseCompressedOops                        = true                           {product lp64_product} {ergonomic}
     bool UseLargePagesIndividualAllocation        = false                                  {pd product} {ergonomic}
     bool UseParallelGC                            = true                                      {product} {command line}

Logging:
Log output configuration:
 #0: stdout all=off uptime,level,tags foldmultilines=false
 #1: stderr all=off uptime,level,tags foldmultilines=false

Environment Variables:
JAVA_HOME=C:\Program Files\Java\jdk-11
PATH=C:\Windows\system32;C:\Windows;C:\Windows\System32\Wbem;C:\Windows\System32\WindowsPowerShell\v1.0\;C:\Windows\System32\OpenSSH\;C:\Program Files (x86)\NVIDIA Corporation\PhysX\Common;C:\Program Files\NVIDIA Corporation\NVIDIA NvDLISR;D:\MinGW\bin;E:\PHP;D:\publish\Git\cmd;C:\Program Files\nodejs\;C:\ProgramData\ComposerSetup\bin;C:\Program Files\7-Zip\;C:\Program Files (x86)\Windows Kits\10\Windows Performance Toolkit\;C:\Program Files\dotnet\;C:\Program Files\Java\jdk-11\bin;E:\install\hadoop-3.4.1\bin;E:\install\hadoop-3.4.1\Sbin;E:\Sparkk\spark-3.5.5\bin;C:\Users\amali\AppData\Local\Programs\Python\Python311\;C:\Users\amali\AppData\Local\Programs\Python\Python311\Scripts\;E:\SEM-4\google-cloud-sdk\bin;C:\Users\amali\.console-ninja\.bin;C:\Users\amali\AppData\Local\Programs\Python\Python311\Scripts\;C:\Users\amali\AppData\Local\Programs\Python\Python311\;C:\Users\amali\AppData\Local\Microsoft\WindowsApps;C:\Users\amali\AppData\Local\JetBrains\IntelliJ IDEA 2023.2.5\bin;;C:\Users\amali\Downloads\CODINGANKU\IntelliJ IDEA Community Edition 2023.3.2\bin;;D:\Microsoft VS Code\bin;C:\Users\amali\Downloads\jdk-21_windows-x64_bin\jdk-21.0.1\bin;C:\Users\amali\AppData\Roaming\npm;C:\Users\amali\AppData\Roaming\Composer\vendor\bin;E:\SEM-4\BIGDATA
USERNAME=ASUS
OS=Windows_NT
PROCESSOR_IDENTIFIER=Intel64 Family 6 Model 141 Stepping 1, GenuineIntel
TMP=C:\Users\amali\AppData\Local\Temp
TEMP=C:\Users\amali\AppData\Local\Temp




Periodic native trim disabled

---------------  S Y S T E M  ---------------

OS:
 Windows 11 , 64 bit Build 22621 (10.0.22621.5262)
OS uptime: 0 days 21:40 hours
Hyper-V role detected

CPU: total 12 (initial active 12) (6 cores per cpu, 2 threads per core) family 6 model 141 stepping 1 microcode 0x34, cx8, cmov, fxsr, ht, mmx, 3dnowpref, sse, sse2, sse3, ssse3, sse4.1, sse4.2, popcnt, lzcnt, tsc, tscinvbit, avx, avx2, aes, erms, clmul, bmi1, bmi2, adx, avx512f, avx512dq, avx512cd, avx512bw, avx512vl, sha, fma, vzeroupper, avx512_vpopcntdq, avx512_vpclmulqdq, avx512_vaes, avx512_vnni, clflush, clflushopt, clwb, avx512_vbmi2, avx512_vbmi, hv, rdtscp, rdpid, fsrm, gfni, avx512_bitalg, f16c, cet_ibt, cet_ss, avx512_ifma
Processor Information for the first 12 processors :
  Max Mhz: 2688, Current Mhz: 2688, Mhz Limit: 2688

Memory: 4k page, system-wide physical 16122M (1100M free)
TotalPageFile size 19602M (AvailPageFile size 4M)
current process WorkingSet (physical memory assigned to process): 288M, peak: 288M
current process commit charge ("private bytes"): 364M, peak: 365M

vm_info: OpenJDK 64-Bit Server VM (21.0.7+6-LTS) for windows-amd64 JRE (21.0.7+6-LTS), built on 2025-04-15T00:00:00Z by "admin" with MS VC++ 17.7 (VS2022)

END.
