#
# There is insufficient memory for the Java Runtime Environment to continue.
# Native memory allocation (mmap) failed to map 65536 bytes. Error detail: Failed to commit metaspace.
# Possible reasons:
#   The system is out of physical RAM or swap space
#   This process is running with CompressedOops enabled, and the Java Heap may be blocking the growth of the native heap
# Possible solutions:
#   Reduce memory load on the system
#   Increase physical memory or swap space
#   Check if swap backing store is full
#   Decrease Java heap size (-Xmx/-Xms)
#   Decrease number of Java threads
#   Decrease Java thread stack sizes (-Xss)
#   Set larger code cache with -XX:ReservedCodeCacheSize=
#   JVM is running with Unscaled Compressed Oops mode in which the Java heap is
#     placed in the first 4GB address space. The Java Heap base address is the
#     maximum limit for the native heap growth. Please use -XX:HeapBaseMinAddress
#     to set the Java Heap base and to place the Java Heap above 4GB virtual address.
# This output file may be truncated or incomplete.
#
#  Out of Memory Error (virtualSpaceNode.cpp:113), pid=23112, tid=27968
#
# JRE version: OpenJDK Runtime Environment Temurin-21.0.7+6 (21.0.7+6) (build 21.0.7+6-LTS)
# Java VM: OpenJDK 64-Bit Server VM Temurin-21.0.7+6 (21.0.7+6-LTS, mixed mode, sharing, tiered, compressed oops, compressed class ptrs, parallel gc, windows-amd64)
# No core dump will be written. Minidumps are not enabled by default on client versions of Windows
#

---------------  S U M M A R Y ------------

Command Line: --add-modules=ALL-SYSTEM --add-opens=java.base/java.util=ALL-UNNAMED --add-opens=java.base/java.lang=ALL-UNNAMED --add-opens=java.base/sun.nio.fs=ALL-UNNAMED -Declipse.application=org.eclipse.jdt.ls.core.id1 -Dosgi.bundles.defaultStartLevel=4 -Declipse.product=org.eclipse.jdt.ls.core.product -Djava.import.generatesMetadataFilesAtProjectRoot=false -DDetectVMInstallationsJob.disabled=true -Dfile.encoding=utf8 -XX:+UseParallelGC -XX:GCTimeRatio=4 -XX:AdaptiveSizePolicyWeight=90 -Dsun.zip.disableMemoryMapping=true -Xmx1G -Xms100m -Xlog:disable -javaagent:c:\Users\amali\.vscode\extensions\redhat.java-1.42.0-win32-x64\lombok\lombok-1.18.36.jar c:\Users\amali\.vscode\extensions\redhat.java-1.42.0-win32-x64\server\plugins\org.eclipse.equinox.launcher_1.7.0.v20250424-1814.jar -configuration c:\Users\amali\AppData\Roaming\Code\User\globalStorage\redhat.java\1.42.0\config_ss_win -data c:\Users\amali\AppData\Roaming\Code\User\workspaceStorage\621ac69656a54d5ddde419feff2a7c8e\redhat.java\ss_ws --pipe=\\.\pipe\lsp-a51aa85c6b712f6e9096cf059aea9c6b-sock

Host: 11th Gen Intel(R) Core(TM) i5-11400H @ 2.70GHz, 12 cores, 15G,  Windows 11 , 64 bit Build 22621 (10.0.22621.5262)
Time: Mon Jun  9 01:29:26 2025 Malay Peninsula Standard Time elapsed time: 0.535982 seconds (0d 0h 0m 0s)

---------------  T H R E A D  ---------------

Current thread (0x00000201776c1df0):  JavaThread "main"             [_thread_in_vm, id=27968, stack(0x00000041f6f00000,0x00000041f7000000) (1024K)]

Stack: [0x00000041f6f00000,0x00000041f7000000]
Native frames: (J=compiled Java code, j=interpreted, Vv=VM code, C=native code)
V  [jvm.dll+0x6ce119]
V  [jvm.dll+0x8a84a1]
V  [jvm.dll+0x8aa9ce]
V  [jvm.dll+0x8ab0b3]
V  [jvm.dll+0x27f8a6]
V  [jvm.dll+0x8a41ee]
V  [jvm.dll+0x670575]
V  [jvm.dll+0x1e474c]
V  [jvm.dll+0x1e451e]
V  [jvm.dll+0x672e72]
V  [jvm.dll+0x672c92]
V  [jvm.dll+0x670f4e]
V  [jvm.dll+0x26a886]
V  [jvm.dll+0x216127]
V  [jvm.dll+0x20bbae]
V  [jvm.dll+0x5ae58c]
V  [jvm.dll+0x82186d]
V  [jvm.dll+0x472052]
V  [jvm.dll+0x485466]
C  [java.dll+0x1657]

Java frames: (J=compiled Java code, j=interpreted, Vv=VM code)
j  java.lang.ClassLoader.defineClass0(Ljava/lang/ClassLoader;Ljava/lang/Class;Ljava/lang/String;[BIILjava/security/ProtectionDomain;ZILjava/lang/Object;)Ljava/lang/Class;+0 java.base@21.0.7
j  java.lang.System$2.defineClass(Ljava/lang/ClassLoader;Ljava/lang/Class;Ljava/lang/String;[BLjava/security/ProtectionDomain;ZILjava/lang/Object;)Ljava/lang/Class;+17 java.base@21.0.7
j  java.lang.invoke.MethodHandles$Lookup$ClassDefiner.defineClass(ZLjava/lang/Object;)Ljava/lang/Class;+57 java.base@21.0.7
j  java.lang.invoke.InvokerBytecodeGenerator.loadMethod([B)Ljava/lang/invoke/MemberName;+22 java.base@21.0.7
j  java.lang.invoke.InvokerBytecodeGenerator.generateCustomizedCode(Ljava/lang/invoke/LambdaForm;Ljava/lang/invoke/MethodType;)Ljava/lang/invoke/MemberName;+30 java.base@21.0.7
j  java.lang.invoke.LambdaForm.compileToBytecode()V+69 java.base@21.0.7
J 619 c1 java.lang.invoke.LambdaForm.prepare()V java.base@21.0.7 (108 bytes) @ 0x00000201000e057c [0x00000201000e03e0+0x000000000000019c]
J 618 c1 java.lang.invoke.MethodHandle.<init>(Ljava/lang/invoke/MethodType;Ljava/lang/invoke/LambdaForm;)V java.base@21.0.7 (37 bytes) @ 0x00000201000df844 [0x00000201000df620+0x0000000000000224]
j  java.lang.invoke.BoundMethodHandle.<init>(Ljava/lang/invoke/MethodType;Ljava/lang/invoke/LambdaForm;)V+3 java.base@21.0.7
j  java.lang.invoke.BoundMethodHandle$Species_L.<init>(Ljava/lang/invoke/MethodType;Ljava/lang/invoke/LambdaForm;Ljava/lang/Object;)V+3 java.base@21.0.7
j  java.lang.invoke.BoundMethodHandle$Species_L.make(Ljava/lang/invoke/MethodType;Ljava/lang/invoke/LambdaForm;Ljava/lang/Object;)Ljava/lang/invoke/BoundMethodHandle;+7 java.base@21.0.7
j  java.lang.invoke.BoundMethodHandle.bindSingle(Ljava/lang/invoke/MethodType;Ljava/lang/invoke/LambdaForm;Ljava/lang/Object;)Ljava/lang/invoke/BoundMethodHandle;+3 java.base@21.0.7
j  java.lang.invoke.SimpleMethodHandle.copyWithExtendL(Ljava/lang/invoke/MethodType;Ljava/lang/invoke/LambdaForm;Ljava/lang/Object;)Ljava/lang/invoke/BoundMethodHandle;+3 java.base@21.0.7
j  java.lang.invoke.MethodHandles.argumentsWithCombiner(ZLjava/lang/invoke/MethodHandle;ILjava/lang/invoke/MethodHandle;[I)Ljava/lang/invoke/MethodHandle;+122 java.base@21.0.7
j  java.lang.invoke.MethodHandles.filterArgumentsWithCombiner(Ljava/lang/invoke/MethodHandle;ILjava/lang/invoke/MethodHandle;[I)Ljava/lang/invoke/MethodHandle;+5 java.base@21.0.7
j  java.lang.invoke.StringConcatFactory.prepender(Ljava/lang/String;Ljava/lang/Class;Ljava/lang/String;Ljava/lang/Class;)Ljava/lang/invoke/MethodHandle;+60 java.base@21.0.7
j  java.lang.invoke.StringConcatFactory.prepender(I[Ljava/lang/String;[Ljava/lang/Class;I)Ljava/lang/invoke/MethodHandle;+36 java.base@21.0.7
j  java.lang.invoke.StringConcatFactory.filterInPrependers(Ljava/lang/invoke/MethodHandle;[Ljava/lang/String;[Ljava/lang/Class;)Ljava/lang/invoke/MethodHandle;+64 java.base@21.0.7
j  java.lang.invoke.StringConcatFactory.generateMHInlineCopy(Ljava/lang/invoke/MethodType;[Ljava/lang/String;)Ljava/lang/invoke/MethodHandle;+388 java.base@21.0.7
j  java.lang.invoke.StringConcatFactory.makeConcatWithConstants(Ljava/lang/invoke/MethodHandles$Lookup;Ljava/lang/String;Ljava/lang/invoke/MethodType;Ljava/lang/String;[Ljava/lang/Object;)Ljava/lang/invoke/CallSite;+227 java.base@21.0.7
j  java.lang.invoke.DirectMethodHandle$Holder.invokeStatic(Ljava/lang/Object;Ljava/lang/Object;Ljava/lang/Object;Ljava/lang/Object;Ljava/lang/Object;Ljava/lang/Object;)Ljava/lang/Object;+18 java.base@21.0.7
j  java.lang.invoke.DelegatingMethodHandle$Holder.delegate(Ljava/lang/Object;Ljava/lang/Object;Ljava/lang/Object;Ljava/lang/Object;Ljava/lang/Object;Ljava/lang/Object;)Ljava/lang/Object;+21 java.base@21.0.7
j  java.lang.invoke.Invokers$Holder.invokeExact_MT(Ljava/lang/Object;Ljava/lang/Object;Ljava/lang/Object;Ljava/lang/Object;Ljava/lang/Object;Ljava/lang/Object;Ljava/lang/Object;)Ljava/lang/Object;+26 java.base@21.0.7
j  java.lang.invoke.BootstrapMethodInvoker.invoke(Ljava/lang/Class;Ljava/lang/invoke/MethodHandle;Ljava/lang/String;Ljava/lang/Object;Ljava/lang/Object;Ljava/lang/Class;)Ljava/lang/Object;+157 java.base@21.0.7
j  java.lang.invoke.CallSite.makeSite(Ljava/lang/invoke/MethodHandle;Ljava/lang/String;Ljava/lang/invoke/MethodType;Ljava/lang/Object;Ljava/lang/Class;)Ljava/lang/invoke/CallSite;+8 java.base@21.0.7
j  java.lang.invoke.MethodHandleNatives.linkCallSiteImpl(Ljava/lang/Class;Ljava/lang/invoke/MethodHandle;Ljava/lang/String;Ljava/lang/invoke/MethodType;Ljava/lang/Object;[Ljava/lang/Object;)Ljava/lang/invoke/MemberName;+6 java.base@21.0.7
j  java.lang.invoke.MethodHandleNatives.linkCallSite(Ljava/lang/Object;Ljava/lang/Object;Ljava/lang/Object;Ljava/lang/Object;Ljava/lang/Object;[Ljava/lang/Object;)Ljava/lang/invoke/MemberName;+45 java.base@21.0.7
v  ~StubRoutines::call_stub 0x00000201075310e7
j  org.eclipse.equinox.launcher.Main.getInstallLocation()Ljava/net/URL;+287
j  org.eclipse.equinox.launcher.Main.processConfiguration()V+208
j  org.eclipse.equinox.launcher.Main.basicRun([Ljava/lang/String;)V+72
j  org.eclipse.equinox.launcher.Main.run([Ljava/lang/String;)I+4
j  org.eclipse.equinox.launcher.Main.main([Ljava/lang/String;)V+10
v  ~StubRoutines::call_stub 0x00000201075310e7

Compiled method (c1) 559  619       3       java.lang.invoke.LambdaForm::prepare (108 bytes)
 total in heap  [0x00000201000e0190,0x00000201000e0dc0] = 3120
 relocation     [0x00000201000e02f0,0x00000201000e03d0] = 224
 main code      [0x00000201000e03e0,0x00000201000e0a90] = 1712
 stub code      [0x00000201000e0a90,0x00000201000e0b28] = 152
 metadata       [0x00000201000e0b28,0x00000201000e0b70] = 72
 scopes data    [0x00000201000e0b70,0x00000201000e0c28] = 184
 scopes pcs     [0x00000201000e0c28,0x00000201000e0d68] = 320
 dependencies   [0x00000201000e0d68,0x00000201000e0d80] = 24
 nul chk table  [0x00000201000e0d80,0x00000201000e0dc0] = 64

[Constant Pool (empty)]

[MachCode]
[Entry Point]
  # {method} {0x000002010f090600} 'prepare' '()V' in 'java/lang/invoke/LambdaForm'
  #           [sp+0x70]  (sp of caller)
  0x00000201000e03e0: 448b 5208 | 49bb 0000 | 000f 0102 | 0000 4d03 | d34c 3bd0 

  0x00000201000e03f4: ;   {runtime_call ic_miss_stub}
  0x00000201000e03f4: 0f85 86e2 | 4907 660f | 1f44 0000 
[Verified Entry Point]
  0x00000201000e0400: 8984 2400 | 80ff ff55 | 4883 ec60 | 4181 7f20 | 0100 0000 

  0x00000201000e0414: ;   {runtime_call StubRoutines (final stubs)}
  0x00000201000e0414: 7405 e8e5 | d348 0748 | 8954 2438 

  0x00000201000e0420: ;   {metadata(method data for {method} {0x000002010f090600} 'prepare' '()V' in 'java/lang/invoke/LambdaForm')}
  0x00000201000e0420: 48be a0bf | 1550 0102 | 0000 8bbe | cc00 0000 | 83c7 0289 | becc 0000 | 0081 e7fe | 0700 0085 
  0x00000201000e0440: ff0f 8452 

  0x00000201000e0444: ;   {metadata(method data for {method} {0x000002010f090600} 'prepare' '()V' in 'java/lang/invoke/LambdaForm')}
  0x00000201000e0444: 0500 0048 | bea0 bf15 | 5001 0200 | 00ff 8620 | 0100 0048 

  0x00000201000e0458: ;   {metadata(method data for {method} {0x000002010f090600} 'prepare' '()V' in 'java/lang/invoke/LambdaForm')}
  0x00000201000e0458: 8bf2 48bf | a0bf 1550 | 0102 0000 | 4883 8730 | 0100 0001 

  0x00000201000e046c: ;   {metadata(method data for {method} {0x000002010f3f54e0} 'forceInterpretation' '()Z' in 'java/lang/invoke/LambdaForm')}
  0x00000201000e046c: 48be a828 | 0950 0102 | 0000 8bbe | cc00 0000 | 83c7 0289 | becc 0000 | 0081 e7fe | ff1f 0085 
  0x00000201000e048c: ff0f 8427 | 0500 008b | 7214 83fe 

  0x00000201000e0498: ;   {metadata(method data for {method} {0x000002010f3f54e0} 'forceInterpretation' '()Z' in 'java/lang/invoke/LambdaForm')}
  0x00000201000e0498: ff48 bea8 | 2809 5001 | 0200 0048 | c7c7 1001 | 0000 7507 | 48c7 c720 | 0100 0048 | 8b1c 3e48 
  0x00000201000e04b8: 8d5b 0148 | 891c 3e0f | 851a 0000 

  0x00000201000e04c4: ;   {metadata(method data for {method} {0x000002010f3f54e0} 'forceInterpretation' '()Z' in 'java/lang/invoke/LambdaForm')}
  0x00000201000e04c4: 0048 bea8 | 2809 5001 | 0200 00ff | 8630 0100 | 00be 0100 | 0000 e905 | 0000 00be | 0000 0000 
  0x00000201000e04e4: 83e6 0185 

  0x00000201000e04e8: ;   {metadata(method data for {method} {0x000002010f090600} 'prepare' '()V' in 'java/lang/invoke/LambdaForm')}
  0x00000201000e04e8: f648 bea0 | bf15 5001 | 0200 0048 | c7c7 6801 | 0000 7507 | 48c7 c778 | 0100 0048 | 8b1c 3e48 
  0x00000201000e0508: 8d5b 0148 | 891c 3e0f | 8574 0000 | 000f be72 

  0x00000201000e0518: ;   {metadata(method data for {method} {0x000002010f090600} 'prepare' '()V' in 'java/lang/invoke/LambdaForm')}
  0x00000201000e0518: 1985 f648 | bea0 bf15 | 5001 0200 | 0048 c7c7 | 8801 0000 | 7507 48c7 | c798 0100 | 0048 8b1c 
  0x00000201000e0538: 3e48 8d5b | 0148 891c | 3e0f 8542 | 0000 0048 

  0x00000201000e0548: ;   {metadata(method data for {method} {0x000002010f090600} 'prepare' '()V' in 'java/lang/invoke/LambdaForm')}
  0x00000201000e0548: 8bf2 48bf | a0bf 1550 | 0102 0000 

  0x00000201000e0554: ;   {metadata('java/lang/invoke/LambdaForm')}
  0x00000201000e0554: 49ba 58ff | 080f 0102 | 0000 4c89 | 97b8 0100 | 0048 8387 | c001 0000 | 0148 8bf2 | 488b d60f 
  0x00000201000e0574: ;   {optimized virtual_call}
  0x00000201000e0574: 1f40 00e8 

  0x00000201000e0578: ; ImmutableOopMap {[56]=Oop }
                      ;*invokevirtual compileToBytecode {reexecute=0 rethrow=0 return_oop=0}
                      ; - java.lang.invoke.LambdaForm::prepare@21
  0x00000201000e0578: 1905 0000 

  0x00000201000e057c: ;   {other}
  0x00000201000e057c: 0f1f 8400 | ec03 0000 | 488b 5424 | 388b 7228 

  0x00000201000e058c: ;   {metadata(method data for {method} {0x000002010f090600} 'prepare' '()V' in 'java/lang/invoke/LambdaForm')}
  0x00000201000e058c: 4885 f648 | bea0 bf15 | 5001 0200 | 0048 c7c7 | f001 0000 | 7507 48c7 | c7e0 0100 | 0048 8b1c 
  0x00000201000e05ac: 3e48 8d5b | 0148 891c | 3e0f 85cb | 0300 0048 

  0x00000201000e05bc: ;   {metadata(method data for {method} {0x000002010f090600} 'prepare' '()V' in 'java/lang/invoke/LambdaForm')}
  0x00000201000e05bc: 8bf2 48bf | a0bf 1550 | 0102 0000 

  0x00000201000e05c8: ;   {metadata('java/lang/invoke/LambdaForm')}
  0x00000201000e05c8: 49ba 58ff | 080f 0102 | 0000 4c89 | 9710 0200 | 0048 8387 | 1802 0000 | 0148 8bf2 

  0x00000201000e05e4: ;   {optimized virtual_call}
  0x00000201000e05e4: 488b d6e8 

  0x00000201000e05e8: ; ImmutableOopMap {[56]=Oop }
                      ;*invokevirtual methodType {reexecute=0 rethrow=0 return_oop=0}
                      ; - java.lang.invoke.LambdaForm::prepare@33
  0x00000201000e05e8: 94e5 4907 

  0x00000201000e05ec: ;   {other}
  0x00000201000e05ec: 0f1f 8400 | 5c04 0001 | 4889 4424 | 4048 3b00 

  0x00000201000e05fc: ;   {metadata(method data for {method} {0x000002010f090600} 'prepare' '()V' in 'java/lang/invoke/LambdaForm')}
  0x00000201000e05fc: 488b d048 | bea0 bf15 | 5001 0200 | 0048 8386 | 3802 0000 | 018b 5014 

  0x00000201000e0614: ; implicit exception: dispatches to 0x00000201000e09e0
  0x00000201000e0614: 483b 0248 

  0x00000201000e0618: ;   {metadata(method data for {method} {0x000002010f090600} 'prepare' '()V' in 'java/lang/invoke/LambdaForm')}
  0x00000201000e0618: 8bf2 48bf | a0bf 1550 | 0102 0000 | 4883 8770 | 0200 0001 

  0x00000201000e062c: ;   {metadata(method data for {method} {0x000002010f3f43b0} 'cachedLambdaForm' '(I)Ljava/lang/invoke/LambdaForm;' in 'java/lang/invoke/MethodTypeForm')}
  0x00000201000e062c: 48be b0cf | 1550 0102 | 0000 8bbe | cc00 0000 | 83c7 0289 | becc 0000 | 0081 e7fe | ff1f 0085 
  0x00000201000e064c: ff0f 8492 | 0300 008b | 521c 8b72 | 0c83 fe06 | 0f86 a903 | 0000 8b52 | 2848 85d2 

  0x00000201000e0668: ;   {metadata(method data for {method} {0x000002010f3f43b0} 'cachedLambdaForm' '(I)Ljava/lang/invoke/LambdaForm;' in 'java/lang/invoke/MethodTypeForm')}
  0x00000201000e0668: 48be b0cf | 1550 0102 | 0000 48c7 | c710 0100 | 0074 0748 | c7c7 2001 | 0000 488b | 1c3e 488d 
  0x00000201000e0688: 5b01 4889 | 1c3e 0f84 | a701 0000 

  0x00000201000e0694: ; implicit exception: dispatches to 0x00000201000e0a1d
  0x00000201000e0694: 483b 0248 

  0x00000201000e0698: ;   {metadata(method data for {method} {0x000002010f3f43b0} 'cachedLambdaForm' '(I)Ljava/lang/invoke/LambdaForm;' in 'java/lang/invoke/MethodTypeForm')}
  0x00000201000e0698: 8bf2 48bf | b0cf 1550 | 0102 0000 | 8b76 0849 | ba00 0000 | 0f01 0200 | 0049 03f2 | 483b b740 
  0x00000201000e06b8: 0100 0075 | 0d48 8387 | 4801 0000 | 01e9 6000 | 0000 483b | b750 0100 | 0075 0d48 | 8387 5801 
  0x00000201000e06d8: 0000 01e9 | 4a00 0000 | 4883 bf40 | 0100 0000 | 7517 4889 | b740 0100 | 0048 c787 | 4801 0000 
  0x00000201000e06f8: 0100 0000 | e929 0000 | 0048 83bf | 5001 0000 | 0075 1748 | 89b7 5001 | 0000 48c7 | 8758 0100 
  0x00000201000e0718: 0001 0000 | 00e9 0800 | 0000 4883 | 8730 0100 | 0001 0f1f 

  0x00000201000e072c: ;   {optimized virtual_call}
  0x00000201000e072c: 4400 00e8 

  0x00000201000e0730: ; ImmutableOopMap {[56]=Oop [64]=Oop }
                      ;*invokevirtual get {reexecute=0 rethrow=0 return_oop=0}
                      ; - java.lang.invoke.MethodTypeForm::cachedLambdaForm@12
                      ; - java.lang.invoke.LambdaForm::prepare@43
  0x00000201000e0730: 4ce4 4907 

  0x00000201000e0734: ;   {other}
  0x00000201000e0734: 0f1f 8400 | a405 0002 | 4885 c075 

  0x00000201000e0740: ;   {metadata(method data for {method} {0x000002010f3f43b0} 'cachedLambdaForm' '(I)Ljava/lang/invoke/LambdaForm;' in 'java/lang/invoke/MethodTypeForm')}
  0x00000201000e0740: 1648 bfb0 | cf15 5001 | 0200 0080 | 8f61 0100 | 0001 e9cc 

  0x00000201000e0754: ;   {metadata('java/lang/invoke/LambdaForm')}
  0x00000201000e0754: 0000 0048 | bb58 ff08 | 0f01 0200 | 008b 7008 | 49ba 0000 | 000f 0102 | 0000 4903 | f248 3bde 
  0x00000201000e0774: 0f85 8d00 

  0x00000201000e0778: ;   {metadata(method data for {method} {0x000002010f3f43b0} 'cachedLambdaForm' '(I)Ljava/lang/invoke/LambdaForm;' in 'java/lang/invoke/MethodTypeForm')}
  0x00000201000e0778: 0000 48bf | b0cf 1550 | 0102 0000 | 8b58 0849 | ba00 0000 | 0f01 0200 | 0049 03da | 483b 9f78 
  0x00000201000e0798: 0100 0075 | 0d48 8387 | 8001 0000 | 01e9 7900 | 0000 483b | 9f88 0100 | 0075 0d48 | 8387 9001 
  0x00000201000e07b8: 0000 01e9 | 6300 0000 | 4883 bf78 | 0100 0000 | 7517 4889 | 9f78 0100 | 0048 c787 | 8001 0000 
  0x00000201000e07d8: 0100 0000 | e942 0000 | 0048 83bf | 8801 0000 | 0075 1748 | 899f 8801 | 0000 48c7 | 8790 0100 
  0x00000201000e07f8: 0001 0000 | 00e9 2100 | 0000 e91c 

  0x00000201000e0804: ;   {metadata(method data for {method} {0x000002010f3f43b0} 'cachedLambdaForm' '(I)Ljava/lang/invoke/LambdaForm;' in 'java/lang/invoke/MethodTypeForm')}
  0x00000201000e0804: 0000 0048 | bfb0 cf15 | 5001 0200 | 0048 83af | 6801 0000 | 01e9 0402 | 0000 e900 | 0000 0048 
  0x00000201000e0824: ;   {metadata(method data for {method} {0x000002010f3f43b0} 'cachedLambdaForm' '(I)Ljava/lang/invoke/LambdaForm;' in 'java/lang/invoke/MethodTypeForm')}
  0x00000201000e0824: 8bd0 48be | b0cf 1550 | 0102 0000 | ff86 a001 | 0000 e90a 

  0x00000201000e0838: ;   {oop(nullptr)}
  0x00000201000e0838: 0000 0048 | ba00 0000 | 0000 0000 | 0048 85d2 

  0x00000201000e0848: ;   {metadata(method data for {method} {0x000002010f090600} 'prepare' '()V' in 'java/lang/invoke/LambdaForm')}
  0x00000201000e0848: 48be a0bf | 1550 0102 | 0000 48c7 | c7a8 0200 | 0075 0748 | c7c7 b802 | 0000 488b | 1c3e 488d 
  0x00000201000e0868: 5b01 4889 | 1c3e 0f85 | db00 0000 

  0x00000201000e0874: ;   {metadata(method data for {method} {0x000002010f090600} 'prepare' '()V' in 'java/lang/invoke/LambdaForm')}
  0x00000201000e0874: 48ba a0bf | 1550 0102 | 0000 ff82 | c802 0000 | 488b 4424 

  0x00000201000e0888: ;   {metadata(method data for {method} {0x000002010f090600} 'prepare' '()V' in 'java/lang/invoke/LambdaForm')}
  0x00000201000e0888: 4048 baa0 | bf15 5001 | 0200 0048 | 8382 6003 | 0000 0148 

  0x00000201000e089c: ;   {static_call}
  0x00000201000e089c: 8bd0 90e8 

  0x00000201000e08a0: ; ImmutableOopMap {[56]=Oop [64]=Oop }
                      ;*invokestatic createBlankForType {reexecute=0 rethrow=0 return_oop=0}
                      ; - java.lang.invoke.LambdaForm::prepare@76
  0x00000201000e08a0: dcec 4907 

  0x00000201000e08a4: ;   {other}
  0x00000201000e08a4: 0f1f 8400 | 1407 0003 

  0x00000201000e08ac: ;   {metadata(method data for {method} {0x000002010f090600} 'prepare' '()V' in 'java/lang/invoke/LambdaForm')}
  0x00000201000e08ac: 48ba a0bf | 1550 0102 | 0000 4883 | 8270 0300 | 0001 488b | 5424 4048 | 8944 2448 | 0f1f 8000 
  0x00000201000e08cc: ;   {static_call}
  0x00000201000e08cc: 0000 00e8 

  0x00000201000e08d0: ; ImmutableOopMap {[56]=Oop [64]=Oop [72]=Oop }
                      ;*invokestatic generateLambdaFormInterpreterEntryPoint {reexecute=0 rethrow=0 return_oop=0}
                      ; - java.lang.invoke.LambdaForm::prepare@82
  0x00000201000e08d0: acec 4907 

  0x00000201000e08d4: ;   {other}
  0x00000201000e08d4: 0f1f 8400 | 4407 0004 | 4c8b 4c24 | 484c 8bd0 

  0x00000201000e08e4: ; implicit exception: dispatches to 0x00000201000e0a2b
  0x00000201000e08e4: 4589 5128 | 4d8d 0149 | c1e8 0948 | ba00 00a9 | 7601 0200 | 0041 c604 | 1000 488b 

  0x00000201000e0900: ;   {metadata(method data for {method} {0x000002010f090600} 'prepare' '()V' in 'java/lang/invoke/LambdaForm')}
  0x00000201000e0900: 4424 4049 | b8a0 bf15 | 5001 0200 | 0049 8380 | 8003 0000 | 0148 8b44 | 2440 8b50 | 1448 3b02 
  0x00000201000e0920: ;   {metadata(method data for {method} {0x000002010f090600} 'prepare' '()V' in 'java/lang/invoke/LambdaForm')}
  0x00000201000e0920: 4c8b c248 | bea0 bf15 | 5001 0200 | 0048 8386 | b803 0000 | 0141 b806 | 0000 000f 

  0x00000201000e093c: ;   {optimized virtual_call}
  0x00000201000e093c: 1f40 00e8 

  0x00000201000e0940: ; ImmutableOopMap {[56]=Oop }
                      ;*invokevirtual setCachedLambdaForm {reexecute=0 rethrow=0 return_oop=0}
                      ; - java.lang.invoke.LambdaForm::prepare@95
  0x00000201000e0940: 3ce2 4907 

  0x00000201000e0944: ;   {other}
  0x00000201000e0944: 0f1f 8400 | b407 0005 | 488b d048 | 8b74 2438 

  0x00000201000e0954: ; implicit exception: dispatches to 0x00000201000e0a35
  0x00000201000e0954: 8b7a 284c | 8bd7 4489 | 5628 488d | 3648 c1ee | 0948 bf00 | 00a9 7601 | 0200 00c6 | 043e 0048 
  0x00000201000e0974: 83c4 605d 

  0x00000201000e0978: ;   {poll_return}
  0x00000201000e0978: 493b a748 | 0400 000f | 87b5 0000 | 00c3 4883 

  0x00000201000e0988: ;   {poll_return}
  0x00000201000e0988: c460 5d49 | 3ba7 4804 | 0000 0f87 | b800 0000 

  0x00000201000e0998: ;   {metadata({method} {0x000002010f090600} 'prepare' '()V' in 'java/lang/invoke/LambdaForm')}
  0x00000201000e0998: c349 baf8 | 0509 0f01 | 0200 004c | 8954 2408 | 48c7 0424 | ffff ffff 

  0x00000201000e09b0: ;   {runtime_call counter_overflow Runtime1 stub}
  0x00000201000e09b0: e8cb 6355 

  0x00000201000e09b4: ; ImmutableOopMap {rdx=Oop [56]=Oop }
                      ;*synchronization entry
                      ; - java.lang.invoke.LambdaForm::prepare@-1
  0x00000201000e09b4: 07e9 8dfa 

  0x00000201000e09b8: ;   {metadata({method} {0x000002010f3f54e0} 'forceInterpretation' '()Z' in 'java/lang/invoke/LambdaForm')}
  0x00000201000e09b8: ffff 49ba | d854 3f0f | 0102 0000 | 4c89 5424 | 0848 c704 | 24ff ffff 

  0x00000201000e09d0: ;   {runtime_call counter_overflow Runtime1 stub}
  0x00000201000e09d0: ffe8 aa63 

  0x00000201000e09d4: ; ImmutableOopMap {rdx=Oop [56]=Oop }
                      ;*synchronization entry
                      ; - java.lang.invoke.LambdaForm::forceInterpretation@-1
                      ; - java.lang.invoke.LambdaForm::prepare@7
  0x00000201000e09d4: 5507 e9b8 

  0x00000201000e09d8: ;   {runtime_call throw_null_pointer_exception Runtime1 stub}
  0x00000201000e09d8: faff ffe8 

  0x00000201000e09dc: ; ImmutableOopMap {rax=Oop [56]=Oop [64]=Oop }
                      ;*invokevirtual form {reexecute=0 rethrow=0 return_oop=0}
                      ; - java.lang.invoke.LambdaForm::prepare@38
  0x00000201000e09dc: 40e9 5407 

  0x00000201000e09e0: ;   {runtime_call throw_null_pointer_exception Runtime1 stub}
  0x00000201000e09e0: e83b e954 

  0x00000201000e09e4: ; ImmutableOopMap {rax=Oop rdx=Oop [56]=Oop [64]=Oop }
                      ;*invokevirtual cachedLambdaForm {reexecute=0 rethrow=0 return_oop=0}
                      ; - java.lang.invoke.LambdaForm::prepare@43
                      ;   {metadata({method} {0x000002010f3f43b0} 'cachedLambdaForm' '(I)Ljava/lang/invoke/LambdaForm;' in 'java/lang/invoke/MethodTypeForm')}
  0x00000201000e09e4: 0749 baa8 | 433f 0f01 | 0200 004c | 8954 2408 | 48c7 0424 | ffff ffff 

  0x00000201000e09fc: ;   {runtime_call counter_overflow Runtime1 stub}
  0x00000201000e09fc: e87f 6355 

  0x00000201000e0a00: ; ImmutableOopMap {rax=Oop rdx=Oop [56]=Oop [64]=Oop }
                      ;*synchronization entry
                      ; - java.lang.invoke.MethodTypeForm::cachedLambdaForm@-1
                      ; - java.lang.invoke.LambdaForm::prepare@43
  0x00000201000e0a00: 07e9 4dfc 

  0x00000201000e0a04: ;   {runtime_call throw_null_pointer_exception Runtime1 stub}
  0x00000201000e0a04: ffff e815 

  0x00000201000e0a08: ; ImmutableOopMap {rax=Oop rdx=Oop [56]=Oop [64]=Oop }
                      ;*aaload {reexecute=0 rethrow=0 return_oop=0}
                      ; - java.lang.invoke.MethodTypeForm::cachedLambdaForm@5
                      ; - java.lang.invoke.LambdaForm::prepare@43
  0x00000201000e0a08: e954 0748 | c704 2406 | 0000 0048 | 8954 2408 

  0x00000201000e0a18: ;   {runtime_call throw_range_check_failed Runtime1 stub}
  0x00000201000e0a18: e803 da54 

  0x00000201000e0a1c: ; ImmutableOopMap {rax=Oop rdx=Oop [56]=Oop [64]=Oop }
                      ;*aaload {reexecute=0 rethrow=0 return_oop=0}
                      ; - java.lang.invoke.MethodTypeForm::cachedLambdaForm@5
                      ; - java.lang.invoke.LambdaForm::prepare@43
                      ;   {runtime_call throw_null_pointer_exception Runtime1 stub}
  0x00000201000e0a1c: 07e8 fee8 

  0x00000201000e0a20: ; ImmutableOopMap {rdx=Oop [56]=Oop [64]=Oop }
                      ;*invokevirtual get {reexecute=0 rethrow=0 return_oop=0}
                      ; - java.lang.invoke.MethodTypeForm::cachedLambdaForm@12
                      ; - java.lang.invoke.LambdaForm::prepare@43
  0x00000201000e0a20: 5407 4889 

  0x00000201000e0a24: ;   {runtime_call throw_class_cast_exception Runtime1 stub}
  0x00000201000e0a24: 0424 e8f5 

  0x00000201000e0a28: ; ImmutableOopMap {[56]=Oop [64]=Oop }
                      ;*checkcast {reexecute=0 rethrow=0 return_oop=0}
                      ; - java.lang.invoke.MethodTypeForm::cachedLambdaForm@15
                      ; - java.lang.invoke.LambdaForm::prepare@43
                      ;   {runtime_call throw_null_pointer_exception Runtime1 stub}
  0x00000201000e0a28: 2955 07e8 

  0x00000201000e0a2c: ; ImmutableOopMap {r9=Oop [56]=Oop [64]=Oop }
                      ;*putfield vmentry {reexecute=1 rethrow=0 return_oop=0}
                      ; - (reexecute) java.lang.invoke.LambdaForm::prepare@85
  0x00000201000e0a2c: f0e8 5407 

  0x00000201000e0a30: ;   {runtime_call throw_null_pointer_exception Runtime1 stub}
  0x00000201000e0a30: e8eb e854 

  0x00000201000e0a34: ; ImmutableOopMap {r9=Oop rdx=Oop [56]=Oop }
                      ;*invokevirtual setCachedLambdaForm {reexecute=0 rethrow=0 return_oop=0}
                      ; - java.lang.invoke.LambdaForm::prepare@95
                      ;   {runtime_call throw_null_pointer_exception Runtime1 stub}
  0x00000201000e0a34: 07e8 e6e8 

  0x00000201000e0a38: ; ImmutableOopMap {rsi=Oop [56]=Oop }
                      ;*getfield vmentry {reexecute=1 rethrow=0 return_oop=0}
                      ; - (reexecute) java.lang.invoke.LambdaForm::prepare@101
                      ;   {internal_word}
  0x00000201000e0a38: 5407 49ba | 7809 0e00 | 0102 0000 | 4d89 9760 

  0x00000201000e0a48: ;   {runtime_call SafepointBlob}
  0x00000201000e0a48: 0400 00e9 | 3051 4a07 

  0x00000201000e0a50: ;   {internal_word}
  0x00000201000e0a50: 49ba 8b09 | 0e00 0102 | 0000 4d89 | 9760 0400 

  0x00000201000e0a60: ;   {runtime_call SafepointBlob}
  0x00000201000e0a60: 00e9 1a51 | 4a07 498b | 87f8 0400 | 0049 c787 | f804 0000 | 0000 0000 | 49c7 8700 | 0500 0000 
  0x00000201000e0a80: 0000 0048 | 83c4 605d 

  0x00000201000e0a88: ;   {runtime_call unwind_exception Runtime1 stub}
  0x00000201000e0a88: e973 d354 | 07f4 f4f4 
[Stub Code]
  0x00000201000e0a90: ;   {no_reloc}
  0x00000201000e0a90: 0f1f 4400 

  0x00000201000e0a94: ;   {static_stub}
  0x00000201000e0a94: 0048 bb48 | 0509 0f01 

  0x00000201000e0a9c: ;   {runtime_call I2C/C2I adapters}
  0x00000201000e0a9c: 0200 00e9 | 3fd1 4907 

  0x00000201000e0aa4: ;   {static_stub}
  0x00000201000e0aa4: 9048 bb00 | 0000 0000 

  0x00000201000e0aac: ;   {runtime_call nmethod}
  0x00000201000e0aac: 0000 00e9 | fbff ffff 

  0x00000201000e0ab4: ;   {static_stub}
  0x00000201000e0ab4: 9048 bb00 | 0000 0000 

  0x00000201000e0abc: ;   {runtime_call nmethod}
  0x00000201000e0abc: 0000 00e9 | fbff ffff 

  0x00000201000e0ac4: ;   {static_stub}
  0x00000201000e0ac4: 48bb 0000 | 0000 0000 

  0x00000201000e0acc: ;   {runtime_call nmethod}
  0x00000201000e0acc: 0000 e9fb 

  0x00000201000e0ad0: ;   {static_stub}
  0x00000201000e0ad0: ffff ff48 | bb00 0000 | 0000 0000 

  0x00000201000e0adc: ;   {runtime_call nmethod}
  0x00000201000e0adc: 00e9 fbff 

  0x00000201000e0ae0: ;   {static_stub}
  0x00000201000e0ae0: ffff 48bb | 0000 0000 | 0000 0000 

  0x00000201000e0aec: ;   {runtime_call nmethod}
  0x00000201000e0aec: e9fb ffff 

  0x00000201000e0af0: ;   {runtime_call handle_exception_from_callee Runtime1 stub}
  0x00000201000e0af0: ffe8 0a20 

  0x00000201000e0af4: ;   {external_word}
  0x00000201000e0af4: 5507 48b9 | 907f b41b | fe7f 0000 | 4883 e4f0 

  0x00000201000e0b04: ;   {runtime_call}
  0x00000201000e0b04: 48b8 e044 | 771b fe7f | 0000 ffd0 

  0x00000201000e0b10: ;   {section_word}
  0x00000201000e0b10: f449 ba11 | 0b0e 0001 | 0200 0041 

  0x00000201000e0b1c: ;   {runtime_call DeoptimizationBlob}
  0x00000201000e0b1c: 52e9 fe64 | 4a07 f4f4 | f4f4 f4f4 
[/MachCode]


Compiled method (c1) 577  618       3       java.lang.invoke.MethodHandle::<init> (37 bytes)
 total in heap  [0x00000201000df410,0x00000201000dfd30] = 2336
 relocation     [0x00000201000df570,0x00000201000df610] = 160
 main code      [0x00000201000df620,0x00000201000dfab0] = 1168
 stub code      [0x00000201000dfab0,0x00000201000dfb18] = 104
 metadata       [0x00000201000dfb18,0x00000201000dfb50] = 56
 scopes data    [0x00000201000dfb50,0x00000201000dfc00] = 176
 scopes pcs     [0x00000201000dfc00,0x00000201000dfd00] = 256
 dependencies   [0x00000201000dfd00,0x00000201000dfd18] = 24
 nul chk table  [0x00000201000dfd18,0x00000201000dfd30] = 24

[Constant Pool (empty)]

[MachCode]
[Entry Point]
  # {method} {0x000002010f4050d8} '<init>' '(Ljava/lang/invoke/MethodType;Ljava/lang/invoke/LambdaForm;)V' in 'java/lang/invoke/MethodHandle'
  # this:     rdx:rdx   = 'java/lang/invoke/MethodHandle'
  # parm0:    r8:r8     = 'java/lang/invoke/MethodType'
  # parm1:    r9:r9     = 'java/lang/invoke/LambdaForm'
  #           [sp+0x70]  (sp of caller)
  0x00000201000df620: 448b 5208 | 49bb 0000 | 000f 0102 | 0000 4d03 | d34c 3bd0 

  0x00000201000df634: ;   {runtime_call ic_miss_stub}
  0x00000201000df634: 0f85 46f0 | 4907 660f | 1f44 0000 
[Verified Entry Point]
  0x00000201000df640: 8984 2400 | 80ff ff55 | 4883 ec60 | 4181 7f20 | 0100 0000 

  0x00000201000df654: ;   {runtime_call StubRoutines (final stubs)}
  0x00000201000df654: 7405 e8a5 | e148 0748 | 8954 2430 

  0x00000201000df660: ;   {metadata(method data for {method} {0x000002010f4050d8} '<init>' '(Ljava/lang/invoke/MethodType;Ljava/lang/invoke/LambdaForm;)V' in 'java/lang/invoke/MethodHandle')}
  0x00000201000df660: 48be c0ba | 1550 0102 | 0000 8bbe | cc00 0000 | 83c7 0289 | becc 0000 | 0081 e7fe | 0700 0085 
  0x00000201000df680: ff0f 840f | 0300 0048 

  0x00000201000df688: ;   {metadata(method data for {method} {0x000002010f4050d8} '<init>' '(Ljava/lang/invoke/MethodType;Ljava/lang/invoke/LambdaForm;)V' in 'java/lang/invoke/MethodHandle')}
  0x00000201000df688: 8bf2 48bf | c0ba 1550 | 0102 0000 | 4883 8710 | 0100 0001 

  0x00000201000df69c: ;   {metadata(method data for {method} {0x000002010f470e38} '<init>' '()V' in 'java/lang/Object')}
  0x00000201000df69c: 48be 6067 | 0050 0102 | 0000 8bbe | cc00 0000 | 83c7 0289 | becc 0000 | 0081 e7fe | ff1f 0085 
  0x00000201000df6bc: ff0f 84f4 

  0x00000201000df6c0: ;   {metadata(method data for {method} {0x000002010f4050d8} '<init>' '(Ljava/lang/invoke/MethodType;Ljava/lang/invoke/LambdaForm;)V' in 'java/lang/invoke/MethodHandle')}
  0x00000201000df6c0: 0200 0048 | bec0 ba15 | 5001 0200 | 0048 8386 | 2001 0000 

  0x00000201000df6d4: ;   {metadata(method data for {method} {0x000002010f056538} 'requireNonNull' '(Ljava/lang/Object;)Ljava/lang/Object;' in 'java/util/Objects')}
  0x00000201000df6d4: 0148 bed8 | de00 5001 | 0200 008b | becc 0000 | 0083 c702 | 89be cc00 | 0000 81e7 | feff 1f00 
  0x00000201000df6f4: 85ff 0f84 | dc02 0000 

  0x00000201000df6fc: ;   {metadata(method data for {method} {0x000002010f056538} 'requireNonNull' '(Ljava/lang/Object;)Ljava/lang/Object;' in 'java/util/Objects')}
  0x00000201000df6fc: 4d85 c048 | bed8 de00 | 5001 0200 | 0048 c7c7 | 2001 0000 | 7407 48c7 | c710 0100 | 0048 8b1c 
  0x00000201000df71c: 3e48 8d5b | 0148 891c | 3e0f 84cb | 0100 004d | 8bd0 4489 | 5210 488d | 3248 c1ee | 0948 bf00 
  0x00000201000df73c: 00a9 7601 | 0200 00c6 

  0x00000201000df744: ;   {metadata(method data for {method} {0x000002010f4050d8} '<init>' '(Ljava/lang/invoke/MethodType;Ljava/lang/invoke/LambdaForm;)V' in 'java/lang/invoke/MethodHandle')}
  0x00000201000df744: 043e 0048 | bec0 ba15 | 5001 0200 | 0048 8386 | 6801 0000 

  0x00000201000df758: ;   {metadata(method data for {method} {0x000002010f056538} 'requireNonNull' '(Ljava/lang/Object;)Ljava/lang/Object;' in 'java/util/Objects')}
  0x00000201000df758: 0148 bed8 | de00 5001 | 0200 008b | becc 0000 | 0083 c702 | 89be cc00 | 0000 81e7 | feff 1f00 
  0x00000201000df778: 85ff 0f84 | 7902 0000 

  0x00000201000df780: ;   {metadata(method data for {method} {0x000002010f056538} 'requireNonNull' '(Ljava/lang/Object;)Ljava/lang/Object;' in 'java/util/Objects')}
  0x00000201000df780: 4d85 c948 | bed8 de00 | 5001 0200 | 0048 c7c7 | 2001 0000 | 7407 48c7 | c710 0100 | 0048 8b1c 
  0x00000201000df7a0: 3e48 8d5b | 0148 891c | 3e0f 84b0 | 0000 0049 | 3b01 498b 

  0x00000201000df7b4: ;   {metadata(method data for {method} {0x000002010f4050d8} '<init>' '(Ljava/lang/invoke/MethodType;Ljava/lang/invoke/LambdaForm;)V' in 'java/lang/invoke/MethodHandle')}
  0x00000201000df7b4: f148 bfc0 | ba15 5001 

  0x00000201000df7bc: ;   {metadata('java/lang/invoke/LambdaForm')}
  0x00000201000df7bc: 0200 0049 | ba58 ff08 | 0f01 0200 | 004c 8997 | c001 0000 | 4883 87c8 | 0100 0001 | 498b d10f 
  0x00000201000df7dc: ;   {optimized virtual_call}
  0x00000201000df7dc: 1f40 00e8 

  0x00000201000df7e0: ; ImmutableOopMap {[48]=Oop }
                      ;*invokevirtual uncustomize {reexecute=0 rethrow=0 return_oop=0}
                      ; - java.lang.invoke.MethodHandle::<init>@23
  0x00000201000df7e0: 1ce2 0300 

  0x00000201000df7e4: ;   {other}
  0x00000201000df7e4: 0f1f 8400 | d403 0000 | 488b 5424 | 304c 8bd0 | 4489 5214 | 488d 1248 | c1ea 0948 | be00 00a9 
  0x00000201000df804: 7601 0200 | 00c6 0432 | 0048 3b00 

  0x00000201000df810: ;   {metadata(method data for {method} {0x000002010f4050d8} '<init>' '(Ljava/lang/invoke/MethodType;Ljava/lang/invoke/LambdaForm;)V' in 'java/lang/invoke/MethodHandle')}
  0x00000201000df810: 488b d048 | bec0 ba15 | 5001 0200 

  0x00000201000df81c: ;   {metadata('java/lang/invoke/LambdaForm')}
  0x00000201000df81c: 0049 ba58 | ff08 0f01 | 0200 004c | 8996 f801 | 0000 4883 | 8600 0200 | 0001 488b | d066 0f1f 
  0x00000201000df83c: ;   {optimized virtual_call}
  0x00000201000df83c: 4400 00e8 

  0x00000201000df840: ; ImmutableOopMap {}
                      ;*invokevirtual prepare {reexecute=0 rethrow=0 return_oop=0}
                      ; - java.lang.invoke.MethodHandle::<init>@33
  0x00000201000df840: bc0b 0000 

  0x00000201000df844: ;   {other}
  0x00000201000df844: 0f1f 8400 | 3404 0001 | 4883 c460 

  0x00000201000df850: ;   {poll_return}
  0x00000201000df850: 5d49 3ba7 | 4804 0000 | 0f87 c601 | 0000 c390 

  0x00000201000df860: ;   {no_reloc}
  0x00000201000df860: e9e4 0100 | 0000 0000 | 0000 498b | 87b8 0100 | 0048 8d78 | 3049 3bbf | c801 0000 | 0f87 d101 
  0x00000201000df880: 0000 4989 | bfb8 0100 | 0048 c700 | 0100 0000 | 488b ca49 | ba00 0000 | 0f01 0200 | 0049 2bca 
  0x00000201000df8a0: 8948 0848 | 33c9 8948 | 0c48 33c9 | 4889 4810 | 4889 4818 | 4889 4820 | 4889 4828 

  0x00000201000df8bc: ;   {metadata(method data for {method} {0x000002010f056538} 'requireNonNull' '(Ljava/lang/Object;)Ljava/lang/Object;' in 'java/util/Objects')}
  0x00000201000df8bc: 488b d048 | bed8 de00 | 5001 0200 | 0048 8386 | 3001 0000 | 0148 8bd0 | 4889 4424 | 3866 0f1f 
  0x00000201000df8dc: ;   {optimized virtual_call}
  0x00000201000df8dc: 4400 00e8 

  0x00000201000df8e0: ; ImmutableOopMap {[48]=Oop [56]=Oop }
                      ;*invokespecial <init> {reexecute=0 rethrow=0 return_oop=0}
                      ; - java.util.Objects::requireNonNull@8
                      ; - java.lang.invoke.MethodHandle::<init>@17
  0x00000201000df8e0: 9cf2 4907 

  0x00000201000df8e4: ;   {other}
  0x00000201000df8e4: 0f1f 8400 | d404 0002 | 488b 4424 | 38e9 ad01 | 0000 4c89 | 4c24 480f | 1f44 0000 

  0x00000201000df900: ;   {no_reloc}
  0x00000201000df900: e96a 0100 | 0000 0000 | 0000 498b | 87b8 0100 | 0048 8d78 | 3049 3bbf | c801 0000 | 0f87 5701 
  0x00000201000df920: 0000 4989 | bfb8 0100 | 0048 c700 | 0100 0000 | 488b ca49 | ba00 0000 | 0f01 0200 | 0049 2bca 
  0x00000201000df940: 8948 0848 | 33c9 8948 | 0c48 33c9 | 4889 4810 | 4889 4818 | 4889 4820 | 4889 4828 

  0x00000201000df95c: ;   {metadata(method data for {method} {0x000002010f056538} 'requireNonNull' '(Ljava/lang/Object;)Ljava/lang/Object;' in 'java/util/Objects')}
  0x00000201000df95c: 488b d048 | bed8 de00 | 5001 0200 | 0048 8386 | 3001 0000 | 0148 8bd0 | 4889 4424 | 4066 0f1f 
  0x00000201000df97c: ;   {optimized virtual_call}
  0x00000201000df97c: 4400 00e8 

  0x00000201000df980: ; ImmutableOopMap {[48]=Oop [64]=Oop [72]=Oop }
                      ;*invokespecial <init> {reexecute=0 rethrow=0 return_oop=0}
                      ; - java.util.Objects::requireNonNull@8
                      ; - java.lang.invoke.MethodHandle::<init>@6
  0x00000201000df980: fcf1 4907 

  0x00000201000df984: ;   {other}
  0x00000201000df984: 0f1f 8400 | 7405 0003 | 488b 4424 | 40e9 0d01 

  0x00000201000df994: ;   {metadata({method} {0x000002010f4050d8} '<init>' '(Ljava/lang/invoke/MethodType;Ljava/lang/invoke/LambdaForm;)V' in 'java/lang/invoke/MethodHandle')}
  0x00000201000df994: 0000 49ba | d050 400f | 0102 0000 | 4c89 5424 | 0848 c704 | 24ff ffff 

  0x00000201000df9ac: ;   {runtime_call counter_overflow Runtime1 stub}
  0x00000201000df9ac: ffe8 ce73 

  0x00000201000df9b0: ; ImmutableOopMap {rdx=Oop r8=Oop r9=Oop [48]=Oop }
                      ;*synchronization entry
                      ; - java.lang.invoke.MethodHandle::<init>@-1
  0x00000201000df9b0: 5507 e9d0 

  0x00000201000df9b4: ;   {metadata({method} {0x000002010f470e38} '<init>' '()V' in 'java/lang/Object')}
  0x00000201000df9b4: fcff ff49 | ba30 0e47 | 0f01 0200 | 004c 8954 | 2408 48c7 | 0424 ffff 

  0x00000201000df9cc: ;   {runtime_call counter_overflow Runtime1 stub}
  0x00000201000df9cc: ffff e8ad 

  0x00000201000df9d0: ; ImmutableOopMap {rdx=Oop r8=Oop r9=Oop [48]=Oop }
                      ;*synchronization entry
                      ; - java.lang.Object::<init>@-1
                      ; - java.lang.invoke.MethodHandle::<init>@1
  0x00000201000df9d0: 7355 07e9 | ebfc ffff 

  0x00000201000df9d8: ;   {metadata({method} {0x000002010f056538} 'requireNonNull' '(Ljava/lang/Object;)Ljava/lang/Object;' in 'java/util/Objects')}
  0x00000201000df9d8: 49ba 3065 | 050f 0102 | 0000 4c89 | 5424 0848 | c704 24ff 

  0x00000201000df9ec: ;   {runtime_call counter_overflow Runtime1 stub}
  0x00000201000df9ec: ffff ffe8 

  0x00000201000df9f0: ; ImmutableOopMap {rdx=Oop r8=Oop r9=Oop [48]=Oop }
                      ;*synchronization entry
                      ; - java.util.Objects::requireNonNull@-1
                      ; - java.lang.invoke.MethodHandle::<init>@6
  0x00000201000df9f0: 8c73 5507 | e903 fdff 

  0x00000201000df9f8: ;   {metadata({method} {0x000002010f056538} 'requireNonNull' '(Ljava/lang/Object;)Ljava/lang/Object;' in 'java/util/Objects')}
  0x00000201000df9f8: ff49 ba30 | 6505 0f01 | 0200 004c | 8954 2408 | 48c7 0424 | ffff ffff 

  0x00000201000dfa10: ;   {runtime_call counter_overflow Runtime1 stub}
  0x00000201000dfa10: e86b 7355 

  0x00000201000dfa14: ; ImmutableOopMap {rdx=Oop r9=Oop [48]=Oop }
                      ;*synchronization entry
                      ; - java.util.Objects::requireNonNull@-1
                      ; - java.lang.invoke.MethodHandle::<init>@17
  0x00000201000dfa14: 07e9 66fd 

  0x00000201000dfa18: ;   {runtime_call throw_null_pointer_exception Runtime1 stub}
  0x00000201000dfa18: ffff e801 

  0x00000201000dfa1c: ; ImmutableOopMap {r9=Oop [48]=Oop }
                      ;*invokevirtual uncustomize {reexecute=0 rethrow=0 return_oop=0}
                      ; - java.lang.invoke.MethodHandle::<init>@23
                      ;   {runtime_call throw_null_pointer_exception Runtime1 stub}
  0x00000201000dfa1c: f954 07e8 

  0x00000201000dfa20: ; ImmutableOopMap {rax=Oop }
                      ;*invokevirtual prepare {reexecute=0 rethrow=0 return_oop=0}
                      ; - java.lang.invoke.MethodHandle::<init>@33
  0x00000201000dfa20: fcf8 5407 

  0x00000201000dfa24: ;   {internal_word}
  0x00000201000dfa24: 49ba 51f8 | 0d00 0102 | 0000 4d89 | 9760 0400 

  0x00000201000dfa34: ;   {runtime_call SafepointBlob}
  0x00000201000dfa34: 00e9 4661 

  0x00000201000dfa38: ;   {metadata(nullptr)}
  0x00000201000dfa38: 4a07 48ba | 0000 0000 | 0000 0000 | b800 0f05 

  0x00000201000dfa48: ;   {runtime_call load_klass_patching Runtime1 stub}
  0x00000201000dfa48: 0ae8 b259 

  0x00000201000dfa4c: ; ImmutableOopMap {[48]=Oop }
                      ;*new {reexecute=1 rethrow=0 return_oop=0}
                      ; - (reexecute) java.util.Objects::requireNonNull@4
                      ; - java.lang.invoke.MethodHandle::<init>@17
  0x00000201000dfa4c: 5507 e90d | feff ff48 

  0x00000201000dfa54: ;   {runtime_call fast_new_instance Runtime1 stub}
  0x00000201000dfa54: 8bd2 e8a5 

  0x00000201000dfa58: ; ImmutableOopMap {[48]=Oop }
                      ;*new {reexecute=0 rethrow=0 return_oop=0}
                      ; - java.util.Objects::requireNonNull@4
                      ; - java.lang.invoke.MethodHandle::<init>@17
  0x00000201000dfa58: 0955 07e9 | 5cfe ffff 

  0x00000201000dfa60: ;   {metadata(nullptr)}
  0x00000201000dfa60: 48ba 0000 | 0000 0000 | 0000 b800 

  0x00000201000dfa6c: ;   {runtime_call load_klass_patching Runtime1 stub}
  0x00000201000dfa6c: 0f05 0ae8 

  0x00000201000dfa70: ; ImmutableOopMap {[48]=Oop [72]=Oop }
                      ;*new {reexecute=1 rethrow=0 return_oop=0}
                      ; - (reexecute) java.util.Objects::requireNonNull@4
                      ; - java.lang.invoke.MethodHandle::<init>@6
  0x00000201000dfa70: 8c59 5507 | e987 feff | ff48 8bd2 

  0x00000201000dfa7c: ;   {runtime_call fast_new_instance Runtime1 stub}
  0x00000201000dfa7c: e87f 0955 

  0x00000201000dfa80: ; ImmutableOopMap {[48]=Oop [72]=Oop }
                      ;*new {reexecute=0 rethrow=0 return_oop=0}
                      ; - java.util.Objects::requireNonNull@4
                      ; - java.lang.invoke.MethodHandle::<init>@6
  0x00000201000dfa80: 07e9 d6fe | ffff 498b | 87f8 0400 | 0049 c787 | f804 0000 | 0000 0000 | 49c7 8700 | 0500 0000 
  0x00000201000dfaa0: 0000 0048 | 83c4 605d 

  0x00000201000dfaa8: ;   {runtime_call unwind_exception Runtime1 stub}
  0x00000201000dfaa8: e953 e354 | 07f4 f4f4 
[Stub Code]
  0x00000201000dfab0: ;   {no_reloc}
  0x00000201000dfab0: 0f1f 4400 

  0x00000201000dfab4: ;   {static_stub}
  0x00000201000dfab4: 0048 bba0 | 0509 0f01 

  0x00000201000dfabc: ;   {runtime_call I2C/C2I adapters}
  0x00000201000dfabc: 0200 00e9 | 1fe1 4907 

  0x00000201000dfac4: ;   {static_stub}
  0x00000201000dfac4: 9048 bbf8 | 0509 0f01 

  0x00000201000dfacc: ;   {runtime_call I2C/C2I adapters}
  0x00000201000dfacc: 0200 00e9 | 0fe1 4907 

  0x00000201000dfad4: ;   {static_stub}
  0x00000201000dfad4: 48bb 0000 | 0000 0000 

  0x00000201000dfadc: ;   {runtime_call nmethod}
  0x00000201000dfadc: 0000 e9fb 

  0x00000201000dfae0: ;   {runtime_call handle_exception_from_callee Runtime1 stub}
  0x00000201000dfae0: ffff ffe8 | 1830 5507 

  0x00000201000dfae8: ;   {external_word}
  0x00000201000dfae8: 48b9 907f | b41b fe7f | 0000 4883 

  0x00000201000dfaf4: ;   {runtime_call}
  0x00000201000dfaf4: e4f0 48b8 | e044 771b | fe7f 0000 

  0x00000201000dfb00: ;   {section_word}
  0x00000201000dfb00: ffd0 f449 | ba03 fb0d | 0001 0200 

  0x00000201000dfb0c: ;   {runtime_call DeoptimizationBlob}
  0x00000201000dfb0c: 0041 52e9 | 0c75 4a07 | f4f4 f4f4 
[/MachCode]


---------------  P R O C E S S  ---------------

Threads class SMR info:
_java_thread_list=0x000002017edc6610, length=13, elements={
0x00000201776c1df0, 0x000002017caad760, 0x000002017caae610, 0x000002017ea9c0b0,
0x000002017ea992c0, 0x000002017ea99950, 0x000002017ea98c30, 0x000002017eaa3030,
0x000002017eaa8320, 0x000002017ea99fe0, 0x000002017ed3cc90, 0x000002017ea9b390,
0x000002017ef2f3c0
}

Java Threads: ( => current thread )
=>0x00000201776c1df0 JavaThread "main"                              [_thread_in_vm, id=27968, stack(0x00000041f6f00000,0x00000041f7000000) (1024K)]
  0x000002017caad760 JavaThread "Reference Handler"          daemon [_thread_blocked, id=22888, stack(0x00000041f7300000,0x00000041f7400000) (1024K)]
  0x000002017caae610 JavaThread "Finalizer"                  daemon [_thread_blocked, id=25300, stack(0x00000041f7400000,0x00000041f7500000) (1024K)]
  0x000002017ea9c0b0 JavaThread "Signal Dispatcher"          daemon [_thread_blocked, id=27860, stack(0x00000041f7500000,0x00000041f7600000) (1024K)]
  0x000002017ea992c0 JavaThread "Attach Listener"            daemon [_thread_blocked, id=27324, stack(0x00000041f7600000,0x00000041f7700000) (1024K)]
  0x000002017ea99950 JavaThread "Service Thread"             daemon [_thread_blocked, id=27772, stack(0x00000041f7700000,0x00000041f7800000) (1024K)]
  0x000002017ea98c30 JavaThread "Monitor Deflation Thread"   daemon [_thread_blocked, id=27976, stack(0x00000041f7800000,0x00000041f7900000) (1024K)]
  0x000002017eaa3030 JavaThread "C2 CompilerThread0"         daemon [_thread_blocked, id=22376, stack(0x00000041f7900000,0x00000041f7a00000) (1024K)]
  0x000002017eaa8320 JavaThread "C1 CompilerThread0"         daemon [_thread_blocked, id=24680, stack(0x00000041f7a00000,0x00000041f7b00000) (1024K)]
  0x000002017ea99fe0 JavaThread "Common-Cleaner"             daemon [_thread_blocked, id=27832, stack(0x00000041f7b00000,0x00000041f7c00000) (1024K)]
  0x000002017ed3cc90 JavaThread "C2 CompilerThread1"         daemon [_thread_blocked, id=26188, stack(0x00000041f7c00000,0x00000041f7d00000) (1024K)]
  0x000002017ea9b390 JavaThread "Notification Thread"        daemon [_thread_blocked, id=23276, stack(0x00000041f7d00000,0x00000041f7e00000) (1024K)]
  0x000002017ef2f3c0 JavaThread "C2 CompilerThread2"         daemon [_thread_in_native, id=28376, stack(0x00000041f7e00000,0x00000041f7f00000) (1024K)]
Total: 13

Other Threads:
  0x000002017777ec30 VMThread "VM Thread"                           [id=21596, stack(0x00000041f7200000,0x00000041f7300000) (1024K)]
  0x000002017772f520 WatcherThread "VM Periodic Task Thread"        [id=24864, stack(0x00000041f7100000,0x00000041f7200000) (1024K)]
  0x00000201776e1f90 WorkerThread "GC Thread#0"                     [id=26260, stack(0x00000041f7000000,0x00000041f7100000) (1024K)]
Total: 3

Threads with active compile tasks:
C2 CompilerThread2  593  735       4       lombok.patcher.PatchScript::classMatches (41 bytes)
Total: 1

VM state: not at safepoint (normal execution)

VM Mutex/Monitor currently owned by a thread:  ([mutex/lock_event])
[0x00007ffe1bdfc308] Metaspace_lock - owner thread: 0x00000201776c1df0

Heap address: 0x00000000c0000000, size: 1024 MB, Compressed Oops mode: 32-bit

CDS archive(s) mapped at: [0x000002010f000000-0x000002010fba0000-0x000002010fba0000), size 12189696, SharedBaseAddress: 0x000002010f000000, ArchiveRelocationMode: 1.
Compressed class space mapped at: 0x0000020110000000-0x0000020150000000, reserved size: 1073741824
Narrow klass base: 0x000002010f000000, Narrow klass shift: 0, Narrow klass range: 0x100000000

GC Precious Log:
 CardTable entry size: 512
 CPUs: 12 total, 12 available
 Memory: 16122M
 Large Page Support: Disabled
 NUMA Support: Disabled
 Compressed Oops: Enabled (32-bit)
 Alignments: Space 512K, Generation 512K, Heap 2M
 Heap Min Capacity: 100M
 Heap Initial Capacity: 100M
 Heap Max Capacity: 1G
 Pre-touch: Disabled
 Parallel Workers: 10

Heap:
 PSYoungGen      total 29696K, used 15466K [0x00000000eab00000, 0x00000000ecc00000, 0x0000000100000000)
  eden space 25600K, 60% used [0x00000000eab00000,0x00000000eba1aaa0,0x00000000ec400000)
  from space 4096K, 0% used [0x00000000ec800000,0x00000000ec800000,0x00000000ecc00000)
  to   space 4096K, 0% used [0x00000000ec400000,0x00000000ec400000,0x00000000ec800000)
 ParOldGen       total 68608K, used 0K [0x00000000c0000000, 0x00000000c4300000, 0x00000000eab00000)
  object space 68608K, 0% used [0x00000000c0000000,0x00000000c0000000,0x00000000c4300000)
 Metaspace       used 3000K, committed 3136K, reserved 1114112K
  class space    used 303K, committed 384K, reserved 1048576K

Card table byte_map: [0x0000020177090000,0x00000201772a0000] _byte_map_base: 0x0000020176a90000

Marking Bits: (ParMarkBitMap*) 0x00007ffe1be031f0
 Begin Bits: [0x000002017a8b0000, 0x000002017b8b0000)
 End Bits:   [0x000002017b8b0000, 0x000002017c8b0000)

Polling page: 0x0000020176e80000

Metaspace:

Usage:
  Non-class:      2.63 MB used.
      Class:    303.02 KB used.
       Both:      2.93 MB used.

Virtual space:
  Non-class space:       64.00 MB reserved,       2.69 MB (  4%) committed,  1 nodes.
      Class space:        1.00 GB reserved,     384.00 KB ( <1%) committed,  1 nodes.
             Both:        1.06 GB reserved,       3.06 MB ( <1%) committed. 

Chunk freelists:
   Non-Class:  11.56 MB
       Class:  15.66 MB
        Both:  27.22 MB

MaxMetaspaceSize: unlimited
CompressedClassSpaceSize: 1.00 GB
Initial GC threshold: 21.00 MB
Current GC threshold: 21.00 MB
CDS: on
 - commit_granule_bytes: 65536.
 - commit_granule_words: 8192.
 - virtual_space_node_default_size: 8388608.
 - enlarge_chunks_in_place: 1.
 - use_allocation_guard: 0.


Internal statistics:

num_allocs_failed_limit: 0.
num_arena_births: 94.
num_arena_deaths: 0.
num_vsnodes_births: 2.
num_vsnodes_deaths: 0.
num_space_committed: 49.
num_space_uncommitted: 0.
num_chunks_returned_to_freelist: 0.
num_chunks_taken_from_freelist: 120.
num_chunk_merges: 0.
num_chunk_splits: 82.
num_chunks_enlarged: 50.
num_inconsistent_stats: 0.

CodeHeap 'non-profiled nmethods': size=120000Kb used=293Kb max_used=293Kb free=119706Kb
 bounds [0x0000020107ad0000, 0x0000020107d40000, 0x000002010f000000]
CodeHeap 'profiled nmethods': size=120000Kb used=1153Kb max_used=1153Kb free=118846Kb
 bounds [0x0000020100000000, 0x0000020100270000, 0x0000020107530000]
CodeHeap 'non-nmethods': size=5760Kb used=1197Kb max_used=1228Kb free=4562Kb
 bounds [0x0000020107530000, 0x00000201077a0000, 0x0000020107ad0000]
 total_blobs=1208 nmethods=763 adapters=352
 compilation: enabled
              stopped_count=0, restarted_count=0
 full_count=0

Compilation events (20 events):
Event: 0.532 Thread 0x000002017eaa8320  754       3       java.lang.invoke.LambdaForm::uncustomize (57 bytes)
Event: 0.532 Thread 0x000002017eaa8320 nmethod 754 0x000002010011d810 code [0x000002010011d9e0, 0x000002010011dcf0]
Event: 0.532 Thread 0x000002017eaa8320  753       3       java.lang.invoke.MemberName::getInvocationType (56 bytes)
Event: 0.533 Thread 0x000002017eaa8320 nmethod 753 0x000002010011de10 code [0x000002010011e040, 0x000002010011e860]
Event: 0.533 Thread 0x000002017eaa3030  759       4       java.lang.invoke.MethodType::parameterType (7 bytes)
Event: 0.533 Thread 0x000002017eaa8320  755       3       java.lang.invoke.LambdaForm$BasicType::basicTypeSlots (8 bytes)
Event: 0.533 Thread 0x000002017eaa8320 nmethod 755 0x000002010011eb10 code [0x000002010011ecc0, 0x000002010011ee38]
Event: 0.533 Thread 0x000002017eaa8320  756       3       sun.invoke.util.Wrapper::stackSlots (9 bytes)
Event: 0.533 Thread 0x000002017eaa8320 nmethod 756 0x000002010011ef10 code [0x000002010011f0a0, 0x000002010011f1b0]
Event: 0.533 Thread 0x000002017eaa8320  763       3       java.lang.invoke.MethodTypeForm::canonicalizeAll (63 bytes)
Event: 0.533 Thread 0x000002017eaa3030 nmethod 759 0x0000020107b18690 code [0x0000020107b18820, 0x0000020107b188f0]
Event: 0.533 Thread 0x000002017eaa8320 nmethod 763 0x000002010011f210 code [0x000002010011f400, 0x000002010011f9f0]
Event: 0.534 Thread 0x000002017eaa8320  758       3       jdk.internal.org.objectweb.asm.Handler::getExceptionTableLength (21 bytes)
Event: 0.534 Thread 0x000002017eaa8320 nmethod 758 0x000002010011fc10 code [0x000002010011fdc0, 0x000002010011ff58]
Event: 0.534 Thread 0x000002017eaa8320  766       3       java.lang.invoke.LambdaForm::parameter (38 bytes)
Event: 0.534 Thread 0x000002017eaa8320 nmethod 766 0x0000020100120090 code [0x0000020100120240, 0x0000020100120388]
Event: 0.534 Thread 0x000002017eaa8320  757       1       jdk.internal.org.objectweb.asm.MethodWriter::hasAsmInstructions (5 bytes)
Event: 0.534 Thread 0x000002017eaa8320 nmethod 757 0x0000020107b18f90 code [0x0000020107b19120, 0x0000020107b191f0]
Event: 0.534 Thread 0x000002017eaa8320  749       1       java.lang.invoke.DirectMethodHandle::internalMemberName (5 bytes)
Event: 0.534 Thread 0x000002017eaa8320 nmethod 749 0x0000020107b19290 code [0x0000020107b19420, 0x0000020107b194e8]

GC Heap History (0 events):
No events

Dll operation events (8 events):
Event: 0.008 Loaded shared library c:\Users\amali\.vscode\extensions\redhat.java-1.42.0-win32-x64\jre\21.0.7-win32-x86_64\bin\java.dll
Event: 0.075 Loaded shared library c:\Users\amali\.vscode\extensions\redhat.java-1.42.0-win32-x64\jre\21.0.7-win32-x86_64\bin\zip.dll
Event: 0.094 Loaded shared library C:\Users\amali\.vscode\extensions\redhat.java-1.42.0-win32-x64\jre\21.0.7-win32-x86_64\bin\instrument.dll
Event: 0.099 Loaded shared library C:\Users\amali\.vscode\extensions\redhat.java-1.42.0-win32-x64\jre\21.0.7-win32-x86_64\bin\net.dll
Event: 0.102 Loaded shared library C:\Users\amali\.vscode\extensions\redhat.java-1.42.0-win32-x64\jre\21.0.7-win32-x86_64\bin\nio.dll
Event: 0.105 Loaded shared library C:\Users\amali\.vscode\extensions\redhat.java-1.42.0-win32-x64\jre\21.0.7-win32-x86_64\bin\zip.dll
Event: 0.124 Loaded shared library C:\Users\amali\.vscode\extensions\redhat.java-1.42.0-win32-x64\jre\21.0.7-win32-x86_64\bin\jimage.dll
Event: 0.200 Loaded shared library c:\Users\amali\.vscode\extensions\redhat.java-1.42.0-win32-x64\jre\21.0.7-win32-x86_64\bin\verify.dll

Deoptimization events (20 events):
Event: 0.484 Thread 0x00000201776c1df0 DEOPT PACKING pc=0x00000201000f8a04 sp=0x00000041f6ffd920
Event: 0.484 Thread 0x00000201776c1df0 DEOPT UNPACKING pc=0x00000201075878e2 sp=0x00000041f6ffcd78 mode 0
Event: 0.484 Thread 0x00000201776c1df0 DEOPT PACKING pc=0x00000201000f8a04 sp=0x00000041f6ffd9b0
Event: 0.484 Thread 0x00000201776c1df0 DEOPT UNPACKING pc=0x00000201075878e2 sp=0x00000041f6ffce08 mode 0
Event: 0.484 Thread 0x00000201776c1df0 DEOPT PACKING pc=0x00000201000f8a04 sp=0x00000041f6ffd9b0
Event: 0.484 Thread 0x00000201776c1df0 DEOPT UNPACKING pc=0x00000201075878e2 sp=0x00000041f6ffce08 mode 0
Event: 0.484 Thread 0x00000201776c1df0 DEOPT PACKING pc=0x00000201000f8a04 sp=0x00000041f6ffd920
Event: 0.484 Thread 0x00000201776c1df0 DEOPT UNPACKING pc=0x00000201075878e2 sp=0x00000041f6ffcd78 mode 0
Event: 0.484 Thread 0x00000201776c1df0 DEOPT PACKING pc=0x00000201000f8a04 sp=0x00000041f6ffd9b0
Event: 0.484 Thread 0x00000201776c1df0 DEOPT UNPACKING pc=0x00000201075878e2 sp=0x00000041f6ffce08 mode 0
Event: 0.485 Thread 0x00000201776c1df0 DEOPT PACKING pc=0x00000201000f8a04 sp=0x00000041f6ffd9b0
Event: 0.485 Thread 0x00000201776c1df0 DEOPT UNPACKING pc=0x00000201075878e2 sp=0x00000041f6ffce08 mode 0
Event: 0.485 Thread 0x00000201776c1df0 DEOPT PACKING pc=0x00000201000f8a04 sp=0x00000041f6ffd920
Event: 0.485 Thread 0x00000201776c1df0 DEOPT UNPACKING pc=0x00000201075878e2 sp=0x00000041f6ffcd78 mode 0
Event: 0.485 Thread 0x00000201776c1df0 DEOPT PACKING pc=0x00000201000f8a04 sp=0x00000041f6ffd9b0
Event: 0.485 Thread 0x00000201776c1df0 DEOPT UNPACKING pc=0x00000201075878e2 sp=0x00000041f6ffce08 mode 0
Event: 0.485 Thread 0x00000201776c1df0 Uncommon trap: trap_request=0xffffff6e fr.pc=0x0000020107b0fb68 relative=0x0000000000000348
Event: 0.485 Thread 0x00000201776c1df0 Uncommon trap: reason=loop_limit_check action=maybe_recompile pc=0x0000020107b0fb68 method=java.math.BigInteger.implMulAdd([I[IIII)I @ 26 c2
Event: 0.485 Thread 0x00000201776c1df0 DEOPT PACKING pc=0x0000020107b0fb68 sp=0x00000041f6ffd930
Event: 0.485 Thread 0x00000201776c1df0 DEOPT UNPACKING pc=0x0000020107586da2 sp=0x00000041f6ffd880 mode 2

Classes loaded (20 events):
Event: 0.515 Loading class java/net/URISyntaxException
Event: 0.516 Loading class java/net/URISyntaxException done
Event: 0.516 Loading class java/lang/SecurityException
Event: 0.516 Loading class java/lang/SecurityException done
Event: 0.516 Loading class java/security/Policy
Event: 0.516 Loading class java/security/Policy done
Event: 0.520 Loading class java/nio/file/attribute/PosixFilePermissions
Event: 0.520 Loading class java/nio/file/attribute/PosixFilePermissions done
Event: 0.520 Loading class java/nio/file/attribute/PosixFilePermission
Event: 0.520 Loading class java/nio/file/attribute/PosixFilePermission done
Event: 0.521 Loading class java/lang/Thread$ThreadNumbering
Event: 0.521 Loading class java/lang/Thread$ThreadNumbering done
Event: 0.525 Loading class java/net/URL$ThreadTrackHolder
Event: 0.525 Loading class java/net/URL$ThreadTrackHolder done
Event: 0.525 Loading class java/net/URL$2
Event: 0.525 Loading class java/net/URL$2 done
Event: 0.525 Loading class java/net/URL$1
Event: 0.525 Loading class java/net/URL$1 done
Event: 0.525 Loading class java/net/spi/URLStreamHandlerProvider
Event: 0.525 Loading class java/net/spi/URLStreamHandlerProvider done

Classes unloaded (0 events):
No events

Classes redefined (0 events):
No events

Internal exceptions (14 events):
Event: 0.071 Thread 0x00000201776c1df0 Exception <a 'java/lang/NoSuchMethodError'{0x00000000ead2a288}: 'void java.lang.invoke.DirectMethodHandle$Holder.invokeStatic(java.lang.Object, java.lang.Object, java.lang.Object)'> (0x00000000ead2a288) 
thrown [s\src\hotspot\share\interpreter\linkResolver.cpp, line 773]
Event: 0.118 Thread 0x00000201776c1df0 Exception <a 'java/lang/NoSuchMethodError'{0x00000000eae92a28}: 'java.lang.Object java.lang.invoke.Invokers$Holder.invokeExact_MT(java.lang.Object, java.lang.Object, java.lang.Object, java.lang.Object, java.lang.Object)'> (0x00000000eae92a28) 
thrown [s\src\hotspot\share\interpreter\linkResolver.cpp, line 773]
Event: 0.156 Thread 0x00000201776c1df0 Exception <a 'java/lang/NoSuchMethodError'{0x00000000eaf4be00}: 'int java.lang.invoke.DirectMethodHandle$Holder.invokeSpecial(java.lang.Object, java.lang.Object, java.lang.Object, int)'> (0x00000000eaf4be00) 
thrown [s\src\hotspot\share\interpreter\linkResolver.cpp, line 773]
Event: 0.160 Thread 0x00000201776c1df0 Exception <a 'java/lang/NoSuchMethodError'{0x00000000eaf5e7e8}: 'java.lang.Object java.lang.invoke.DirectMethodHandle$Holder.invokeStatic(java.lang.Object, java.lang.Object, java.lang.Object, java.lang.Object, int)'> (0x00000000eaf5e7e8) 
thrown [s\src\hotspot\share\interpreter\linkResolver.cpp, line 773]
Event: 0.161 Thread 0x00000201776c1df0 Exception <a 'java/lang/NoSuchMethodError'{0x00000000eaf69c90}: 'void java.lang.invoke.DelegatingMethodHandle$Holder.reinvoke_L(java.lang.Object, java.lang.Object, java.lang.Object, int, java.lang.Object)'> (0x00000000eaf69c90) 
thrown [s\src\hotspot\share\interpreter\linkResolver.cpp, line 773]
Event: 0.164 Thread 0x00000201776c1df0 Exception <a 'java/lang/NoSuchMethodError'{0x00000000eaf7a788}: 'int java.lang.invoke.DirectMethodHandle$Holder.invokeSpecial(java.lang.Object, java.lang.Object, java.lang.Object)'> (0x00000000eaf7a788) 
thrown [s\src\hotspot\share\interpreter\linkResolver.cpp, line 773]
Event: 0.166 Thread 0x00000201776c1df0 Exception <a 'java/lang/NoSuchMethodError'{0x00000000eaf86448}: 'java.lang.Object java.lang.invoke.DirectMethodHandle$Holder.invokeStatic(java.lang.Object, java.lang.Object, int)'> (0x00000000eaf86448) 
thrown [s\src\hotspot\share\interpreter\linkResolver.cpp, line 773]
Event: 0.167 Thread 0x00000201776c1df0 Exception <a 'java/lang/NoSuchMethodError'{0x00000000eaf8ad98}: 'void java.lang.invoke.DirectMethodHandle$Holder.invokeStatic(java.lang.Object, java.lang.Object, int, java.lang.Object)'> (0x00000000eaf8ad98) 
thrown [s\src\hotspot\share\interpreter\linkResolver.cpp, line 773]
Event: 0.168 Thread 0x00000201776c1df0 Exception <a 'java/lang/NoSuchMethodError'{0x00000000eaf8e928}: 'void java.lang.invoke.DirectMethodHandle$Holder.invokeSpecial(java.lang.Object, java.lang.Object, java.lang.Object, int, java.lang.Object)'> (0x00000000eaf8e928) 
thrown [s\src\hotspot\share\interpreter\linkResolver.cpp, line 773]
Event: 0.168 Thread 0x00000201776c1df0 Exception <a 'java/lang/NoSuchMethodError'{0x00000000eaf91d98}: 'void java.lang.invoke.DelegatingMethodHandle$Holder.delegate(java.lang.Object, java.lang.Object, int, java.lang.Object)'> (0x00000000eaf91d98) 
thrown [s\src\hotspot\share\interpreter\linkResolver.cpp, line 773]
Event: 0.228 Thread 0x00000201776c1df0 Exception <a 'java/lang/NoSuchMethodError'{0x00000000eb14e7a0}: 'void java.lang.invoke.DelegatingMethodHandle$Holder.reinvoke_L(java.lang.Object, java.lang.Object, java.lang.Object, int)'> (0x00000000eb14e7a0) 
thrown [s\src\hotspot\share\interpreter\linkResolver.cpp, line 773]
Event: 0.381 Thread 0x00000201776c1df0 Exception <a 'java/lang/NoSuchMethodError'{0x00000000eb5d6410}: 'void java.lang.invoke.DirectMethodHandle$Holder.invokeVirtual(java.lang.Object, java.lang.Object)'> (0x00000000eb5d6410) 
thrown [s\src\hotspot\share\interpreter\linkResolver.cpp, line 773]
Event: 0.523 Thread 0x00000201776c1df0 Exception <a 'java/lang/NoSuchMethodError'{0x00000000eb9ba918}: 'void java.lang.invoke.DirectMethodHandle$Holder.invokeStatic(java.lang.Object, java.lang.Object)'> (0x00000000eb9ba918) 
thrown [s\src\hotspot\share\interpreter\linkResolver.cpp, line 773]
Event: 0.528 Thread 0x00000201776c1df0 Exception <a 'java/lang/ClassNotFoundException'{0x00000000eb9e2a90}: sun/net/www/protocol/c/Handler> (0x00000000eb9e2a90) 
thrown [s\src\hotspot\share\classfile\systemDictionary.cpp, line 312]

ZGC Phase Switch (0 events):
No events

VM Operations (8 events):
Event: 0.074 Executing VM operation: HandshakeAllThreads (Deoptimize)
Event: 0.074 Executing VM operation: HandshakeAllThreads (Deoptimize) done
Event: 0.137 Executing VM operation: HandshakeAllThreads (Deoptimize)
Event: 0.137 Executing VM operation: HandshakeAllThreads (Deoptimize) done
Event: 0.493 Executing VM operation: HandshakeAllThreads (Deoptimize)
Event: 0.493 Executing VM operation: HandshakeAllThreads (Deoptimize) done
Event: 0.518 Executing VM operation: HandshakeAllThreads (Deoptimize)
Event: 0.518 Executing VM operation: HandshakeAllThreads (Deoptimize) done

Memory protections (0 events):
No events

Nmethod flushes (0 events):
No events

Events (13 events):
Event: 0.023 Thread 0x00000201776c1df0 Thread added: 0x00000201776c1df0
Event: 0.039 Thread 0x00000201776c1df0 Thread added: 0x000002017caad760
Event: 0.039 Thread 0x00000201776c1df0 Thread added: 0x000002017caae610
Event: 0.040 Thread 0x00000201776c1df0 Thread added: 0x000002017ea9c0b0
Event: 0.040 Thread 0x00000201776c1df0 Thread added: 0x000002017ea992c0
Event: 0.040 Thread 0x00000201776c1df0 Thread added: 0x000002017ea99950
Event: 0.040 Thread 0x00000201776c1df0 Thread added: 0x000002017ea98c30
Event: 0.040 Thread 0x00000201776c1df0 Thread added: 0x000002017eaa3030
Event: 0.040 Thread 0x00000201776c1df0 Thread added: 0x000002017eaa8320
Event: 0.062 Thread 0x00000201776c1df0 Thread added: 0x000002017ea99fe0
Event: 0.196 Thread 0x000002017eaa8320 Thread added: 0x000002017ed3cc90
Event: 0.303 Thread 0x00000201776c1df0 Thread added: 0x000002017ea9b390
Event: 0.418 Thread 0x000002017ed3cc90 Thread added: 0x000002017ef2f3c0


Dynamic libraries:
0x00007ff7e1f50000 - 0x00007ff7e1f5e000 	c:\Users\amali\.vscode\extensions\redhat.java-1.42.0-win32-x64\jre\21.0.7-win32-x86_64\bin\java.exe
0x00007ffea3f50000 - 0x00007ffea4167000 	C:\Windows\SYSTEM32\ntdll.dll
0x00007ffea38a0000 - 0x00007ffea3964000 	C:\Windows\System32\KERNEL32.DLL
0x00007ffea1040000 - 0x00007ffea1413000 	C:\Windows\System32\KERNELBASE.dll
0x00007ffea17a0000 - 0x00007ffea18b1000 	C:\Windows\System32\ucrtbase.dll
0x00007ffe80d30000 - 0x00007ffe80d48000 	c:\Users\amali\.vscode\extensions\redhat.java-1.42.0-win32-x64\jre\21.0.7-win32-x86_64\bin\jli.dll
0x00007ffe7efd0000 - 0x00007ffe7efee000 	c:\Users\amali\.vscode\extensions\redhat.java-1.42.0-win32-x64\jre\21.0.7-win32-x86_64\bin\VCRUNTIME140.dll
0x00007ffea27e0000 - 0x00007ffea2991000 	C:\Windows\System32\USER32.dll
0x00007ffea19f0000 - 0x00007ffea1a16000 	C:\Windows\System32\win32u.dll
0x00007ffea3730000 - 0x00007ffea3759000 	C:\Windows\System32\GDI32.dll
0x00007ffe8a920000 - 0x00007ffe8abbb000 	C:\Windows\WinSxS\amd64_microsoft.windows.common-controls_6595b64144ccf1df_6.0.22621.5262_none_2712bde373830908\COMCTL32.dll
0x00007ffea18c0000 - 0x00007ffea19e2000 	C:\Windows\System32\gdi32full.dll
0x00007ffea3020000 - 0x00007ffea30c7000 	C:\Windows\System32\msvcrt.dll
0x00007ffea1680000 - 0x00007ffea171a000 	C:\Windows\System32\msvcp_win.dll
0x00007ffea3a20000 - 0x00007ffea3a51000 	C:\Windows\System32\IMM32.DLL
0x00007ffe9bbf0000 - 0x00007ffe9bbfc000 	c:\Users\amali\.vscode\extensions\redhat.java-1.42.0-win32-x64\jre\21.0.7-win32-x86_64\bin\vcruntime140_1.dll
0x00007ffe6d6f0000 - 0x00007ffe6d77d000 	c:\Users\amali\.vscode\extensions\redhat.java-1.42.0-win32-x64\jre\21.0.7-win32-x86_64\bin\msvcp140.dll
0x00007ffe1b150000 - 0x00007ffe1bee0000 	c:\Users\amali\.vscode\extensions\redhat.java-1.42.0-win32-x64\jre\21.0.7-win32-x86_64\bin\server\jvm.dll
0x00007ffea2a80000 - 0x00007ffea2b31000 	C:\Windows\System32\ADVAPI32.dll
0x00007ffea2720000 - 0x00007ffea27c7000 	C:\Windows\System32\sechost.dll
0x00007ffea14e0000 - 0x00007ffea1508000 	C:\Windows\System32\bcrypt.dll
0x00007ffea3550000 - 0x00007ffea3664000 	C:\Windows\System32\RPCRT4.dll
0x00007ffea3820000 - 0x00007ffea3891000 	C:\Windows\System32\WS2_32.dll
0x00007ffe9fea0000 - 0x00007ffe9feed000 	C:\Windows\SYSTEM32\POWRPROF.dll
0x00007ffe999d0000 - 0x00007ffe99a04000 	C:\Windows\SYSTEM32\WINMM.dll
0x00007ffe9e760000 - 0x00007ffe9e76a000 	C:\Windows\SYSTEM32\VERSION.dll
0x00007ffe9fe80000 - 0x00007ffe9fe93000 	C:\Windows\SYSTEM32\UMPDC.dll
0x00007ffea0150000 - 0x00007ffea0168000 	C:\Windows\SYSTEM32\kernel.appcore.dll
0x00007ffe96d40000 - 0x00007ffe96d4a000 	c:\Users\amali\.vscode\extensions\redhat.java-1.42.0-win32-x64\jre\21.0.7-win32-x86_64\bin\jimage.dll
0x00007ffe9e520000 - 0x00007ffe9e752000 	C:\Windows\SYSTEM32\DBGHELP.DLL
0x00007ffea2c50000 - 0x00007ffea2fe3000 	C:\Windows\System32\combase.dll
0x00007ffea29a0000 - 0x00007ffea2a77000 	C:\Windows\System32\OLEAUT32.dll
0x00007ffe90ce0000 - 0x00007ffe90d12000 	C:\Windows\SYSTEM32\dbgcore.DLL
0x00007ffea1a20000 - 0x00007ffea1a9b000 	C:\Windows\System32\bcryptPrimitives.dll
0x00007ffe80d20000 - 0x00007ffe80d2f000 	c:\Users\amali\.vscode\extensions\redhat.java-1.42.0-win32-x64\jre\21.0.7-win32-x86_64\bin\instrument.dll
0x00007ffe70fe0000 - 0x00007ffe70fff000 	c:\Users\amali\.vscode\extensions\redhat.java-1.42.0-win32-x64\jre\21.0.7-win32-x86_64\bin\java.dll
0x00007ffea1be0000 - 0x00007ffea247d000 	C:\Windows\System32\SHELL32.dll
0x00007ffea1aa0000 - 0x00007ffea1bdf000 	C:\Windows\System32\wintypes.dll
0x00007ffe9ef40000 - 0x00007ffe9f85d000 	C:\Windows\SYSTEM32\windows.storage.dll
0x00007ffea2b40000 - 0x00007ffea2c4b000 	C:\Windows\System32\SHCORE.dll
0x00007ffea2500000 - 0x00007ffea2566000 	C:\Windows\System32\shlwapi.dll
0x00007ffea0f70000 - 0x00007ffea0f9b000 	C:\Windows\SYSTEM32\profapi.dll
0x00007ffe70e20000 - 0x00007ffe70e38000 	c:\Users\amali\.vscode\extensions\redhat.java-1.42.0-win32-x64\jre\21.0.7-win32-x86_64\bin\zip.dll
0x00007ffe88b80000 - 0x00007ffe88b90000 	C:\Users\amali\.vscode\extensions\redhat.java-1.42.0-win32-x64\jre\21.0.7-win32-x86_64\bin\net.dll
0x00007ffe9afa0000 - 0x00007ffe9b0cc000 	C:\Windows\SYSTEM32\WINHTTP.dll
0x00007ffea05f0000 - 0x00007ffea065a000 	C:\Windows\system32\mswsock.dll
0x00007ffe70e00000 - 0x00007ffe70e16000 	C:\Users\amali\.vscode\extensions\redhat.java-1.42.0-win32-x64\jre\21.0.7-win32-x86_64\bin\nio.dll
0x00007ffe7ee90000 - 0x00007ffe7eea0000 	c:\Users\amali\.vscode\extensions\redhat.java-1.42.0-win32-x64\jre\21.0.7-win32-x86_64\bin\verify.dll

dbghelp: loaded successfully - version: 4.0.5 - missing functions: none
symbol engine: initialized successfully - sym options: 0x614 - pdb path: .;c:\Users\amali\.vscode\extensions\redhat.java-1.42.0-win32-x64\jre\21.0.7-win32-x86_64\bin;C:\Windows\SYSTEM32;C:\Windows\WinSxS\amd64_microsoft.windows.common-controls_6595b64144ccf1df_6.0.22621.5262_none_2712bde373830908;c:\Users\amali\.vscode\extensions\redhat.java-1.42.0-win32-x64\jre\21.0.7-win32-x86_64\bin\server

VM Arguments:
jvm_args: --add-modules=ALL-SYSTEM --add-opens=java.base/java.util=ALL-UNNAMED --add-opens=java.base/java.lang=ALL-UNNAMED --add-opens=java.base/sun.nio.fs=ALL-UNNAMED -Declipse.application=org.eclipse.jdt.ls.core.id1 -Dosgi.bundles.defaultStartLevel=4 -Declipse.product=org.eclipse.jdt.ls.core.product -Djava.import.generatesMetadataFilesAtProjectRoot=false -DDetectVMInstallationsJob.disabled=true -Dfile.encoding=utf8 -XX:+UseParallelGC -XX:GCTimeRatio=4 -XX:AdaptiveSizePolicyWeight=90 -Dsun.zip.disableMemoryMapping=true -Xmx1G -Xms100m -Xlog:disable -javaagent:c:\Users\amali\.vscode\extensions\redhat.java-1.42.0-win32-x64\lombok\lombok-1.18.36.jar 
java_command: c:\Users\amali\.vscode\extensions\redhat.java-1.42.0-win32-x64\server\plugins\org.eclipse.equinox.launcher_1.7.0.v20250424-1814.jar -configuration c:\Users\amali\AppData\Roaming\Code\User\globalStorage\redhat.java\1.42.0\config_ss_win -data c:\Users\amali\AppData\Roaming\Code\User\workspaceStorage\621ac69656a54d5ddde419feff2a7c8e\redhat.java\ss_ws --pipe=\\.\pipe\lsp-a51aa85c6b712f6e9096cf059aea9c6b-sock
java_class_path (initial): c:\Users\amali\.vscode\extensions\redhat.java-1.42.0-win32-x64\server\plugins\org.eclipse.equinox.launcher_1.7.0.v20250424-1814.jar
Launcher Type: SUN_STANDARD

[Global flags]
    uintx AdaptiveSizePolicyWeight                 = 90                                        {product} {command line}
     intx CICompilerCount                          = 4                                         {product} {ergonomic}
    uintx GCTimeRatio                              = 4                                         {product} {command line}
   size_t InitialHeapSize                          = 104857600                                 {product} {command line}
   size_t MaxHeapSize                              = 1073741824                                {product} {command line}
   size_t MaxNewSize                               = 357564416                                 {product} {ergonomic}
   size_t MinHeapDeltaBytes                        = 524288                                    {product} {ergonomic}
   size_t MinHeapSize                              = 104857600                                 {product} {command line}
   size_t NewSize                                  = 34603008                                  {product} {ergonomic}
    uintx NonNMethodCodeHeapSize                   = 5839372                                {pd product} {ergonomic}
    uintx NonProfiledCodeHeapSize                  = 122909434                              {pd product} {ergonomic}
   size_t OldSize                                  = 70254592                                  {product} {ergonomic}
    uintx ProfiledCodeHeapSize                     = 122909434                              {pd product} {ergonomic}
    uintx ReservedCodeCacheSize                    = 251658240                              {pd product} {ergonomic}
     bool SegmentedCodeCache                       = true                                      {product} {ergonomic}
   size_t SoftMaxHeapSize                          = 1073741824                             {manageable} {ergonomic}
     bool UseCompressedOops                        = true                           {product lp64_product} {ergonomic}
     bool UseLargePagesIndividualAllocation        = false                                  {pd product} {ergonomic}
     bool UseParallelGC                            = true                                      {product} {command line}

Logging:
Log output configuration:
 #0: stdout all=off uptime,level,tags foldmultilines=false
 #1: stderr all=off uptime,level,tags foldmultilines=false

Environment Variables:
JAVA_HOME=C:\Program Files\Java\jdk-11
PATH=C:\Windows\system32;C:\Windows;C:\Windows\System32\Wbem;C:\Windows\System32\WindowsPowerShell\v1.0\;C:\Windows\System32\OpenSSH\;C:\Program Files (x86)\NVIDIA Corporation\PhysX\Common;C:\Program Files\NVIDIA Corporation\NVIDIA NvDLISR;D:\MinGW\bin;E:\PHP;D:\publish\Git\cmd;C:\Program Files\nodejs\;C:\ProgramData\ComposerSetup\bin;C:\Program Files\7-Zip\;C:\Program Files (x86)\Windows Kits\10\Windows Performance Toolkit\;C:\Program Files\dotnet\;C:\Program Files\Java\jdk-11\bin;E:\install\hadoop-3.4.1\bin;E:\install\hadoop-3.4.1\Sbin;E:\Sparkk\spark-3.5.5\bin;C:\Users\amali\AppData\Local\Programs\Python\Python311\;C:\Users\amali\AppData\Local\Programs\Python\Python311\Scripts\;E:\SEM-4\google-cloud-sdk\bin;C:\Users\amali\.console-ninja\.bin;C:\Users\amali\AppData\Local\Programs\Python\Python311\Scripts\;C:\Users\amali\AppData\Local\Programs\Python\Python311\;C:\Users\amali\AppData\Local\Microsoft\WindowsApps;C:\Users\amali\AppData\Local\JetBrains\IntelliJ IDEA 2023.2.5\bin;;C:\Users\amali\Downloads\CODINGANKU\IntelliJ IDEA Community Edition 2023.3.2\bin;;D:\Microsoft VS Code\bin;C:\Users\amali\Downloads\jdk-21_windows-x64_bin\jdk-21.0.1\bin;C:\Users\amali\AppData\Roaming\npm;C:\Users\amali\AppData\Roaming\Composer\vendor\bin;E:\SEM-4\BIGDATA
USERNAME=ASUS
OS=Windows_NT
PROCESSOR_IDENTIFIER=Intel64 Family 6 Model 141 Stepping 1, GenuineIntel
TMP=C:\Users\amali\AppData\Local\Temp
TEMP=C:\Users\amali\AppData\Local\Temp




Periodic native trim disabled

---------------  S Y S T E M  ---------------

OS:
 Windows 11 , 64 bit Build 22621 (10.0.22621.5262)
OS uptime: 0 days 3:22 hours
Hyper-V role detected

CPU: total 12 (initial active 12) (6 cores per cpu, 2 threads per core) family 6 model 141 stepping 1 microcode 0x34, cx8, cmov, fxsr, ht, mmx, 3dnowpref, sse, sse2, sse3, ssse3, sse4.1, sse4.2, popcnt, lzcnt, tsc, tscinvbit, avx, avx2, aes, erms, clmul, bmi1, bmi2, adx, avx512f, avx512dq, avx512cd, avx512bw, avx512vl, sha, fma, vzeroupper, avx512_vpopcntdq, avx512_vpclmulqdq, avx512_vaes, avx512_vnni, clflush, clflushopt, clwb, avx512_vbmi2, avx512_vbmi, hv, rdtscp, rdpid, fsrm, gfni, avx512_bitalg, f16c, cet_ibt, cet_ss, avx512_ifma
Processor Information for the first 12 processors :
  Max Mhz: 2688, Current Mhz: 2688, Mhz Limit: 2688

Memory: 4k page, system-wide physical 16122M (1223M free)
TotalPageFile size 19359M (AvailPageFile size 230M)
current process WorkingSet (physical memory assigned to process): 63M, peak: 64M
current process commit charge ("private bytes"): 205M, peak: 207M

vm_info: OpenJDK 64-Bit Server VM (21.0.7+6-LTS) for windows-amd64 JRE (21.0.7+6-LTS), built on 2025-04-15T00:00:00Z by "admin" with MS VC++ 17.7 (VS2022)

END.
